#
# A fatal error has been detected by the Java Runtime Environment:
#
#  EXCEPTION_ACCESS_VIOLATION (0xc0000005) at pc=0x00007ffa0acbd357, pid=11908, tid=19368
#
# JRE version: Java(TM) SE Runtime Environment (17.0.7+8) (build 17.0.7+8-LTS-224)
# Java VM: Java HotSpot(TM) 64-Bit Server VM (17.0.7+8-LTS-224, mixed mode, sharing, tiered, compressed oops, compressed class ptrs, g1 gc, windows-amd64)
# Problematic frame:
# C  [lwjgl_opengl.dll+0xd357]
#
# No core dump will be written. Minidumps are not enabled by default on client versions of Windows
#
# If you would like to submit a bug report, please visit:
#   https://bugreport.java.com/bugreport/crash.jsp
# The crash happened outside the Java Virtual Machine in native code.
# See problematic frame for where to report the bug.
#

---------------  S U M M A R Y ------------

Command Line: -Dfile.encoding=windows-1252 -Duser.country=ES -Duser.language=es -Duser.variant com.restonic4.game.Main

Host: Intel(R) Core(TM) i7-10750H CPU @ 2.60GHz, 12 cores, 31G,  Windows 10 , 64 bit Build 19041 (10.0.19041.4717)
Time: Thu Sep 19 18:04:28 2024 Hora de verano romance elapsed time: 1.237263 seconds (0d 0h 0m 1s)

---------------  T H R E A D  ---------------

Current thread (0x000002aa484f3310):  JavaThread "main" [_thread_in_native, id=19368, stack(0x000000ff83a00000,0x000000ff83b00000)]

Stack: [0x000000ff83a00000,0x000000ff83b00000],  sp=0x000000ff83aff4f8,  free space=1021k
Native frames: (J=compiled Java code, j=interpreted, Vv=VM code, C=native code)
C  [lwjgl_opengl.dll+0xd357]

Java frames: (J=compiled Java code, j=interpreted, Vv=VM code)
j  org.lwjgl.opengl.GL11C.glFinish()V+0
j  org.lwjgl.opengl.GL11.glFinish()V+0
j  com.restonic4.citadel.world.SceneManager.loadScene(Lcom/restonic4/citadel/world/Scene;)V+21
j  com.restonic4.game.ClientGameLogic.start()V+25
j  com.restonic4.citadel.core.CitadelLauncher.startClient()V+18
j  com.restonic4.citadel.core.CitadelLauncher.startDesiredEnvironment()V+28
j  com.restonic4.citadel.core.CitadelLauncher.launch()V+28
j  com.restonic4.game.Main.main([Ljava/lang/String;)V+72
v  ~StubRoutines::call_stub

siginfo: EXCEPTION_ACCESS_VIOLATION (0xc0000005), reading address 0x0000000000000298


Register to memory mapping:

RIP=0x00007ffa0acbd357 lwjgl_opengl.dll
RAX=0x0 is NULL
RBX={method} {0x000002aa75b9c078} 'glFinish' '()V' in 'org/lwjgl/opengl/GL11C'
RCX=0x000002aa484f35b8 points into unknown readable memory: 0x000002aa75d50100 | 00 01 d5 75 aa 02 00 00
RDX=0x000000ff83aff580 is pointing into the stack for thread: 0x000002aa484f3310
RSP=0x000000ff83aff4f8 is pointing into the stack for thread: 0x000002aa484f3310
RBP=0x000000ff83aff570 is pointing into the stack for thread: 0x000002aa484f3310
RSI=0x0 is NULL
RDI=0x0000000000000022 is an unknown value
R8 =0x0000000000000002 is an unknown value
R9 =0x0000000000000002 is an unknown value
R10=0x000002aa5727d5f2 is at code_begin+946 in an Interpreter codelet
method entry point (kind = native)  [0x000002aa5727d240, 0x000002aa5727dbc0]  2432 bytes
R11=0x0000000621fbc848 is an oop: java.lang.Class 
{0x0000000621fbc848} - klass: 'java/lang/Class'
 - ---- fields (total size 116 words):
 - private volatile transient 'classRedefinedCount' 'I' @12  0
 - private volatile transient 'cachedConstructor' 'Ljava/lang/reflect/Constructor;' @40  NULL (0)
 - private transient 'name' 'Ljava/lang/String;' @44  "org.lwjgl.opengl.GL11C"{0x0000000621fbcbf8} (c43f797f)
 - private transient 'module' 'Ljava/lang/Module;' @48  a 'java/lang/Module'{0x00000006228fcd60} (c451f9ac)
 - private final 'classLoader' 'Ljava/lang/ClassLoader;' @52  a 'jdk/internal/loader/ClassLoaders$AppClassLoader'{0x00000006228fcba0} (c451f974)
 - private transient 'classData' 'Ljava/lang/Object;' @56  NULL (0)
 - private transient 'packageName' 'Ljava/lang/String;' @60  "org.lwjgl.opengl"{0x0000000622b17000} (c4562e00)
 - private final 'componentType' 'Ljava/lang/Class;' @64  NULL (0)
 - private volatile transient 'reflectionData' 'Ljava/lang/ref/SoftReference;' @68  NULL (0)
 - private volatile transient 'genericInfo' 'Lsun/reflect/generics/repository/ClassRepository;' @72  NULL (0)
 - private volatile transient 'enumConstants' '[Ljava/lang/Object;' @76  NULL (0)
 - private volatile transient 'enumConstantDirectory' 'Ljava/util/Map;' @80  NULL (0)
 - private volatile transient 'annotationData' 'Ljava/lang/Class$AnnotationData;' @84  NULL (0)
 - private volatile transient 'annotationType' 'Lsun/reflect/annotation/AnnotationType;' @88  NULL (0)
 - transient 'classValueMap' 'Ljava/lang/ClassValue$ClassValueMap;' @92  NULL (0)
 - signature: Lorg/lwjgl/opengl/GL11C;
 - fake entry for mirror: 'org/lwjgl/opengl/GL11C'
 - fake entry for array: NULL
 - fake entry for oop_size: 116
 - fake entry for static_oop_field_count: 0
 - public static final 'GL_NEVER' 'I' @112  512 (200)
 - public static final 'GL_LESS' 'I' @116  513 (201)
 - public static final 'GL_EQUAL' 'I' @120  514 (202)
 - public static final 'GL_LEQUAL' 'I' @124  515 (203)
 - public static final 'GL_GREATER' 'I' @128  516 (204)
 - public static final 'GL_NOTEQUAL' 'I' @132  517 (205)
 - public static final 'GL_GEQUAL' 'I' @136  518 (206)
 - public static final 'GL_ALWAYS' 'I' @140  519 (207)
 - public static final 'GL_DEPTH_BUFFER_BIT' 'I' @144  256 (100)
 - public static final 'GL_STENCIL_BUFFER_BIT' 'I' @148  1024 (400)
 - public static final 'GL_COLOR_BUFFER_BIT' 'I' @152  16384 (4000)
 - public static final 'GL_POINTS' 'I' @156  0
 - public static final 'GL_LINES' 'I' @160  1
 - public static final 'GL_LINE_LOOP' 'I' @164  2
 - public static final 'GL_LINE_STRIP' 'I' @168  3
 - public static final 'GL_TRIANGLES' 'I' @172  4
 - public static final 'GL_TRIANGLE_STRIP' 'I' @176  5
 - public static final 'GL_TRIANGLE_FAN' 'I' @180  6
 - public static final 'GL_QUADS' 'I' @184  7
 - public static final 'GL_ZERO' 'I' @188  0
 - public static final 'GL_ONE' 'I' @192  1
 - public static final 'GL_SRC_COLOR' 'I' @196  768 (300)
 - public static final 'GL_ONE_MINUS_SRC_COLOR' 'I' @200  769 (301)
 - public static final 'GL_SRC_ALPHA' 'I' @204  770 (302)
 - public static final 'GL_ONE_MINUS_SRC_ALPHA' 'I' @208  771 (303)
 - public static final 'GL_DST_ALPHA' 'I' @212  772 (304)
 - public static final 'GL_ONE_MINUS_DST_ALPHA' 'I' @216  773 (305)
 - public static final 'GL_DST_COLOR' 'I' @220  774 (306)
 - public static final 'GL_ONE_MINUS_DST_COLOR' 'I' @224  775 (307)
 - public static final 'GL_SRC_ALPHA_SATURATE' 'I' @228  776 (308)
 - public static final 'GL_TRUE' 'I' @232  1
 - public static final 'GL_FALSE' 'I' @236  0
 - public static final 'GL_BYTE' 'I' @240  5120 (1400)
 - public static final 'GL_UNSIGNED_BYTE' 'I' @244  5121 (1401)
 - public static final 'GL_SHORT' 'I' @248  5122 (1402)
 - public static final 'GL_UNSIGNED_SHORT' 'I' @252  5123 (1403)
 - public static final 'GL_INT' 'I' @256  5124 (1404)
 - public static final 'GL_UNSIGNED_INT' 'I' @260  5125 (1405)
 - public static final 'GL_FLOAT' 'I' @264  5126 (1406)
 - public static final 'GL_DOUBLE' 'I' @268  5130 (140a)
 - public static final 'GL_NONE' 'I' @272  0
 - public static final 'GL_FRONT_LEFT' 'I' @276  1024 (400)
 - public static final 'GL_FRONT_RIGHT' 'I' @280  1025 (401)
 - public static final 'GL_BACK_LEFT' 'I' @284  1026 (402)
 - public static final 'GL_BACK_RIGHT' 'I' @288  1027 (403)
 - public static final 'GL_FRONT' 'I' @292  1028 (404)
 - public static final 'GL_BACK' 'I' @296  1029 (405)
 - public static final 'GL_LEFT' 'I' @300  1030 (406)
 - public static final 'GL_RIGHT' 'I' @304  1031 (407)
 - public static final 'GL_FRONT_AND_BACK' 'I' @308  1032 (408)
 - public static final 'GL_NO_ERROR' 'I' @312  0
 - public static final 'GL_INVALID_ENUM' 'I' @316  1280 (500)
 - public static final 'GL_INVALID_VALUE' 'I' @320  1281 (501)
 - public static final 'GL_INVALID_OPERATION' 'I' @324  1282 (502)
 - public static final 'GL_STACK_OVERFLOW' 'I' @328  1283 (503)
 - public static final 'GL_STACK_UNDERFLOW' 'I' @332  1284 (504)
 - public static final 'GL_OUT_OF_MEMORY' 'I' @336  1285 (505)
 - public static final 'GL_CW' 'I' @340  2304 (900)
 - public static final 'GL_CCW' 'I' @344  2305 (901)
 - public static final 'GL_POINT_SIZE' 'I' @348  2833 (b11)
 - public static final 'GL_POINT_SIZE_RANGE' 'I' @352  2834 (b12)
 - public static final 'GL_POINT_SIZE_GRANULARITY' 'I' @356  2835 (b13)
 - public static final 'GL_LINE_SMOOTH' 'I' @360  2848 (b20)
 - public static final 'GL_LINE_WIDTH' 'I' @364  2849 (b21)
 - public static final 'GL_LINE_WIDTH_RANGE' 'I' @368  2850 (b22)
 - public static final 'GL_LINE_WIDTH_GRANULARITY' 'I' @372  2851 (b23)
 - public static final 'GL_POLYGON_MODE' 'I' @376  2880 (b40)
 - public static final 'GL_POLYGON_SMOOTH' 'I' @380  2881 (b41)
 - public static final 'GL_CULL_FACE' 'I' @384  2884 (b44)
 - public static final 'GL_CULL_FACE_MODE' 'I' @388  2885 (b45)
 - public static final 'GL_FRONT_FACE' 'I' @392  2886 (b46)
 - public static final 'GL_DEPTH_RANGE' 'I' @396  2928 (b70)
 - public static final 'GL_DEPTH_TEST' 'I' @400  2929 (b71)
 - public static final 'GL_DEPTH_WRITEMASK' 'I' @404  2930 (b72)
 - public static final 'GL_DEPTH_CLEAR_VALUE' 'I' @408  2931 (b73)
 - public static final 'GL_DEPTH_FUNC' 'I' @412  2932 (b74)
 - public static final 'GL_STENCIL_TEST' 'I' @416  2960 (b90)
 - public static final 'GL_STENCIL_CLEAR_VALUE' 'I' @420  2961 (b91)
 - public static final 'GL_STENCIL_FUNC' 'I' @424  2962 (b92)
 - public static final 'GL_STENCIL_VALUE_MASK' 'I' @428  2963 (b93)
 - public static final 'GL_STENCIL_FAIL' 'I' @432  2964 (b94)
 - public static final 'GL_STENCIL_PASS_DEPTH_FAIL' 'I' @436  2965 (b95)
 - public static final 'GL_STENCIL_PASS_DEPTH_PASS' 'I' @440  2966 (b96)
 - public static final 'GL_STENCIL_REF' 'I' @444  2967 (b97)
 - public static final 'GL_STENCIL_WRITEMASK' 'I' @448  2968 (b98)
 - public static final 'GL_VIEWPORT' 'I' @452  2978 (ba2)
 - public static final 'GL_DITHER' 'I' @456  3024 (bd0)
 - public static final 'GL_BLEND_DST' 'I' @460  3040 (be0)
 - public static final 'GL_BLEND_SRC' 'I' @464  3041 (be1)
 - public static final 'GL_BLEND' 'I' @468  3042 (be2)
 - public static final 'GL_LOGIC_OP_MODE' 'I' @472  3056 (bf0)
 - public static final 'GL_COLOR_LOGIC_OP' 'I' @476  3058 (bf2)
 - public static final 'GL_DRAW_BUFFER' 'I' @480  3073 (c01)
 - public static final 'GL_READ_BUFFER' 'I' @484  3074 (c02)
 - public static final 'GL_SCISSOR_BOX' 'I' @488  3088 (c10)
 - public static final 'GL_SCISSOR_TEST' 'I' @492  3089 (c11)
 - public static final 'GL_COLOR_CLEAR_VALUE' 'I' @496  3106 (c22)
 - public static final 'GL_COLOR_WRITEMASK' 'I' @500  3107 (c23)
 - public static final 'GL_DOUBLEBUFFER' 'I' @504  3122 (c32)
 - public static final 'GL_STEREO' 'I' @508  3123 (c33)
 - public static final 'GL_LINE_SMOOTH_HINT' 'I' @512  3154 (c52)
 - public static final 'GL_POLYGON_SMOOTH_HINT' 'I' @516  3155 (c53)
 - public static final 'GL_UNPACK_SWAP_BYTES' 'I' @520  3312 (cf0)
 - public static final 'GL_UNPACK_LSB_FIRST' 'I' @524  3313 (cf1)
 - public static final 'GL_UNPACK_ROW_LENGTH' 'I' @528  3314 (cf2)
 - public static final 'GL_UNPACK_SKIP_ROWS' 'I' @532  3315 (cf3)
 - public static final 'GL_UNPACK_SKIP_PIXELS' 'I' @536  3316 (cf4)
 - public static final 'GL_UNPACK_ALIGNMENT' 'I' @540  3317 (cf5)
 - public static final 'GL_PACK_SWAP_BYTES' 'I' @544  3328 (d00)
 - public static final 'GL_PACK_LSB_FIRST' 'I' @548  3329 (d01)
 - public static final 'GL_PACK_ROW_LENGTH' 'I' @552  3330 (d02)
 - public static final 'GL_PACK_SKIP_ROWS' 'I' @556  3331 (d03)
 - public static final 'GL_PACK_SKIP_PIXELS' 'I' @560  3332 (d04)
 - public static final 'GL_PACK_ALIGNMENT' 'I' @564  3333 (d05)
 - public static final 'GL_MAX_TEXTURE_SIZE' 'I' @568  3379 (d33)
 - public static final 'GL_MAX_VIEWPORT_DIMS' 'I' @572  3386 (d3a)
 - public static final 'GL_SUBPIXEL_BITS' 'I' @576  3408 (d50)
 - public static final 'GL_TEXTURE_1D' 'I' @580  3552 (de0)
 - public static final 'GL_TEXTURE_2D' 'I' @584  3553 (de1)
 - public static final 'GL_TEXTURE_WIDTH' 'I' @588  4096 (1000)
 - public static final 'GL_TEXTURE_HEIGHT' 'I' @592  4097 (1001)
 - public static final 'GL_TEXTURE_INTERNAL_FORMAT' 'I' @596  4099 (1003)
 - public static final 'GL_TEXTURE_BORDER_COLOR' 'I' @600  4100 (1004)
 - public static final 'GL_DONT_CARE' 'I' @604  4352 (1100)
 - public static final 'GL_FASTEST' 'I' @608  4353 (1101)
 - public static final 'GL_NICEST' 'I' @612  4354 (1102)
 - public static final 'GL_CLEAR' 'I' @616  5376 (1500)
 - public static final 'GL_AND' 'I' @620  5377 (1501)
 - public static final 'GL_AND_REVERSE' 'I' @624  5378 (1502)
 - public static final 'GL_COPY' 'I' @628  5379 (1503)
 - public static final 'GL_AND_INVERTED' 'I' @632  5380 (1504)
 - public static final 'GL_NOOP' 'I' @636  5381 (1505)
 - public static final 'GL_XOR' 'I' @640  5382 (1506)
 - public static final 'GL_OR' 'I' @644  5383 (1507)
 - public static final 'GL_NOR' 'I' @648  5384 (1508)
 - public static final 'GL_EQUIV' 'I' @652  5385 (1509)
 - public static final 'GL_INVERT' 'I' @656  5386 (150a)
 - public static final 'GL_OR_REVERSE' 'I' @660  5387 (150b)
 - public static final 'GL_COPY_INVERTED' 'I' @664  5388 (150c)
 - public static final 'GL_OR_INVERTED' 'I' @668  5389 (150d)
 - public static final 'GL_NAND' 'I' @672  5390 (150e)
 - public static final 'GL_SET' 'I' @676  5391 (150f)
 - public static final 'GL_TEXTURE' 'I' @680  5890 (1702)
 - public static final 'GL_COLOR' 'I' @684  6144 (1800)
 - public static final 'GL_DEPTH' 'I' @688  6145 (1801)
 - public static final 'GL_STENCIL' 'I' @692  6146 (1802)
 - public static final 'GL_STENCIL_INDEX' 'I' @696  6401 (1901)
 - public static final 'GL_DEPTH_COMPONENT' 'I' @700  6402 (1902)
 - public static final 'GL_RED' 'I' @704  6403 (1903)
 - public static final 'GL_GREEN' 'I' @708  6404 (1904)
 - public static final 'GL_BLUE' 'I' @712  6405 (1905)
 - public static final 'GL_ALPHA' 'I' @716  6406 (1906)
 - public static final 'GL_RGB' 'I' @720  6407 (1907)
 - public static final 'GL_RGBA' 'I' @724  6408 (1908)
 - public static final 'GL_POINT' 'I' @728  6912 (1b00)
 - public static final 'GL_LINE' 'I' @732  6913 (1b01)
 - public static final 'GL_FILL' 'I' @736  6914 (1b02)
 - public static final 'GL_KEEP' 'I' @740  7680 (1e00)
 - public static final 'GL_REPLACE' 'I' @744  7681 (1e01)
 - public static final 'GL_INCR' 'I' @748  7682 (1e02)
 - public static final 'GL_DECR' 'I' @752  7683 (1e03)
 - public static final 'GL_VENDOR' 'I' @756  7936 (1f00)
 - public static final 'GL_RENDERER' 'I' @760  7937 (1f01)
 - public static final 'GL_VERSION' 'I' @764  7938 (1f02)
 - public static final 'GL_EXTENSIONS' 'I' @768  7939 (1f03)
 - public static final 'GL_NEAREST' 'I' @772  9728 (2600)
 - public static final 'GL_LINEAR' 'I' @776  9729 (2601)
 - public static final 'GL_NEAREST_MIPMAP_NEAREST' 'I' @780  9984 (2700)
 - public static final 'GL_LINEAR_MIPMAP_NEAREST' 'I' @784  9985 (2701)
 - public static final 'GL_NEAREST_MIPMAP_LINEAR' 'I' @788  9986 (2702)
 - public static final 'GL_LINEAR_MIPMAP_LINEAR' 'I' @792  9987 (2703)
 - public static final 'GL_TEXTURE_MAG_FILTER' 'I' @796  10240 (2800)
 - public static final 'GL_TEXTURE_MIN_FILTER' 'I' @800  10241 (2801)
 - public static final 'GL_TEXTURE_WRAP_S' 'I' @804  10242 (2802)
 - public static final 'GL_TEXTURE_WRAP_T' 'I' @808  10243 (2803)
 - public static final 'GL_REPEAT' 'I' @812  10497 (2901)
 - public static final 'GL_POLYGON_OFFSET_FACTOR' 'I' @816  32824 (8038)
 - public static final 'GL_POLYGON_OFFSET_UNITS' 'I' @820  10752 (2a00)
 - public static final 'GL_POLYGON_OFFSET_POINT' 'I' @824  10753 (2a01)
 - public static final 'GL_POLYGON_OFFSET_LINE' 'I' @828  10754 (2a02)
 - public static final 'GL_POLYGON_OFFSET_FILL' 'I' @832  32823 (8037)
 - public static final 'GL_R3_G3_B2' 'I' @836  10768 (2a10)
 - public static final 'GL_RGB4' 'I' @840  32847 (804f)
 - public static final 'GL_RGB5' 'I' @844  32848 (8050)
 - public static final 'GL_RGB8' 'I' @848  32849 (8051)
 - public static final 'GL_RGB10' 'I' @852  32850 (8052)
 - public static final 'GL_RGB12' 'I' @856  32851 (8053)
 - public static final 'GL_RGB16' 'I' @860  32852 (8054)
 - public static final 'GL_RGBA2' 'I' @864  32853 (8055)
 - public static final 'GL_RGBA4' 'I' @868  32854 (8056)
 - public static final 'GL_RGB5_A1' 'I' @872  32855 (8057)
 - public static final 'GL_RGBA8' 'I' @876  32856 (8058)
 - public static final 'GL_RGB10_A2' 'I' @880  32857 (8059)
 - public static final 'GL_RGBA12' 'I' @884  32858 (805a)
 - public static final 'GL_RGBA16' 'I' @888  32859 (805b)
 - public static final 'GL_TEXTURE_RED_SIZE' 'I' @892  32860 (805c)
 - public static final 'GL_TEXTURE_GREEN_SIZE' 'I' @896  32861 (805d)
 - public static final 'GL_TEXTURE_BLUE_SIZE' 'I' @900  32862 (805e)
 - public static final 'GL_TEXTURE_ALPHA_SIZE' 'I' @904  32863 (805f)
 - public static final 'GL_PROXY_TEXTURE_1D' 'I' @908  32867 (8063)
 - public static final 'GL_PROXY_TEXTURE_2D' 'I' @912  32868 (8064)
 - public static final 'GL_TEXTURE_BINDING_1D' 'I' @916  32872 (8068)
 - public static final 'GL_TEXTURE_BINDING_2D' 'I' @920  32873 (8069)
 - public static final 'GL_VERTEX_ARRAY' 'I' @924  32884 (8074)
R12=0x0 is NULL
R13={method} {0x000002aa75b9c078} 'glFinish' '()V' in 'org/lwjgl/opengl/GL11C'
R14=0x000000ff83aff588 is pointing into the stack for thread: 0x000002aa484f3310
R15=0x000002aa484f3310 is a thread


Registers:
RAX=0x0000000000000000, RBX=0x000002aa75b9c070, RCX=0x000002aa484f35b8, RDX=0x000000ff83aff580
RSP=0x000000ff83aff4f8, RBP=0x000000ff83aff570, RSI=0x0000000000000000, RDI=0x0000000000000022
R8 =0x0000000000000002, R9 =0x0000000000000002, R10=0x000002aa5727d5f2, R11=0x0000000621fbc848
R12=0x0000000000000000, R13=0x000002aa75b9c070, R14=0x000000ff83aff588, R15=0x000002aa484f3310
RIP=0x00007ffa0acbd357, EFLAGS=0x0000000000010202

Top of Stack: (sp=0x000000ff83aff4f8)
0x000000ff83aff4f8:   000002aa5727d621 000002aa75b9c070
0x000000ff83aff508:   0000000000000000 000002aa484f3310
0x000000ff83aff518:   0000000000000000 000002aa5727d2f6
0x000000ff83aff528:   000000ff83aff528 000002aa75b9c070
0x000000ff83aff538:   000000ff83aff588 000002aa75ba8000
0x000000ff83aff548:   0000000000000000 0000000621fbc848
0x000000ff83aff558:   000002aa75b9c070 0000000000000000
0x000000ff83aff568:   000000ff83aff590 000000ff83aff5d8
0x000000ff83aff578:   000002aa572794fe 0000000621fbc848
0x000000ff83aff588:   000002aa5727af78 000000ff83aff590
0x000000ff83aff598:   000002aa75b48f18 000000ff83aff5e0
0x000000ff83aff5a8:   000002aa75b70000 0000000000000000
0x000000ff83aff5b8:   0000000621e63a98 000002aa75b48f28
0x000000ff83aff5c8:   000000ff83aff590 000000ff83aff5e8
0x000000ff83aff5d8:   000000ff83aff630 000002aa572794fe
0x000000ff83aff5e8:   000000ff83aff5e8 000002aa75b37bdd 

Instructions: (pc=0x00007ffa0acbd357)
0x00007ffa0acbd257:   cc cc cc cc cc cc cc cc cc 48 8b 01 48 8b 40 18
0x00007ffa0acbd267:   44 89 c1 48 ff a0 b8 01 00 00 cc cc cc cc cc cc
0x00007ffa0acbd277:   cc cc cc cc cc cc cc cc cc 48 8b 01 48 8b 40 18
0x00007ffa0acbd287:   44 89 c1 48 ff a0 c8 01 00 00 cc cc cc cc cc cc
0x00007ffa0acbd297:   cc cc cc cc cc cc cc cc cc 48 8b 01 48 8b 40 18
0x00007ffa0acbd2a7:   44 89 c1 48 ff a0 d0 01 00 00 cc cc cc cc cc cc
0x00007ffa0acbd2b7:   cc cc cc cc cc cc cc cc cc 0f 28 cb 0f 28 c2 48
0x00007ffa0acbd2c7:   8b 01 48 8b 40 18 48 8b 80 d8 01 00 00 48 ff e0
0x00007ffa0acbd2d7:   cc cc cc cc cc cc cc cc cc 44 89 ca 44 89 c0 44
0x00007ffa0acbd2e7:   8b 44 24 28 48 8b 09 48 8b 49 18 4c 8b 89 e8 01
0x00007ffa0acbd2f7:   00 00 89 c1 49 ff e1 cc cc 48 8b 01 48 8b 40 18
0x00007ffa0acbd307:   44 89 c1 48 ff a0 f0 01 00 00 cc cc cc cc cc cc
0x00007ffa0acbd317:   cc cc cc cc cc cc cc cc cc 44 89 ca 44 89 c0 44
0x00007ffa0acbd327:   8b 44 24 28 4c 8b 4c 24 30 48 8b 09 48 8b 49 18
0x00007ffa0acbd337:   4c 8b 91 f8 01 00 00 89 c1 49 ff e2 cc cc cc cc
0x00007ffa0acbd347:   cc cc cc cc cc cc cc cc cc 48 8b 01 48 8b 40 18
0x00007ffa0acbd357:   48 ff a0 98 02 00 00 cc cc 48 8b 01 48 8b 40 18
0x00007ffa0acbd367:   48 ff a0 a0 02 00 00 cc cc 48 8b 01 48 8b 40 18
0x00007ffa0acbd377:   44 89 c1 48 ff a0 c8 02 00 00 cc cc cc cc cc cc
0x00007ffa0acbd387:   cc cc cc cc cc cc cc cc cc 4c 89 ca 48 8b 01 48
0x00007ffa0acbd397:   8b 40 18 48 8b 80 d8 02 00 00 44 89 c1 48 ff e0
0x00007ffa0acbd3a7:   cc cc cc cc cc cc cc cc cc 4c 89 ca 48 8b 01 48
0x00007ffa0acbd3b7:   8b 40 18 48 8b 80 e0 02 00 00 44 89 c1 48 ff e0
0x00007ffa0acbd3c7:   cc cc cc cc cc cc cc cc cc 4c 89 ca 48 8b 01 48
0x00007ffa0acbd3d7:   8b 40 18 48 8b 80 f0 02 00 00 44 89 c1 48 ff e0
0x00007ffa0acbd3e7:   cc cc cc cc cc cc cc cc cc 4c 89 ca 48 8b 01 48
0x00007ffa0acbd3f7:   8b 40 18 48 8b 80 f8 02 00 00 44 89 c1 48 ff e0
0x00007ffa0acbd407:   cc cc cc cc cc cc cc cc cc 4c 89 ca 48 8b 01 48
0x00007ffa0acbd417:   8b 40 18 48 8b 80 00 03 00 00 44 89 c1 48 ff e0
0x00007ffa0acbd427:   cc cc cc cc cc cc cc cc cc 4c 89 ca 48 8b 01 48
0x00007ffa0acbd437:   8b 40 18 48 8b 80 08 03 00 00 44 89 c1 48 ff e0
0x00007ffa0acbd447:   cc cc cc cc cc cc cc cc cc 48 8b 01 48 8b 40 18 


Stack slot to memory mapping:
stack at sp + 0 slots: 0x000002aa5727d621 is at code_begin+993 in an Interpreter codelet
method entry point (kind = native)  [0x000002aa5727d240, 0x000002aa5727dbc0]  2432 bytes
stack at sp + 1 slots: {method} {0x000002aa75b9c078} 'glFinish' '()V' in 'org/lwjgl/opengl/GL11C'
stack at sp + 2 slots: 0x0 is NULL
stack at sp + 3 slots: 0x000002aa484f3310 is a thread
stack at sp + 4 slots: 0x0 is NULL
stack at sp + 5 slots: 0x000002aa5727d2f6 is at code_begin+182 in an Interpreter codelet
method entry point (kind = native)  [0x000002aa5727d240, 0x000002aa5727dbc0]  2432 bytes
stack at sp + 6 slots: 0x000000ff83aff528 is pointing into the stack for thread: 0x000002aa484f3310
stack at sp + 7 slots: {method} {0x000002aa75b9c078} 'glFinish' '()V' in 'org/lwjgl/opengl/GL11C'


---------------  P R O C E S S  ---------------

Threads class SMR info:
_java_thread_list=0x000002aa76b47ad0, length=14, elements={
0x000002aa484f3310, 0x000002aa722d1fe0, 0x000002aa722d2c50, 0x000002aa722e9590,
0x000002aa722eaf50, 0x000002aa722eb900, 0x000002aa722ec2b0, 0x000002aa722f84a0,
0x000002aa722f9ea0, 0x000002aa722fd080, 0x000002aa74f5fd80, 0x000002aa74f69420,
0x000002aa768ef030, 0x000002aa76bd7a40
}

Java Threads: ( => current thread )
=>0x000002aa484f3310 JavaThread "main" [_thread_in_native, id=19368, stack(0x000000ff83a00000,0x000000ff83b00000)]
  0x000002aa722d1fe0 JavaThread "Reference Handler" daemon [_thread_blocked, id=26740, stack(0x000000ff84100000,0x000000ff84200000)]
  0x000002aa722d2c50 JavaThread "Finalizer" daemon [_thread_blocked, id=22832, stack(0x000000ff84200000,0x000000ff84300000)]
  0x000002aa722e9590 JavaThread "Signal Dispatcher" daemon [_thread_blocked, id=23712, stack(0x000000ff84300000,0x000000ff84400000)]
  0x000002aa722eaf50 JavaThread "Attach Listener" daemon [_thread_blocked, id=27916, stack(0x000000ff84400000,0x000000ff84500000)]
  0x000002aa722eb900 JavaThread "Service Thread" daemon [_thread_blocked, id=20760, stack(0x000000ff84500000,0x000000ff84600000)]
  0x000002aa722ec2b0 JavaThread "Monitor Deflation Thread" daemon [_thread_blocked, id=23496, stack(0x000000ff84600000,0x000000ff84700000)]
  0x000002aa722f84a0 JavaThread "C2 CompilerThread0" daemon [_thread_in_native, id=11588, stack(0x000000ff84700000,0x000000ff84800000)]
  0x000002aa722f9ea0 JavaThread "C1 CompilerThread0" daemon [_thread_in_native, id=29568, stack(0x000000ff84800000,0x000000ff84900000)]
  0x000002aa722fd080 JavaThread "Sweeper thread" daemon [_thread_blocked, id=8336, stack(0x000000ff84900000,0x000000ff84a00000)]
  0x000002aa74f5fd80 JavaThread "Notification Thread" daemon [_thread_blocked, id=13160, stack(0x000000ff84a00000,0x000000ff84b00000)]
  0x000002aa74f69420 JavaThread "Common-Cleaner" daemon [_thread_blocked, id=9460, stack(0x000000ff84c00000,0x000000ff84d00000)]
  0x000002aa768ef030 JavaThread "Networking client side" [_thread_in_vm, id=6308, stack(0x000000ff84d00000,0x000000ff84e00000)]
  0x000002aa76bd7a40 JavaThread "C2 CompilerThread1" daemon [_thread_in_native, id=29448, stack(0x000000ff85200000,0x000000ff85300000)]

Other Threads:
  0x000002aa722c94c0 VMThread "VM Thread" [stack: 0x000000ff84000000,0x000000ff84100000] [id=29048]
  0x000002aa722d9520 WatcherThread [stack: 0x000000ff84b00000,0x000000ff84c00000] [id=23748]
  0x000002aa72140b90 GCTaskThread "GC Thread#0" [stack: 0x000000ff83b00000,0x000000ff83c00000] [id=27348]
  0x000002aa4856fc10 ConcurrentGCThread "G1 Main Marker" [stack: 0x000000ff83c00000,0x000000ff83d00000] [id=16668]
  0x000002aa48571cd0 ConcurrentGCThread "G1 Conc#0" [stack: 0x000000ff83d00000,0x000000ff83e00000] [id=17472]
  0x000002aa72202a50 ConcurrentGCThread "G1 Refine#0" [stack: 0x000000ff83e00000,0x000000ff83f00000] [id=14908]
  0x000002aa72203370 ConcurrentGCThread "G1 Service" [stack: 0x000000ff83f00000,0x000000ff84000000] [id=13072]

Threads with active compile tasks:
C2 CompilerThread0     1295 1060       4       java.util.jar.JarFile::getEntry (35 bytes)
C2 CompilerThread1     1296 1050   !   4       jdk.internal.loader.URLClassPath$JarLoader::getResource (354 bytes)

VM state: not at safepoint (normal execution)

VM Mutex/Monitor currently owned by a thread: None

Heap address: 0x0000000602c00000, size: 8148 MB, Compressed Oops mode: Zero based, Oop shift amount: 3

CDS archive(s) mapped at: [0x0000000800000000-0x0000000800bd0000-0x0000000800bd0000), size 12386304, SharedBaseAddress: 0x0000000800000000, ArchiveRelocationMode: 0.
Compressed class space mapped at: 0x0000000800c00000-0x0000000840c00000, reserved size: 1073741824
Narrow klass base: 0x0000000800000000, Narrow klass shift: 0, Narrow klass range: 0x100000000

GC Precious Log:
 CPUs: 12 total, 12 available
 Memory: 32585M
 Large Page Support: Disabled
 NUMA Support: Disabled
 Compressed Oops: Enabled (Zero based)
 Heap Region Size: 4M
 Heap Min Capacity: 8M
 Heap Initial Capacity: 512M
 Heap Max Capacity: 8148M
 Pre-touch: Disabled
 Parallel Workers: 10
 Concurrent Workers: 3
 Concurrent Refinement Workers: 10
 Periodic GC: Disabled

Heap:
 garbage-first heap   total 524288K, used 16384K [0x0000000602c00000, 0x0000000800000000)
  region size 4096K, 5 young (20480K), 0 survivors (0K)
 Metaspace       used 7483K, committed 7744K, reserved 1064960K
  class space    used 623K, committed 704K, reserved 1048576K

Heap Regions: E=young(eden), S=young(survivor), O=old, HS=humongous(starts), HC=humongous(continues), CS=collection set, F=free, OA=open archive, CA=closed archive, TAMS=top-at-mark-start (previous, next)
|   0|0x0000000602c00000, 0x0000000602c00000, 0x0000000603000000|  0%| F|  |TAMS 0x0000000602c00000, 0x0000000602c00000| Untracked 
|   1|0x0000000603000000, 0x0000000603000000, 0x0000000603400000|  0%| F|  |TAMS 0x0000000603000000, 0x0000000603000000| Untracked 
|   2|0x0000000603400000, 0x0000000603400000, 0x0000000603800000|  0%| F|  |TAMS 0x0000000603400000, 0x0000000603400000| Untracked 
|   3|0x0000000603800000, 0x0000000603800000, 0x0000000603c00000|  0%| F|  |TAMS 0x0000000603800000, 0x0000000603800000| Untracked 
|   4|0x0000000603c00000, 0x0000000603c00000, 0x0000000604000000|  0%| F|  |TAMS 0x0000000603c00000, 0x0000000603c00000| Untracked 
|   5|0x0000000604000000, 0x0000000604000000, 0x0000000604400000|  0%| F|  |TAMS 0x0000000604000000, 0x0000000604000000| Untracked 
|   6|0x0000000604400000, 0x0000000604400000, 0x0000000604800000|  0%| F|  |TAMS 0x0000000604400000, 0x0000000604400000| Untracked 
|   7|0x0000000604800000, 0x0000000604800000, 0x0000000604c00000|  0%| F|  |TAMS 0x0000000604800000, 0x0000000604800000| Untracked 
|   8|0x0000000604c00000, 0x0000000604c00000, 0x0000000605000000|  0%| F|  |TAMS 0x0000000604c00000, 0x0000000604c00000| Untracked 
|   9|0x0000000605000000, 0x0000000605000000, 0x0000000605400000|  0%| F|  |TAMS 0x0000000605000000, 0x0000000605000000| Untracked 
|  10|0x0000000605400000, 0x0000000605400000, 0x0000000605800000|  0%| F|  |TAMS 0x0000000605400000, 0x0000000605400000| Untracked 
|  11|0x0000000605800000, 0x0000000605800000, 0x0000000605c00000|  0%| F|  |TAMS 0x0000000605800000, 0x0000000605800000| Untracked 
|  12|0x0000000605c00000, 0x0000000605c00000, 0x0000000606000000|  0%| F|  |TAMS 0x0000000605c00000, 0x0000000605c00000| Untracked 
|  13|0x0000000606000000, 0x0000000606000000, 0x0000000606400000|  0%| F|  |TAMS 0x0000000606000000, 0x0000000606000000| Untracked 
|  14|0x0000000606400000, 0x0000000606400000, 0x0000000606800000|  0%| F|  |TAMS 0x0000000606400000, 0x0000000606400000| Untracked 
|  15|0x0000000606800000, 0x0000000606800000, 0x0000000606c00000|  0%| F|  |TAMS 0x0000000606800000, 0x0000000606800000| Untracked 
|  16|0x0000000606c00000, 0x0000000606c00000, 0x0000000607000000|  0%| F|  |TAMS 0x0000000606c00000, 0x0000000606c00000| Untracked 
|  17|0x0000000607000000, 0x0000000607000000, 0x0000000607400000|  0%| F|  |TAMS 0x0000000607000000, 0x0000000607000000| Untracked 
|  18|0x0000000607400000, 0x0000000607400000, 0x0000000607800000|  0%| F|  |TAMS 0x0000000607400000, 0x0000000607400000| Untracked 
|  19|0x0000000607800000, 0x0000000607800000, 0x0000000607c00000|  0%| F|  |TAMS 0x0000000607800000, 0x0000000607800000| Untracked 
|  20|0x0000000607c00000, 0x0000000607c00000, 0x0000000608000000|  0%| F|  |TAMS 0x0000000607c00000, 0x0000000607c00000| Untracked 
|  21|0x0000000608000000, 0x0000000608000000, 0x0000000608400000|  0%| F|  |TAMS 0x0000000608000000, 0x0000000608000000| Untracked 
|  22|0x0000000608400000, 0x0000000608400000, 0x0000000608800000|  0%| F|  |TAMS 0x0000000608400000, 0x0000000608400000| Untracked 
|  23|0x0000000608800000, 0x0000000608800000, 0x0000000608c00000|  0%| F|  |TAMS 0x0000000608800000, 0x0000000608800000| Untracked 
|  24|0x0000000608c00000, 0x0000000608c00000, 0x0000000609000000|  0%| F|  |TAMS 0x0000000608c00000, 0x0000000608c00000| Untracked 
|  25|0x0000000609000000, 0x0000000609000000, 0x0000000609400000|  0%| F|  |TAMS 0x0000000609000000, 0x0000000609000000| Untracked 
|  26|0x0000000609400000, 0x0000000609400000, 0x0000000609800000|  0%| F|  |TAMS 0x0000000609400000, 0x0000000609400000| Untracked 
|  27|0x0000000609800000, 0x0000000609800000, 0x0000000609c00000|  0%| F|  |TAMS 0x0000000609800000, 0x0000000609800000| Untracked 
|  28|0x0000000609c00000, 0x0000000609c00000, 0x000000060a000000|  0%| F|  |TAMS 0x0000000609c00000, 0x0000000609c00000| Untracked 
|  29|0x000000060a000000, 0x000000060a000000, 0x000000060a400000|  0%| F|  |TAMS 0x000000060a000000, 0x000000060a000000| Untracked 
|  30|0x000000060a400000, 0x000000060a400000, 0x000000060a800000|  0%| F|  |TAMS 0x000000060a400000, 0x000000060a400000| Untracked 
|  31|0x000000060a800000, 0x000000060a800000, 0x000000060ac00000|  0%| F|  |TAMS 0x000000060a800000, 0x000000060a800000| Untracked 
|  32|0x000000060ac00000, 0x000000060ac00000, 0x000000060b000000|  0%| F|  |TAMS 0x000000060ac00000, 0x000000060ac00000| Untracked 
|  33|0x000000060b000000, 0x000000060b000000, 0x000000060b400000|  0%| F|  |TAMS 0x000000060b000000, 0x000000060b000000| Untracked 
|  34|0x000000060b400000, 0x000000060b400000, 0x000000060b800000|  0%| F|  |TAMS 0x000000060b400000, 0x000000060b400000| Untracked 
|  35|0x000000060b800000, 0x000000060b800000, 0x000000060bc00000|  0%| F|  |TAMS 0x000000060b800000, 0x000000060b800000| Untracked 
|  36|0x000000060bc00000, 0x000000060bc00000, 0x000000060c000000|  0%| F|  |TAMS 0x000000060bc00000, 0x000000060bc00000| Untracked 
|  37|0x000000060c000000, 0x000000060c000000, 0x000000060c400000|  0%| F|  |TAMS 0x000000060c000000, 0x000000060c000000| Untracked 
|  38|0x000000060c400000, 0x000000060c400000, 0x000000060c800000|  0%| F|  |TAMS 0x000000060c400000, 0x000000060c400000| Untracked 
|  39|0x000000060c800000, 0x000000060c800000, 0x000000060cc00000|  0%| F|  |TAMS 0x000000060c800000, 0x000000060c800000| Untracked 
|  40|0x000000060cc00000, 0x000000060cc00000, 0x000000060d000000|  0%| F|  |TAMS 0x000000060cc00000, 0x000000060cc00000| Untracked 
|  41|0x000000060d000000, 0x000000060d000000, 0x000000060d400000|  0%| F|  |TAMS 0x000000060d000000, 0x000000060d000000| Untracked 
|  42|0x000000060d400000, 0x000000060d400000, 0x000000060d800000|  0%| F|  |TAMS 0x000000060d400000, 0x000000060d400000| Untracked 
|  43|0x000000060d800000, 0x000000060d800000, 0x000000060dc00000|  0%| F|  |TAMS 0x000000060d800000, 0x000000060d800000| Untracked 
|  44|0x000000060dc00000, 0x000000060dc00000, 0x000000060e000000|  0%| F|  |TAMS 0x000000060dc00000, 0x000000060dc00000| Untracked 
|  45|0x000000060e000000, 0x000000060e000000, 0x000000060e400000|  0%| F|  |TAMS 0x000000060e000000, 0x000000060e000000| Untracked 
|  46|0x000000060e400000, 0x000000060e400000, 0x000000060e800000|  0%| F|  |TAMS 0x000000060e400000, 0x000000060e400000| Untracked 
|  47|0x000000060e800000, 0x000000060e800000, 0x000000060ec00000|  0%| F|  |TAMS 0x000000060e800000, 0x000000060e800000| Untracked 
|  48|0x000000060ec00000, 0x000000060ec00000, 0x000000060f000000|  0%| F|  |TAMS 0x000000060ec00000, 0x000000060ec00000| Untracked 
|  49|0x000000060f000000, 0x000000060f000000, 0x000000060f400000|  0%| F|  |TAMS 0x000000060f000000, 0x000000060f000000| Untracked 
|  50|0x000000060f400000, 0x000000060f400000, 0x000000060f800000|  0%| F|  |TAMS 0x000000060f400000, 0x000000060f400000| Untracked 
|  51|0x000000060f800000, 0x000000060f800000, 0x000000060fc00000|  0%| F|  |TAMS 0x000000060f800000, 0x000000060f800000| Untracked 
|  52|0x000000060fc00000, 0x000000060fc00000, 0x0000000610000000|  0%| F|  |TAMS 0x000000060fc00000, 0x000000060fc00000| Untracked 
|  53|0x0000000610000000, 0x0000000610000000, 0x0000000610400000|  0%| F|  |TAMS 0x0000000610000000, 0x0000000610000000| Untracked 
|  54|0x0000000610400000, 0x0000000610400000, 0x0000000610800000|  0%| F|  |TAMS 0x0000000610400000, 0x0000000610400000| Untracked 
|  55|0x0000000610800000, 0x0000000610800000, 0x0000000610c00000|  0%| F|  |TAMS 0x0000000610800000, 0x0000000610800000| Untracked 
|  56|0x0000000610c00000, 0x0000000610c00000, 0x0000000611000000|  0%| F|  |TAMS 0x0000000610c00000, 0x0000000610c00000| Untracked 
|  57|0x0000000611000000, 0x0000000611000000, 0x0000000611400000|  0%| F|  |TAMS 0x0000000611000000, 0x0000000611000000| Untracked 
|  58|0x0000000611400000, 0x0000000611400000, 0x0000000611800000|  0%| F|  |TAMS 0x0000000611400000, 0x0000000611400000| Untracked 
|  59|0x0000000611800000, 0x0000000611800000, 0x0000000611c00000|  0%| F|  |TAMS 0x0000000611800000, 0x0000000611800000| Untracked 
|  60|0x0000000611c00000, 0x0000000611c00000, 0x0000000612000000|  0%| F|  |TAMS 0x0000000611c00000, 0x0000000611c00000| Untracked 
|  61|0x0000000612000000, 0x0000000612000000, 0x0000000612400000|  0%| F|  |TAMS 0x0000000612000000, 0x0000000612000000| Untracked 
|  62|0x0000000612400000, 0x0000000612400000, 0x0000000612800000|  0%| F|  |TAMS 0x0000000612400000, 0x0000000612400000| Untracked 
|  63|0x0000000612800000, 0x0000000612800000, 0x0000000612c00000|  0%| F|  |TAMS 0x0000000612800000, 0x0000000612800000| Untracked 
|  64|0x0000000612c00000, 0x0000000612c00000, 0x0000000613000000|  0%| F|  |TAMS 0x0000000612c00000, 0x0000000612c00000| Untracked 
|  65|0x0000000613000000, 0x0000000613000000, 0x0000000613400000|  0%| F|  |TAMS 0x0000000613000000, 0x0000000613000000| Untracked 
|  66|0x0000000613400000, 0x0000000613400000, 0x0000000613800000|  0%| F|  |TAMS 0x0000000613400000, 0x0000000613400000| Untracked 
|  67|0x0000000613800000, 0x0000000613800000, 0x0000000613c00000|  0%| F|  |TAMS 0x0000000613800000, 0x0000000613800000| Untracked 
|  68|0x0000000613c00000, 0x0000000613c00000, 0x0000000614000000|  0%| F|  |TAMS 0x0000000613c00000, 0x0000000613c00000| Untracked 
|  69|0x0000000614000000, 0x0000000614000000, 0x0000000614400000|  0%| F|  |TAMS 0x0000000614000000, 0x0000000614000000| Untracked 
|  70|0x0000000614400000, 0x0000000614400000, 0x0000000614800000|  0%| F|  |TAMS 0x0000000614400000, 0x0000000614400000| Untracked 
|  71|0x0000000614800000, 0x0000000614800000, 0x0000000614c00000|  0%| F|  |TAMS 0x0000000614800000, 0x0000000614800000| Untracked 
|  72|0x0000000614c00000, 0x0000000614c00000, 0x0000000615000000|  0%| F|  |TAMS 0x0000000614c00000, 0x0000000614c00000| Untracked 
|  73|0x0000000615000000, 0x0000000615000000, 0x0000000615400000|  0%| F|  |TAMS 0x0000000615000000, 0x0000000615000000| Untracked 
|  74|0x0000000615400000, 0x0000000615400000, 0x0000000615800000|  0%| F|  |TAMS 0x0000000615400000, 0x0000000615400000| Untracked 
|  75|0x0000000615800000, 0x0000000615800000, 0x0000000615c00000|  0%| F|  |TAMS 0x0000000615800000, 0x0000000615800000| Untracked 
|  76|0x0000000615c00000, 0x0000000615c00000, 0x0000000616000000|  0%| F|  |TAMS 0x0000000615c00000, 0x0000000615c00000| Untracked 
|  77|0x0000000616000000, 0x0000000616000000, 0x0000000616400000|  0%| F|  |TAMS 0x0000000616000000, 0x0000000616000000| Untracked 
|  78|0x0000000616400000, 0x0000000616400000, 0x0000000616800000|  0%| F|  |TAMS 0x0000000616400000, 0x0000000616400000| Untracked 
|  79|0x0000000616800000, 0x0000000616800000, 0x0000000616c00000|  0%| F|  |TAMS 0x0000000616800000, 0x0000000616800000| Untracked 
|  80|0x0000000616c00000, 0x0000000616c00000, 0x0000000617000000|  0%| F|  |TAMS 0x0000000616c00000, 0x0000000616c00000| Untracked 
|  81|0x0000000617000000, 0x0000000617000000, 0x0000000617400000|  0%| F|  |TAMS 0x0000000617000000, 0x0000000617000000| Untracked 
|  82|0x0000000617400000, 0x0000000617400000, 0x0000000617800000|  0%| F|  |TAMS 0x0000000617400000, 0x0000000617400000| Untracked 
|  83|0x0000000617800000, 0x0000000617800000, 0x0000000617c00000|  0%| F|  |TAMS 0x0000000617800000, 0x0000000617800000| Untracked 
|  84|0x0000000617c00000, 0x0000000617c00000, 0x0000000618000000|  0%| F|  |TAMS 0x0000000617c00000, 0x0000000617c00000| Untracked 
|  85|0x0000000618000000, 0x0000000618000000, 0x0000000618400000|  0%| F|  |TAMS 0x0000000618000000, 0x0000000618000000| Untracked 
|  86|0x0000000618400000, 0x0000000618400000, 0x0000000618800000|  0%| F|  |TAMS 0x0000000618400000, 0x0000000618400000| Untracked 
|  87|0x0000000618800000, 0x0000000618800000, 0x0000000618c00000|  0%| F|  |TAMS 0x0000000618800000, 0x0000000618800000| Untracked 
|  88|0x0000000618c00000, 0x0000000618c00000, 0x0000000619000000|  0%| F|  |TAMS 0x0000000618c00000, 0x0000000618c00000| Untracked 
|  89|0x0000000619000000, 0x0000000619000000, 0x0000000619400000|  0%| F|  |TAMS 0x0000000619000000, 0x0000000619000000| Untracked 
|  90|0x0000000619400000, 0x0000000619400000, 0x0000000619800000|  0%| F|  |TAMS 0x0000000619400000, 0x0000000619400000| Untracked 
|  91|0x0000000619800000, 0x0000000619800000, 0x0000000619c00000|  0%| F|  |TAMS 0x0000000619800000, 0x0000000619800000| Untracked 
|  92|0x0000000619c00000, 0x0000000619c00000, 0x000000061a000000|  0%| F|  |TAMS 0x0000000619c00000, 0x0000000619c00000| Untracked 
|  93|0x000000061a000000, 0x000000061a000000, 0x000000061a400000|  0%| F|  |TAMS 0x000000061a000000, 0x000000061a000000| Untracked 
|  94|0x000000061a400000, 0x000000061a400000, 0x000000061a800000|  0%| F|  |TAMS 0x000000061a400000, 0x000000061a400000| Untracked 
|  95|0x000000061a800000, 0x000000061a800000, 0x000000061ac00000|  0%| F|  |TAMS 0x000000061a800000, 0x000000061a800000| Untracked 
|  96|0x000000061ac00000, 0x000000061ac00000, 0x000000061b000000|  0%| F|  |TAMS 0x000000061ac00000, 0x000000061ac00000| Untracked 
|  97|0x000000061b000000, 0x000000061b000000, 0x000000061b400000|  0%| F|  |TAMS 0x000000061b000000, 0x000000061b000000| Untracked 
|  98|0x000000061b400000, 0x000000061b400000, 0x000000061b800000|  0%| F|  |TAMS 0x000000061b400000, 0x000000061b400000| Untracked 
|  99|0x000000061b800000, 0x000000061b800000, 0x000000061bc00000|  0%| F|  |TAMS 0x000000061b800000, 0x000000061b800000| Untracked 
| 100|0x000000061bc00000, 0x000000061bc00000, 0x000000061c000000|  0%| F|  |TAMS 0x000000061bc00000, 0x000000061bc00000| Untracked 
| 101|0x000000061c000000, 0x000000061c000000, 0x000000061c400000|  0%| F|  |TAMS 0x000000061c000000, 0x000000061c000000| Untracked 
| 102|0x000000061c400000, 0x000000061c400000, 0x000000061c800000|  0%| F|  |TAMS 0x000000061c400000, 0x000000061c400000| Untracked 
| 103|0x000000061c800000, 0x000000061c800000, 0x000000061cc00000|  0%| F|  |TAMS 0x000000061c800000, 0x000000061c800000| Untracked 
| 104|0x000000061cc00000, 0x000000061cc00000, 0x000000061d000000|  0%| F|  |TAMS 0x000000061cc00000, 0x000000061cc00000| Untracked 
| 105|0x000000061d000000, 0x000000061d000000, 0x000000061d400000|  0%| F|  |TAMS 0x000000061d000000, 0x000000061d000000| Untracked 
| 106|0x000000061d400000, 0x000000061d400000, 0x000000061d800000|  0%| F|  |TAMS 0x000000061d400000, 0x000000061d400000| Untracked 
| 107|0x000000061d800000, 0x000000061d800000, 0x000000061dc00000|  0%| F|  |TAMS 0x000000061d800000, 0x000000061d800000| Untracked 
| 108|0x000000061dc00000, 0x000000061dc00000, 0x000000061e000000|  0%| F|  |TAMS 0x000000061dc00000, 0x000000061dc00000| Untracked 
| 109|0x000000061e000000, 0x000000061e000000, 0x000000061e400000|  0%| F|  |TAMS 0x000000061e000000, 0x000000061e000000| Untracked 
| 110|0x000000061e400000, 0x000000061e400000, 0x000000061e800000|  0%| F|  |TAMS 0x000000061e400000, 0x000000061e400000| Untracked 
| 111|0x000000061e800000, 0x000000061e800000, 0x000000061ec00000|  0%| F|  |TAMS 0x000000061e800000, 0x000000061e800000| Untracked 
| 112|0x000000061ec00000, 0x000000061ec00000, 0x000000061f000000|  0%| F|  |TAMS 0x000000061ec00000, 0x000000061ec00000| Untracked 
| 113|0x000000061f000000, 0x000000061f000000, 0x000000061f400000|  0%| F|  |TAMS 0x000000061f000000, 0x000000061f000000| Untracked 
| 114|0x000000061f400000, 0x000000061f400000, 0x000000061f800000|  0%| F|  |TAMS 0x000000061f400000, 0x000000061f400000| Untracked 
| 115|0x000000061f800000, 0x000000061f800000, 0x000000061fc00000|  0%| F|  |TAMS 0x000000061f800000, 0x000000061f800000| Untracked 
| 116|0x000000061fc00000, 0x000000061fc00000, 0x0000000620000000|  0%| F|  |TAMS 0x000000061fc00000, 0x000000061fc00000| Untracked 
| 117|0x0000000620000000, 0x0000000620000000, 0x0000000620400000|  0%| F|  |TAMS 0x0000000620000000, 0x0000000620000000| Untracked 
| 118|0x0000000620400000, 0x0000000620400000, 0x0000000620800000|  0%| F|  |TAMS 0x0000000620400000, 0x0000000620400000| Untracked 
| 119|0x0000000620800000, 0x0000000620800000, 0x0000000620c00000|  0%| F|  |TAMS 0x0000000620800000, 0x0000000620800000| Untracked 
| 120|0x0000000620c00000, 0x0000000620c00000, 0x0000000621000000|  0%| F|  |TAMS 0x0000000620c00000, 0x0000000620c00000| Untracked 
| 121|0x0000000621000000, 0x0000000621000000, 0x0000000621400000|  0%| F|  |TAMS 0x0000000621000000, 0x0000000621000000| Untracked 
| 122|0x0000000621400000, 0x000000062147b6a0, 0x0000000621800000| 12%| E|  |TAMS 0x0000000621400000, 0x0000000621400000| Complete 
| 123|0x0000000621800000, 0x0000000621c00000, 0x0000000621c00000|100%| E|CS|TAMS 0x0000000621800000, 0x0000000621800000| Complete 
| 124|0x0000000621c00000, 0x0000000622000000, 0x0000000622000000|100%| E|CS|TAMS 0x0000000621c00000, 0x0000000621c00000| Complete 
| 125|0x0000000622000000, 0x0000000622400000, 0x0000000622400000|100%| E|CS|TAMS 0x0000000622000000, 0x0000000622000000| Complete 
| 126|0x0000000622400000, 0x0000000622800000, 0x0000000622800000|100%| E|CS|TAMS 0x0000000622400000, 0x0000000622400000| Complete 
| 127|0x0000000622800000, 0x0000000622c00000, 0x0000000622c00000|100%| E|CS|TAMS 0x0000000622800000, 0x0000000622800000| Complete 

Card table byte_map: [0x000002aa60280000,0x000002aa61270000] _byte_map_base: 0x000002aa5d26a000

Marking Bits (Prev, Next): (CMBitMap*) 0x000002aa4855f300, (CMBitMap*) 0x000002aa4855f340
 Prev Bits: [0x000002aa62260000, 0x000002aa6a1b0000)
 Next Bits: [0x000002aa6a1b0000, 0x000002aa72100000)

Polling page: 0x000002aa46480000

Metaspace:

Usage:
  Non-class:      6.75 MB used.
      Class:    630.84 KB used.
       Both:      7.36 MB used.

Virtual space:
  Non-class space:       16.00 MB reserved,       6.88 MB ( 43%) committed,  2 nodes.
      Class space:        1.00 GB reserved,     704.00 KB ( <1%) committed,  1 nodes.
             Both:        1.02 GB reserved,       7.56 MB ( <1%) committed. 

Chunk freelists:
   Non-Class:  3.58 MB
       Class:  3.31 MB
        Both:  6.89 MB

MaxMetaspaceSize: unlimited
CompressedClassSpaceSize: 1.00 GB
Initial GC threshold: 21.00 MB
Current GC threshold: 21.00 MB
CDS: on
MetaspaceReclaimPolicy: balanced
 - commit_granule_bytes: 65536.
 - commit_granule_words: 8192.
 - virtual_space_node_default_size: 1048576.
 - enlarge_chunks_in_place: 1.
 - new_chunks_are_fully_committed: 0.
 - uncommit_free_chunks: 1.
 - use_allocation_guard: 0.
 - handle_deallocations: 1.


Internal statistics:

num_allocs_failed_limit: 0.
num_arena_births: 146.
num_arena_deaths: 0.
num_vsnodes_births: 3.
num_vsnodes_deaths: 0.
num_space_committed: 121.
num_space_uncommitted: 0.
num_chunks_returned_to_freelist: 0.
num_chunks_taken_from_freelist: 367.
num_chunk_merges: 0.
num_chunk_splits: 250.
num_chunks_enlarged: 182.
num_purges: 0.
num_inconsistent_stats: 0.

CodeHeap 'non-profiled nmethods': size=120000Kb used=352Kb max_used=352Kb free=119647Kb
 bounds [0x000002aa57810000, 0x000002aa57a80000, 0x000002aa5ed40000]
CodeHeap 'profiled nmethods': size=120000Kb used=1956Kb max_used=1956Kb free=118043Kb
 bounds [0x000002aa4fd40000, 0x000002aa4ffb0000, 0x000002aa57270000]
CodeHeap 'non-nmethods': size=5760Kb used=1832Kb max_used=1853Kb free=3928Kb
 bounds [0x000002aa57270000, 0x000002aa574e0000, 0x000002aa57810000]
 total_blobs=2436 nmethods=1097 adapters=1252
 compilation: enabled
              stopped_count=0, restarted_count=0
 full_count=0

Compilation events (20 events):
Event: 1.226 Thread 0x000002aa722f9ea0 1010       3       java.util.ArrayList::iterator (9 bytes)
Event: 1.226 Thread 0x000002aa722f9ea0 nmethod 1010 0x000002aa4fefba10 code [0x000002aa4fefbbc0, 0x000002aa4fefbe58]
Event: 1.227 Thread 0x000002aa722f9ea0 1011       3       java.util.ArrayList$Itr::<init> (26 bytes)
Event: 1.227 Thread 0x000002aa722f9ea0 nmethod 1011 0x000002aa4fefbf90 code [0x000002aa4fefc120, 0x000002aa4fefc2f8]
Event: 1.228 Thread 0x000002aa722f9ea0 1012       3       java.io.FilterInputStream::<init> (10 bytes)
Event: 1.228 Thread 0x000002aa722f9ea0 nmethod 1012 0x000002aa4fefc410 code [0x000002aa4fefc5c0, 0x000002aa4fefc7f8]
Event: 1.228 Thread 0x000002aa722f9ea0 1014   !   3       java.util.zip.ZipFile$ZipFileInflaterInputStream::close (67 bytes)
Event: 1.228 Thread 0x000002aa722f9ea0 nmethod 1014 0x000002aa4fefc910 code [0x000002aa4fefcb40, 0x000002aa4fefd3b8]
Event: 1.228 Thread 0x000002aa722f9ea0 1015       3       java.util.zip.InflaterInputStream::close (34 bytes)
Event: 1.228 Thread 0x000002aa722f9ea0 nmethod 1015 0x000002aa4fefd790 code [0x000002aa4fefd940, 0x000002aa4fefdbf8]
Event: 1.228 Thread 0x000002aa722f9ea0 1016       3       java.util.zip.ZipFile$InflaterCleanupAction::run (12 bytes)
Event: 1.229 Thread 0x000002aa722f9ea0 nmethod 1016 0x000002aa4fefdd10 code [0x000002aa4fefdec0, 0x000002aa4fefe028]
Event: 1.229 Thread 0x000002aa722f84a0 nmethod 998 0x000002aa5785db10 code [0x000002aa5785dce0, 0x000002aa5785e6f8]
Event: 1.229 Thread 0x000002aa722f84a0 1013       4       java.util.zip.ZipUtils::LG (22 bytes)
Event: 1.230 Thread 0x000002aa722f84a0 nmethod 1013 0x000002aa5785ef10 code [0x000002aa5785f080, 0x000002aa5785f178]
Event: 1.230 Thread 0x000002aa722f84a0  999   !   4       java.util.zip.ZipFile::getEntry (59 bytes)
Event: 1.230 Thread 0x000002aa722f9ea0 1017       1       sun.nio.fs.WindowsFileSystem::provider (5 bytes)
Event: 1.230 Thread 0x000002aa722f9ea0 nmethod 1017 0x000002aa5785f290 code [0x000002aa5785f420, 0x000002aa5785f4f8]
Event: 1.232 Thread 0x000002aa722f9ea0 1018       3       org.lwjgl.system.MemoryUtil::memPutAddress (29 bytes)
Event: 1.232 Thread 0x000002aa722f9ea0 nmethod 1018 0x000002aa4fefe110 code [0x000002aa4fefe2c0, 0x000002aa4fefe4b8]

GC Heap History (0 events):
No events

Deoptimization events (20 events):
Event: 0.307 Thread 0x000002aa484f3310 DEOPT PACKING pc=0x000002aa4fdf5172 sp=0x000000ff83afe350
Event: 0.307 Thread 0x000002aa484f3310 DEOPT UNPACKING pc=0x000002aa572c2b43 sp=0x000000ff83afd7c8 mode 0
Event: 0.307 Thread 0x000002aa484f3310 DEOPT PACKING pc=0x000002aa4fdf5172 sp=0x000000ff83afe350
Event: 0.307 Thread 0x000002aa484f3310 DEOPT UNPACKING pc=0x000002aa572c2b43 sp=0x000000ff83afd7c8 mode 0
Event: 0.308 Thread 0x000002aa484f3310 DEOPT PACKING pc=0x000002aa4fdf5172 sp=0x000000ff83afe350
Event: 0.308 Thread 0x000002aa484f3310 DEOPT UNPACKING pc=0x000002aa572c2b43 sp=0x000000ff83afd7c8 mode 0
Event: 0.367 Thread 0x000002aa484f3310 DEOPT PACKING pc=0x000002aa4fd5f5be sp=0x000000ff83afb190
Event: 0.367 Thread 0x000002aa484f3310 DEOPT UNPACKING pc=0x000002aa572c2b43 sp=0x000000ff83afa608 mode 0
Event: 0.381 Thread 0x000002aa484f3310 Uncommon trap: trap_request=0xffffff45 fr.pc=0x000002aa57845eb4 relative=0x0000000000000414
Event: 0.381 Thread 0x000002aa484f3310 Uncommon trap: reason=unstable_if action=reinterpret pc=0x000002aa57845eb4 method=java.lang.StringLatin1.newString([BII)Ljava/lang/String; @ 1 c2
Event: 0.381 Thread 0x000002aa484f3310 DEOPT PACKING pc=0x000002aa57845eb4 sp=0x000000ff83aff190
Event: 0.381 Thread 0x000002aa484f3310 DEOPT UNPACKING pc=0x000002aa572c23a3 sp=0x000000ff83aff158 mode 2
Event: 0.770 Thread 0x000002aa484f3310 Uncommon trap: trap_request=0xffffff45 fr.pc=0x000002aa5784c85c relative=0x000000000000015c
Event: 0.770 Thread 0x000002aa484f3310 Uncommon trap: reason=unstable_if action=reinterpret pc=0x000002aa5784c85c method=java.lang.StringCoding.hasNegatives([BII)Z @ 12 c2
Event: 0.770 Thread 0x000002aa484f3310 DEOPT PACKING pc=0x000002aa5784c85c sp=0x000000ff83afefd0
Event: 0.770 Thread 0x000002aa484f3310 DEOPT UNPACKING pc=0x000002aa572c23a3 sp=0x000000ff83afef78 mode 2
Event: 0.788 Thread 0x000002aa484f3310 Uncommon trap: trap_request=0xffffff45 fr.pc=0x000002aa57855980 relative=0x0000000000000e80
Event: 0.788 Thread 0x000002aa484f3310 Uncommon trap: reason=unstable_if action=reinterpret pc=0x000002aa57855980 method=java.io.BufferedReader.readLine(Z[Z)Ljava/lang/String; @ 209 c2
Event: 0.788 Thread 0x000002aa484f3310 DEOPT PACKING pc=0x000002aa57855980 sp=0x000000ff83aff580
Event: 0.788 Thread 0x000002aa484f3310 DEOPT UNPACKING pc=0x000002aa572c23a3 sp=0x000000ff83aff530 mode 2

Classes unloaded (0 events):
No events

Classes redefined (0 events):
No events

Internal exceptions (20 events):
Event: 0.275 Thread 0x000002aa484f3310 Exception <a 'sun/nio/fs/WindowsException'{0x00000006227c0278}> (0x00000006227c0278) 
thrown [s\open\src\hotspot\share\prims\jni.cpp, line 516]
Event: 0.349 Thread 0x000002aa484f3310 Exception <a 'java/lang/NoSuchMethodError'{0x00000006220647c8}: 'java.lang.Object java.lang.invoke.DirectMethodHandle$Holder.newInvokeSpecial(java.lang.Object, long)'> (0x00000006220647c8) 
thrown [s\open\src\hotspot\share\interpreter\linkResolver.cpp, line 759]
Event: 0.356 Thread 0x000002aa484f3310 Exception <a 'java/lang/NoSuchMethodError'{0x00000006220b5f30}: 'java.lang.Object java.lang.invoke.DirectMethodHandle$Holder.invokeStaticInit(java.lang.Object, java.lang.Object, java.lang.Object, int)'> (0x00000006220b5f30) 
thrown [s\open\src\hotspot\share\interpreter\linkResolver.cpp, line 759]
Event: 0.358 Thread 0x000002aa484f3310 Exception <a 'java/lang/NoSuchMethodError'{0x00000006220c5500}: 'void java.lang.invoke.DirectMethodHandle$Holder.invokeStaticInit(java.lang.Object, java.lang.Object, java.lang.Object, int)'> (0x00000006220c5500) 
thrown [s\open\src\hotspot\share\interpreter\linkResolver.cpp, line 759]
Event: 0.403 Thread 0x000002aa484f3310 Exception <a 'sun/nio/fs/WindowsException'{0x00000006221fb400}> (0x00000006221fb400) 
thrown [s\open\src\hotspot\share\prims\jni.cpp, line 516]
Event: 0.403 Thread 0x000002aa484f3310 Exception <a 'sun/nio/fs/WindowsException'{0x00000006221fb780}> (0x00000006221fb780) 
thrown [s\open\src\hotspot\share\prims\jni.cpp, line 516]
Event: 0.441 Thread 0x000002aa484f3310 Exception <a 'sun/nio/fs/WindowsException'{0x000000062236eb28}> (0x000000062236eb28) 
thrown [s\open\src\hotspot\share\prims\jni.cpp, line 516]
Event: 0.694 Thread 0x000002aa484f3310 Exception <a 'java/lang/NoSuchMethodError'{0x0000000621cc8e48}: 'void java.lang.invoke.DirectMethodHandle$Holder.invokeStatic(java.lang.Object, long)'> (0x0000000621cc8e48) 
thrown [s\open\src\hotspot\share\interpreter\linkResolver.cpp, line 759]
Event: 0.695 Thread 0x000002aa484f3310 Exception <a 'java/lang/NoSuchMethodError'{0x0000000621cd2060}: 'java.lang.Object java.lang.invoke.DirectMethodHandle$Holder.invokeStatic(java.lang.Object, java.lang.Object, long, java.lang.Object)'> (0x0000000621cd2060) 
thrown [s\open\src\hotspot\share\interpreter\linkResolver.cpp, line 759]
Event: 0.695 Thread 0x000002aa484f3310 Exception <a 'java/lang/NoSuchMethodError'{0x0000000621cd5850}: 'java.lang.Object java.lang.invoke.DirectMethodHandle$Holder.invokeStaticInit(java.lang.Object, java.lang.Object, long, java.lang.Object)'> (0x0000000621cd5850) 
thrown [s\open\src\hotspot\share\interpreter\linkResolver.cpp, line 759]
Event: 1.204 Thread 0x000002aa484f3310 Exception <a 'java/lang/NoSuchMethodError'{0x0000000621d35248}: 'java.lang.Object java.lang.invoke.DirectMethodHandle$Holder.invokeStatic(java.lang.Object, java.lang.Object, int, int)'> (0x0000000621d35248) 
thrown [s\open\src\hotspot\share\interpreter\linkResolver.cpp, line 759]
Event: 1.204 Thread 0x000002aa484f3310 Exception <a 'java/lang/NoSuchMethodError'{0x0000000621d38a18}: 'java.lang.Object java.lang.invoke.DirectMethodHandle$Holder.invokeStaticInit(java.lang.Object, java.lang.Object, int, int)'> (0x0000000621d38a18) 
thrown [s\open\src\hotspot\share\interpreter\linkResolver.cpp, line 759]
Event: 1.214 Thread 0x000002aa768ef030 Exception <a 'java/lang/NoClassDefFoundError'{0x0000000621e85f40}: org/slf4j/LoggerFactory> (0x0000000621e85f40) 
thrown [s\open\src\hotspot\share\classfile\systemDictionary.cpp, line 245]
Event: 1.214 Thread 0x000002aa768ef030 Exception <a 'java/lang/NoClassDefFoundError'{0x0000000621e85f40}> (0x0000000621e85f40) 
thrown [s\open\src\hotspot\share\oops\instanceKlass.cpp, line 1216]
Event: 1.215 Thread 0x000002aa768ef030 Exception <a 'java/lang/NoClassDefFoundError'{0x0000000621e95fc0}: org/apache/logging/log4j/spi/ExtendedLoggerWrapper> (0x0000000621e95fc0) 
thrown [s\open\src\hotspot\share\classfile\systemDictionary.cpp, line 245]
Event: 1.216 Thread 0x000002aa768ef030 Exception <a 'java/lang/NoClassDefFoundError'{0x0000000621ea5ae8}: org/apache/log4j/Priority> (0x0000000621ea5ae8) 
thrown [s\open\src\hotspot\share\classfile\systemDictionary.cpp, line 245]
Event: 1.225 Thread 0x000002aa484f3310 Exception <a 'sun/nio/fs/WindowsException'{0x0000000621f84d68}> (0x0000000621f84d68) 
thrown [s\open\src\hotspot\share\prims\jni.cpp, line 516]
Event: 1.226 Thread 0x000002aa484f3310 Exception <a 'sun/nio/fs/WindowsException'{0x0000000621f85108}> (0x0000000621f85108) 
thrown [s\open\src\hotspot\share\prims\jni.cpp, line 516]
Event: 1.230 Thread 0x000002aa484f3310 Exception <a 'sun/nio/fs/WindowsException'{0x0000000621f91530}> (0x0000000621f91530) 
thrown [s\open\src\hotspot\share\prims\jni.cpp, line 516]
Event: 1.230 Thread 0x000002aa484f3310 Exception <a 'sun/nio/fs/WindowsException'{0x0000000621f91800}> (0x0000000621f91800) 
thrown [s\open\src\hotspot\share\prims\jni.cpp, line 516]

VM Operations (8 events):
Event: 0.128 Executing VM operation: HandshakeAllThreads
Event: 0.128 Executing VM operation: HandshakeAllThreads done
Event: 0.185 Executing VM operation: HandshakeAllThreads
Event: 0.185 Executing VM operation: HandshakeAllThreads done
Event: 0.230 Executing VM operation: HandshakeAllThreads
Event: 0.230 Executing VM operation: HandshakeAllThreads done
Event: 0.687 Executing VM operation: HandshakeAllThreads
Event: 0.687 Executing VM operation: HandshakeAllThreads done

Events (20 events):
Event: 1.225 loading class java/util/concurrent/CancellationException done
Event: 1.225 loading class java/util/concurrent/ExecutionException
Event: 1.225 loading class java/util/concurrent/ExecutionException done
Event: 1.225 loading class java/util/concurrent/TimeoutException
Event: 1.225 loading class java/util/concurrent/TimeoutException done
Event: 1.226 loading class java/util/concurrent/atomic/AtomicReferenceFieldUpdater
Event: 1.226 loading class java/util/concurrent/atomic/AtomicReferenceFieldUpdater done
Event: 1.227 loading class java/util/concurrent/atomic/AtomicReferenceFieldUpdater$AtomicReferenceFieldUpdaterImpl
Event: 1.227 loading class java/util/concurrent/atomic/AtomicReferenceFieldUpdater$AtomicReferenceFieldUpdaterImpl done
Event: 1.227 loading class java/util/concurrent/atomic/AtomicReferenceFieldUpdater$AtomicReferenceFieldUpdaterImpl$1
Event: 1.227 loading class java/util/concurrent/atomic/AtomicReferenceFieldUpdater$AtomicReferenceFieldUpdaterImpl$1 done
Event: 1.227 Loaded shared library C:\Users\marco\AppData\Local\Temp\lwjgl_marco\3.3.4+7\x64\lwjgl_opengl.dll
Event: 1.227 loading class sun/reflect/misc/ReflectUtil
Event: 1.227 loading class sun/reflect/misc/ReflectUtil done
Event: 1.229 loading class java/util/concurrent/RunnableFuture
Event: 1.229 loading class java/util/concurrent/RunnableFuture done
Event: 1.231 loading class java/util/concurrent/LinkedBlockingQueue
Event: 1.232 loading class java/util/concurrent/LinkedBlockingQueue done
Event: 1.232 loading class java/util/concurrent/LinkedBlockingQueue$Node
Event: 1.232 loading class java/util/concurrent/LinkedBlockingQueue$Node done


Dynamic libraries:
0x00007ff602230000 - 0x00007ff602240000 	C:\Program Files\Java\jdk-17\bin\java.exe
0x00007ffa4b970000 - 0x00007ffa4bb68000 	C:\WINDOWS\SYSTEM32\ntdll.dll
0x00007ffa4a400000 - 0x00007ffa4a4c1000 	C:\WINDOWS\System32\KERNEL32.DLL
0x00007ffa49610000 - 0x00007ffa4990d000 	C:\WINDOWS\System32\KERNELBASE.dll
0x0000000070770000 - 0x0000000070aa2000 	C:\Program Files\Norton Security\NortonData\22.20.4.57\Definitions\IPSDefs\20240918.064\IPSEng64.dll
0x00007ffa4b060000 - 0x00007ffa4b110000 	C:\WINDOWS\System32\ADVAPI32.dll
0x00007ffa4a360000 - 0x00007ffa4a3fe000 	C:\WINDOWS\System32\msvcrt.dll
0x00007ffa4a6d0000 - 0x00007ffa4a770000 	C:\WINDOWS\System32\sechost.dll
0x00007ffa49a10000 - 0x00007ffa49b33000 	C:\WINDOWS\System32\RPCRT4.dll
0x00007ffa49360000 - 0x00007ffa49387000 	C:\WINDOWS\System32\bcrypt.dll
0x00007ffa4b7b0000 - 0x00007ffa4b7b8000 	C:\WINDOWS\System32\PSAPI.DLL
0x00007ffa49100000 - 0x00007ffa49200000 	C:\WINDOWS\System32\ucrtbase.dll
0x00007ffa3c2b0000 - 0x00007ffa3c2c9000 	C:\Program Files\Java\jdk-17\bin\jli.dll
0x00007ffa3bca0000 - 0x00007ffa3bcbb000 	C:\Program Files\Java\jdk-17\bin\VCRUNTIME140.dll
0x00007ffa4aec0000 - 0x00007ffa4b05d000 	C:\WINDOWS\System32\USER32.dll
0x00007ffa490d0000 - 0x00007ffa490f2000 	C:\WINDOWS\System32\win32u.dll
0x00007ffa314a0000 - 0x00007ffa3173a000 	C:\WINDOWS\WinSxS\amd64_microsoft.windows.common-controls_6595b64144ccf1df_6.0.19041.4355_none_60b8b9eb71f62e16\COMCTL32.dll
0x00007ffa4ab30000 - 0x00007ffa4ab5b000 	C:\WINDOWS\System32\GDI32.dll
0x00007ffa494f0000 - 0x00007ffa49607000 	C:\WINDOWS\System32\gdi32full.dll
0x00007ffa49250000 - 0x00007ffa492ed000 	C:\WINDOWS\System32\msvcp_win.dll
0x00007ffa42ac0000 - 0x00007ffa42aca000 	C:\WINDOWS\SYSTEM32\VERSION.dll
0x00007ffa4a830000 - 0x00007ffa4a85f000 	C:\WINDOWS\System32\IMM32.DLL
0x00007ffa32900000 - 0x00007ffa3290c000 	C:\Program Files\Java\jdk-17\bin\vcruntime140_1.dll
0x00007ffa086c0000 - 0x00007ffa0874e000 	C:\Program Files\Java\jdk-17\bin\msvcp140.dll
0x00007ff9b6760000 - 0x00007ff9b733d000 	C:\Program Files\Java\jdk-17\bin\server\jvm.dll
0x00007ffa452f0000 - 0x00007ffa452f9000 	C:\WINDOWS\SYSTEM32\WSOCK32.dll
0x00007ffa34f40000 - 0x00007ffa34f67000 	C:\WINDOWS\SYSTEM32\WINMM.dll
0x00007ffa499a0000 - 0x00007ffa49a0b000 	C:\WINDOWS\System32\WS2_32.dll
0x00007ffa46e60000 - 0x00007ffa46e72000 	C:\WINDOWS\SYSTEM32\kernel.appcore.dll
0x00007ffa321a0000 - 0x00007ffa321aa000 	C:\Program Files\Java\jdk-17\bin\jimage.dll
0x00007ffa33a50000 - 0x00007ffa33c34000 	C:\WINDOWS\SYSTEM32\DBGHELP.DLL
0x00007ffa2fc20000 - 0x00007ffa2fc54000 	C:\WINDOWS\SYSTEM32\dbgcore.DLL
0x00007ffa49910000 - 0x00007ffa49992000 	C:\WINDOWS\System32\bcryptPrimitives.dll
0x00007ffa17a90000 - 0x00007ffa17ab5000 	C:\Program Files\Java\jdk-17\bin\java.dll
0x00007ff9c2cc0000 - 0x00007ff9c2d97000 	C:\Program Files\Java\jdk-17\bin\jsvml.dll
0x00007ffa49bf0000 - 0x00007ffa4a35f000 	C:\WINDOWS\System32\SHELL32.dll
0x00007ffa47060000 - 0x00007ffa477ff000 	C:\WINDOWS\SYSTEM32\windows.storage.dll
0x00007ffa4ab60000 - 0x00007ffa4aeb3000 	C:\WINDOWS\System32\combase.dll
0x00007ffa48a40000 - 0x00007ffa48a6e000 	C:\WINDOWS\SYSTEM32\Wldp.dll
0x00007ffa4a600000 - 0x00007ffa4a6cd000 	C:\WINDOWS\System32\OLEAUT32.dll
0x00007ffa4b5e0000 - 0x00007ffa4b68d000 	C:\WINDOWS\System32\SHCORE.dll
0x00007ffa4a7d0000 - 0x00007ffa4a825000 	C:\WINDOWS\System32\shlwapi.dll
0x00007ffa48f50000 - 0x00007ffa48f74000 	C:\WINDOWS\SYSTEM32\profapi.dll
0x00007ffa1da10000 - 0x00007ffa1da29000 	C:\Program Files\Java\jdk-17\bin\net.dll
0x00007ffa41130000 - 0x00007ffa4123d000 	C:\WINDOWS\SYSTEM32\WINHTTP.dll
0x00007ffa48780000 - 0x00007ffa487ea000 	C:\WINDOWS\system32\mswsock.dll
0x00007ffa1d9f0000 - 0x00007ffa1da06000 	C:\Program Files\Java\jdk-17\bin\nio.dll
0x00007ffa1cb30000 - 0x00007ffa1cb48000 	C:\Program Files\Java\jdk-17\bin\zip.dll
0x00007ffa30da0000 - 0x00007ffa30db0000 	C:\Program Files\Java\jdk-17\bin\verify.dll
0x00007ffa35620000 - 0x00007ffa3569b000 	C:\Users\marco\AppData\Local\Temp\lwjgl_marco\3.3.4+7\x64\lwjgl.dll
0x00007ff9bc0e0000 - 0x00007ff9bc2bd000 	C:\Users\marco\AppData\Local\Temp\lwjgl_marco\3.3.4+7\x64\OpenAL.dll
0x00007ffa4a4d0000 - 0x00007ffa4a5fb000 	C:\WINDOWS\System32\ole32.dll
0x00007ffa49b40000 - 0x00007ffa49be9000 	C:\WINDOWS\System32\clbcatq.dll
0x00007ffa44450000 - 0x00007ffa444d5000 	C:\WINDOWS\System32\MMDevApi.dll
0x00007ffa48da0000 - 0x00007ffa48dd3000 	C:\WINDOWS\System32\DEVOBJ.dll
0x00007ffa49200000 - 0x00007ffa4924e000 	C:\WINDOWS\System32\cfgmgr32.dll
0x00007ffa446e0000 - 0x00007ffa44861000 	C:\WINDOWS\SYSTEM32\AUDIOSES.DLL
0x00007ffa48570000 - 0x00007ffa485bb000 	C:\WINDOWS\SYSTEM32\powrprof.dll
0x00007ffa483e0000 - 0x00007ffa483f2000 	C:\WINDOWS\SYSTEM32\UMPDC.dll
0x00007ffa46a60000 - 0x00007ffa46a74000 	C:\WINDOWS\SYSTEM32\resourcepolicyclient.dll
0x00007ffa0ccc0000 - 0x00007ffa0cd60000 	C:\Users\marco\AppData\Local\Temp\lwjgl_marco\3.3.4+7\x64\lwjgl_stb.dll
0x00007ff9b5110000 - 0x00007ff9b601a000 	C:\Users\marco\AppData\Local\Temp\imgui-java-natives\1.87.3\imgui-java64.dll
0x00007ffa0acb0000 - 0x00007ffa0ad11000 	C:\Users\marco\AppData\Local\Temp\lwjgl_marco\3.3.4+7\x64\lwjgl_opengl.dll
0x00007ffa27270000 - 0x00007ffa27398000 	C:\WINDOWS\SYSTEM32\opengl32.dll
0x00007ffa32cf0000 - 0x00007ffa32d1c000 	C:\WINDOWS\SYSTEM32\GLU32.dll
0x00007ffa2ada0000 - 0x00007ffa2adad000 	C:\Program Files\Java\jdk-17\bin\sunmscapi.dll
0x00007ffa49390000 - 0x00007ffa494ee000 	C:\WINDOWS\System32\CRYPT32.dll
0x00007ffa48ab0000 - 0x00007ffa48ad9000 	C:\WINDOWS\SYSTEM32\ncrypt.dll
0x00007ffa48a70000 - 0x00007ffa48aab000 	C:\WINDOWS\SYSTEM32\NTASN1.dll

dbghelp: loaded successfully - version: 4.0.5 - missing functions: none
symbol engine: initialized successfully - sym options: 0x614 - pdb path: .;C:\Program Files\Java\jdk-17\bin;C:\WINDOWS\SYSTEM32;C:\Program Files\Norton Security\NortonData\22.20.4.57\Definitions\IPSDefs\20240918.064;C:\WINDOWS\WinSxS\amd64_microsoft.windows.common-controls_6595b64144ccf1df_6.0.19041.4355_none_60b8b9eb71f62e16;C:\Program Files\Java\jdk-17\bin\server;C:\Users\marco\AppData\Local\Temp\lwjgl_marco\3.3.4+7\x64;C:\Users\marco\AppData\Local\Temp\imgui-java-natives\1.87.3

VM Arguments:
jvm_args: -Dfile.encoding=windows-1252 -Duser.country=ES -Duser.language=es -Duser.variant 
java_command: com.restonic4.game.Main
java_class_path (initial): C:\Users\marco\IdeaProjects\EpicAmazingCoolGameTestIGues\build\classes\java\main;C:\Users\marco\IdeaProjects\EpicAmazingCoolGameTestIGues\build\resources\main;C:\Users\marco\.gradle\caches\modules-2\files-2.1\io.github.spair\imgui-java-lwjgl3\1.87.3\7017436c9fd2b0da5a6365deece8c6fb11847c75\imgui-java-lwjgl3-1.87.3.jar;C:\Users\marco\.gradle\caches\modules-2\files-2.1\org.joml\joml\1.10.8\fc0a71dad90a2cf41d82a76156a0e700af8e4f8d\joml-1.10.8.jar;C:\Users\marco\.gradle\caches\modules-2\files-2.1\org.json\json\20240303\ebb88e8fb5122b7506d5cf1d69f1ccdb790d22a\json-20240303.jar;C:\Users\marco\.gradle\caches\modules-2\files-2.1\org.lwjgl\lwjgl-glfw\3.3.4\7e46ecdec85db8738053cfde1414352cd62dab74\lwjgl-glfw-3.3.4.jar;C:\Users\marco\.gradle\caches\modules-2\files-2.1\org.lwjgl\lwjgl-glfw\3.3.4\370ef92d15819a123c643dd2b0fc3a2d40bb263c\lwjgl-glfw-3.3.4-natives-windows.jar;C:\Users\marco\.gradle\caches\modules-2\files-2.1\org.lwjgl\lwjgl-openal\3.3.4\9b74d3ea380c83353d42af43ad9659e04dabe84a\lwjgl-openal-3.3.4.jar;C:\Users\marco\.gradle\caches\modules-2\files-2.1\org.lwjgl\lwjgl-openal\3.3.4\c4de8af803aacda71044418095a71cd63b569a15\lwjgl-openal-3.3.4-natives-windows.jar;C:\Users\marco\.gradle\caches\modules-2\files-2.1\org.lwjgl\lwjgl-opengl\3.3.4\2852ac7d9f6fc71349f1ce28e2708ff1977f18af\lwjgl-opengl-3.3.4.jar;C:\Users\marco\.gradle\caches\modules-2\files-2.1\org.lwjgl\lwjgl-opengl\3.3.4\f7ca4e75573a9ce83075bd86bc8a3e49ff106696\lwjgl-opengl-3.3.4-natives-windows.jar;C:\Users\marco\.gradle\caches\modules-2\files-2.1\org.lwjgl\lwjgl-stb\3.3.4\5821735d5ef23f6da8542887344e57eb181b7cac\lwjgl-stb-3.3.4.jar;C:\Users\marco\.gradle\caches\modules-2\files-2.1\org.lwjgl\lwjgl-stb\3.3.4\8310e565463ec8d369528e8b26a9b1518d079a01\lwjgl-stb-3.3.4-natives-windows.jar;C:\Users\marco\.gradle\caches\modules-2\files-2.1\org.lwjgl\lwjgl\3.3.4\b86c3e4832426e8a6b466013b7cb34b40e9ce956\lwjgl-3.3.4.jar;C:\Users\marco\.gradle\caches\modules-2\files-2.1\org.lwjgl\lwjgl\3.3.4\dd0
Launcher Type: SUN_STANDARD

[Global flags]
     intx CICompilerCount                          = 4                                         {product} {ergonomic}
     uint ConcGCThreads                            = 3                                         {product} {ergonomic}
     uint G1ConcRefinementThreads                  = 10                                        {product} {ergonomic}
   size_t G1HeapRegionSize                         = 4194304                                   {product} {ergonomic}
    uintx GCDrainStackTargetSize                   = 64                                        {product} {ergonomic}
   size_t InitialHeapSize                          = 536870912                                 {product} {ergonomic}
   size_t MarkStackSize                            = 4194304                                   {product} {ergonomic}
   size_t MaxHeapSize                              = 8543797248                                {product} {ergonomic}
   size_t MaxNewSize                               = 5125439488                                {product} {ergonomic}
   size_t MinHeapDeltaBytes                        = 4194304                                   {product} {ergonomic}
   size_t MinHeapSize                              = 8388608                                   {product} {ergonomic}
    uintx NonNMethodCodeHeapSize                   = 5839372                                {pd product} {ergonomic}
    uintx NonProfiledCodeHeapSize                  = 122909434                              {pd product} {ergonomic}
    uintx ProfiledCodeHeapSize                     = 122909434                              {pd product} {ergonomic}
    uintx ReservedCodeCacheSize                    = 251658240                              {pd product} {ergonomic}
     bool SegmentedCodeCache                       = true                                      {product} {ergonomic}
   size_t SoftMaxHeapSize                          = 8543797248                             {manageable} {ergonomic}
     bool UseCompressedClassPointers               = true                           {product lp64_product} {ergonomic}
     bool UseCompressedOops                        = true                           {product lp64_product} {ergonomic}
     bool UseG1GC                                  = true                                      {product} {ergonomic}
     bool UseLargePagesIndividualAllocation        = false                                  {pd product} {ergonomic}

Logging:
Log output configuration:
 #0: stdout all=warning uptime,level,tags
 #1: stderr all=off uptime,level,tags

Environment Variables:
PATH=C:\Python311\Scripts\;C:\Python311\;C:\Program Files\Common Files\Oracle\Java\javapath;C:\Program Files\Oculus\Support\oculus-runtime;C:\Python39\Scripts\;C:\Python39\;C:\Program Files (x86)\Common Files\Oracle\Java\javapath;C:\Windows\system32;C:\Windows;C:\Windows\System32\Wbem;C:\Windows\System32\WindowsPowerShell\v1.0\;C:\Windows\System32\OpenSSH\;C:\Program Files\NVIDIA Corporation\NVIDIA NvDLISR;C:\ProgramData\chocolatey\bin;C:\WINDOWS\system32;C:\WINDOWS;C:\WINDOWS\System32\Wbem;C:\WINDOWS\System32\WindowsPowerShell\v1.0\;C:\WINDOWS\System32\OpenSSH\;C:\Program Files\dotnet\;C:\Program Files\Git\cmd;C:\Program Files (x86)\NVIDIA Corporation\PhysX\Common;C:\Program Files\nodejs\;C:\Users\marco\Documents\Nueva carpeta\OBSCommand;C:\Users\marco\Documents\OBS COMMANDS\OBSCommand;C:\Program Files (x86)\Windows Kits\10\Windows Performance Toolkit\;C:\Program Files\Java\jdk-17\bin;C:\Program Files (x86)\WiX Toolset v3.14\bin;C:\Program Files\Gource\cmd;C:\Users\marco\.cargo\bin;C:\Users\marco\AppData\Local\Programs\Python\Python310\Scripts\;C:\Users\marco\AppData\Local\Programs\Python\Python310\;C:\Users\marco\AppData\Local\Microsoft\WindowsApps;C:\Users\marco\AppData\Local\Programs\Microsoft VS Code\bin;C:\Users\marco\.dotnet\tools;C:\xampp\php;C:\Program Files\heroku\bin;C:\Users\marco\AppData\Roaming\npm;C:\FFMPEG\files;C:\Program Files\JetBrains\WebStorm 2023.3.3\bin;;C:\yt-dlp;
USERNAME=marco
OS=Windows_NT
PROCESSOR_IDENTIFIER=Intel64 Family 6 Model 165 Stepping 2, GenuineIntel



---------------  S Y S T E M  ---------------

OS:
 Windows 10 , 64 bit Build 19041 (10.0.19041.4717)
OS uptime: 10 days 21:46 hours
Hyper-V role detected

CPU: total 12 (initial active 12) (6 cores per cpu, 2 threads per core) family 6 model 165 stepping 2 microcode 0xc8, cx8, cmov, fxsr, ht, mmx, 3dnowpref, sse, sse2, sse3, ssse3, sse4.1, sse4.2, popcnt, lzcnt, tsc, tscinvbit, avx, avx2, aes, erms, clmul, bmi1, bmi2, adx, fma, vzeroupper, clflush, clflushopt, hv

Memory: 4k page, system-wide physical 32585M (18207M free)
TotalPageFile size 37449M (AvailPageFile size 18318M)
current process WorkingSet (physical memory assigned to process): 147M, peak: 147M
current process commit charge ("private bytes"): 709M, peak: 709M

vm_info: Java HotSpot(TM) 64-Bit Server VM (17.0.7+8-LTS-224) for windows-amd64 JRE (17.0.7+8-LTS-224), built on Feb 28 2023 23:03:02 by "mach5one" with MS VC++ 17.1 (VS2022)

END.
