#
# A fatal error has been detected by the Java Runtime Environment:
#
#  EXCEPTION_ACCESS_VIOLATION (0xc0000005) at pc=0x00007ffeec8892a0, pid=5284, tid=4040
#
# JRE version: Java(TM) SE Runtime Environment (17.0.7+8) (build 17.0.7+8-LTS-224)
# Java VM: Java HotSpot(TM) 64-Bit Server VM (17.0.7+8-LTS-224, mixed mode, sharing, tiered, compressed oops, compressed class ptrs, g1 gc, windows-amd64)
# Problematic frame:
# C  [ig9icd64.dll+0x8492a0]
#
# No core dump will be written. Minidumps are not enabled by default on client versions of Windows
#
# If you would like to submit a bug report, please visit:
#   https://bugreport.java.com/bugreport/crash.jsp
# The crash happened outside the Java Virtual Machine in native code.
# See problematic frame for where to report the bug.
#

---------------  S U M M A R Y ------------

Command Line: -Dfile.encoding=windows-1252 -Duser.country=ES -Duser.language=es -Duser.variant com.restonic4.test.TestMain

Host: Intel(R) Core(TM) i7-10750H CPU @ 2.60GHz, 12 cores, 31G,  Windows 10 , 64 bit Build 19041 (10.0.19041.4842)
Time: Wed Oct  2 14:36:32 2024 Hora de verano romance elapsed time: 2.500124 seconds (0d 0h 0m 2s)

---------------  T H R E A D  ---------------

Current thread (0x000001e5669529b0):  JavaThread "Render client side" [_thread_in_native, id=4040, stack(0x0000004bf2300000,0x0000004bf2400000)]

Stack: [0x0000004bf2300000,0x0000004bf2400000],  sp=0x0000004bf23fb4d8,  free space=1005k
Native frames: (J=compiled Java code, j=interpreted, Vv=VM code, C=native code)
C  [ig9icd64.dll+0x8492a0]

Java frames: (J=compiled Java code, j=interpreted, Vv=VM code)
j  org.lwjgl.opengl.GL20C.glLinkProgram(I)V+0
j  org.lwjgl.opengl.GL20.glLinkProgram(I)V+1
j  com.restonic4.citadel.render.Shader.compile()V+201
j  com.restonic4.citadel.registries.built_in.managers.Shaders$1.compile()V+13
j  com.restonic4.citadel.core.Window.loop()V+51
j  com.restonic4.citadel.core.CitadelLauncher.lambda$startClient$1()V+21
j  com.restonic4.citadel.core.CitadelLauncher$$Lambda$63+0x0000000800c3b3e0.run()V+4
j  com.restonic4.citadel.core.ThreadManager.lambda$startThread$0(Ljava/lang/Runnable;)V+1
j  com.restonic4.citadel.core.ThreadManager$$Lambda$64+0x0000000800c3b800.run()V+4
j  java.lang.Thread.run()V+11 java.base@17.0.7
v  ~StubRoutines::call_stub

siginfo: EXCEPTION_ACCESS_VIOLATION (0xc0000005), reading address 0x0000000000000000


Register to memory mapping:

RIP=0x00007ffeec8892a0 ig9icd64.dll
RAX=0x0 is NULL
RBX=0x000001e56755bf80 points into unknown readable memory: 0x0000000000000000 | 00 00 00 00 00 00 00 00
RCX=0x0 is NULL
RDX=0x0 is NULL
RSP=0x0000004bf23fb4d8 is pointing into the stack for thread: 0x000001e5669529b0
RBP=0x000001e56723d238 points into unknown readable memory: 0x000001e567547330 | 30 73 54 67 e5 01 00 00
RSI=0x000001e56755bfb0 points into unknown readable memory: 0x0000000000000000 | 00 00 00 00 00 00 00 00
RDI=0x0 is NULL
R8 =0x000001e56723d238 points into unknown readable memory: 0x000001e567547330 | 30 73 54 67 e5 01 00 00
R9 =0x0 is NULL
R10=0x0 is NULL
R11=0x0 is NULL
R12=0x0 is NULL
R13=0x0000004bf23fb8e0 is pointing into the stack for thread: 0x000001e5669529b0
R14=0x0 is NULL
R15=0x0000000000000005 is an unknown value


Registers:
RAX=0x0000000000000000, RBX=0x000001e56755bf80, RCX=0x0000000000000000, RDX=0x0000000000000000
RSP=0x0000004bf23fb4d8, RBP=0x000001e56723d238, RSI=0x000001e56755bfb0, RDI=0x0000000000000000
R8 =0x000001e56723d238, R9 =0x0000000000000000, R10=0x0000000000000000, R11=0x0000000000000000
R12=0x0000000000000000, R13=0x0000004bf23fb8e0, R14=0x0000000000000000, R15=0x0000000000000005
RIP=0x00007ffeec8892a0, EFLAGS=0x0000000000010202

Top of Stack: (sp=0x0000004bf23fb4d8)
0x0000004bf23fb4d8:   00007ffeec8a3693 0000000000000000
0x0000004bf23fb4e8:   0000000000000070 0000000000000000
0x0000004bf23fb4f8:   0000000000000000 0000000000000070
0x0000004bf23fb508:   00007ffeec9648d3 0000000000000000
0x0000004bf23fb518:   00007ffeec8a3817 000001e56755bfb0
0x0000004bf23fb528:   000001e567209540 0000000000000000
0x0000004bf23fb538:   000001e56723d238 0000000000000000
0x0000004bf23fb548:   0000000000000000 000046eafe6ae601
0x0000004bf23fb558:   0000000000000000 0000000000000000
0x0000004bf23fb568:   00007ffeec57e3b6 0000000000000000
0x0000004bf23fb578:   0000000000000000 000001e5674ce4b0
0x0000004bf23fb588:   000001e567209530 0000000000000000
0x0000004bf23fb598:   00007ffeec71bc85 000001e567209530
0x0000004bf23fb5a8:   00007ffeec71a5a2 0000000000000101
0x0000004bf23fb5b8:   00007ffeecb59d80 000001e56723d238
0x0000004bf23fb5c8:   0000000000000000 000001e567209530 

Instructions: (pc=0x00007ffeec8892a0)
0x00007ffeec8891a0:   41 11 01 41 0f b6 d8 48 8b fa 48 8b f1 74 05 e8
0x00007ffeec8891b0:   ac f9 ff ff 84 db 75 15 8b 46 14 c1 e8 1c a8 01
0x00007ffeec8891c0:   74 0b 48 8b d7 48 8b ce e8 33 3f 01 00 48 8b 5e
0x00007ffeec8891d0:   08 48 85 db 0f 84 90 00 00 00 66 0f 1f 44 00 00
0x00007ffeec8891e0:   48 8b cb e8 c8 25 02 00 0f b6 48 10 80 e9 04 80
0x00007ffeec8891f0:   f9 0c 77 10 4c 8b c7 48 8b d6 48 8b c8 e8 fe bc
0x00007ffeec889200:   ff ff eb 59 48 83 3b 00 74 21 48 8b 4b 10 48 8b
0x00007ffeec889210:   43 08 48 83 e1 fc 48 89 01 48 8b 43 08 48 85 c0
0x00007ffeec889220:   74 09 48 83 60 10 03 48 09 48 10 48 89 3b 48 85
0x00007ffeec889230:   ff 74 2a 48 8b 47 08 48 8d 4f 08 48 89 43 08 48
0x00007ffeec889240:   8d 53 08 48 85 c0 74 09 48 83 60 10 03 48 09 50
0x00007ffeec889250:   10 48 83 63 10 03 48 09 4b 10 48 89 19 48 8b 5e
0x00007ffeec889260:   08 48 85 db 0f 85 76 ff ff ff 33 c0 80 7e 10 12
0x00007ffeec889270:   48 0f 45 f0 48 85 f6 74 0b 48 8b d7 48 8b ce e8
0x00007ffeec889280:   cc 83 01 00 48 8b 5c 24 30 48 8b 74 24 38 48 83
0x00007ffeec889290:   c4 20 5f c3 cc cc cc cc cc cc cc cc cc cc cc cc
0x00007ffeec8892a0:   48 8b 01 48 8b 00 c3 cc cc cc cc cc cc cc cc cc
0x00007ffeec8892b0:   40 53 48 83 ec 20 8b 41 14 48 8b da c1 e8 1d a8
0x00007ffeec8892c0:   01 75 1b 48 8d 05 e9 2c 36 00 48 c7 42 08 00 00
0x00007ffeec8892d0:   00 00 48 89 02 48 8b c2 48 83 c4 20 5b c3 e8 0d
0x00007ffeec8892e0:   06 00 00 48 8d 48 10 48 8b 00 48 89 43 08 48 8b
0x00007ffeec8892f0:   c3 48 89 0b 48 83 c4 20 5b c3 cc cc cc cc cc cc
0x00007ffeec889300:   48 8b 49 08 33 c0 48 85 c9 74 11 0f 1f 44 00 00
0x00007ffeec889310:   48 8b 49 08 48 ff c0 48 85 c9 75 f4 c3 cc cc cc
0x00007ffeec889320:   48 89 5c 24 18 48 89 6c 24 20 57 48 83 ec 20 44
0x00007ffeec889330:   0f b6 41 10 33 db 48 8b ea 41 80 f8 03 74 09 45
0x00007ffeec889340:   84 c0 74 04 32 c0 eb 02 b0 01 84 c0 48 89 74 24
0x00007ffeec889350:   38 48 8b f9 48 0f 44 fb 48 85 ff 0f 84 bb 00 00
0x00007ffeec889360:   00 44 0f b6 47 10 45 84 c0 75 07 33 c0 e9 44 02
0x00007ffeec889370:   00 00 8b 4f 20 bb 01 00 00 00 c1 e9 0f 83 e1 1f
0x00007ffeec889380:   d3 e3 d1 eb 0f 85 2a 02 00 00 41 80 f8 03 0f 85
0x00007ffeec889390:   20 02 00 00 48 8b 77 18 0f be 4e 08 80 f9 0f 77 


Stack slot to memory mapping:
stack at sp + 0 slots: 0x00007ffeec8a3693 ig9icd64.dll
stack at sp + 1 slots: 0x0 is NULL
stack at sp + 2 slots: 0x0000000000000070 is an unknown value
stack at sp + 3 slots: 0x0 is NULL
stack at sp + 4 slots: 0x0 is NULL
stack at sp + 5 slots: 0x0000000000000070 is an unknown value
stack at sp + 6 slots: 0x00007ffeec9648d3 ig9icd64.dll
stack at sp + 7 slots: 0x0 is NULL


---------------  P R O C E S S  ---------------

Threads class SMR info:
_java_thread_list=0x000001e5670cca30, length=14, elements={
0x000001e538533900, 0x000001e56232c2b0, 0x000001e56232cf20, 0x000001e564e79180,
0x000001e564e9aa60, 0x000001e564e9b320, 0x000001e564e9d480, 0x000001e564e9efd0,
0x000001e564eaf390, 0x000001e564eb3540, 0x000001e564ff2060, 0x000001e5650006d0,
0x000001e5669529b0, 0x000001e567113a50
}

Java Threads: ( => current thread )
  0x000001e538533900 JavaThread "main" [_thread_in_Java, id=17184, stack(0x0000004bf1000000,0x0000004bf1100000)]
  0x000001e56232c2b0 JavaThread "Reference Handler" daemon [_thread_blocked, id=5732, stack(0x0000004bf1700000,0x0000004bf1800000)]
  0x000001e56232cf20 JavaThread "Finalizer" daemon [_thread_blocked, id=11860, stack(0x0000004bf1800000,0x0000004bf1900000)]
  0x000001e564e79180 JavaThread "Signal Dispatcher" daemon [_thread_blocked, id=11280, stack(0x0000004bf1900000,0x0000004bf1a00000)]
  0x000001e564e9aa60 JavaThread "Attach Listener" daemon [_thread_blocked, id=13768, stack(0x0000004bf1a00000,0x0000004bf1b00000)]
  0x000001e564e9b320 JavaThread "Service Thread" daemon [_thread_blocked, id=6644, stack(0x0000004bf1b00000,0x0000004bf1c00000)]
  0x000001e564e9d480 JavaThread "Monitor Deflation Thread" daemon [_thread_blocked, id=21052, stack(0x0000004bf1c00000,0x0000004bf1d00000)]
  0x000001e564e9efd0 JavaThread "C2 CompilerThread0" daemon [_thread_blocked, id=5316, stack(0x0000004bf1d00000,0x0000004bf1e00000)]
  0x000001e564eaf390 JavaThread "C1 CompilerThread0" daemon [_thread_blocked, id=7296, stack(0x0000004bf1e00000,0x0000004bf1f00000)]
  0x000001e564eb3540 JavaThread "Sweeper thread" daemon [_thread_blocked, id=19872, stack(0x0000004bf1f00000,0x0000004bf2000000)]
  0x000001e564ff2060 JavaThread "Notification Thread" daemon [_thread_blocked, id=10728, stack(0x0000004bf2000000,0x0000004bf2100000)]
  0x000001e5650006d0 JavaThread "Common-Cleaner" daemon [_thread_blocked, id=9848, stack(0x0000004bf2200000,0x0000004bf2300000)]
=>0x000001e5669529b0 JavaThread "Render client side" [_thread_in_native, id=4040, stack(0x0000004bf2300000,0x0000004bf2400000)]
  0x000001e567113a50 JavaThread "C2 CompilerThread1" daemon [_thread_blocked, id=12360, stack(0x0000004bf2a00000,0x0000004bf2b00000)]

Other Threads:
  0x000001e562325fe0 VMThread "VM Thread" [stack: 0x0000004bf1600000,0x0000004bf1700000] [id=8892]
  0x000001e5385b8930 WatcherThread [stack: 0x0000004bf2100000,0x0000004bf2200000] [id=15584]
  0x000001e562180390 GCTaskThread "GC Thread#0" [stack: 0x0000004bf1100000,0x0000004bf1200000] [id=20216]
  0x000001e5385b01d0 ConcurrentGCThread "G1 Main Marker" [stack: 0x0000004bf1200000,0x0000004bf1300000] [id=9120]
  0x000001e5385b2660 ConcurrentGCThread "G1 Conc#0" [stack: 0x0000004bf1300000,0x0000004bf1400000] [id=11484]
  0x000001e5385ce000 ConcurrentGCThread "G1 Refine#0" [stack: 0x0000004bf1400000,0x0000004bf1500000] [id=21260]
  0x000001e5385ce920 ConcurrentGCThread "G1 Service" [stack: 0x0000004bf1500000,0x0000004bf1600000] [id=7864]

Threads with active compile tasks:

VM state: not at safepoint (normal execution)

VM Mutex/Monitor currently owned by a thread: None

Heap address: 0x0000000602c00000, size: 8148 MB, Compressed Oops mode: Zero based, Oop shift amount: 3

CDS archive(s) mapped at: [0x0000000800000000-0x0000000800bd0000-0x0000000800bd0000), size 12386304, SharedBaseAddress: 0x0000000800000000, ArchiveRelocationMode: 0.
Compressed class space mapped at: 0x0000000800c00000-0x0000000840c00000, reserved size: 1073741824
Narrow klass base: 0x0000000800000000, Narrow klass shift: 0, Narrow klass range: 0x100000000

GC Precious Log:
 CPUs: 12 total, 12 available
 Memory: 32585M
 Large Page Support: Disabled
 NUMA Support: Disabled
 Compressed Oops: Enabled (Zero based)
 Heap Region Size: 4M
 Heap Min Capacity: 8M
 Heap Initial Capacity: 512M
 Heap Max Capacity: 8148M
 Pre-touch: Disabled
 Parallel Workers: 10
 Concurrent Workers: 3
 Concurrent Refinement Workers: 10
 Periodic GC: Disabled

Heap:
 garbage-first heap   total 524288K, used 20480K [0x0000000602c00000, 0x0000000800000000)
  region size 4096K, 6 young (24576K), 0 survivors (0K)
 Metaspace       used 9660K, committed 9920K, reserved 1064960K
  class space    used 586K, committed 704K, reserved 1048576K

Heap Regions: E=young(eden), S=young(survivor), O=old, HS=humongous(starts), HC=humongous(continues), CS=collection set, F=free, OA=open archive, CA=closed archive, TAMS=top-at-mark-start (previous, next)
|   0|0x0000000602c00000, 0x0000000602c00000, 0x0000000603000000|  0%| F|  |TAMS 0x0000000602c00000, 0x0000000602c00000| Untracked 
|   1|0x0000000603000000, 0x0000000603000000, 0x0000000603400000|  0%| F|  |TAMS 0x0000000603000000, 0x0000000603000000| Untracked 
|   2|0x0000000603400000, 0x0000000603400000, 0x0000000603800000|  0%| F|  |TAMS 0x0000000603400000, 0x0000000603400000| Untracked 
|   3|0x0000000603800000, 0x0000000603800000, 0x0000000603c00000|  0%| F|  |TAMS 0x0000000603800000, 0x0000000603800000| Untracked 
|   4|0x0000000603c00000, 0x0000000603c00000, 0x0000000604000000|  0%| F|  |TAMS 0x0000000603c00000, 0x0000000603c00000| Untracked 
|   5|0x0000000604000000, 0x0000000604000000, 0x0000000604400000|  0%| F|  |TAMS 0x0000000604000000, 0x0000000604000000| Untracked 
|   6|0x0000000604400000, 0x0000000604400000, 0x0000000604800000|  0%| F|  |TAMS 0x0000000604400000, 0x0000000604400000| Untracked 
|   7|0x0000000604800000, 0x0000000604800000, 0x0000000604c00000|  0%| F|  |TAMS 0x0000000604800000, 0x0000000604800000| Untracked 
|   8|0x0000000604c00000, 0x0000000604c00000, 0x0000000605000000|  0%| F|  |TAMS 0x0000000604c00000, 0x0000000604c00000| Untracked 
|   9|0x0000000605000000, 0x0000000605000000, 0x0000000605400000|  0%| F|  |TAMS 0x0000000605000000, 0x0000000605000000| Untracked 
|  10|0x0000000605400000, 0x0000000605400000, 0x0000000605800000|  0%| F|  |TAMS 0x0000000605400000, 0x0000000605400000| Untracked 
|  11|0x0000000605800000, 0x0000000605800000, 0x0000000605c00000|  0%| F|  |TAMS 0x0000000605800000, 0x0000000605800000| Untracked 
|  12|0x0000000605c00000, 0x0000000605c00000, 0x0000000606000000|  0%| F|  |TAMS 0x0000000605c00000, 0x0000000605c00000| Untracked 
|  13|0x0000000606000000, 0x0000000606000000, 0x0000000606400000|  0%| F|  |TAMS 0x0000000606000000, 0x0000000606000000| Untracked 
|  14|0x0000000606400000, 0x0000000606400000, 0x0000000606800000|  0%| F|  |TAMS 0x0000000606400000, 0x0000000606400000| Untracked 
|  15|0x0000000606800000, 0x0000000606800000, 0x0000000606c00000|  0%| F|  |TAMS 0x0000000606800000, 0x0000000606800000| Untracked 
|  16|0x0000000606c00000, 0x0000000606c00000, 0x0000000607000000|  0%| F|  |TAMS 0x0000000606c00000, 0x0000000606c00000| Untracked 
|  17|0x0000000607000000, 0x0000000607000000, 0x0000000607400000|  0%| F|  |TAMS 0x0000000607000000, 0x0000000607000000| Untracked 
|  18|0x0000000607400000, 0x0000000607400000, 0x0000000607800000|  0%| F|  |TAMS 0x0000000607400000, 0x0000000607400000| Untracked 
|  19|0x0000000607800000, 0x0000000607800000, 0x0000000607c00000|  0%| F|  |TAMS 0x0000000607800000, 0x0000000607800000| Untracked 
|  20|0x0000000607c00000, 0x0000000607c00000, 0x0000000608000000|  0%| F|  |TAMS 0x0000000607c00000, 0x0000000607c00000| Untracked 
|  21|0x0000000608000000, 0x0000000608000000, 0x0000000608400000|  0%| F|  |TAMS 0x0000000608000000, 0x0000000608000000| Untracked 
|  22|0x0000000608400000, 0x0000000608400000, 0x0000000608800000|  0%| F|  |TAMS 0x0000000608400000, 0x0000000608400000| Untracked 
|  23|0x0000000608800000, 0x0000000608800000, 0x0000000608c00000|  0%| F|  |TAMS 0x0000000608800000, 0x0000000608800000| Untracked 
|  24|0x0000000608c00000, 0x0000000608c00000, 0x0000000609000000|  0%| F|  |TAMS 0x0000000608c00000, 0x0000000608c00000| Untracked 
|  25|0x0000000609000000, 0x0000000609000000, 0x0000000609400000|  0%| F|  |TAMS 0x0000000609000000, 0x0000000609000000| Untracked 
|  26|0x0000000609400000, 0x0000000609400000, 0x0000000609800000|  0%| F|  |TAMS 0x0000000609400000, 0x0000000609400000| Untracked 
|  27|0x0000000609800000, 0x0000000609800000, 0x0000000609c00000|  0%| F|  |TAMS 0x0000000609800000, 0x0000000609800000| Untracked 
|  28|0x0000000609c00000, 0x0000000609c00000, 0x000000060a000000|  0%| F|  |TAMS 0x0000000609c00000, 0x0000000609c00000| Untracked 
|  29|0x000000060a000000, 0x000000060a000000, 0x000000060a400000|  0%| F|  |TAMS 0x000000060a000000, 0x000000060a000000| Untracked 
|  30|0x000000060a400000, 0x000000060a400000, 0x000000060a800000|  0%| F|  |TAMS 0x000000060a400000, 0x000000060a400000| Untracked 
|  31|0x000000060a800000, 0x000000060a800000, 0x000000060ac00000|  0%| F|  |TAMS 0x000000060a800000, 0x000000060a800000| Untracked 
|  32|0x000000060ac00000, 0x000000060ac00000, 0x000000060b000000|  0%| F|  |TAMS 0x000000060ac00000, 0x000000060ac00000| Untracked 
|  33|0x000000060b000000, 0x000000060b000000, 0x000000060b400000|  0%| F|  |TAMS 0x000000060b000000, 0x000000060b000000| Untracked 
|  34|0x000000060b400000, 0x000000060b400000, 0x000000060b800000|  0%| F|  |TAMS 0x000000060b400000, 0x000000060b400000| Untracked 
|  35|0x000000060b800000, 0x000000060b800000, 0x000000060bc00000|  0%| F|  |TAMS 0x000000060b800000, 0x000000060b800000| Untracked 
|  36|0x000000060bc00000, 0x000000060bc00000, 0x000000060c000000|  0%| F|  |TAMS 0x000000060bc00000, 0x000000060bc00000| Untracked 
|  37|0x000000060c000000, 0x000000060c000000, 0x000000060c400000|  0%| F|  |TAMS 0x000000060c000000, 0x000000060c000000| Untracked 
|  38|0x000000060c400000, 0x000000060c400000, 0x000000060c800000|  0%| F|  |TAMS 0x000000060c400000, 0x000000060c400000| Untracked 
|  39|0x000000060c800000, 0x000000060c800000, 0x000000060cc00000|  0%| F|  |TAMS 0x000000060c800000, 0x000000060c800000| Untracked 
|  40|0x000000060cc00000, 0x000000060cc00000, 0x000000060d000000|  0%| F|  |TAMS 0x000000060cc00000, 0x000000060cc00000| Untracked 
|  41|0x000000060d000000, 0x000000060d000000, 0x000000060d400000|  0%| F|  |TAMS 0x000000060d000000, 0x000000060d000000| Untracked 
|  42|0x000000060d400000, 0x000000060d400000, 0x000000060d800000|  0%| F|  |TAMS 0x000000060d400000, 0x000000060d400000| Untracked 
|  43|0x000000060d800000, 0x000000060d800000, 0x000000060dc00000|  0%| F|  |TAMS 0x000000060d800000, 0x000000060d800000| Untracked 
|  44|0x000000060dc00000, 0x000000060dc00000, 0x000000060e000000|  0%| F|  |TAMS 0x000000060dc00000, 0x000000060dc00000| Untracked 
|  45|0x000000060e000000, 0x000000060e000000, 0x000000060e400000|  0%| F|  |TAMS 0x000000060e000000, 0x000000060e000000| Untracked 
|  46|0x000000060e400000, 0x000000060e400000, 0x000000060e800000|  0%| F|  |TAMS 0x000000060e400000, 0x000000060e400000| Untracked 
|  47|0x000000060e800000, 0x000000060e800000, 0x000000060ec00000|  0%| F|  |TAMS 0x000000060e800000, 0x000000060e800000| Untracked 
|  48|0x000000060ec00000, 0x000000060ec00000, 0x000000060f000000|  0%| F|  |TAMS 0x000000060ec00000, 0x000000060ec00000| Untracked 
|  49|0x000000060f000000, 0x000000060f000000, 0x000000060f400000|  0%| F|  |TAMS 0x000000060f000000, 0x000000060f000000| Untracked 
|  50|0x000000060f400000, 0x000000060f400000, 0x000000060f800000|  0%| F|  |TAMS 0x000000060f400000, 0x000000060f400000| Untracked 
|  51|0x000000060f800000, 0x000000060f800000, 0x000000060fc00000|  0%| F|  |TAMS 0x000000060f800000, 0x000000060f800000| Untracked 
|  52|0x000000060fc00000, 0x000000060fc00000, 0x0000000610000000|  0%| F|  |TAMS 0x000000060fc00000, 0x000000060fc00000| Untracked 
|  53|0x0000000610000000, 0x0000000610000000, 0x0000000610400000|  0%| F|  |TAMS 0x0000000610000000, 0x0000000610000000| Untracked 
|  54|0x0000000610400000, 0x0000000610400000, 0x0000000610800000|  0%| F|  |TAMS 0x0000000610400000, 0x0000000610400000| Untracked 
|  55|0x0000000610800000, 0x0000000610800000, 0x0000000610c00000|  0%| F|  |TAMS 0x0000000610800000, 0x0000000610800000| Untracked 
|  56|0x0000000610c00000, 0x0000000610c00000, 0x0000000611000000|  0%| F|  |TAMS 0x0000000610c00000, 0x0000000610c00000| Untracked 
|  57|0x0000000611000000, 0x0000000611000000, 0x0000000611400000|  0%| F|  |TAMS 0x0000000611000000, 0x0000000611000000| Untracked 
|  58|0x0000000611400000, 0x0000000611400000, 0x0000000611800000|  0%| F|  |TAMS 0x0000000611400000, 0x0000000611400000| Untracked 
|  59|0x0000000611800000, 0x0000000611800000, 0x0000000611c00000|  0%| F|  |TAMS 0x0000000611800000, 0x0000000611800000| Untracked 
|  60|0x0000000611c00000, 0x0000000611c00000, 0x0000000612000000|  0%| F|  |TAMS 0x0000000611c00000, 0x0000000611c00000| Untracked 
|  61|0x0000000612000000, 0x0000000612000000, 0x0000000612400000|  0%| F|  |TAMS 0x0000000612000000, 0x0000000612000000| Untracked 
|  62|0x0000000612400000, 0x0000000612400000, 0x0000000612800000|  0%| F|  |TAMS 0x0000000612400000, 0x0000000612400000| Untracked 
|  63|0x0000000612800000, 0x0000000612800000, 0x0000000612c00000|  0%| F|  |TAMS 0x0000000612800000, 0x0000000612800000| Untracked 
|  64|0x0000000612c00000, 0x0000000612c00000, 0x0000000613000000|  0%| F|  |TAMS 0x0000000612c00000, 0x0000000612c00000| Untracked 
|  65|0x0000000613000000, 0x0000000613000000, 0x0000000613400000|  0%| F|  |TAMS 0x0000000613000000, 0x0000000613000000| Untracked 
|  66|0x0000000613400000, 0x0000000613400000, 0x0000000613800000|  0%| F|  |TAMS 0x0000000613400000, 0x0000000613400000| Untracked 
|  67|0x0000000613800000, 0x0000000613800000, 0x0000000613c00000|  0%| F|  |TAMS 0x0000000613800000, 0x0000000613800000| Untracked 
|  68|0x0000000613c00000, 0x0000000613c00000, 0x0000000614000000|  0%| F|  |TAMS 0x0000000613c00000, 0x0000000613c00000| Untracked 
|  69|0x0000000614000000, 0x0000000614000000, 0x0000000614400000|  0%| F|  |TAMS 0x0000000614000000, 0x0000000614000000| Untracked 
|  70|0x0000000614400000, 0x0000000614400000, 0x0000000614800000|  0%| F|  |TAMS 0x0000000614400000, 0x0000000614400000| Untracked 
|  71|0x0000000614800000, 0x0000000614800000, 0x0000000614c00000|  0%| F|  |TAMS 0x0000000614800000, 0x0000000614800000| Untracked 
|  72|0x0000000614c00000, 0x0000000614c00000, 0x0000000615000000|  0%| F|  |TAMS 0x0000000614c00000, 0x0000000614c00000| Untracked 
|  73|0x0000000615000000, 0x0000000615000000, 0x0000000615400000|  0%| F|  |TAMS 0x0000000615000000, 0x0000000615000000| Untracked 
|  74|0x0000000615400000, 0x0000000615400000, 0x0000000615800000|  0%| F|  |TAMS 0x0000000615400000, 0x0000000615400000| Untracked 
|  75|0x0000000615800000, 0x0000000615800000, 0x0000000615c00000|  0%| F|  |TAMS 0x0000000615800000, 0x0000000615800000| Untracked 
|  76|0x0000000615c00000, 0x0000000615c00000, 0x0000000616000000|  0%| F|  |TAMS 0x0000000615c00000, 0x0000000615c00000| Untracked 
|  77|0x0000000616000000, 0x0000000616000000, 0x0000000616400000|  0%| F|  |TAMS 0x0000000616000000, 0x0000000616000000| Untracked 
|  78|0x0000000616400000, 0x0000000616400000, 0x0000000616800000|  0%| F|  |TAMS 0x0000000616400000, 0x0000000616400000| Untracked 
|  79|0x0000000616800000, 0x0000000616800000, 0x0000000616c00000|  0%| F|  |TAMS 0x0000000616800000, 0x0000000616800000| Untracked 
|  80|0x0000000616c00000, 0x0000000616c00000, 0x0000000617000000|  0%| F|  |TAMS 0x0000000616c00000, 0x0000000616c00000| Untracked 
|  81|0x0000000617000000, 0x0000000617000000, 0x0000000617400000|  0%| F|  |TAMS 0x0000000617000000, 0x0000000617000000| Untracked 
|  82|0x0000000617400000, 0x0000000617400000, 0x0000000617800000|  0%| F|  |TAMS 0x0000000617400000, 0x0000000617400000| Untracked 
|  83|0x0000000617800000, 0x0000000617800000, 0x0000000617c00000|  0%| F|  |TAMS 0x0000000617800000, 0x0000000617800000| Untracked 
|  84|0x0000000617c00000, 0x0000000617c00000, 0x0000000618000000|  0%| F|  |TAMS 0x0000000617c00000, 0x0000000617c00000| Untracked 
|  85|0x0000000618000000, 0x0000000618000000, 0x0000000618400000|  0%| F|  |TAMS 0x0000000618000000, 0x0000000618000000| Untracked 
|  86|0x0000000618400000, 0x0000000618400000, 0x0000000618800000|  0%| F|  |TAMS 0x0000000618400000, 0x0000000618400000| Untracked 
|  87|0x0000000618800000, 0x0000000618800000, 0x0000000618c00000|  0%| F|  |TAMS 0x0000000618800000, 0x0000000618800000| Untracked 
|  88|0x0000000618c00000, 0x0000000618c00000, 0x0000000619000000|  0%| F|  |TAMS 0x0000000618c00000, 0x0000000618c00000| Untracked 
|  89|0x0000000619000000, 0x0000000619000000, 0x0000000619400000|  0%| F|  |TAMS 0x0000000619000000, 0x0000000619000000| Untracked 
|  90|0x0000000619400000, 0x0000000619400000, 0x0000000619800000|  0%| F|  |TAMS 0x0000000619400000, 0x0000000619400000| Untracked 
|  91|0x0000000619800000, 0x0000000619800000, 0x0000000619c00000|  0%| F|  |TAMS 0x0000000619800000, 0x0000000619800000| Untracked 
|  92|0x0000000619c00000, 0x0000000619c00000, 0x000000061a000000|  0%| F|  |TAMS 0x0000000619c00000, 0x0000000619c00000| Untracked 
|  93|0x000000061a000000, 0x000000061a000000, 0x000000061a400000|  0%| F|  |TAMS 0x000000061a000000, 0x000000061a000000| Untracked 
|  94|0x000000061a400000, 0x000000061a400000, 0x000000061a800000|  0%| F|  |TAMS 0x000000061a400000, 0x000000061a400000| Untracked 
|  95|0x000000061a800000, 0x000000061a800000, 0x000000061ac00000|  0%| F|  |TAMS 0x000000061a800000, 0x000000061a800000| Untracked 
|  96|0x000000061ac00000, 0x000000061ac00000, 0x000000061b000000|  0%| F|  |TAMS 0x000000061ac00000, 0x000000061ac00000| Untracked 
|  97|0x000000061b000000, 0x000000061b000000, 0x000000061b400000|  0%| F|  |TAMS 0x000000061b000000, 0x000000061b000000| Untracked 
|  98|0x000000061b400000, 0x000000061b400000, 0x000000061b800000|  0%| F|  |TAMS 0x000000061b400000, 0x000000061b400000| Untracked 
|  99|0x000000061b800000, 0x000000061b800000, 0x000000061bc00000|  0%| F|  |TAMS 0x000000061b800000, 0x000000061b800000| Untracked 
| 100|0x000000061bc00000, 0x000000061bc00000, 0x000000061c000000|  0%| F|  |TAMS 0x000000061bc00000, 0x000000061bc00000| Untracked 
| 101|0x000000061c000000, 0x000000061c000000, 0x000000061c400000|  0%| F|  |TAMS 0x000000061c000000, 0x000000061c000000| Untracked 
| 102|0x000000061c400000, 0x000000061c400000, 0x000000061c800000|  0%| F|  |TAMS 0x000000061c400000, 0x000000061c400000| Untracked 
| 103|0x000000061c800000, 0x000000061c800000, 0x000000061cc00000|  0%| F|  |TAMS 0x000000061c800000, 0x000000061c800000| Untracked 
| 104|0x000000061cc00000, 0x000000061cc00000, 0x000000061d000000|  0%| F|  |TAMS 0x000000061cc00000, 0x000000061cc00000| Untracked 
| 105|0x000000061d000000, 0x000000061d000000, 0x000000061d400000|  0%| F|  |TAMS 0x000000061d000000, 0x000000061d000000| Untracked 
| 106|0x000000061d400000, 0x000000061d400000, 0x000000061d800000|  0%| F|  |TAMS 0x000000061d400000, 0x000000061d400000| Untracked 
| 107|0x000000061d800000, 0x000000061d800000, 0x000000061dc00000|  0%| F|  |TAMS 0x000000061d800000, 0x000000061d800000| Untracked 
| 108|0x000000061dc00000, 0x000000061dc00000, 0x000000061e000000|  0%| F|  |TAMS 0x000000061dc00000, 0x000000061dc00000| Untracked 
| 109|0x000000061e000000, 0x000000061e000000, 0x000000061e400000|  0%| F|  |TAMS 0x000000061e000000, 0x000000061e000000| Untracked 
| 110|0x000000061e400000, 0x000000061e400000, 0x000000061e800000|  0%| F|  |TAMS 0x000000061e400000, 0x000000061e400000| Untracked 
| 111|0x000000061e800000, 0x000000061e800000, 0x000000061ec00000|  0%| F|  |TAMS 0x000000061e800000, 0x000000061e800000| Untracked 
| 112|0x000000061ec00000, 0x000000061ec00000, 0x000000061f000000|  0%| F|  |TAMS 0x000000061ec00000, 0x000000061ec00000| Untracked 
| 113|0x000000061f000000, 0x000000061f000000, 0x000000061f400000|  0%| F|  |TAMS 0x000000061f000000, 0x000000061f000000| Untracked 
| 114|0x000000061f400000, 0x000000061f400000, 0x000000061f800000|  0%| F|  |TAMS 0x000000061f400000, 0x000000061f400000| Untracked 
| 115|0x000000061f800000, 0x000000061f800000, 0x000000061fc00000|  0%| F|  |TAMS 0x000000061f800000, 0x000000061f800000| Untracked 
| 116|0x000000061fc00000, 0x000000061fc00000, 0x0000000620000000|  0%| F|  |TAMS 0x000000061fc00000, 0x000000061fc00000| Untracked 
| 117|0x0000000620000000, 0x0000000620000000, 0x0000000620400000|  0%| F|  |TAMS 0x0000000620000000, 0x0000000620000000| Untracked 
| 118|0x0000000620400000, 0x0000000620400000, 0x0000000620800000|  0%| F|  |TAMS 0x0000000620400000, 0x0000000620400000| Untracked 
| 119|0x0000000620800000, 0x0000000620800000, 0x0000000620c00000|  0%| F|  |TAMS 0x0000000620800000, 0x0000000620800000| Untracked 
| 120|0x0000000620c00000, 0x0000000620c00000, 0x0000000621000000|  0%| F|  |TAMS 0x0000000620c00000, 0x0000000620c00000| Untracked 
| 121|0x0000000621000000, 0x0000000621000000, 0x0000000621400000|  0%| F|  |TAMS 0x0000000621000000, 0x0000000621000000| Untracked 
| 122|0x0000000621400000, 0x0000000621734dd8, 0x0000000621800000| 80%| E|  |TAMS 0x0000000621400000, 0x0000000621400000| Complete 
| 123|0x0000000621800000, 0x0000000621c00000, 0x0000000621c00000|100%| E|CS|TAMS 0x0000000621800000, 0x0000000621800000| Complete 
| 124|0x0000000621c00000, 0x0000000622000000, 0x0000000622000000|100%| E|CS|TAMS 0x0000000621c00000, 0x0000000621c00000| Complete 
| 125|0x0000000622000000, 0x0000000622400000, 0x0000000622400000|100%| E|CS|TAMS 0x0000000622000000, 0x0000000622000000| Complete 
| 126|0x0000000622400000, 0x0000000622800000, 0x0000000622800000|100%| E|CS|TAMS 0x0000000622400000, 0x0000000622400000| Complete 
| 127|0x0000000622800000, 0x0000000622c00000, 0x0000000622c00000|100%| E|CS|TAMS 0x0000000622800000, 0x0000000622800000| Complete 

Card table byte_map: [0x000001e5502c0000,0x000001e5512b0000] _byte_map_base: 0x000001e54d2aa000

Marking Bits (Prev, Next): (CMBitMap*) 0x000001e5621808a0, (CMBitMap*) 0x000001e5621808e0
 Prev Bits: [0x000001e5522a0000, 0x000001e55a1f0000)
 Next Bits: [0x000001e55a1f0000, 0x000001e562140000)

Polling page: 0x000001e5364d0000

Metaspace:

Usage:
  Non-class:      8.86 MB used.
      Class:    586.82 KB used.
       Both:      9.43 MB used.

Virtual space:
  Non-class space:       16.00 MB reserved,       9.00 MB ( 56%) committed,  2 nodes.
      Class space:        1.00 GB reserved,     704.00 KB ( <1%) committed,  1 nodes.
             Both:        1.02 GB reserved,       9.69 MB ( <1%) committed. 

Chunk freelists:
   Non-Class:  1.44 MB
       Class:  3.29 MB
        Both:  4.73 MB

MaxMetaspaceSize: unlimited
CompressedClassSpaceSize: 1.00 GB
Initial GC threshold: 21.00 MB
Current GC threshold: 21.00 MB
CDS: on
MetaspaceReclaimPolicy: balanced
 - commit_granule_bytes: 65536.
 - commit_granule_words: 8192.
 - virtual_space_node_default_size: 1048576.
 - enlarge_chunks_in_place: 1.
 - new_chunks_are_fully_committed: 0.
 - uncommit_free_chunks: 1.
 - use_allocation_guard: 0.
 - handle_deallocations: 1.


Internal statistics:

num_allocs_failed_limit: 0.
num_arena_births: 242.
num_arena_deaths: 0.
num_vsnodes_births: 3.
num_vsnodes_deaths: 0.
num_space_committed: 153.
num_space_uncommitted: 0.
num_chunks_returned_to_freelist: 0.
num_chunks_taken_from_freelist: 541.
num_chunk_merges: 0.
num_chunk_splits: 383.
num_chunks_enlarged: 267.
num_purges: 0.
num_inconsistent_stats: 0.

CodeHeap 'non-profiled nmethods': size=120000Kb used=427Kb max_used=427Kb free=119572Kb
 bounds [0x000001e547850000, 0x000001e547ac0000, 0x000001e54ed80000]
CodeHeap 'profiled nmethods': size=120000Kb used=2389Kb max_used=2389Kb free=117611Kb
 bounds [0x000001e53fd80000, 0x000001e53fff0000, 0x000001e5472b0000]
CodeHeap 'non-nmethods': size=5760Kb used=1923Kb max_used=1943Kb free=3836Kb
 bounds [0x000001e5472b0000, 0x000001e547520000, 0x000001e547850000]
 total_blobs=2807 nmethods=1352 adapters=1368
 compilation: enabled
              stopped_count=0, restarted_count=0
 full_count=0

Compilation events (20 events):
Event: 2.481 Thread 0x000001e564eaf390 1343       1       com.restonic4.citadel.world.object.Transform::getPosition (5 bytes)
Event: 2.481 Thread 0x000001e564eaf390 nmethod 1343 0x000001e5478ba290 code [0x000001e5478ba420, 0x000001e5478ba4f8]
Event: 2.481 Thread 0x000001e564eaf390 1344       1       com.restonic4.citadel.world.object.Transform::getScale (5 bytes)
Event: 2.481 Thread 0x000001e564eaf390 nmethod 1344 0x000001e5478ba590 code [0x000001e5478ba720, 0x000001e5478ba7f8]
Event: 2.481 Thread 0x000001e564eaf390 1345       1       com.restonic4.citadel.world.object.Material::getReflectance (5 bytes)
Event: 2.481 Thread 0x000001e564eaf390 nmethod 1345 0x000001e5478ba890 code [0x000001e5478baa20, 0x000001e5478baaf8]
Event: 2.481 Thread 0x000001e564eaf390 1346       1       com.restonic4.citadel.world.object.Material::getShineDamper (5 bytes)
Event: 2.481 Thread 0x000001e564eaf390 nmethod 1346 0x000001e5478bab90 code [0x000001e5478bad20, 0x000001e5478badf8]
Event: 2.481 Thread 0x000001e564eaf390 1347   !   3       java.util.zip.ZipFile$CleanableResource::getInflater (47 bytes)
Event: 2.482 Thread 0x000001e564eaf390 nmethod 1347 0x000001e53ffd2b10 code [0x000001e53ffd2ce0, 0x000001e53ffd31f8]
Event: 2.482 Thread 0x000001e564eaf390 1348       3       java.util.ArrayDeque::poll (5 bytes)
Event: 2.482 Thread 0x000001e564eaf390 nmethod 1348 0x000001e53ffd3390 code [0x000001e53ffd3540, 0x000001e53ffd3688]
Event: 2.482 Thread 0x000001e564eaf390 1349       3       java.util.zip.ZipFile$ZipFileInflaterInputStream::<init> (41 bytes)
Event: 2.482 Thread 0x000001e564eaf390 nmethod 1349 0x000001e53ffd3710 code [0x000001e53ffd38e0, 0x000001e53ffd3db8]
Event: 2.482 Thread 0x000001e564eaf390 1350       3       java.util.zip.InflaterInputStream::<init> (79 bytes)
Event: 2.482 Thread 0x000001e564eaf390 nmethod 1350 0x000001e53ffd3f90 code [0x000001e53ffd4180, 0x000001e53ffd49d8]
Event: 2.482 Thread 0x000001e564eaf390 1351       3       java.util.zip.ZipFile$InflaterCleanupAction::<init> (15 bytes)
Event: 2.482 Thread 0x000001e564eaf390 nmethod 1351 0x000001e53ffd4b90 code [0x000001e53ffd4d40, 0x000001e53ffd4f78]
Event: 2.490 Thread 0x000001e564eaf390 1352       3       java.util.concurrent.ConcurrentHashMap::isEmpty (15 bytes)
Event: 2.490 Thread 0x000001e564eaf390 nmethod 1352 0x000001e53ffd5010 code [0x000001e53ffd51c0, 0x000001e53ffd5368]

GC Heap History (0 events):
No events

Deoptimization events (20 events):
Event: 2.446 Thread 0x000001e5669529b0 Uncommon trap: trap_request=0xffffff45 fr.pc=0x000001e54788b410 relative=0x0000000000000550
Event: 2.446 Thread 0x000001e5669529b0 Uncommon trap: reason=unstable_if action=reinterpret pc=0x000001e54788b410 method=java.lang.AbstractStringBuilder.putStringAt(ILjava/lang/String;II)V @ 8 c2
Event: 2.446 Thread 0x000001e5669529b0 DEOPT PACKING pc=0x000001e54788b410 sp=0x0000004bf23ff090
Event: 2.446 Thread 0x000001e5669529b0 DEOPT UNPACKING pc=0x000001e5473023a3 sp=0x0000004bf23fef80 mode 2
Event: 2.446 Thread 0x000001e5669529b0 Uncommon trap: trap_request=0xffffff45 fr.pc=0x000001e54789fd20 relative=0x0000000000000400
Event: 2.446 Thread 0x000001e5669529b0 Uncommon trap: reason=unstable_if action=reinterpret pc=0x000001e54789fd20 method=java.lang.AbstractStringBuilder.isLatin1()Z @ 10 c2
Event: 2.446 Thread 0x000001e5669529b0 DEOPT PACKING pc=0x000001e54789fd20 sp=0x0000004bf23ff110
Event: 2.446 Thread 0x000001e5669529b0 DEOPT UNPACKING pc=0x000001e5473023a3 sp=0x0000004bf23ff090 mode 2
Event: 2.446 Thread 0x000001e5669529b0 Uncommon trap: trap_request=0xffffff76 fr.pc=0x000001e54788bd30 relative=0x00000000000001f0
Event: 2.446 Thread 0x000001e5669529b0 Uncommon trap: reason=predicate action=maybe_recompile pc=0x000001e54788bd30 method=java.util.regex.Pattern$Slice.match(Ljava/util/regex/Matcher;ILjava/lang/CharSequence;)Z @ 18 c2
Event: 2.446 Thread 0x000001e5669529b0 DEOPT PACKING pc=0x000001e54788bd30 sp=0x0000004bf23fedd0
Event: 2.446 Thread 0x000001e5669529b0 DEOPT UNPACKING pc=0x000001e5473023a3 sp=0x0000004bf23fed90 mode 2
Event: 2.458 Thread 0x000001e5669529b0 Uncommon trap: trap_request=0xffffff45 fr.pc=0x000001e547874b60 relative=0x0000000000000140
Event: 2.458 Thread 0x000001e5669529b0 Uncommon trap: reason=unstable_if action=reinterpret pc=0x000001e547874b60 method=java.lang.AbstractStringBuilder.putStringAt(ILjava/lang/String;II)V @ 8 c2
Event: 2.458 Thread 0x000001e5669529b0 DEOPT PACKING pc=0x000001e547874b60 sp=0x0000004bf23ff050
Event: 2.458 Thread 0x000001e5669529b0 DEOPT UNPACKING pc=0x000001e5473023a3 sp=0x0000004bf23fef80 mode 2
Event: 2.458 Thread 0x000001e5669529b0 Uncommon trap: trap_request=0xffffff45 fr.pc=0x000001e547875680 relative=0x0000000000000160
Event: 2.458 Thread 0x000001e5669529b0 Uncommon trap: reason=unstable_if action=reinterpret pc=0x000001e547875680 method=java.lang.AbstractStringBuilder.putStringAt(ILjava/lang/String;II)V @ 8 c2
Event: 2.458 Thread 0x000001e5669529b0 DEOPT PACKING pc=0x000001e547875680 sp=0x0000004bf23fefb0
Event: 2.458 Thread 0x000001e5669529b0 DEOPT UNPACKING pc=0x000001e5473023a3 sp=0x0000004bf23fef78 mode 2

Classes unloaded (0 events):
No events

Classes redefined (0 events):
No events

Internal exceptions (20 events):
Event: 1.448 Thread 0x000001e538533900 Exception <a 'java/lang/NoSuchMethodError'{0x00000006220d6b78}: 'void java.lang.invoke.DirectMethodHandle$Holder.invokeStaticInit(java.lang.Object, java.lang.Object, java.lang.Object, int)'> (0x00000006220d6b78) 
thrown [s\open\src\hotspot\share\interpreter\linkResolver.cpp, line 759]
Event: 1.486 Thread 0x000001e538533900 Exception <a 'sun/nio/fs/WindowsException'{0x0000000622210b10}> (0x0000000622210b10) 
thrown [s\open\src\hotspot\share\prims\jni.cpp, line 516]
Event: 1.486 Thread 0x000001e538533900 Exception <a 'sun/nio/fs/WindowsException'{0x0000000622210e90}> (0x0000000622210e90) 
thrown [s\open\src\hotspot\share\prims\jni.cpp, line 516]
Event: 1.521 Thread 0x000001e538533900 Exception <a 'sun/nio/fs/WindowsException'{0x000000062235d328}> (0x000000062235d328) 
thrown [s\open\src\hotspot\share\prims\jni.cpp, line 516]
Event: 1.733 Thread 0x000001e538533900 Exception <a 'java/lang/NoSuchMethodError'{0x0000000621cdbe98}: 'void java.lang.invoke.DirectMethodHandle$Holder.invokeStatic(java.lang.Object, long)'> (0x0000000621cdbe98) 
thrown [s\open\src\hotspot\share\interpreter\linkResolver.cpp, line 759]
Event: 1.734 Thread 0x000001e538533900 Exception <a 'java/lang/NoSuchMethodError'{0x0000000621ce5070}: 'java.lang.Object java.lang.invoke.DirectMethodHandle$Holder.invokeStatic(java.lang.Object, java.lang.Object, long, java.lang.Object)'> (0x0000000621ce5070) 
thrown [s\open\src\hotspot\share\interpreter\linkResolver.cpp, line 759]
Event: 1.734 Thread 0x000001e538533900 Exception <a 'java/lang/NoSuchMethodError'{0x0000000621ce8860}: 'java.lang.Object java.lang.invoke.DirectMethodHandle$Holder.invokeStaticInit(java.lang.Object, java.lang.Object, long, java.lang.Object)'> (0x0000000621ce8860) 
thrown [s\open\src\hotspot\share\interpreter\linkResolver.cpp, line 759]
Event: 1.894 Thread 0x000001e5669529b0 Exception <a 'sun/nio/fs/WindowsException'{0x0000000621de1e70}> (0x0000000621de1e70) 
thrown [s\open\src\hotspot\share\prims\jni.cpp, line 516]
Event: 1.894 Thread 0x000001e5669529b0 Exception <a 'sun/nio/fs/WindowsException'{0x0000000621de21d0}> (0x0000000621de21d0) 
thrown [s\open\src\hotspot\share\prims\jni.cpp, line 516]
Event: 2.160 Thread 0x000001e5669529b0 Exception <a 'java/lang/NoSuchMethodError'{0x0000000621f17670}: 'java.lang.Object java.lang.invoke.DirectMethodHandle$Holder.invokeStaticInit(java.lang.Object, java.lang.Object, java.lang.Object, int, int)'> (0x0000000621f17670) 
thrown [s\open\src\hotspot\share\interpreter\linkResolver.cpp, line 759]
Event: 2.161 Thread 0x000001e5669529b0 Exception <a 'java/lang/NoSuchMethodError'{0x0000000621f23058}: 'java.lang.Object java.lang.invoke.DirectMethodHandle$Holder.invokeStaticInit(java.lang.Object, java.lang.Object, java.lang.Object, java.lang.Object, java.lang.Object)'> (0x0000000621f23058) 
thrown [s\open\src\hotspot\share\interpreter\linkResolver.cpp, line 759]
Event: 2.166 Thread 0x000001e5669529b0 Exception <a 'java/lang/NoSuchMethodError'{0x0000000621f54150}: 'void java.lang.invoke.DirectMethodHandle$Holder.invokeStaticInit(java.lang.Object, long, double, double)'> (0x0000000621f54150) 
thrown [s\open\src\hotspot\share\interpreter\linkResolver.cpp, line 759]
Event: 2.167 Thread 0x000001e5669529b0 Exception <a 'java/lang/NoSuchMethodError'{0x0000000621f5ed20}: 'void java.lang.invoke.DirectMethodHandle$Holder.invokeStaticInit(java.lang.Object, long, int, int, int)'> (0x0000000621f5ed20) 
thrown [s\open\src\hotspot\share\interpreter\linkResolver.cpp, line 759]
Event: 2.169 Thread 0x000001e5669529b0 Exception <a 'java/lang/NoSuchMethodError'{0x0000000621f6f560}: 'void java.lang.invoke.DirectMethodHandle$Holder.invokeStaticInit(java.lang.Object, long, int, int, int, int)'> (0x0000000621f6f560) 
thrown [s\open\src\hotspot\share\interpreter\linkResolver.cpp, line 759]
Event: 2.201 Thread 0x000001e5669529b0 Exception <a 'sun/nio/fs/WindowsException'{0x0000000621fa0850}> (0x0000000621fa0850) 
thrown [s\open\src\hotspot\share\prims\jni.cpp, line 516]
Event: 2.201 Thread 0x000001e5669529b0 Exception <a 'sun/nio/fs/WindowsException'{0x0000000621fa0bf0}> (0x0000000621fa0bf0) 
thrown [s\open\src\hotspot\share\prims\jni.cpp, line 516]
Event: 2.208 Thread 0x000001e5669529b0 Exception <a 'sun/nio/fs/WindowsException'{0x0000000621fad018}> (0x0000000621fad018) 
thrown [s\open\src\hotspot\share\prims\jni.cpp, line 516]
Event: 2.208 Thread 0x000001e5669529b0 Exception <a 'sun/nio/fs/WindowsException'{0x0000000621fad2e8}> (0x0000000621fad2e8) 
thrown [s\open\src\hotspot\share\prims\jni.cpp, line 516]
Event: 2.259 Thread 0x000001e5669529b0 Exception <a 'java/lang/NoSuchMethodError'{0x0000000621915de8}: 'void java.lang.invoke.DirectMethodHandle$Holder.invokeVirtual(java.lang.Object, java.lang.Object, long, int)'> (0x0000000621915de8) 
thrown [s\open\src\hotspot\share\interpreter\linkResolver.cpp, line 759]
Event: 2.451 Thread 0x000001e5669529b0 Exception <a 'java/lang/NoSuchMethodError'{0x0000000621614690}: 'java.lang.Object java.lang.invoke.DirectMethodHandle$Holder.invokeSpecial(java.lang.Object, java.lang.Object, int, java.lang.Object, java.lang.Object)'> (0x0000000621614690) 
thrown [s\open\src\hotspot\share\interpreter\linkResolver.cpp, line 759]

VM Operations (10 events):
Event: 0.108 Executing VM operation: HandshakeAllThreads
Event: 0.108 Executing VM operation: HandshakeAllThreads done
Event: 0.178 Executing VM operation: HandshakeAllThreads
Event: 0.178 Executing VM operation: HandshakeAllThreads done
Event: 0.224 Executing VM operation: HandshakeAllThreads
Event: 0.224 Executing VM operation: HandshakeAllThreads done
Event: 1.231 Executing VM operation: Cleanup
Event: 1.231 Executing VM operation: Cleanup done
Event: 1.726 Executing VM operation: HandshakeAllThreads
Event: 1.726 Executing VM operation: HandshakeAllThreads done

Events (20 events):
Event: 2.456 loading class java/util/stream/Nodes$EmptyNode$OfInt done
Event: 2.456 loading class java/util/stream/Nodes$EmptyNode$OfLong
Event: 2.456 loading class java/util/stream/Node$OfLong
Event: 2.456 loading class java/util/stream/Node$OfLong done
Event: 2.456 loading class java/util/stream/Nodes$EmptyNode$OfLong done
Event: 2.456 loading class java/util/stream/Nodes$EmptyNode$OfDouble
Event: 2.456 loading class java/util/stream/Node$OfDouble
Event: 2.456 loading class java/util/stream/Node$OfDouble done
Event: 2.456 loading class java/util/stream/Nodes$EmptyNode$OfDouble done
Event: 2.456 loading class java/util/stream/Nodes$IntFixedNodeBuilder
Event: 2.456 loading class java/util/stream/Node$Builder$OfInt
Event: 2.456 loading class java/util/stream/Node$Builder
Event: 2.456 loading class java/util/stream/Node$Builder done
Event: 2.456 loading class java/util/stream/Node$Builder$OfInt done
Event: 2.456 loading class java/util/stream/Nodes$IntArrayNode
Event: 2.456 loading class java/util/stream/Nodes$IntArrayNode done
Event: 2.456 loading class java/util/stream/Nodes$IntFixedNodeBuilder done
Event: 2.456 loading class java/util/stream/ReferencePipeline$4$1
Event: 2.456 loading class java/util/stream/ReferencePipeline$4$1 done
Event: 2.465 Thread 0x000001e567113a50 Thread added: 0x000001e567113a50


Dynamic libraries:
0x00007ff678360000 - 0x00007ff678370000 	C:\Program Files\Java\jdk-17\bin\java.exe
0x00007fff8d310000 - 0x00007fff8d508000 	C:\WINDOWS\SYSTEM32\ntdll.dll
0x00007fff8c3a0000 - 0x00007fff8c461000 	C:\WINDOWS\System32\KERNEL32.DLL
0x00007fff8ad50000 - 0x00007fff8b04d000 	C:\WINDOWS\System32\KERNELBASE.dll
0x0000000054120000 - 0x0000000054452000 	C:\Program Files\Norton Security\NortonData\22.20.4.57\Definitions\IPSDefs\20241001.064\IPSEng64.dll
0x00007fff8bd60000 - 0x00007fff8be10000 	C:\WINDOWS\System32\ADVAPI32.dll
0x00007fff8bcc0000 - 0x00007fff8bd5e000 	C:\WINDOWS\System32\msvcrt.dll
0x00007fff8b550000 - 0x00007fff8b5f0000 	C:\WINDOWS\System32\sechost.dll
0x00007fff8be10000 - 0x00007fff8bf33000 	C:\WINDOWS\System32\RPCRT4.dll
0x00007fff8b050000 - 0x00007fff8b077000 	C:\WINDOWS\System32\bcrypt.dll
0x00007fff8d290000 - 0x00007fff8d298000 	C:\WINDOWS\System32\PSAPI.DLL
0x00007fff8b080000 - 0x00007fff8b180000 	C:\WINDOWS\System32\ucrtbase.dll
0x00007fff6f290000 - 0x00007fff6f2a9000 	C:\Program Files\Java\jdk-17\bin\jli.dll
0x00007fff6f270000 - 0x00007fff6f28b000 	C:\Program Files\Java\jdk-17\bin\VCRUNTIME140.dll
0x00007fff8c200000 - 0x00007fff8c39d000 	C:\WINDOWS\System32\USER32.dll
0x00007fff8a9c0000 - 0x00007fff8a9e2000 	C:\WINDOWS\System32\win32u.dll
0x00007fff8d2a0000 - 0x00007fff8d2cb000 	C:\WINDOWS\System32\GDI32.dll
0x00007fff77aa0000 - 0x00007fff77d3a000 	C:\WINDOWS\WinSxS\amd64_microsoft.windows.common-controls_6595b64144ccf1df_6.0.19041.4355_none_60b8b9eb71f62e16\COMCTL32.dll
0x00007fff8b220000 - 0x00007fff8b337000 	C:\WINDOWS\System32\gdi32full.dll
0x00007fff8b180000 - 0x00007fff8b21d000 	C:\WINDOWS\System32\msvcp_win.dll
0x00007fff81550000 - 0x00007fff8155a000 	C:\WINDOWS\SYSTEM32\VERSION.dll
0x00007fff8bfb0000 - 0x00007fff8bfdf000 	C:\WINDOWS\System32\IMM32.DLL
0x00007fff6f260000 - 0x00007fff6f26c000 	C:\Program Files\Java\jdk-17\bin\vcruntime140_1.dll
0x00007fff25d70000 - 0x00007fff25dfe000 	C:\Program Files\Java\jdk-17\bin\msvcp140.dll
0x00007ffef41e0000 - 0x00007ffef4dbd000 	C:\Program Files\Java\jdk-17\bin\server\jvm.dll
0x00007fff7e470000 - 0x00007fff7e497000 	C:\WINDOWS\SYSTEM32\WINMM.dll
0x00007fff84860000 - 0x00007fff84869000 	C:\WINDOWS\SYSTEM32\WSOCK32.dll
0x00007fff8bf40000 - 0x00007fff8bfab000 	C:\WINDOWS\System32\WS2_32.dll
0x00007fff88720000 - 0x00007fff88732000 	C:\WINDOWS\SYSTEM32\kernel.appcore.dll
0x00007fff6f250000 - 0x00007fff6f25a000 	C:\Program Files\Java\jdk-17\bin\jimage.dll
0x00007fff7db30000 - 0x00007fff7dd14000 	C:\WINDOWS\SYSTEM32\DBGHELP.DLL
0x00007fff75f80000 - 0x00007fff75fb4000 	C:\WINDOWS\SYSTEM32\dbgcore.DLL
0x00007fff8aaf0000 - 0x00007fff8ab72000 	C:\WINDOWS\System32\bcryptPrimitives.dll
0x00007fff6f220000 - 0x00007fff6f245000 	C:\Program Files\Java\jdk-17\bin\java.dll
0x00007ffef4100000 - 0x00007ffef41d7000 	C:\Program Files\Java\jdk-17\bin\jsvml.dll
0x00007fff8ca40000 - 0x00007fff8d1af000 	C:\WINDOWS\System32\SHELL32.dll
0x00007fff88a00000 - 0x00007fff891a3000 	C:\WINDOWS\SYSTEM32\windows.storage.dll
0x00007fff8b960000 - 0x00007fff8bcb3000 	C:\WINDOWS\System32\combase.dll
0x00007fff8a3f0000 - 0x00007fff8a41e000 	C:\WINDOWS\SYSTEM32\Wldp.dll
0x00007fff8b6e0000 - 0x00007fff8b7ad000 	C:\WINDOWS\System32\OLEAUT32.dll
0x00007fff8c990000 - 0x00007fff8ca3d000 	C:\WINDOWS\System32\SHCORE.dll
0x00007fff8b340000 - 0x00007fff8b395000 	C:\WINDOWS\System32\shlwapi.dll
0x00007fff8a8f0000 - 0x00007fff8a914000 	C:\WINDOWS\SYSTEM32\profapi.dll
0x00007fff25d50000 - 0x00007fff25d69000 	C:\Program Files\Java\jdk-17\bin\net.dll
0x00007fff82440000 - 0x00007fff8254d000 	C:\WINDOWS\SYSTEM32\WINHTTP.dll
0x00007fff8a130000 - 0x00007fff8a19a000 	C:\WINDOWS\system32\mswsock.dll
0x00007ffef8960000 - 0x00007ffef8976000 	C:\Program Files\Java\jdk-17\bin\nio.dll
0x00007ffef8940000 - 0x00007ffef8958000 	C:\Program Files\Java\jdk-17\bin\zip.dll
0x00007fff25c20000 - 0x00007fff25c30000 	C:\Program Files\Java\jdk-17\bin\verify.dll
0x00007fff6fb00000 - 0x00007fff6fb7b000 	C:\Users\marco\AppData\Local\Temp\lwjgl_marco\3.3.4+7\x64\lwjgl.dll
0x00007fff54510000 - 0x00007fff546ed000 	C:\Users\marco\AppData\Local\Temp\lwjgl_marco\3.3.4+7\x64\OpenAL.dll
0x00007fff8b420000 - 0x00007fff8b54b000 	C:\WINDOWS\System32\ole32.dll
0x00007fff8c8e0000 - 0x00007fff8c989000 	C:\WINDOWS\System32\clbcatq.dll
0x00007fff85d00000 - 0x00007fff85d85000 	C:\WINDOWS\System32\MMDevApi.dll
0x00007fff8a750000 - 0x00007fff8a783000 	C:\WINDOWS\System32\DEVOBJ.dll
0x00007fff8aaa0000 - 0x00007fff8aaee000 	C:\WINDOWS\System32\cfgmgr32.dll
0x00007fff85d90000 - 0x00007fff85f11000 	C:\WINDOWS\SYSTEM32\AUDIOSES.DLL
0x00007fff89ed0000 - 0x00007fff89f1b000 	C:\WINDOWS\SYSTEM32\powrprof.dll
0x00007fff89d90000 - 0x00007fff89da2000 	C:\WINDOWS\SYSTEM32\UMPDC.dll
0x00007fff883f0000 - 0x00007fff88404000 	C:\WINDOWS\SYSTEM32\resourcepolicyclient.dll
0x00007fff6e160000 - 0x00007fff6e200000 	C:\Users\marco\AppData\Local\Temp\lwjgl_marco\3.3.4+7\x64\lwjgl_stb.dll
0x00007ffeecf50000 - 0x00007ffeede5a000 	C:\Users\marco\AppData\Local\Temp\imgui-java-natives\1.87.3\imgui-java64.dll
0x00007fff693c0000 - 0x00007fff69445000 	C:\Users\marco\AppData\Local\Temp\lwjgl_marco\3.3.4+7\x64\glfw.dll
0x00007fff4f0a0000 - 0x00007fff4f0e5000 	C:\WINDOWS\SYSTEM32\dinput8.dll
0x00007fff257b0000 - 0x00007fff257c1000 	C:\WINDOWS\SYSTEM32\xinput1_4.dll
0x00007fff71720000 - 0x00007fff71872000 	C:\WINDOWS\SYSTEM32\inputhost.dll
0x00007fff85830000 - 0x00007fff85922000 	C:\WINDOWS\SYSTEM32\CoreMessaging.dll
0x00007fff87370000 - 0x00007fff874c7000 	C:\WINDOWS\SYSTEM32\wintypes.dll
0x00007fff87b40000 - 0x00007fff87c36000 	C:\WINDOWS\SYSTEM32\PROPSYS.dll
0x00007fff84fb0000 - 0x00007fff8530b000 	C:\WINDOWS\SYSTEM32\CoreUIComponents.dll
0x00007fff89c20000 - 0x00007fff89c53000 	C:\WINDOWS\SYSTEM32\ntmarta.dll
0x00007fff886f0000 - 0x00007fff8871f000 	C:\WINDOWS\SYSTEM32\dwmapi.dll
0x00007fff88270000 - 0x00007fff8830e000 	C:\WINDOWS\system32\uxtheme.dll
0x00007fff8c060000 - 0x00007fff8c175000 	C:\WINDOWS\System32\MSCTF.dll
0x00007fff55b40000 - 0x00007fff55c68000 	C:\WINDOWS\SYSTEM32\opengl32.dll
0x00007fff56e00000 - 0x00007fff56e2c000 	C:\WINDOWS\SYSTEM32\GLU32.dll
0x00007fff82b90000 - 0x00007fff82c92000 	C:\Windows\System32\AppXDeploymentClient.dll
0x00007ffeec040000 - 0x00007ffeecf49000 	C:\WINDOWS\System32\DriverStore\FileRepository\iigd_dch.inf_amd64_3e62be9c39fb0007\ig9icd64.dll
0x00007fff89210000 - 0x00007fff89306000 	C:\WINDOWS\system32\dxgi.dll
0x00007fff7f030000 - 0x00007fff7f06b000 	C:\WINDOWS\SYSTEM32\dxcore.dll
0x00007fff793f0000 - 0x00007fff7b7ec000 	C:\WINDOWS\System32\DriverStore\FileRepository\iigd_dch.inf_amd64_3e62be9c39fb0007\igc64.dll
0x00007fff7b7f0000 - 0x00007fff7b990000 	C:\WINDOWS\System32\DriverStore\FileRepository\iigd_dch.inf_amd64_3e62be9c39fb0007\igdgmm64.dll
0x00007fff86e70000 - 0x00007fff86f1e000 	C:\WINDOWS\SYSTEM32\mscms.dll
0x00007fff8a8b0000 - 0x00007fff8a8de000 	C:\WINDOWS\SYSTEM32\USERENV.dll
0x00007fff86da0000 - 0x00007fff86db1000 	C:\WINDOWS\SYSTEM32\ColorAdapterClient.dll
0x00007fff6f4a0000 - 0x00007fff6f4e6000 	C:\WINDOWS\SYSTEM32\icm32.dll
0x00007fff721f0000 - 0x00007fff722e9000 	C:\WINDOWS\SYSTEM32\textinputframework.dll
0x00007fff54160000 - 0x00007fff541c1000 	C:\Users\marco\AppData\Local\Temp\lwjgl_marco\3.3.4+7\x64\lwjgl_opengl.dll

dbghelp: loaded successfully - version: 4.0.5 - missing functions: none
symbol engine: initialized successfully - sym options: 0x614 - pdb path: .;C:\Program Files\Java\jdk-17\bin;C:\WINDOWS\SYSTEM32;C:\Program Files\Norton Security\NortonData\22.20.4.57\Definitions\IPSDefs\20241001.064;C:\WINDOWS\WinSxS\amd64_microsoft.windows.common-controls_6595b64144ccf1df_6.0.19041.4355_none_60b8b9eb71f62e16;C:\Program Files\Java\jdk-17\bin\server;C:\Users\marco\AppData\Local\Temp\lwjgl_marco\3.3.4+7\x64;C:\Users\marco\AppData\Local\Temp\imgui-java-natives\1.87.3;C:\WINDOWS\System32\DriverStore\FileRepository\iigd_dch.inf_amd64_3e62be9c39fb0007

VM Arguments:
jvm_args: -Dfile.encoding=windows-1252 -Duser.country=ES -Duser.language=es -Duser.variant 
java_command: com.restonic4.test.TestMain
java_class_path (initial): C:\Users\marco\IdeaProjects\EpicAmazingCoolGameTestIGues\build\classes\java\main;C:\Users\marco\IdeaProjects\EpicAmazingCoolGameTestIGues\build\resources\main;C:\Users\marco\.gradle\caches\modules-2\files-2.1\io.github.spair\imgui-java-lwjgl3\1.87.3\7017436c9fd2b0da5a6365deece8c6fb11847c75\imgui-java-lwjgl3-1.87.3.jar;C:\Users\marco\.gradle\caches\modules-2\files-2.1\org.joml\joml\1.10.8\fc0a71dad90a2cf41d82a76156a0e700af8e4f8d\joml-1.10.8.jar;C:\Users\marco\.gradle\caches\modules-2\files-2.1\org.json\json\20240303\ebb88e8fb5122b7506d5cf1d69f1ccdb790d22a\json-20240303.jar;C:\Users\marco\.gradle\caches\modules-2\files-2.1\org.lwjgl\lwjgl-glfw\3.3.4\7e46ecdec85db8738053cfde1414352cd62dab74\lwjgl-glfw-3.3.4.jar;C:\Users\marco\.gradle\caches\modules-2\files-2.1\org.lwjgl\lwjgl-glfw\3.3.4\370ef92d15819a123c643dd2b0fc3a2d40bb263c\lwjgl-glfw-3.3.4-natives-windows.jar;C:\Users\marco\.gradle\caches\modules-2\files-2.1\org.lwjgl\lwjgl-openal\3.3.4\9b74d3ea380c83353d42af43ad9659e04dabe84a\lwjgl-openal-3.3.4.jar;C:\Users\marco\.gradle\caches\modules-2\files-2.1\org.lwjgl\lwjgl-openal\3.3.4\c4de8af803aacda71044418095a71cd63b569a15\lwjgl-openal-3.3.4-natives-windows.jar;C:\Users\marco\.gradle\caches\modules-2\files-2.1\org.lwjgl\lwjgl-opengl\3.3.4\2852ac7d9f6fc71349f1ce28e2708ff1977f18af\lwjgl-opengl-3.3.4.jar;C:\Users\marco\.gradle\caches\modules-2\files-2.1\org.lwjgl\lwjgl-opengl\3.3.4\f7ca4e75573a9ce83075bd86bc8a3e49ff106696\lwjgl-opengl-3.3.4-natives-windows.jar;C:\Users\marco\.gradle\caches\modules-2\files-2.1\org.lwjgl\lwjgl-stb\3.3.4\5821735d5ef23f6da8542887344e57eb181b7cac\lwjgl-stb-3.3.4.jar;C:\Users\marco\.gradle\caches\modules-2\files-2.1\org.lwjgl\lwjgl-stb\3.3.4\8310e565463ec8d369528e8b26a9b1518d079a01\lwjgl-stb-3.3.4-natives-windows.jar;C:\Users\marco\.gradle\caches\modules-2\files-2.1\org.lwjgl\lwjgl\3.3.4\b86c3e4832426e8a6b466013b7cb34b40e9ce956\lwjgl-3.3.4.jar;C:\Users\marco\.gradle\caches\modules-2\files-2.1\org.lwjgl\lwjgl\3.3.4\dd0
Launcher Type: SUN_STANDARD

[Global flags]
     intx CICompilerCount                          = 4                                         {product} {ergonomic}
     uint ConcGCThreads                            = 3                                         {product} {ergonomic}
     uint G1ConcRefinementThreads                  = 10                                        {product} {ergonomic}
   size_t G1HeapRegionSize                         = 4194304                                   {product} {ergonomic}
    uintx GCDrainStackTargetSize                   = 64                                        {product} {ergonomic}
   size_t InitialHeapSize                          = 536870912                                 {product} {ergonomic}
   size_t MarkStackSize                            = 4194304                                   {product} {ergonomic}
   size_t MaxHeapSize                              = 8543797248                                {product} {ergonomic}
   size_t MaxNewSize                               = 5125439488                                {product} {ergonomic}
   size_t MinHeapDeltaBytes                        = 4194304                                   {product} {ergonomic}
   size_t MinHeapSize                              = 8388608                                   {product} {ergonomic}
    uintx NonNMethodCodeHeapSize                   = 5839372                                {pd product} {ergonomic}
    uintx NonProfiledCodeHeapSize                  = 122909434                              {pd product} {ergonomic}
    uintx ProfiledCodeHeapSize                     = 122909434                              {pd product} {ergonomic}
    uintx ReservedCodeCacheSize                    = 251658240                              {pd product} {ergonomic}
     bool SegmentedCodeCache                       = true                                      {product} {ergonomic}
   size_t SoftMaxHeapSize                          = 8543797248                             {manageable} {ergonomic}
     bool UseCompressedClassPointers               = true                           {product lp64_product} {ergonomic}
     bool UseCompressedOops                        = true                           {product lp64_product} {ergonomic}
     bool UseG1GC                                  = true                                      {product} {ergonomic}
     bool UseLargePagesIndividualAllocation        = false                                  {pd product} {ergonomic}

Logging:
Log output configuration:
 #0: stdout all=warning uptime,level,tags
 #1: stderr all=off uptime,level,tags

Environment Variables:
PATH=C:\Python311\Scripts\;C:\Python311\;C:\Program Files\Common Files\Oracle\Java\javapath;C:\Program Files\Oculus\Support\oculus-runtime;C:\Python39\Scripts\;C:\Python39\;C:\Program Files (x86)\Common Files\Oracle\Java\javapath;C:\Windows\system32;C:\Windows;C:\Windows\System32\Wbem;C:\Windows\System32\WindowsPowerShell\v1.0\;C:\Windows\System32\OpenSSH\;C:\Program Files\NVIDIA Corporation\NVIDIA NvDLISR;C:\ProgramData\chocolatey\bin;C:\WINDOWS\system32;C:\WINDOWS;C:\WINDOWS\System32\Wbem;C:\WINDOWS\System32\WindowsPowerShell\v1.0\;C:\WINDOWS\System32\OpenSSH\;C:\Program Files\dotnet\;C:\Program Files\Git\cmd;C:\Program Files (x86)\NVIDIA Corporation\PhysX\Common;C:\Program Files\nodejs\;C:\Users\marco\Documents\Nueva carpeta\OBSCommand;C:\Users\marco\Documents\OBS COMMANDS\OBSCommand;C:\Program Files (x86)\Windows Kits\10\Windows Performance Toolkit\;C:\Program Files\Java\jdk-17\bin;C:\Program Files (x86)\WiX Toolset v3.14\bin;C:\Program Files\Gource\cmd;C:\Users\marco\.cargo\bin;C:\Users\marco\AppData\Local\Programs\Python\Python310\Scripts\;C:\Users\marco\AppData\Local\Programs\Python\Python310\;C:\Users\marco\AppData\Local\Microsoft\WindowsApps;C:\Users\marco\AppData\Local\Programs\Microsoft VS Code\bin;C:\Users\marco\.dotnet\tools;C:\xampp\php;C:\Program Files\heroku\bin;C:\Users\marco\AppData\Roaming\npm;C:\FFMPEG\files;C:\Program Files\JetBrains\WebStorm 2023.3.3\bin;;C:\yt-dlp;
USERNAME=marco
OS=Windows_NT
PROCESSOR_IDENTIFIER=Intel64 Family 6 Model 165 Stepping 2, GenuineIntel



---------------  S Y S T E M  ---------------

OS:
 Windows 10 , 64 bit Build 19041 (10.0.19041.4842)
OS uptime: 0 days 1:09 hours
Hyper-V role detected

CPU: total 12 (initial active 12) (6 cores per cpu, 2 threads per core) family 6 model 165 stepping 2 microcode 0xc8, cx8, cmov, fxsr, ht, mmx, 3dnowpref, sse, sse2, sse3, ssse3, sse4.1, sse4.2, popcnt, lzcnt, tsc, tscinvbit, avx, avx2, aes, erms, clmul, bmi1, bmi2, adx, fma, vzeroupper, clflush, clflushopt, hv

Memory: 4k page, system-wide physical 32585M (21215M free)
TotalPageFile size 37449M (AvailPageFile size 25620M)
current process WorkingSet (physical memory assigned to process): 503M, peak: 503M
current process commit charge ("private bytes"): 974M, peak: 975M

vm_info: Java HotSpot(TM) 64-Bit Server VM (17.0.7+8-LTS-224) for windows-amd64 JRE (17.0.7+8-LTS-224), built on Feb 28 2023 23:03:02 by "mach5one" with MS VC++ 17.1 (VS2022)

END.
