#
# A fatal error has been detected by the Java Runtime Environment:
#
#  EXCEPTION_ACCESS_VIOLATION (0xc0000005) at pc=0x00007ffa32dfef7a, pid=27276, tid=6696
#
# JRE version: Java(TM) SE Runtime Environment (17.0.7+8) (build 17.0.7+8-LTS-224)
# Java VM: Java HotSpot(TM) 64-Bit Server VM (17.0.7+8-LTS-224, mixed mode, sharing, tiered, compressed oops, compressed class ptrs, g1 gc, windows-amd64)
# Problematic frame:
# C  [lwjgl_opengl.dll+0xef7a]
#
# No core dump will be written. Minidumps are not enabled by default on client versions of Windows
#
# If you would like to submit a bug report, please visit:
#   https://bugreport.java.com/bugreport/crash.jsp
# The crash happened outside the Java Virtual Machine in native code.
# See problematic frame for where to report the bug.
#

---------------  S U M M A R Y ------------

Command Line: -Dfile.encoding=windows-1252 -Duser.country=ES -Duser.language=es -Duser.variant me.restonic4.engine.Main

Host: Intel(R) Core(TM) i7-10750H CPU @ 2.60GHz, 12 cores, 31G,  Windows 10 , 64 bit Build 19041 (10.0.19041.3636)
Time: Wed Aug 21 20:58:37 2024 Hora de verano romance elapsed time: 0.394978 seconds (0d 0h 0m 0s)

---------------  T H R E A D  ---------------

Current thread (0x0000018dcaa91130):  JavaThread "main" [_thread_in_native, id=6696, stack(0x000000233d800000,0x000000233d900000)]

Stack: [0x000000233d800000,0x000000233d900000],  sp=0x000000233d8ff1a8,  free space=1020k
Native frames: (J=compiled Java code, j=interpreted, Vv=VM code, C=native code)
C  [lwjgl_opengl.dll+0xef7a]

Java frames: (J=compiled Java code, j=interpreted, Vv=VM code)
j  org.lwjgl.opengl.GL20C.glCreateShader(I)I+0
j  org.lwjgl.opengl.GL20.glCreateShader(I)I+1
j  me.restonic4.engine.render.Shader.compile()V+2
j  me.restonic4.engine.render.RenderBatch.<init>(I)V+65
j  me.restonic4.engine.render.Renderer.add(Lme/restonic4/engine/object/components/ModelRendererComponent;)V+65
j  me.restonic4.engine.render.Renderer.add(Lme/restonic4/engine/object/GameObject;)V+16
j  me.restonic4.engine.Scene.activate()V+46
j  me.restonic4.engine.SceneManager.loadScene(Lme/restonic4/engine/Scene;)V+19
j  me.restonic4.game.Game.start()V+10
j  me.restonic4.engine.Main.main([Ljava/lang/String;)V+14
v  ~StubRoutines::call_stub

siginfo: EXCEPTION_ACCESS_VIOLATION (0xc0000005), reading address 0x0000000000000e38


Register to memory mapping:

RIP=0x00007ffa32dfef7a lwjgl_opengl.dll
RAX=0x0 is NULL
RBX={method} {0x0000018df7ee6c48} 'glCreateShader' '(I)I' in 'org/lwjgl/opengl/GL20C'
RCX=0x0000000000008b31 is an unknown value
RDX=0x000000233d8ff230 is pointing into the stack for thread: 0x0000018dcaa91130
RSP=0x000000233d8ff1a8 is pointing into the stack for thread: 0x0000018dcaa91130
RBP=0x000000233d8ff220 is pointing into the stack for thread: 0x0000018dcaa91130
RSI=0x00000006226aa938 is an oop: java.lang.String 
{0x00000006226aa938} - klass: 'java/lang/String'
 - string: "org/lwjgl/opengl/GL20"
RDI=0x00000006226aa8d8 is an oop: java.lang.String 
{0x00000006226aa8d8} - klass: 'java/lang/String'
 - string: "vertex"
R8 =0x0000000000008b31 is an unknown value
R9 =0x0000000000000002 is an unknown value
R10=0x0000018dd982d5f2 is at code_begin+946 in an Interpreter codelet
method entry point (kind = native)  [0x0000018dd982d240, 0x0000018dd982dbc0]  2432 bytes
R11=0x0000000622248c80 is an oop: java.lang.Class 
{0x0000000622248c80} - klass: 'java/lang/Class'
 - ---- fields (total size 54 words):
 - private volatile transient 'classRedefinedCount' 'I' @12  0
 - private volatile transient 'cachedConstructor' 'Ljava/lang/reflect/Constructor;' @40  NULL (0)
 - private transient 'name' 'Ljava/lang/String;' @44  "org.lwjgl.opengl.GL20C"{0x0000000622248e40} (c44491c8)
 - private transient 'module' 'Ljava/lang/Module;' @48  a 'java/lang/Module'{0x00000006228680e8} (c450d01d)
 - private final 'classLoader' 'Ljava/lang/ClassLoader;' @52  a 'jdk/internal/loader/ClassLoaders$AppClassLoader'{0x0000000622867f28} (c450cfe5)
 - private transient 'classData' 'Ljava/lang/Object;' @56  NULL (0)
 - private transient 'packageName' 'Ljava/lang/String;' @60  "org.lwjgl.opengl"{0x00000006226abd58} (c44d57ab)
 - private final 'componentType' 'Ljava/lang/Class;' @64  NULL (0)
 - private volatile transient 'reflectionData' 'Ljava/lang/ref/SoftReference;' @68  NULL (0)
 - private volatile transient 'genericInfo' 'Lsun/reflect/generics/repository/ClassRepository;' @72  NULL (0)
 - private volatile transient 'enumConstants' '[Ljava/lang/Object;' @76  NULL (0)
 - private volatile transient 'enumConstantDirectory' 'Ljava/util/Map;' @80  NULL (0)
 - private volatile transient 'annotationData' 'Ljava/lang/Class$AnnotationData;' @84  NULL (0)
 - private volatile transient 'annotationType' 'Lsun/reflect/annotation/AnnotationType;' @88  NULL (0)
 - transient 'classValueMap' 'Ljava/lang/ClassValue$ClassValueMap;' @92  NULL (0)
 - signature: Lorg/lwjgl/opengl/GL20C;
 - fake entry for mirror: 'org/lwjgl/opengl/GL20C'
 - fake entry for array: NULL
 - fake entry for oop_size: 54
 - fake entry for static_oop_field_count: 0
 - public static final 'GL_SHADING_LANGUAGE_VERSION' 'I' @112  35724 (8b8c)
 - public static final 'GL_CURRENT_PROGRAM' 'I' @116  35725 (8b8d)
 - public static final 'GL_SHADER_TYPE' 'I' @120  35663 (8b4f)
 - public static final 'GL_DELETE_STATUS' 'I' @124  35712 (8b80)
 - public static final 'GL_COMPILE_STATUS' 'I' @128  35713 (8b81)
 - public static final 'GL_LINK_STATUS' 'I' @132  35714 (8b82)
 - public static final 'GL_VALIDATE_STATUS' 'I' @136  35715 (8b83)
 - public static final 'GL_INFO_LOG_LENGTH' 'I' @140  35716 (8b84)
 - public static final 'GL_ATTACHED_SHADERS' 'I' @144  35717 (8b85)
 - public static final 'GL_ACTIVE_UNIFORMS' 'I' @148  35718 (8b86)
 - public static final 'GL_ACTIVE_UNIFORM_MAX_LENGTH' 'I' @152  35719 (8b87)
 - public static final 'GL_ACTIVE_ATTRIBUTES' 'I' @156  35721 (8b89)
 - public static final 'GL_ACTIVE_ATTRIBUTE_MAX_LENGTH' 'I' @160  35722 (8b8a)
 - public static final 'GL_SHADER_SOURCE_LENGTH' 'I' @164  35720 (8b88)
 - public static final 'GL_FLOAT_VEC2' 'I' @168  35664 (8b50)
 - public static final 'GL_FLOAT_VEC3' 'I' @172  35665 (8b51)
 - public static final 'GL_FLOAT_VEC4' 'I' @176  35666 (8b52)
 - public static final 'GL_INT_VEC2' 'I' @180  35667 (8b53)
 - public static final 'GL_INT_VEC3' 'I' @184  35668 (8b54)
 - public static final 'GL_INT_VEC4' 'I' @188  35669 (8b55)
 - public static final 'GL_BOOL' 'I' @192  35670 (8b56)
 - public static final 'GL_BOOL_VEC2' 'I' @196  35671 (8b57)
 - public static final 'GL_BOOL_VEC3' 'I' @200  35672 (8b58)
 - public static final 'GL_BOOL_VEC4' 'I' @204  35673 (8b59)
 - public static final 'GL_FLOAT_MAT2' 'I' @208  35674 (8b5a)
 - public static final 'GL_FLOAT_MAT3' 'I' @212  35675 (8b5b)
 - public static final 'GL_FLOAT_MAT4' 'I' @216  35676 (8b5c)
 - public static final 'GL_SAMPLER_1D' 'I' @220  35677 (8b5d)
 - public static final 'GL_SAMPLER_2D' 'I' @224  35678 (8b5e)
 - public static final 'GL_SAMPLER_3D' 'I' @228  35679 (8b5f)
 - public static final 'GL_SAMPLER_CUBE' 'I' @232  35680 (8b60)
 - public static final 'GL_SAMPLER_1D_SHADOW' 'I' @236  35681 (8b61)
 - public static final 'GL_SAMPLER_2D_SHADOW' 'I' @240  35682 (8b62)
 - public static final 'GL_VERTEX_SHADER' 'I' @244  35633 (8b31)
 - public static final 'GL_MAX_VERTEX_UNIFORM_COMPONENTS' 'I' @248  35658 (8b4a)
 - public static final 'GL_MAX_VARYING_FLOATS' 'I' @252  35659 (8b4b)
 - public static final 'GL_MAX_VERTEX_ATTRIBS' 'I' @256  34921 (8869)
 - public static final 'GL_MAX_TEXTURE_IMAGE_UNITS' 'I' @260  34930 (8872)
 - public static final 'GL_MAX_VERTEX_TEXTURE_IMAGE_UNITS' 'I' @264  35660 (8b4c)
 - public static final 'GL_MAX_COMBINED_TEXTURE_IMAGE_UNITS' 'I' @268  35661 (8b4d)
 - public static final 'GL_VERTEX_PROGRAM_POINT_SIZE' 'I' @272  34370 (8642)
 - public static final 'GL_VERTEX_ATTRIB_ARRAY_ENABLED' 'I' @276  34338 (8622)
 - public static final 'GL_VERTEX_ATTRIB_ARRAY_SIZE' 'I' @280  34339 (8623)
 - public static final 'GL_VERTEX_ATTRIB_ARRAY_STRIDE' 'I' @284  34340 (8624)
 - public static final 'GL_VERTEX_ATTRIB_ARRAY_TYPE' 'I' @288  34341 (8625)
 - public static final 'GL_VERTEX_ATTRIB_ARRAY_NORMALIZED' 'I' @292  34922 (886a)
 - public static final 'GL_CURRENT_VERTEX_ATTRIB' 'I' @296  34342 (8626)
 - public static final 'GL_VERTEX_ATTRIB_ARRAY_POINTER' 'I' @300  34373 (8645)
 - public static final 'GL_FRAGMENT_SHADER' 'I' @304  35632 (8b30)
 - public static final 'GL_MAX_FRAGMENT_UNIFORM_COMPONENTS' 'I' @308  35657 (8b49)
 - public static final 'GL_FRAGMENT_SHADER_DERIVATIVE_HINT' 'I' @312  35723 (8b8b)
 - public static final 'GL_MAX_DRAW_BUFFERS' 'I' @316  34852 (8824)
 - public static final 'GL_DRAW_BUFFER0' 'I' @320  34853 (8825)
 - public static final 'GL_DRAW_BUFFER1' 'I' @324  34854 (8826)
 - public static final 'GL_DRAW_BUFFER2' 'I' @328  34855 (8827)
 - public static final 'GL_DRAW_BUFFER3' 'I' @332  34856 (8828)
 - public static final 'GL_DRAW_BUFFER4' 'I' @336  34857 (8829)
 - public static final 'GL_DRAW_BUFFER5' 'I' @340  34858 (882a)
 - public static final 'GL_DRAW_BUFFER6' 'I' @344  34859 (882b)
 - public static final 'GL_DRAW_BUFFER7' 'I' @348  34860 (882c)
 - public static final 'GL_DRAW_BUFFER8' 'I' @352  34861 (882d)
 - public static final 'GL_DRAW_BUFFER9' 'I' @356  34862 (882e)
 - public static final 'GL_DRAW_BUFFER10' 'I' @360  34863 (882f)
 - public static final 'GL_DRAW_BUFFER11' 'I' @364  34864 (8830)
 - public static final 'GL_DRAW_BUFFER12' 'I' @368  34865 (8831)
 - public static final 'GL_DRAW_BUFFER13' 'I' @372  34866 (8832)
 - public static final 'GL_DRAW_BUFFER14' 'I' @376  34867 (8833)
 - public static final 'GL_DRAW_BUFFER15' 'I' @380  34868 (8834)
 - public static final 'GL_POINT_SPRITE_COORD_ORIGIN' 'I' @384  36000 (8ca0)
 - public static final 'GL_LOWER_LEFT' 'I' @388  36001 (8ca1)
 - public static final 'GL_UPPER_LEFT' 'I' @392  36002 (8ca2)
 - public static final 'GL_BLEND_EQUATION_RGB' 'I' @396  32777 (8009)
 - public static final 'GL_BLEND_EQUATION_ALPHA' 'I' @400  34877 (883d)
 - public static final 'GL_STENCIL_BACK_FUNC' 'I' @404  34816 (8800)
 - public static final 'GL_STENCIL_BACK_FAIL' 'I' @408  34817 (8801)
 - public static final 'GL_STENCIL_BACK_PASS_DEPTH_FAIL' 'I' @412  34818 (8802)
 - public static final 'GL_STENCIL_BACK_PASS_DEPTH_PASS' 'I' @416  34819 (8803)
 - public static final 'GL_STENCIL_BACK_REF' 'I' @420  36003 (8ca3)
 - public static final 'GL_STENCIL_BACK_VALUE_MASK' 'I' @424  36004 (8ca4)
 - public static final 'GL_STENCIL_BACK_WRITEMASK' 'I' @428  36005 (8ca5)
R12=0x0 is NULL
R13=0x0000018df7ee6c30 is pointing into metadata
R14=0x000000233d8ff240 is pointing into the stack for thread: 0x0000018dcaa91130
R15=0x0000018dcaa91130 is a thread


Registers:
RAX=0x0000000000000000, RBX=0x0000018df7ee6c40, RCX=0x0000000000008b31, RDX=0x000000233d8ff230
RSP=0x000000233d8ff1a8, RBP=0x000000233d8ff220, RSI=0x00000006226aa938, RDI=0x00000006226aa8d8
R8 =0x0000000000008b31, R9 =0x0000000000000002, R10=0x0000018dd982d5f2, R11=0x0000000622248c80
R12=0x0000000000000000, R13=0x0000018df7ee6c30, R14=0x000000233d8ff240, R15=0x0000018dcaa91130
RIP=0x00007ffa32dfef7a, EFLAGS=0x0000000000010206

Top of Stack: (sp=0x000000233d8ff1a8)
0x000000233d8ff1a8:   0000018dd982d621 0000018df7ee6c40
0x000000233d8ff1b8:   00000006226aa938 0000018df7e0ca58
0x000000233d8ff1c8:   0000018dcaa91130 0000018dd982d2f6
0x000000233d8ff1d8:   000000233d8ff1d8 0000018df7ee6c30
0x000000233d8ff1e8:   000000233d8ff240 0000018df7f12270
0x000000233d8ff1f8:   0000000000000000 0000000622248c80
0x000000233d8ff208:   0000018df7ee6c40 0000000000000000
0x000000233d8ff218:   000000233d8ff240 000000233d8ff290
0x000000233d8ff228:   0000018dd9829612 0000000622248c80
0x000000233d8ff238:   0000018dd982af76 0000000000008b31
0x000000233d8ff248:   000000233d8ff248 0000018df7e0ca31
0x000000233d8ff258:   000000233d8ff2a0 0000018df7e6ba60
0x000000233d8ff268:   0000000000000000 00000006227431a0
0x000000233d8ff278:   0000018df7e0ca58 000000233d8ff240
0x000000233d8ff288:   000000233d8ff2a0 000000233d8ff2f0
0x000000233d8ff298:   0000018dd9829612 0000000000008b31 

Instructions: (pc=0x00007ffa32dfef7a)
0x00007ffa32dfee7a:   cc cc cc cc cc cc 44 89 ca 48 8b 01 48 8b 40 18
0x00007ffa32dfee8a:   48 8b 80 f8 0d 00 00 44 89 c1 48 ff e0 cc cc cc
0x00007ffa32dfee9a:   cc cc cc cc cc cc 48 8b 01 48 8b 40 18 44 89 c1
0x00007ffa32dfeeaa:   48 ff a0 00 0e 00 00 cc cc cc cc cc cc cc cc cc
0x00007ffa32dfeeba:   cc cc cc cc cc cc 44 89 ca 44 89 c0 4c 8b 44 24
0x00007ffa32dfeeca:   28 48 8b 09 48 8b 49 18 4c 8b 89 08 0e 00 00 89
0x00007ffa32dfeeda:   c1 49 ff e1 cc cc 44 89 ca 44 89 c0 4c 8b 44 24
0x00007ffa32dfeeea:   28 48 8b 09 48 8b 49 18 4c 8b 89 10 0e 00 00 89
0x00007ffa32dfeefa:   c1 49 ff e1 cc cc 44 89 ca 44 89 c0 4c 8b 44 24
0x00007ffa32dfef0a:   28 48 8b 09 48 8b 49 18 4c 8b 89 18 0e 00 00 89
0x00007ffa32dfef1a:   c1 49 ff e1 cc cc 48 8b 01 48 8b 40 18 48 ff a0
0x00007ffa32dfef2a:   20 0e 00 00 cc cc 48 8b 01 48 8b 40 18 44 89 c1
0x00007ffa32dfef3a:   48 ff a0 28 0e 00 00 cc cc cc cc cc cc cc cc cc
0x00007ffa32dfef4a:   cc cc cc cc cc cc 48 8b 01 48 8b 40 18 44 89 c1
0x00007ffa32dfef5a:   48 ff a0 30 0e 00 00 cc cc cc cc cc cc cc cc cc
0x00007ffa32dfef6a:   cc cc cc cc cc cc 48 8b 01 48 8b 40 18 44 89 c1
0x00007ffa32dfef7a:   48 ff a0 38 0e 00 00 cc cc cc cc cc cc cc cc cc
0x00007ffa32dfef8a:   cc cc cc cc cc cc 48 8b 01 48 8b 40 18 44 89 c1
0x00007ffa32dfef9a:   48 ff a0 40 0e 00 00 cc cc cc cc cc cc cc cc cc
0x00007ffa32dfefaa:   cc cc cc cc cc cc 48 8b 01 48 8b 40 18 44 89 c1
0x00007ffa32dfefba:   48 ff a0 48 0e 00 00 cc cc cc cc cc cc cc cc cc
0x00007ffa32dfefca:   cc cc cc cc cc cc 44 89 ca 48 8b 01 48 8b 40 18
0x00007ffa32dfefda:   48 8b 80 50 0e 00 00 44 89 c1 48 ff e0 cc cc cc
0x00007ffa32dfefea:   cc cc cc cc cc cc 44 89 ca 48 8b 01 48 8b 40 18
0x00007ffa32dfeffa:   48 8b 80 58 0e 00 00 44 89 c1 48 ff e0 cc cc cc
0x00007ffa32dff00a:   cc cc cc cc cc cc 44 89 ca 44 89 c0 4c 8b 44 24
0x00007ffa32dff01a:   28 4c 8b 4c 24 30 48 8b 09 48 8b 49 18 4c 8b 91
0x00007ffa32dff02a:   60 0e 00 00 89 c1 49 ff e2 cc cc cc cc cc cc cc
0x00007ffa32dff03a:   cc cc cc cc cc cc 48 8b 01 48 8b 40 18 44 89 c1
0x00007ffa32dff04a:   48 ff a0 68 0e 00 00 cc cc cc cc cc cc cc cc cc
0x00007ffa32dff05a:   cc cc cc cc cc cc 48 8b 01 48 8b 40 18 44 89 c1
0x00007ffa32dff06a:   48 ff a0 70 0e 00 00 cc cc cc cc cc cc cc cc cc 


Stack slot to memory mapping:
stack at sp + 0 slots: 0x0000018dd982d621 is at code_begin+993 in an Interpreter codelet
method entry point (kind = native)  [0x0000018dd982d240, 0x0000018dd982dbc0]  2432 bytes
stack at sp + 1 slots: {method} {0x0000018df7ee6c48} 'glCreateShader' '(I)I' in 'org/lwjgl/opengl/GL20C'
stack at sp + 2 slots: 0x00000006226aa938 is an oop: java.lang.String 
{0x00000006226aa938} - klass: 'java/lang/String'
 - string: "org/lwjgl/opengl/GL20"
stack at sp + 3 slots: {method} {0x0000018df7e0ca60} 'glCreateShader' '(I)I' in 'org/lwjgl/opengl/GL20'
stack at sp + 4 slots: 0x0000018dcaa91130 is a thread
stack at sp + 5 slots: 0x0000018dd982d2f6 is at code_begin+182 in an Interpreter codelet
method entry point (kind = native)  [0x0000018dd982d240, 0x0000018dd982dbc0]  2432 bytes
stack at sp + 6 slots: 0x000000233d8ff1d8 is pointing into the stack for thread: 0x0000018dcaa91130
stack at sp + 7 slots: 0x0000018df7ee6c30 is pointing into metadata


---------------  P R O C E S S  ---------------

Threads class SMR info:
_java_thread_list=0x0000018df76f0270, length=13, elements={
0x0000018dcaa91130, 0x0000018df48b4350, 0x0000018df48b51c0, 0x0000018df73f1200,
0x0000018df73f2dc0, 0x0000018df73f5780, 0x0000018df73f6130, 0x0000018df73f6ec0,
0x0000018df73f9970, 0x0000018df73fc370, 0x0000018df7537a40, 0x0000018df753cd00,
0x0000018df76efa70
}

Java Threads: ( => current thread )
=>0x0000018dcaa91130 JavaThread "main" [_thread_in_native, id=6696, stack(0x000000233d800000,0x000000233d900000)]
  0x0000018df48b4350 JavaThread "Reference Handler" daemon [_thread_blocked, id=32636, stack(0x000000233df00000,0x000000233e000000)]
  0x0000018df48b51c0 JavaThread "Finalizer" daemon [_thread_blocked, id=9076, stack(0x000000233e000000,0x000000233e100000)]
  0x0000018df73f1200 JavaThread "Signal Dispatcher" daemon [_thread_blocked, id=31412, stack(0x000000233e100000,0x000000233e200000)]
  0x0000018df73f2dc0 JavaThread "Attach Listener" daemon [_thread_blocked, id=28252, stack(0x000000233e200000,0x000000233e300000)]
  0x0000018df73f5780 JavaThread "Service Thread" daemon [_thread_blocked, id=27828, stack(0x000000233e300000,0x000000233e400000)]
  0x0000018df73f6130 JavaThread "Monitor Deflation Thread" daemon [_thread_blocked, id=31020, stack(0x000000233e400000,0x000000233e500000)]
  0x0000018df73f6ec0 JavaThread "C2 CompilerThread0" daemon [_thread_blocked, id=14836, stack(0x000000233e500000,0x000000233e600000)]
  0x0000018df73f9970 JavaThread "C1 CompilerThread0" daemon [_thread_blocked, id=4664, stack(0x000000233e600000,0x000000233e700000)]
  0x0000018df73fc370 JavaThread "Sweeper thread" daemon [_thread_blocked, id=21784, stack(0x000000233e700000,0x000000233e800000)]
  0x0000018df7537a40 JavaThread "Notification Thread" daemon [_thread_blocked, id=18904, stack(0x000000233e800000,0x000000233e900000)]
  0x0000018df753cd00 JavaThread "Common-Cleaner" daemon [_thread_blocked, id=2468, stack(0x000000233ea00000,0x000000233eb00000)]
  0x0000018df76efa70 JavaThread "C2 CompilerThread1" daemon [_thread_blocked, id=30588, stack(0x000000233eb00000,0x000000233ec00000)]

Other Threads:
  0x0000018df48b0750 VMThread "VM Thread" [stack: 0x000000233de00000,0x000000233df00000] [id=14700]
  0x0000018df46e4880 WatcherThread [stack: 0x000000233e900000,0x000000233ea00000] [id=11216]
  0x0000018dcab3c5e0 GCTaskThread "GC Thread#0" [stack: 0x000000233d900000,0x000000233da00000] [id=25704]
  0x0000018df46d0180 ConcurrentGCThread "G1 Main Marker" [stack: 0x000000233da00000,0x000000233db00000] [id=29880]
  0x0000018df46d0ce0 ConcurrentGCThread "G1 Conc#0" [stack: 0x000000233db00000,0x000000233dc00000] [id=15560]
  0x0000018df47e8ce0 ConcurrentGCThread "G1 Refine#0" [stack: 0x000000233dc00000,0x000000233dd00000] [id=17148]
  0x0000018df47e9700 ConcurrentGCThread "G1 Service" [stack: 0x000000233dd00000,0x000000233de00000] [id=24380]

Threads with active compile tasks:

VM state: not at safepoint (normal execution)

VM Mutex/Monitor currently owned by a thread: None

Heap address: 0x0000000602c00000, size: 8148 MB, Compressed Oops mode: Zero based, Oop shift amount: 3

CDS archive(s) mapped at: [0x0000000800000000-0x0000000800bd0000-0x0000000800bd0000), size 12386304, SharedBaseAddress: 0x0000000800000000, ArchiveRelocationMode: 0.
Compressed class space mapped at: 0x0000000800c00000-0x0000000840c00000, reserved size: 1073741824
Narrow klass base: 0x0000000800000000, Narrow klass shift: 0, Narrow klass range: 0x100000000

GC Precious Log:
 CPUs: 12 total, 12 available
 Memory: 32585M
 Large Page Support: Disabled
 NUMA Support: Disabled
 Compressed Oops: Enabled (Zero based)
 Heap Region Size: 4M
 Heap Min Capacity: 8M
 Heap Initial Capacity: 512M
 Heap Max Capacity: 8148M
 Pre-touch: Disabled
 Parallel Workers: 10
 Concurrent Workers: 3
 Concurrent Refinement Workers: 10
 Periodic GC: Disabled

Heap:
 garbage-first heap   total 524288K, used 4096K [0x0000000602c00000, 0x0000000800000000)
  region size 4096K, 3 young (12288K), 0 survivors (0K)
 Metaspace       used 5032K, committed 5248K, reserved 1056768K
  class space    used 286K, committed 384K, reserved 1048576K

Heap Regions: E=young(eden), S=young(survivor), O=old, HS=humongous(starts), HC=humongous(continues), CS=collection set, F=free, OA=open archive, CA=closed archive, TAMS=top-at-mark-start (previous, next)
|   0|0x0000000602c00000, 0x0000000602c00000, 0x0000000603000000|  0%| F|  |TAMS 0x0000000602c00000, 0x0000000602c00000| Untracked 
|   1|0x0000000603000000, 0x0000000603000000, 0x0000000603400000|  0%| F|  |TAMS 0x0000000603000000, 0x0000000603000000| Untracked 
|   2|0x0000000603400000, 0x0000000603400000, 0x0000000603800000|  0%| F|  |TAMS 0x0000000603400000, 0x0000000603400000| Untracked 
|   3|0x0000000603800000, 0x0000000603800000, 0x0000000603c00000|  0%| F|  |TAMS 0x0000000603800000, 0x0000000603800000| Untracked 
|   4|0x0000000603c00000, 0x0000000603c00000, 0x0000000604000000|  0%| F|  |TAMS 0x0000000603c00000, 0x0000000603c00000| Untracked 
|   5|0x0000000604000000, 0x0000000604000000, 0x0000000604400000|  0%| F|  |TAMS 0x0000000604000000, 0x0000000604000000| Untracked 
|   6|0x0000000604400000, 0x0000000604400000, 0x0000000604800000|  0%| F|  |TAMS 0x0000000604400000, 0x0000000604400000| Untracked 
|   7|0x0000000604800000, 0x0000000604800000, 0x0000000604c00000|  0%| F|  |TAMS 0x0000000604800000, 0x0000000604800000| Untracked 
|   8|0x0000000604c00000, 0x0000000604c00000, 0x0000000605000000|  0%| F|  |TAMS 0x0000000604c00000, 0x0000000604c00000| Untracked 
|   9|0x0000000605000000, 0x0000000605000000, 0x0000000605400000|  0%| F|  |TAMS 0x0000000605000000, 0x0000000605000000| Untracked 
|  10|0x0000000605400000, 0x0000000605400000, 0x0000000605800000|  0%| F|  |TAMS 0x0000000605400000, 0x0000000605400000| Untracked 
|  11|0x0000000605800000, 0x0000000605800000, 0x0000000605c00000|  0%| F|  |TAMS 0x0000000605800000, 0x0000000605800000| Untracked 
|  12|0x0000000605c00000, 0x0000000605c00000, 0x0000000606000000|  0%| F|  |TAMS 0x0000000605c00000, 0x0000000605c00000| Untracked 
|  13|0x0000000606000000, 0x0000000606000000, 0x0000000606400000|  0%| F|  |TAMS 0x0000000606000000, 0x0000000606000000| Untracked 
|  14|0x0000000606400000, 0x0000000606400000, 0x0000000606800000|  0%| F|  |TAMS 0x0000000606400000, 0x0000000606400000| Untracked 
|  15|0x0000000606800000, 0x0000000606800000, 0x0000000606c00000|  0%| F|  |TAMS 0x0000000606800000, 0x0000000606800000| Untracked 
|  16|0x0000000606c00000, 0x0000000606c00000, 0x0000000607000000|  0%| F|  |TAMS 0x0000000606c00000, 0x0000000606c00000| Untracked 
|  17|0x0000000607000000, 0x0000000607000000, 0x0000000607400000|  0%| F|  |TAMS 0x0000000607000000, 0x0000000607000000| Untracked 
|  18|0x0000000607400000, 0x0000000607400000, 0x0000000607800000|  0%| F|  |TAMS 0x0000000607400000, 0x0000000607400000| Untracked 
|  19|0x0000000607800000, 0x0000000607800000, 0x0000000607c00000|  0%| F|  |TAMS 0x0000000607800000, 0x0000000607800000| Untracked 
|  20|0x0000000607c00000, 0x0000000607c00000, 0x0000000608000000|  0%| F|  |TAMS 0x0000000607c00000, 0x0000000607c00000| Untracked 
|  21|0x0000000608000000, 0x0000000608000000, 0x0000000608400000|  0%| F|  |TAMS 0x0000000608000000, 0x0000000608000000| Untracked 
|  22|0x0000000608400000, 0x0000000608400000, 0x0000000608800000|  0%| F|  |TAMS 0x0000000608400000, 0x0000000608400000| Untracked 
|  23|0x0000000608800000, 0x0000000608800000, 0x0000000608c00000|  0%| F|  |TAMS 0x0000000608800000, 0x0000000608800000| Untracked 
|  24|0x0000000608c00000, 0x0000000608c00000, 0x0000000609000000|  0%| F|  |TAMS 0x0000000608c00000, 0x0000000608c00000| Untracked 
|  25|0x0000000609000000, 0x0000000609000000, 0x0000000609400000|  0%| F|  |TAMS 0x0000000609000000, 0x0000000609000000| Untracked 
|  26|0x0000000609400000, 0x0000000609400000, 0x0000000609800000|  0%| F|  |TAMS 0x0000000609400000, 0x0000000609400000| Untracked 
|  27|0x0000000609800000, 0x0000000609800000, 0x0000000609c00000|  0%| F|  |TAMS 0x0000000609800000, 0x0000000609800000| Untracked 
|  28|0x0000000609c00000, 0x0000000609c00000, 0x000000060a000000|  0%| F|  |TAMS 0x0000000609c00000, 0x0000000609c00000| Untracked 
|  29|0x000000060a000000, 0x000000060a000000, 0x000000060a400000|  0%| F|  |TAMS 0x000000060a000000, 0x000000060a000000| Untracked 
|  30|0x000000060a400000, 0x000000060a400000, 0x000000060a800000|  0%| F|  |TAMS 0x000000060a400000, 0x000000060a400000| Untracked 
|  31|0x000000060a800000, 0x000000060a800000, 0x000000060ac00000|  0%| F|  |TAMS 0x000000060a800000, 0x000000060a800000| Untracked 
|  32|0x000000060ac00000, 0x000000060ac00000, 0x000000060b000000|  0%| F|  |TAMS 0x000000060ac00000, 0x000000060ac00000| Untracked 
|  33|0x000000060b000000, 0x000000060b000000, 0x000000060b400000|  0%| F|  |TAMS 0x000000060b000000, 0x000000060b000000| Untracked 
|  34|0x000000060b400000, 0x000000060b400000, 0x000000060b800000|  0%| F|  |TAMS 0x000000060b400000, 0x000000060b400000| Untracked 
|  35|0x000000060b800000, 0x000000060b800000, 0x000000060bc00000|  0%| F|  |TAMS 0x000000060b800000, 0x000000060b800000| Untracked 
|  36|0x000000060bc00000, 0x000000060bc00000, 0x000000060c000000|  0%| F|  |TAMS 0x000000060bc00000, 0x000000060bc00000| Untracked 
|  37|0x000000060c000000, 0x000000060c000000, 0x000000060c400000|  0%| F|  |TAMS 0x000000060c000000, 0x000000060c000000| Untracked 
|  38|0x000000060c400000, 0x000000060c400000, 0x000000060c800000|  0%| F|  |TAMS 0x000000060c400000, 0x000000060c400000| Untracked 
|  39|0x000000060c800000, 0x000000060c800000, 0x000000060cc00000|  0%| F|  |TAMS 0x000000060c800000, 0x000000060c800000| Untracked 
|  40|0x000000060cc00000, 0x000000060cc00000, 0x000000060d000000|  0%| F|  |TAMS 0x000000060cc00000, 0x000000060cc00000| Untracked 
|  41|0x000000060d000000, 0x000000060d000000, 0x000000060d400000|  0%| F|  |TAMS 0x000000060d000000, 0x000000060d000000| Untracked 
|  42|0x000000060d400000, 0x000000060d400000, 0x000000060d800000|  0%| F|  |TAMS 0x000000060d400000, 0x000000060d400000| Untracked 
|  43|0x000000060d800000, 0x000000060d800000, 0x000000060dc00000|  0%| F|  |TAMS 0x000000060d800000, 0x000000060d800000| Untracked 
|  44|0x000000060dc00000, 0x000000060dc00000, 0x000000060e000000|  0%| F|  |TAMS 0x000000060dc00000, 0x000000060dc00000| Untracked 
|  45|0x000000060e000000, 0x000000060e000000, 0x000000060e400000|  0%| F|  |TAMS 0x000000060e000000, 0x000000060e000000| Untracked 
|  46|0x000000060e400000, 0x000000060e400000, 0x000000060e800000|  0%| F|  |TAMS 0x000000060e400000, 0x000000060e400000| Untracked 
|  47|0x000000060e800000, 0x000000060e800000, 0x000000060ec00000|  0%| F|  |TAMS 0x000000060e800000, 0x000000060e800000| Untracked 
|  48|0x000000060ec00000, 0x000000060ec00000, 0x000000060f000000|  0%| F|  |TAMS 0x000000060ec00000, 0x000000060ec00000| Untracked 
|  49|0x000000060f000000, 0x000000060f000000, 0x000000060f400000|  0%| F|  |TAMS 0x000000060f000000, 0x000000060f000000| Untracked 
|  50|0x000000060f400000, 0x000000060f400000, 0x000000060f800000|  0%| F|  |TAMS 0x000000060f400000, 0x000000060f400000| Untracked 
|  51|0x000000060f800000, 0x000000060f800000, 0x000000060fc00000|  0%| F|  |TAMS 0x000000060f800000, 0x000000060f800000| Untracked 
|  52|0x000000060fc00000, 0x000000060fc00000, 0x0000000610000000|  0%| F|  |TAMS 0x000000060fc00000, 0x000000060fc00000| Untracked 
|  53|0x0000000610000000, 0x0000000610000000, 0x0000000610400000|  0%| F|  |TAMS 0x0000000610000000, 0x0000000610000000| Untracked 
|  54|0x0000000610400000, 0x0000000610400000, 0x0000000610800000|  0%| F|  |TAMS 0x0000000610400000, 0x0000000610400000| Untracked 
|  55|0x0000000610800000, 0x0000000610800000, 0x0000000610c00000|  0%| F|  |TAMS 0x0000000610800000, 0x0000000610800000| Untracked 
|  56|0x0000000610c00000, 0x0000000610c00000, 0x0000000611000000|  0%| F|  |TAMS 0x0000000610c00000, 0x0000000610c00000| Untracked 
|  57|0x0000000611000000, 0x0000000611000000, 0x0000000611400000|  0%| F|  |TAMS 0x0000000611000000, 0x0000000611000000| Untracked 
|  58|0x0000000611400000, 0x0000000611400000, 0x0000000611800000|  0%| F|  |TAMS 0x0000000611400000, 0x0000000611400000| Untracked 
|  59|0x0000000611800000, 0x0000000611800000, 0x0000000611c00000|  0%| F|  |TAMS 0x0000000611800000, 0x0000000611800000| Untracked 
|  60|0x0000000611c00000, 0x0000000611c00000, 0x0000000612000000|  0%| F|  |TAMS 0x0000000611c00000, 0x0000000611c00000| Untracked 
|  61|0x0000000612000000, 0x0000000612000000, 0x0000000612400000|  0%| F|  |TAMS 0x0000000612000000, 0x0000000612000000| Untracked 
|  62|0x0000000612400000, 0x0000000612400000, 0x0000000612800000|  0%| F|  |TAMS 0x0000000612400000, 0x0000000612400000| Untracked 
|  63|0x0000000612800000, 0x0000000612800000, 0x0000000612c00000|  0%| F|  |TAMS 0x0000000612800000, 0x0000000612800000| Untracked 
|  64|0x0000000612c00000, 0x0000000612c00000, 0x0000000613000000|  0%| F|  |TAMS 0x0000000612c00000, 0x0000000612c00000| Untracked 
|  65|0x0000000613000000, 0x0000000613000000, 0x0000000613400000|  0%| F|  |TAMS 0x0000000613000000, 0x0000000613000000| Untracked 
|  66|0x0000000613400000, 0x0000000613400000, 0x0000000613800000|  0%| F|  |TAMS 0x0000000613400000, 0x0000000613400000| Untracked 
|  67|0x0000000613800000, 0x0000000613800000, 0x0000000613c00000|  0%| F|  |TAMS 0x0000000613800000, 0x0000000613800000| Untracked 
|  68|0x0000000613c00000, 0x0000000613c00000, 0x0000000614000000|  0%| F|  |TAMS 0x0000000613c00000, 0x0000000613c00000| Untracked 
|  69|0x0000000614000000, 0x0000000614000000, 0x0000000614400000|  0%| F|  |TAMS 0x0000000614000000, 0x0000000614000000| Untracked 
|  70|0x0000000614400000, 0x0000000614400000, 0x0000000614800000|  0%| F|  |TAMS 0x0000000614400000, 0x0000000614400000| Untracked 
|  71|0x0000000614800000, 0x0000000614800000, 0x0000000614c00000|  0%| F|  |TAMS 0x0000000614800000, 0x0000000614800000| Untracked 
|  72|0x0000000614c00000, 0x0000000614c00000, 0x0000000615000000|  0%| F|  |TAMS 0x0000000614c00000, 0x0000000614c00000| Untracked 
|  73|0x0000000615000000, 0x0000000615000000, 0x0000000615400000|  0%| F|  |TAMS 0x0000000615000000, 0x0000000615000000| Untracked 
|  74|0x0000000615400000, 0x0000000615400000, 0x0000000615800000|  0%| F|  |TAMS 0x0000000615400000, 0x0000000615400000| Untracked 
|  75|0x0000000615800000, 0x0000000615800000, 0x0000000615c00000|  0%| F|  |TAMS 0x0000000615800000, 0x0000000615800000| Untracked 
|  76|0x0000000615c00000, 0x0000000615c00000, 0x0000000616000000|  0%| F|  |TAMS 0x0000000615c00000, 0x0000000615c00000| Untracked 
|  77|0x0000000616000000, 0x0000000616000000, 0x0000000616400000|  0%| F|  |TAMS 0x0000000616000000, 0x0000000616000000| Untracked 
|  78|0x0000000616400000, 0x0000000616400000, 0x0000000616800000|  0%| F|  |TAMS 0x0000000616400000, 0x0000000616400000| Untracked 
|  79|0x0000000616800000, 0x0000000616800000, 0x0000000616c00000|  0%| F|  |TAMS 0x0000000616800000, 0x0000000616800000| Untracked 
|  80|0x0000000616c00000, 0x0000000616c00000, 0x0000000617000000|  0%| F|  |TAMS 0x0000000616c00000, 0x0000000616c00000| Untracked 
|  81|0x0000000617000000, 0x0000000617000000, 0x0000000617400000|  0%| F|  |TAMS 0x0000000617000000, 0x0000000617000000| Untracked 
|  82|0x0000000617400000, 0x0000000617400000, 0x0000000617800000|  0%| F|  |TAMS 0x0000000617400000, 0x0000000617400000| Untracked 
|  83|0x0000000617800000, 0x0000000617800000, 0x0000000617c00000|  0%| F|  |TAMS 0x0000000617800000, 0x0000000617800000| Untracked 
|  84|0x0000000617c00000, 0x0000000617c00000, 0x0000000618000000|  0%| F|  |TAMS 0x0000000617c00000, 0x0000000617c00000| Untracked 
|  85|0x0000000618000000, 0x0000000618000000, 0x0000000618400000|  0%| F|  |TAMS 0x0000000618000000, 0x0000000618000000| Untracked 
|  86|0x0000000618400000, 0x0000000618400000, 0x0000000618800000|  0%| F|  |TAMS 0x0000000618400000, 0x0000000618400000| Untracked 
|  87|0x0000000618800000, 0x0000000618800000, 0x0000000618c00000|  0%| F|  |TAMS 0x0000000618800000, 0x0000000618800000| Untracked 
|  88|0x0000000618c00000, 0x0000000618c00000, 0x0000000619000000|  0%| F|  |TAMS 0x0000000618c00000, 0x0000000618c00000| Untracked 
|  89|0x0000000619000000, 0x0000000619000000, 0x0000000619400000|  0%| F|  |TAMS 0x0000000619000000, 0x0000000619000000| Untracked 
|  90|0x0000000619400000, 0x0000000619400000, 0x0000000619800000|  0%| F|  |TAMS 0x0000000619400000, 0x0000000619400000| Untracked 
|  91|0x0000000619800000, 0x0000000619800000, 0x0000000619c00000|  0%| F|  |TAMS 0x0000000619800000, 0x0000000619800000| Untracked 
|  92|0x0000000619c00000, 0x0000000619c00000, 0x000000061a000000|  0%| F|  |TAMS 0x0000000619c00000, 0x0000000619c00000| Untracked 
|  93|0x000000061a000000, 0x000000061a000000, 0x000000061a400000|  0%| F|  |TAMS 0x000000061a000000, 0x000000061a000000| Untracked 
|  94|0x000000061a400000, 0x000000061a400000, 0x000000061a800000|  0%| F|  |TAMS 0x000000061a400000, 0x000000061a400000| Untracked 
|  95|0x000000061a800000, 0x000000061a800000, 0x000000061ac00000|  0%| F|  |TAMS 0x000000061a800000, 0x000000061a800000| Untracked 
|  96|0x000000061ac00000, 0x000000061ac00000, 0x000000061b000000|  0%| F|  |TAMS 0x000000061ac00000, 0x000000061ac00000| Untracked 
|  97|0x000000061b000000, 0x000000061b000000, 0x000000061b400000|  0%| F|  |TAMS 0x000000061b000000, 0x000000061b000000| Untracked 
|  98|0x000000061b400000, 0x000000061b400000, 0x000000061b800000|  0%| F|  |TAMS 0x000000061b400000, 0x000000061b400000| Untracked 
|  99|0x000000061b800000, 0x000000061b800000, 0x000000061bc00000|  0%| F|  |TAMS 0x000000061b800000, 0x000000061b800000| Untracked 
| 100|0x000000061bc00000, 0x000000061bc00000, 0x000000061c000000|  0%| F|  |TAMS 0x000000061bc00000, 0x000000061bc00000| Untracked 
| 101|0x000000061c000000, 0x000000061c000000, 0x000000061c400000|  0%| F|  |TAMS 0x000000061c000000, 0x000000061c000000| Untracked 
| 102|0x000000061c400000, 0x000000061c400000, 0x000000061c800000|  0%| F|  |TAMS 0x000000061c400000, 0x000000061c400000| Untracked 
| 103|0x000000061c800000, 0x000000061c800000, 0x000000061cc00000|  0%| F|  |TAMS 0x000000061c800000, 0x000000061c800000| Untracked 
| 104|0x000000061cc00000, 0x000000061cc00000, 0x000000061d000000|  0%| F|  |TAMS 0x000000061cc00000, 0x000000061cc00000| Untracked 
| 105|0x000000061d000000, 0x000000061d000000, 0x000000061d400000|  0%| F|  |TAMS 0x000000061d000000, 0x000000061d000000| Untracked 
| 106|0x000000061d400000, 0x000000061d400000, 0x000000061d800000|  0%| F|  |TAMS 0x000000061d400000, 0x000000061d400000| Untracked 
| 107|0x000000061d800000, 0x000000061d800000, 0x000000061dc00000|  0%| F|  |TAMS 0x000000061d800000, 0x000000061d800000| Untracked 
| 108|0x000000061dc00000, 0x000000061dc00000, 0x000000061e000000|  0%| F|  |TAMS 0x000000061dc00000, 0x000000061dc00000| Untracked 
| 109|0x000000061e000000, 0x000000061e000000, 0x000000061e400000|  0%| F|  |TAMS 0x000000061e000000, 0x000000061e000000| Untracked 
| 110|0x000000061e400000, 0x000000061e400000, 0x000000061e800000|  0%| F|  |TAMS 0x000000061e400000, 0x000000061e400000| Untracked 
| 111|0x000000061e800000, 0x000000061e800000, 0x000000061ec00000|  0%| F|  |TAMS 0x000000061e800000, 0x000000061e800000| Untracked 
| 112|0x000000061ec00000, 0x000000061ec00000, 0x000000061f000000|  0%| F|  |TAMS 0x000000061ec00000, 0x000000061ec00000| Untracked 
| 113|0x000000061f000000, 0x000000061f000000, 0x000000061f400000|  0%| F|  |TAMS 0x000000061f000000, 0x000000061f000000| Untracked 
| 114|0x000000061f400000, 0x000000061f400000, 0x000000061f800000|  0%| F|  |TAMS 0x000000061f400000, 0x000000061f400000| Untracked 
| 115|0x000000061f800000, 0x000000061f800000, 0x000000061fc00000|  0%| F|  |TAMS 0x000000061f800000, 0x000000061f800000| Untracked 
| 116|0x000000061fc00000, 0x000000061fc00000, 0x0000000620000000|  0%| F|  |TAMS 0x000000061fc00000, 0x000000061fc00000| Untracked 
| 117|0x0000000620000000, 0x0000000620000000, 0x0000000620400000|  0%| F|  |TAMS 0x0000000620000000, 0x0000000620000000| Untracked 
| 118|0x0000000620400000, 0x0000000620400000, 0x0000000620800000|  0%| F|  |TAMS 0x0000000620400000, 0x0000000620400000| Untracked 
| 119|0x0000000620800000, 0x0000000620800000, 0x0000000620c00000|  0%| F|  |TAMS 0x0000000620800000, 0x0000000620800000| Untracked 
| 120|0x0000000620c00000, 0x0000000620c00000, 0x0000000621000000|  0%| F|  |TAMS 0x0000000620c00000, 0x0000000620c00000| Untracked 
| 121|0x0000000621000000, 0x0000000621000000, 0x0000000621400000|  0%| F|  |TAMS 0x0000000621000000, 0x0000000621000000| Untracked 
| 122|0x0000000621400000, 0x0000000621400000, 0x0000000621800000|  0%| F|  |TAMS 0x0000000621400000, 0x0000000621400000| Untracked 
| 123|0x0000000621800000, 0x0000000621800000, 0x0000000621c00000|  0%| F|  |TAMS 0x0000000621800000, 0x0000000621800000| Untracked 
| 124|0x0000000621c00000, 0x0000000621c00000, 0x0000000622000000|  0%| F|  |TAMS 0x0000000621c00000, 0x0000000621c00000| Untracked 
| 125|0x0000000622000000, 0x0000000622277798, 0x0000000622400000| 61%| E|  |TAMS 0x0000000622000000, 0x0000000622000000| Complete 
| 126|0x0000000622400000, 0x0000000622800000, 0x0000000622800000|100%| E|CS|TAMS 0x0000000622400000, 0x0000000622400000| Complete 
| 127|0x0000000622800000, 0x0000000622c00000, 0x0000000622c00000|100%| E|  |TAMS 0x0000000622800000, 0x0000000622800000| Complete 

Card table byte_map: [0x0000018de2840000,0x0000018de3830000] _byte_map_base: 0x0000018ddf82a000

Marking Bits (Prev, Next): (CMBitMap*) 0x0000018dcab3cbf0, (CMBitMap*) 0x0000018dcab3cc30
 Prev Bits: [0x0000018de4820000, 0x0000018dec770000)
 Next Bits: [0x0000018dec770000, 0x0000018df46c0000)

Polling page: 0x0000018dca240000

Metaspace:

Usage:
  Non-class:      4.63 MB used.
      Class:    286.60 KB used.
       Both:      4.91 MB used.

Virtual space:
  Non-class space:        8.00 MB reserved,       4.75 MB ( 59%) committed,  1 nodes.
      Class space:        1.00 GB reserved,     384.00 KB ( <1%) committed,  1 nodes.
             Both:        1.01 GB reserved,       5.12 MB ( <1%) committed. 

Chunk freelists:
   Non-Class:  944.00 KB
       Class:  3.58 MB
        Both:  4.50 MB

MaxMetaspaceSize: unlimited
CompressedClassSpaceSize: 1.00 GB
Initial GC threshold: 21.00 MB
Current GC threshold: 21.00 MB
CDS: on
MetaspaceReclaimPolicy: balanced
 - commit_granule_bytes: 65536.
 - commit_granule_words: 8192.
 - virtual_space_node_default_size: 1048576.
 - enlarge_chunks_in_place: 1.
 - new_chunks_are_fully_committed: 0.
 - uncommit_free_chunks: 1.
 - use_allocation_guard: 0.
 - handle_deallocations: 1.


Internal statistics:

num_allocs_failed_limit: 0.
num_arena_births: 80.
num_arena_deaths: 0.
num_vsnodes_births: 2.
num_vsnodes_deaths: 0.
num_space_committed: 82.
num_space_uncommitted: 0.
num_chunks_returned_to_freelist: 0.
num_chunks_taken_from_freelist: 216.
num_chunk_merges: 0.
num_chunk_splits: 156.
num_chunks_enlarged: 120.
num_purges: 0.
num_inconsistent_stats: 0.

CodeHeap 'non-profiled nmethods': size=120000Kb used=190Kb max_used=190Kb free=119809Kb
 bounds [0x0000018dd9dc0000, 0x0000018dda030000, 0x0000018de12f0000]
CodeHeap 'profiled nmethods': size=120000Kb used=1051Kb max_used=1051Kb free=118948Kb
 bounds [0x0000018dd22f0000, 0x0000018dd2560000, 0x0000018dd9820000]
CodeHeap 'non-nmethods': size=5760Kb used=1245Kb max_used=1261Kb free=4514Kb
 bounds [0x0000018dd9820000, 0x0000018dd9a90000, 0x0000018dd9dc0000]
 total_blobs=1186 nmethods=622 adapters=477
 compilation: enabled
              stopped_count=0, restarted_count=0
 full_count=0

Compilation events (20 events):
Event: 0.380 Thread 0x0000018df73f9970  612       3       java.util.jar.JarFile::getEntry (35 bytes)
Event: 0.380 Thread 0x0000018df73f9970 nmethod 612 0x0000018dd23e4b10 code [0x0000018dd23e4d00, 0x0000018dd23e5198]
Event: 0.380 Thread 0x0000018df73f9970  611       3       java.net.URLStreamHandler::parseURL (1201 bytes)
Event: 0.383 Thread 0x0000018df76efa70  615       4       java.lang.String::startsWith (138 bytes)
Event: 0.383 Thread 0x0000018df73f6ec0  616       4       java.lang.StringLatin1::newString (24 bytes)
Event: 0.386 Thread 0x0000018df73f6ec0 nmethod 616 0x0000018dd9dee190 code [0x0000018dd9dee320, 0x0000018dd9dee798]
Event: 0.386 Thread 0x0000018df73f6ec0  617 %     4       java.lang.StringLatin1::indexOf @ 14 (121 bytes)
Event: 0.387 Thread 0x0000018df76efa70 nmethod 615 0x0000018dd9dee990 code [0x0000018dd9deeb20, 0x0000018dd9deee38]
Event: 0.390 Thread 0x0000018df73f9970 nmethod 611 0x0000018dd23e5310 code [0x0000018dd23e6440, 0x0000018dd23f0b08]
Event: 0.390 Thread 0x0000018df73f9970  613       3       java.lang.StringLatin1::indexOf (25 bytes)
Event: 0.390 Thread 0x0000018df73f9970 nmethod 613 0x0000018dd23f4a10 code [0x0000018dd23f4bc0, 0x0000018dd23f4dc8]
Event: 0.390 Thread 0x0000018df73f9970  618       3       java.lang.Integer::toUnsignedLong (7 bytes)
Event: 0.390 Thread 0x0000018df73f9970 nmethod 618 0x0000018dd23f4e90 code [0x0000018dd23f5020, 0x0000018dd23f5118]
Event: 0.390 Thread 0x0000018df73f9970  620       3       sun.misc.Unsafe::putLong (11 bytes)
Event: 0.390 Thread 0x0000018df73f9970 nmethod 620 0x0000018dd23f5190 code [0x0000018dd23f5320, 0x0000018dd23f5438]
Event: 0.390 Thread 0x0000018df73f9970  621       3       org.lwjgl.system.MemoryUtil::memPutAddress (29 bytes)
Event: 0.390 Thread 0x0000018df73f9970 nmethod 621 0x0000018dd23f5510 code [0x0000018dd23f56c0, 0x0000018dd23f58b8]
Event: 0.390 Thread 0x0000018df73f9970  614       3       java.lang.StringConcatHelper::initialCoder (14 bytes)
Event: 0.390 Thread 0x0000018df73f9970 nmethod 614 0x0000018dd23f5990 code [0x0000018dd23f5b20, 0x0000018dd23f5c38]
Event: 0.390 Thread 0x0000018df73f9970  622       3       sun.net.util.IPAddressUtil::checkHostString (53 bytes)

GC Heap History (0 events):
No events

Deoptimization events (20 events):
Event: 0.361 Thread 0x0000018dcaa91130 DEOPT PACKING pc=0x0000018dd23b2e72 sp=0x000000233d8fcdc0
Event: 0.361 Thread 0x0000018dcaa91130 DEOPT UNPACKING pc=0x0000018dd9872b43 sp=0x000000233d8fc238 mode 0
Event: 0.361 Thread 0x0000018dcaa91130 DEOPT PACKING pc=0x0000018dd23b2e72 sp=0x000000233d8fcdc0
Event: 0.361 Thread 0x0000018dcaa91130 DEOPT UNPACKING pc=0x0000018dd9872b43 sp=0x000000233d8fc238 mode 0
Event: 0.362 Thread 0x0000018dcaa91130 DEOPT PACKING pc=0x0000018dd23b2e72 sp=0x000000233d8fcdc0
Event: 0.362 Thread 0x0000018dcaa91130 DEOPT UNPACKING pc=0x0000018dd9872b43 sp=0x000000233d8fc238 mode 0
Event: 0.362 Thread 0x0000018dcaa91130 DEOPT PACKING pc=0x0000018dd23b2e72 sp=0x000000233d8fcdc0
Event: 0.362 Thread 0x0000018dcaa91130 DEOPT UNPACKING pc=0x0000018dd9872b43 sp=0x000000233d8fc238 mode 0
Event: 0.362 Thread 0x0000018dcaa91130 DEOPT PACKING pc=0x0000018dd23b2e72 sp=0x000000233d8fcdc0
Event: 0.362 Thread 0x0000018dcaa91130 DEOPT UNPACKING pc=0x0000018dd9872b43 sp=0x000000233d8fc238 mode 0
Event: 0.362 Thread 0x0000018dcaa91130 DEOPT PACKING pc=0x0000018dd23b2e72 sp=0x000000233d8fcdc0
Event: 0.362 Thread 0x0000018dcaa91130 DEOPT UNPACKING pc=0x0000018dd9872b43 sp=0x000000233d8fc238 mode 0
Event: 0.362 Thread 0x0000018dcaa91130 DEOPT PACKING pc=0x0000018dd23b2e72 sp=0x000000233d8fcdc0
Event: 0.362 Thread 0x0000018dcaa91130 DEOPT UNPACKING pc=0x0000018dd9872b43 sp=0x000000233d8fc238 mode 0
Event: 0.363 Thread 0x0000018dcaa91130 DEOPT PACKING pc=0x0000018dd23b2e72 sp=0x000000233d8fcdc0
Event: 0.363 Thread 0x0000018dcaa91130 DEOPT UNPACKING pc=0x0000018dd9872b43 sp=0x000000233d8fc238 mode 0
Event: 0.363 Thread 0x0000018dcaa91130 DEOPT PACKING pc=0x0000018dd23b2e72 sp=0x000000233d8fcdc0
Event: 0.363 Thread 0x0000018dcaa91130 DEOPT UNPACKING pc=0x0000018dd9872b43 sp=0x000000233d8fc238 mode 0
Event: 0.363 Thread 0x0000018dcaa91130 DEOPT PACKING pc=0x0000018dd23b2e72 sp=0x000000233d8fcdc0
Event: 0.363 Thread 0x0000018dcaa91130 DEOPT UNPACKING pc=0x0000018dd9872b43 sp=0x000000233d8fc238 mode 0

Classes unloaded (0 events):
No events

Classes redefined (0 events):
No events

Internal exceptions (18 events):
Event: 0.278 Thread 0x0000018dcaa91130 Exception <a 'java/lang/NoSuchMethodError'{0x000000062277e940}: 'void java.lang.invoke.DirectMethodHandle$Holder.invokeStatic(java.lang.Object, java.lang.Object)'> (0x000000062277e940) 
thrown [s\open\src\hotspot\share\interpreter\linkResolver.cpp, line 759]
Event: 0.278 Thread 0x0000018dcaa91130 Exception <a 'java/lang/NoSuchMethodError'{0x0000000622783d48}: 'void java.lang.invoke.DirectMethodHandle$Holder.invokeSpecial(java.lang.Object, java.lang.Object, java.lang.Object)'> (0x0000000622783d48) 
thrown [s\open\src\hotspot\share\interpreter\linkResolver.cpp, line 759]
Event: 0.279 Thread 0x0000018dcaa91130 Exception <a 'java/lang/NoSuchMethodError'{0x00000006227923e0}: 'java.lang.Object java.lang.invoke.DirectMethodHandle$Holder.invokeStatic(java.lang.Object, java.lang.Object, int)'> (0x00000006227923e0) 
thrown [s\open\src\hotspot\share\interpreter\linkResolver.cpp, line 759]
Event: 0.280 Thread 0x0000018dcaa91130 Exception <a 'java/lang/NoSuchMethodError'{0x000000062279e0d0}: 'void java.lang.invoke.DelegatingMethodHandle$Holder.delegate(java.lang.Object, java.lang.Object, int, java.lang.Object)'> (0x000000062279e0d0) 
thrown [s\open\src\hotspot\share\interpreter\linkResolver.cpp, line 759]
Event: 0.281 Thread 0x0000018dcaa91130 Exception <a 'java/lang/NoSuchMethodError'{0x00000006227a2310}: 'int java.lang.invoke.DirectMethodHandle$Holder.invokeSpecial(java.lang.Object, java.lang.Object, java.lang.Object)'> (0x00000006227a2310) 
thrown [s\open\src\hotspot\share\interpreter\linkResolver.cpp, line 759]
Event: 0.313 Thread 0x0000018dcaa91130 Exception <a 'sun/nio/fs/WindowsException'{0x000000062206a8b8}> (0x000000062206a8b8) 
thrown [s\open\src\hotspot\share\prims\jni.cpp, line 516]
Event: 0.314 Thread 0x0000018dcaa91130 Exception <a 'sun/nio/fs/WindowsException'{0x000000062206ae08}> (0x000000062206ae08) 
thrown [s\open\src\hotspot\share\prims\jni.cpp, line 516]
Event: 0.352 Thread 0x0000018dcaa91130 Exception <a 'sun/nio/fs/WindowsException'{0x00000006220f93b0}> (0x00000006220f93b0) 
thrown [s\open\src\hotspot\share\prims\jni.cpp, line 516]
Event: 0.352 Thread 0x0000018dcaa91130 Exception <a 'sun/nio/fs/WindowsException'{0x00000006220f9750}> (0x00000006220f9750) 
thrown [s\open\src\hotspot\share\prims\jni.cpp, line 516]
Event: 0.364 Thread 0x0000018dcaa91130 Exception <a 'sun/nio/fs/WindowsException'{0x0000000622104260}> (0x0000000622104260) 
thrown [s\open\src\hotspot\share\prims\jni.cpp, line 516]
Event: 0.364 Thread 0x0000018dcaa91130 Exception <a 'sun/nio/fs/WindowsException'{0x0000000622104530}> (0x0000000622104530) 
thrown [s\open\src\hotspot\share\prims\jni.cpp, line 516]
Event: 0.370 Thread 0x0000018dcaa91130 Exception <a 'java/lang/NoSuchMethodError'{0x0000000622139260}: 'java.lang.Object java.lang.invoke.DirectMethodHandle$Holder.invokeStaticInit(java.lang.Object)'> (0x0000000622139260) 
thrown [s\open\src\hotspot\share\interpreter\linkResolver.cpp, line 759]
Event: 0.373 Thread 0x0000018dcaa91130 Exception <a 'java/lang/NoSuchMethodError'{0x0000000622156bf0}: 'int java.lang.invoke.DirectMethodHandle$Holder.invokeStaticInit(java.lang.Object, java.lang.Object, int, long)'> (0x0000000622156bf0) 
thrown [s\open\src\hotspot\share\interpreter\linkResolver.cpp, line 759]
Event: 0.374 Thread 0x0000018dcaa91130 Exception <a 'java/lang/NoSuchMethodError'{0x000000062215c860}: 'java.lang.Object java.lang.invoke.DirectMethodHandle$Holder.newInvokeSpecial(java.lang.Object, java.lang.Object, int)'> (0x000000062215c860) 
thrown [s\open\src\hotspot\share\interpreter\linkResolver.cpp, line 759]
Event: 0.375 Thread 0x0000018dcaa91130 Exception <a 'java/lang/NoSuchMethodError'{0x000000062216c1e8}: 'int java.lang.invoke.DirectMethodHandle$Holder.invokeStaticInit(java.lang.Object, java.lang.Object, long, long)'> (0x000000062216c1e8) 
thrown [s\open\src\hotspot\share\interpreter\linkResolver.cpp, line 759]
Event: 0.376 Thread 0x0000018dcaa91130 Exception <a 'java/lang/NoSuchMethodError'{0x0000000622172218}: 'java.lang.Object java.lang.invoke.DirectMethodHandle$Holder.newInvokeSpecial(java.lang.Object, java.lang.Object, long)'> (0x0000000622172218) 
thrown [s\open\src\hotspot\share\interpreter\linkResolver.cpp, line 759]
Event: 0.376 Thread 0x0000018dcaa91130 Exception <a 'java/lang/NoSuchMethodError'{0x0000000622175d88}: 'java.lang.Object java.lang.invoke.Invokers$Holder.linkToTargetMethod(java.lang.Object, long, java.lang.Object)'> (0x0000000622175d88) 
thrown [s\open\src\hotspot\share\interpreter\linkResolver.cpp, line 759]
Event: 0.377 Thread 0x0000018dcaa91130 Exception <a 'java/lang/NoSuchMethodError'{0x000000062217d5f8}: 'int java.lang.invoke.DirectMethodHandle$Holder.invokeStaticInit(java.lang.Object, java.lang.Object, java.lang.Object, long)'> (0x000000062217d5f8) 
thrown [s\open\src\hotspot\share\interpreter\linkResolver.cpp, line 759]

VM Operations (6 events):
Event: 0.111 Executing VM operation: HandshakeAllThreads
Event: 0.111 Executing VM operation: HandshakeAllThreads done
Event: 0.305 Executing VM operation: HandshakeAllThreads
Event: 0.305 Executing VM operation: HandshakeAllThreads done
Event: 0.323 Executing VM operation: HandshakeAllThreads
Event: 0.323 Executing VM operation: HandshakeAllThreads done

Events (20 events):
Event: 0.335 loading class java/lang/constant/DynamicConstantDesc$AnonymousDynamicConstantDesc
Event: 0.335 loading class java/lang/constant/DynamicConstantDesc$AnonymousDynamicConstantDesc done
Event: 0.353 Loaded shared library C:\Users\marco\AppData\Local\Temp\lwjgl_marco\3.3.4+7\x64\lwjgl_opengl.dll
Event: 0.355 Thread 0x0000018df76efa70 Thread added: 0x0000018df76efa70
Event: 0.364 loading class java/lang/NoSuchFieldError
Event: 0.364 loading class java/lang/NoSuchFieldError done
Event: 0.370 loading class java/lang/ThreadLocal$SuppliedThreadLocal
Event: 0.370 loading class java/lang/ThreadLocal$SuppliedThreadLocal done
Event: 0.371 loading class java/nio/DirectShortBufferU
Event: 0.371 loading class java/nio/DirectShortBufferU done
Event: 0.371 loading class java/nio/DirectCharBufferU
Event: 0.371 loading class java/nio/DirectCharBufferU done
Event: 0.371 loading class java/nio/DirectFloatBufferU
Event: 0.371 loading class java/nio/DirectFloatBufferU done
Event: 0.371 loading class java/nio/DirectDoubleBufferU
Event: 0.372 loading class java/nio/DirectDoubleBufferU done
Event: 0.373 loading class java/util/function/LongPredicate
Event: 0.373 loading class java/util/function/LongPredicate done
Event: 0.377 loading class java/nio/InvalidMarkException
Event: 0.377 loading class java/nio/InvalidMarkException done


Dynamic libraries:
0x00007ff6e8bd0000 - 0x00007ff6e8be0000 	C:\Program Files\Java\jdk-17\bin\java.exe
0x00007ffa3f550000 - 0x00007ffa3f748000 	C:\WINDOWS\SYSTEM32\ntdll.dll
0x00007ffa3f450000 - 0x00007ffa3f50d000 	C:\WINDOWS\System32\KERNEL32.DLL
0x00007ffa3d260000 - 0x00007ffa3d556000 	C:\WINDOWS\System32\KERNELBASE.dll
0x0000000061300000 - 0x0000000061632000 	C:\Program Files\Norton Security\NortonData\22.20.4.57\Definitions\IPSDefs\20240820.064\IPSEng64.dll
0x00007ffa3d8f0000 - 0x00007ffa3d9a0000 	C:\WINDOWS\System32\ADVAPI32.dll
0x00007ffa3f3b0000 - 0x00007ffa3f44e000 	C:\WINDOWS\System32\msvcrt.dll
0x00007ffa3d830000 - 0x00007ffa3d8d0000 	C:\WINDOWS\System32\sechost.dll
0x00007ffa3e440000 - 0x00007ffa3e563000 	C:\WINDOWS\System32\RPCRT4.dll
0x00007ffa3cf40000 - 0x00007ffa3cf67000 	C:\WINDOWS\System32\bcrypt.dll
0x00007ffa3d9a0000 - 0x00007ffa3d9a8000 	C:\WINDOWS\System32\PSAPI.DLL
0x00007ffa3cf70000 - 0x00007ffa3d070000 	C:\WINDOWS\System32\ucrtbase.dll
0x00007ffa0d1a0000 - 0x00007ffa0d1b9000 	C:\Program Files\Java\jdk-17\bin\jli.dll
0x00007ffa0d1c0000 - 0x00007ffa0d1db000 	C:\Program Files\Java\jdk-17\bin\VCRUNTIME140.dll
0x00007ffa3e570000 - 0x00007ffa3e70f000 	C:\WINDOWS\System32\USER32.dll
0x00007ffa3d560000 - 0x00007ffa3d582000 	C:\WINDOWS\System32\win32u.dll
0x00007ffa24220000 - 0x00007ffa244ba000 	C:\WINDOWS\WinSxS\amd64_microsoft.windows.common-controls_6595b64144ccf1df_6.0.19041.4355_none_60b8b9eb71f62e16\COMCTL32.dll
0x00007ffa3d7a0000 - 0x00007ffa3d7cb000 	C:\WINDOWS\System32\GDI32.dll
0x00007ffa3ce20000 - 0x00007ffa3cf37000 	C:\WINDOWS\System32\gdi32full.dll
0x00007ffa3ccc0000 - 0x00007ffa3cd5d000 	C:\WINDOWS\System32\msvcp_win.dll
0x00007ffa33d70000 - 0x00007ffa33d7a000 	C:\WINDOWS\SYSTEM32\VERSION.dll
0x00007ffa3de20000 - 0x00007ffa3de4f000 	C:\WINDOWS\System32\IMM32.DLL
0x00007ffa2ad50000 - 0x00007ffa2ad5c000 	C:\Program Files\Java\jdk-17\bin\vcruntime140_1.dll
0x00007ff9c9260000 - 0x00007ff9c92ee000 	C:\Program Files\Java\jdk-17\bin\msvcp140.dll
0x00007ff9baf40000 - 0x00007ff9bbb1d000 	C:\Program Files\Java\jdk-17\bin\server\jvm.dll
0x00007ffa31c60000 - 0x00007ffa31c69000 	C:\WINDOWS\SYSTEM32\WSOCK32.dll
0x00007ffa2f840000 - 0x00007ffa2f867000 	C:\WINDOWS\SYSTEM32\WINMM.dll
0x00007ffa3d590000 - 0x00007ffa3d5fb000 	C:\WINDOWS\System32\WS2_32.dll
0x00007ffa3aa50000 - 0x00007ffa3aa62000 	C:\WINDOWS\SYSTEM32\kernel.appcore.dll
0x00007ffa279d0000 - 0x00007ffa279da000 	C:\Program Files\Java\jdk-17\bin\jimage.dll
0x00007ffa39d00000 - 0x00007ffa39ee4000 	C:\WINDOWS\SYSTEM32\DBGHELP.DLL
0x00007ffa39cc0000 - 0x00007ffa39cf4000 	C:\WINDOWS\SYSTEM32\dbgcore.DLL
0x00007ffa3d1d0000 - 0x00007ffa3d252000 	C:\WINDOWS\System32\bcryptPrimitives.dll
0x00007ffa00520000 - 0x00007ffa00545000 	C:\Program Files\Java\jdk-17\bin\java.dll
0x00007ff9c9180000 - 0x00007ff9c9257000 	C:\Program Files\Java\jdk-17\bin\jsvml.dll
0x00007ffa3ea90000 - 0x00007ffa3f1fc000 	C:\WINDOWS\System32\SHELL32.dll
0x00007ffa3ac50000 - 0x00007ffa3b3ed000 	C:\WINDOWS\SYSTEM32\windows.storage.dll
0x00007ffa3e710000 - 0x00007ffa3ea63000 	C:\WINDOWS\System32\combase.dll
0x00007ffa3c630000 - 0x00007ffa3c65e000 	C:\WINDOWS\SYSTEM32\Wldp.dll
0x00007ffa3df80000 - 0x00007ffa3e04d000 	C:\WINDOWS\System32\OLEAUT32.dll
0x00007ffa3e2e0000 - 0x00007ffa3e38d000 	C:\WINDOWS\System32\SHCORE.dll
0x00007ffa3e200000 - 0x00007ffa3e255000 	C:\WINDOWS\System32\shlwapi.dll
0x00007ffa3cb40000 - 0x00007ffa3cb64000 	C:\WINDOWS\SYSTEM32\profapi.dll
0x00007ffa0d180000 - 0x00007ffa0d199000 	C:\Program Files\Java\jdk-17\bin\net.dll
0x00007ffa332f0000 - 0x00007ffa333fa000 	C:\WINDOWS\SYSTEM32\WINHTTP.dll
0x00007ffa3c350000 - 0x00007ffa3c3ba000 	C:\WINDOWS\system32\mswsock.dll
0x00007ffa09980000 - 0x00007ffa09996000 	C:\Program Files\Java\jdk-17\bin\nio.dll
0x00007ffa07870000 - 0x00007ffa07888000 	C:\Program Files\Java\jdk-17\bin\zip.dll
0x00007ffa24af0000 - 0x00007ffa24b00000 	C:\Program Files\Java\jdk-17\bin\verify.dll
0x00007ffa32e60000 - 0x00007ffa32edb000 	C:\Users\marco\AppData\Local\Temp\lwjgl_marco\3.3.4+7\x64\lwjgl.dll
0x00007ffa32df0000 - 0x00007ffa32e51000 	C:\Users\marco\AppData\Local\Temp\lwjgl_marco\3.3.4+7\x64\lwjgl_opengl.dll
0x00007ffa17980000 - 0x00007ffa17aa5000 	C:\WINDOWS\SYSTEM32\opengl32.dll
0x00007ffa31ba0000 - 0x00007ffa31bcc000 	C:\WINDOWS\SYSTEM32\GLU32.dll

dbghelp: loaded successfully - version: 4.0.5 - missing functions: none
symbol engine: initialized successfully - sym options: 0x614 - pdb path: .;C:\Program Files\Java\jdk-17\bin;C:\WINDOWS\SYSTEM32;C:\Program Files\Norton Security\NortonData\22.20.4.57\Definitions\IPSDefs\20240820.064;C:\WINDOWS\WinSxS\amd64_microsoft.windows.common-controls_6595b64144ccf1df_6.0.19041.4355_none_60b8b9eb71f62e16;C:\Program Files\Java\jdk-17\bin\server;C:\Users\marco\AppData\Local\Temp\lwjgl_marco\3.3.4+7\x64

VM Arguments:
jvm_args: -Dfile.encoding=windows-1252 -Duser.country=ES -Duser.language=es -Duser.variant 
java_command: me.restonic4.engine.Main
java_class_path (initial): C:\Users\marco\IdeaProjects\EpicAmazingCoolGameTestIGues\build\classes\java\main;C:\Users\marco\IdeaProjects\EpicAmazingCoolGameTestIGues\build\resources\main;C:\Users\marco\.gradle\caches\modules-2\files-2.1\org.joml\joml\1.10.8\fc0a71dad90a2cf41d82a76156a0e700af8e4f8d\joml-1.10.8.jar;C:\Users\marco\.gradle\caches\modules-2\files-2.1\org.lwjgl\lwjgl-glfw\3.3.4\7e46ecdec85db8738053cfde1414352cd62dab74\lwjgl-glfw-3.3.4.jar;C:\Users\marco\.gradle\caches\modules-2\files-2.1\org.lwjgl\lwjgl-glfw\3.3.4\370ef92d15819a123c643dd2b0fc3a2d40bb263c\lwjgl-glfw-3.3.4-natives-windows.jar;C:\Users\marco\.gradle\caches\modules-2\files-2.1\org.lwjgl\lwjgl-openal\3.3.4\9b74d3ea380c83353d42af43ad9659e04dabe84a\lwjgl-openal-3.3.4.jar;C:\Users\marco\.gradle\caches\modules-2\files-2.1\org.lwjgl\lwjgl-openal\3.3.4\c4de8af803aacda71044418095a71cd63b569a15\lwjgl-openal-3.3.4-natives-windows.jar;C:\Users\marco\.gradle\caches\modules-2\files-2.1\org.lwjgl\lwjgl-opengl\3.3.4\2852ac7d9f6fc71349f1ce28e2708ff1977f18af\lwjgl-opengl-3.3.4.jar;C:\Users\marco\.gradle\caches\modules-2\files-2.1\org.lwjgl\lwjgl-opengl\3.3.4\f7ca4e75573a9ce83075bd86bc8a3e49ff106696\lwjgl-opengl-3.3.4-natives-windows.jar;C:\Users\marco\.gradle\caches\modules-2\files-2.1\org.lwjgl\lwjgl-stb\3.3.4\5821735d5ef23f6da8542887344e57eb181b7cac\lwjgl-stb-3.3.4.jar;C:\Users\marco\.gradle\caches\modules-2\files-2.1\org.lwjgl\lwjgl-stb\3.3.4\8310e565463ec8d369528e8b26a9b1518d079a01\lwjgl-stb-3.3.4-natives-windows.jar;C:\Users\marco\.gradle\caches\modules-2\files-2.1\org.lwjgl\lwjgl\3.3.4\b86c3e4832426e8a6b466013b7cb34b40e9ce956\lwjgl-3.3.4.jar;C:\Users\marco\.gradle\caches\modules-2\files-2.1\org.lwjgl\lwjgl\3.3.4\dd0927c1348cdcd9573fa24b7278ec1ac2bb0a76\lwjgl-3.3.4-natives-windows.jar;C:\Users\marco\.gradle\caches\modules-2\files-2.1\org.jetbrains.kotlin\kotlin-stdlib-jdk8\1.8.20\73576ddf378c5b4f1f6b449fe6b119b8183fc078\kotlin-stdlib-jdk8-1.8.20.jar;C:\Users\marco\.gradle\caches\modules-2\files-2.1\org.
Launcher Type: SUN_STANDARD

[Global flags]
     intx CICompilerCount                          = 4                                         {product} {ergonomic}
     uint ConcGCThreads                            = 3                                         {product} {ergonomic}
     uint G1ConcRefinementThreads                  = 10                                        {product} {ergonomic}
   size_t G1HeapRegionSize                         = 4194304                                   {product} {ergonomic}
    uintx GCDrainStackTargetSize                   = 64                                        {product} {ergonomic}
   size_t InitialHeapSize                          = 536870912                                 {product} {ergonomic}
   size_t MarkStackSize                            = 4194304                                   {product} {ergonomic}
   size_t MaxHeapSize                              = 8543797248                                {product} {ergonomic}
   size_t MaxNewSize                               = 5125439488                                {product} {ergonomic}
   size_t MinHeapDeltaBytes                        = 4194304                                   {product} {ergonomic}
   size_t MinHeapSize                              = 8388608                                   {product} {ergonomic}
    uintx NonNMethodCodeHeapSize                   = 5839372                                {pd product} {ergonomic}
    uintx NonProfiledCodeHeapSize                  = 122909434                              {pd product} {ergonomic}
    uintx ProfiledCodeHeapSize                     = 122909434                              {pd product} {ergonomic}
    uintx ReservedCodeCacheSize                    = 251658240                              {pd product} {ergonomic}
     bool SegmentedCodeCache                       = true                                      {product} {ergonomic}
   size_t SoftMaxHeapSize                          = 8543797248                             {manageable} {ergonomic}
     bool UseCompressedClassPointers               = true                           {product lp64_product} {ergonomic}
     bool UseCompressedOops                        = true                           {product lp64_product} {ergonomic}
     bool UseG1GC                                  = true                                      {product} {ergonomic}
     bool UseLargePagesIndividualAllocation        = false                                  {pd product} {ergonomic}

Logging:
Log output configuration:
 #0: stdout all=warning uptime,level,tags
 #1: stderr all=off uptime,level,tags

Environment Variables:
PATH=C:\Python311\Scripts\;C:\Python311\;C:\Program Files\Common Files\Oracle\Java\javapath;C:\Program Files\Oculus\Support\oculus-runtime;C:\Python39\Scripts\;C:\Python39\;C:\Program Files (x86)\Common Files\Oracle\Java\javapath;C:\Windows\system32;C:\Windows;C:\Windows\System32\Wbem;C:\Windows\System32\WindowsPowerShell\v1.0\;C:\Windows\System32\OpenSSH\;C:\Program Files\NVIDIA Corporation\NVIDIA NvDLISR;C:\ProgramData\chocolatey\bin;C:\WINDOWS\system32;C:\WINDOWS;C:\WINDOWS\System32\Wbem;C:\WINDOWS\System32\WindowsPowerShell\v1.0\;C:\WINDOWS\System32\OpenSSH\;C:\Program Files\dotnet\;C:\Program Files\Git\cmd;C:\Program Files (x86)\NVIDIA Corporation\PhysX\Common;C:\Program Files\nodejs\;C:\Users\marco\Documents\Nueva carpeta\OBSCommand;C:\Users\marco\Documents\OBS COMMANDS\OBSCommand;C:\Program Files (x86)\Windows Kits\10\Windows Performance Toolkit\;C:\Program Files\Java\jdk-17\bin;C:\Program Files (x86)\WiX Toolset v3.14\bin;C:\Users\marco\.cargo\bin;C:\Users\marco\AppData\Local\Programs\Python\Python310\Scripts\;C:\Users\marco\AppData\Local\Programs\Python\Python310\;C:\Users\marco\AppData\Local\Microsoft\WindowsApps;C:\Users\marco\AppData\Local\Programs\Microsoft VS Code\bin;C:\Users\marco\.dotnet\tools;C:\xampp\php;C:\Program Files\heroku\bin;C:\Users\marco\AppData\Roaming\npm;C:\FFMPEG\files;C:\Program Files\JetBrains\WebStorm 2023.3.3\bin;;C:\yt-dlp;
USERNAME=marco
OS=Windows_NT
PROCESSOR_IDENTIFIER=Intel64 Family 6 Model 165 Stepping 2, GenuineIntel



---------------  S Y S T E M  ---------------

OS:
 Windows 10 , 64 bit Build 19041 (10.0.19041.3636)
OS uptime: 36 days 7:57 hours
Hyper-V role detected

CPU: total 12 (initial active 12) (6 cores per cpu, 2 threads per core) family 6 model 165 stepping 2 microcode 0xc8, cx8, cmov, fxsr, ht, mmx, 3dnowpref, sse, sse2, sse3, ssse3, sse4.1, sse4.2, popcnt, lzcnt, tsc, tscinvbit, avx, avx2, aes, erms, clmul, bmi1, bmi2, adx, fma, vzeroupper, clflush, clflushopt, hv

Memory: 4k page, system-wide physical 32585M (16978M free)
TotalPageFile size 55113M (AvailPageFile size 36940M)
current process WorkingSet (physical memory assigned to process): 58M, peak: 58M
current process commit charge ("private bytes"): 627M, peak: 627M

vm_info: Java HotSpot(TM) 64-Bit Server VM (17.0.7+8-LTS-224) for windows-amd64 JRE (17.0.7+8-LTS-224), built on Feb 28 2023 23:03:02 by "mach5one" with MS VC++ 17.1 (VS2022)

END.
