#
# A fatal error has been detected by the Java Runtime Environment:
#
#  EXCEPTION_ACCESS_VIOLATION (0xc0000005) at pc=0x00007ff9cd1562b0, pid=21096, tid=8556
#
# JRE version: Java(TM) SE Runtime Environment (17.0.7+8) (build 17.0.7+8-LTS-224)
# Java VM: Java HotSpot(TM) 64-Bit Server VM (17.0.7+8-LTS-224, mixed mode, sharing, tiered, compressed oops, compressed class ptrs, g1 gc, windows-amd64)
# Problematic frame:
# C  [nvoglv64.dll+0x5262b0]
#
# No core dump will be written. Minidumps are not enabled by default on client versions of Windows
#
# If you would like to submit a bug report, please visit:
#   https://bugreport.java.com/bugreport/crash.jsp
# The crash happened outside the Java Virtual Machine in native code.
# See problematic frame for where to report the bug.
#

---------------  S U M M A R Y ------------

Command Line: -Dfile.encoding=windows-1252 -Duser.country=ES -Duser.language=es -Duser.variant me.restonic4.engine.Main

Host: Intel(R) Core(TM) i7-10750H CPU @ 2.60GHz, 12 cores, 31G,  Windows 10 , 64 bit Build 19041 (10.0.19041.3636)
Time: Thu Aug 22 20:54:11 2024 Hora de verano romance elapsed time: 0.759641 seconds (0d 0h 0m 0s)

---------------  T H R E A D  ---------------

Current thread (0x000001f9649c0600):  JavaThread "main" [_thread_in_native, id=8556, stack(0x0000004784300000,0x0000004784400000)]

Stack: [0x0000004784300000,0x0000004784400000],  sp=0x00000047843ff200,  free space=1020k
Native frames: (J=compiled Java code, j=interpreted, Vv=VM code, C=native code)
C  [nvoglv64.dll+0x5262b0]

Java frames: (J=compiled Java code, j=interpreted, Vv=VM code)
j  org.lwjgl.opengl.GL11C.nglDrawElements(IIIJ)V+0
j  org.lwjgl.opengl.GL11C.glDrawElements(IIIJ)V+4
j  org.lwjgl.opengl.GL11.glDrawElements(IIIJ)V+4
j  me.restonic4.engine.render.RenderBatch.render()V+104
j  me.restonic4.engine.render.Renderer.renderBatches(Ljava/util/List;)V+27
j  me.restonic4.engine.render.Renderer.render()V+29
j  me.restonic4.engine.Scene.update()V+76
j  me.restonic4.game.core.scenes.WorldScene.update()V+562
j  me.restonic4.engine.Window.loop()V+42
j  me.restonic4.engine.Window.run()V+5
j  me.restonic4.engine.Main.main([Ljava/lang/String;)V+12
v  ~StubRoutines::call_stub

siginfo: EXCEPTION_ACCESS_VIOLATION (0xc0000005), reading address 0x0000000000000000


Register to memory mapping:

RIP=0x00007ff9cd1562b0 nvoglv64.dll
RAX=0x00000000fffffffc is an unknown value
RBX=0x0 is NULL
RCX=0x0000000000000004 is an unknown value
RDX=0x0 is NULL
RSP=0x00000047843ff200 is pointing into the stack for thread: 0x000001f9649c0600
RBP=0x00000000000000bc is an unknown value
RSI=0x0000000000000024 is an unknown value
RDI=0x000001f914444080 points into unknown readable memory: 0x0000000000000000 | 00 00 00 00 00 00 00 00
R8 =0x000001f9195c1010 points into unknown readable memory: 0x0000000000000000 | 00 00 00 00 00 00 00 00
R9 =0x0000000000000004 is an unknown value
R10=0x000001f9195c0ff0 points into unknown readable memory: 0x000000040005e006 | 06 e0 05 00 04 00 00 00
R11=0x000001f9195c1008 points into unknown readable memory: 0x0000000000000000 | 00 00 00 00 00 00 00 00
R12=0x000001f9195c1010 points into unknown readable memory: 0x0000000000000000 | 00 00 00 00 00 00 00 00
R13=0x0000000000001405 is an unknown value
R14=0x0000000000000090 is an unknown value
R15=0x0 is NULL


Registers:
RAX=0x00000000fffffffc, RBX=0x0000000000000000, RCX=0x0000000000000004, RDX=0x0000000000000000
RSP=0x00000047843ff200, RBP=0x00000000000000bc, RSI=0x0000000000000024, RDI=0x000001f914444080
R8 =0x000001f9195c1010, R9 =0x0000000000000004, R10=0x000001f9195c0ff0, R11=0x000001f9195c1008
R12=0x000001f9195c1010, R13=0x0000000000001405, R14=0x0000000000000090, R15=0x0000000000000000
RIP=0x00007ff9cd1562b0, EFLAGS=0x0000000000010297

Top of Stack: (sp=0x00000047843ff200)
0x00000047843ff200:   00000047843ff318 00007ff9aa9d0122
0x00000047843ff210:   000001f9737775c2 000000000017555d
0x00000047843ff220:   000001f9649c0600 000001f9649c0600
0x00000047843ff230:   000001f9127f7540 000001f9649c0600
0x00000047843ff240:   0000000000000073 000001f97375d48e
0x00000047843ff250:   000001f9649c0600 000001f9127f7540
0x00000047843ff260:   0000000000000000 0000000000000073
0x00000047843ff270:   0000000000000000 000001f97375d621
0x00000047843ff280:   00000047843ff318 00000047843ff201
0x00000047843ff290:   00000047843ff358 000001f9127f7540
0x00000047843ff2a0:   000001f900001405 0000000000000000
0x00000047843ff2b0:   3ff0000000000000 000001f9649c0600
0x00000047843ff2c0:   0000000000000000 000001f97375d2f6
0x00000047843ff2d0:   00000047843ff2d0 000001f9127f7540
0x00000047843ff2e0:   00000047843ff358 000001f91b001bb0
0x00000047843ff2f0:   0000000000000000 0000000621c4b358 

Instructions: (pc=0x00007ff9cd1562b0)
0x00007ff9cd1561b0:   20 e8 aa 84 3a 00 48 8b ac 24 80 00 00 00 4c 8b
0x00007ff9cd1561c0:   b4 24 90 00 00 00 48 8b 9c 24 98 00 00 00 48 83
0x00007ff9cd1561d0:   c4 50 41 5f 41 5d 41 5c 5f 5e c3 48 8b 4f 50 8b
0x00007ff9cd1561e0:   c3 48 2b 4f 40 48 c1 f9 02 85 c9 0f 49 c1 c1 e0
0x00007ff9cd1561f0:   02 3b e8 72 0a 8b d5 48 8b cf e8 01 d1 21 00 4c
0x00007ff9cd156200:   8b 57 40 8b c5 c1 e0 0b 83 c8 06 41 89 02 45 89
0x00007ff9cd156210:   62 04 41 89 72 08 45 89 6a 0c 4d 89 7a 10 38 9c
0x00007ff9cd156220:   24 88 00 00 00 0f 84 1f 01 00 00 4c 8b 5f 40 41
0x00007ff9cd156230:   8d 47 0f 83 e0 f0 49 83 c3 18 41 2b c7 49 8b d7
0x00007ff9cd156240:   d1 f8 44 8b ce 0f 57 db 49 8d 4b 04 03 c1 4d 8d
0x00007ff9cd156250:   43 04 f7 d8 83 e0 0f 4c 03 c0 4d 8b e0 41 f6 c7
0x00007ff9cd156260:   0f 74 1d 45 85 c9 74 18 8b 02 41 ff c9 66 41 89
0x00007ff9cd156270:   00 0b d8 49 83 c0 02 48 83 c2 04 f6 c2 0f 75 e3
0x00007ff9cd156280:   41 83 f9 08 7e 5f 66 0f 6f 25 82 b5 26 01 41 8d
0x00007ff9cd156290:   41 f7 66 0f 6f 2d 86 b5 26 01 c1 e8 03 ff c0 8b
0x00007ff9cd1562a0:   c8 f7 d8 45 8d 0c c1 66 0f 1f 84 00 00 00 00 00
0x00007ff9cd1562b0:   f3 0f 6f 12 f3 0f 6f 4a 10 0f 56 da 0f 56 d9 48
0x00007ff9cd1562c0:   83 c2 20 0f 18 02 66 0f fe d4 66 0f fe cc 66 0f
0x00007ff9cd1562d0:   6b d1 66 0f fd d5 f3 41 0f 7f 10 49 83 c0 10 48
0x00007ff9cd1562e0:   83 e9 01 75 cb 66 0f 6f c3 66 0f 6f cb 66 0f 73
0x00007ff9cd1562f0:   d8 0c 66 0f 7e c1 66 0f 6f c3 66 0f 73 d9 08 66
0x00007ff9cd156300:   0f 7e c8 66 0f 73 d8 04 0b c8 66 0f 7e c0 0b c8
0x00007ff9cd156310:   66 0f 7e d8 0b c8 0b d9 45 85 c9 74 19 0f 1f 00
0x00007ff9cd156320:   8b 02 0b d8 66 41 89 00 4d 8d 40 02 48 8d 52 04
0x00007ff9cd156330:   41 83 e9 01 75 ea 45 2b e3 45 89 23 f7 c3 00 00
0x00007ff9cd156340:   ff ff 74 46 ff 87 ac 11 92 00 48 8b 5f 40 49 8b
0x00007ff9cd156350:   d7 4d 63 c6 48 8d 4b 1c e8 83 28 f3 00 c7 43 18
0x00007ff9cd156360:   04 00 00 00 48 63 c5 48 83 e0 fc 48 01 47 40 48
0x00007ff9cd156370:   8b 47 40 48 3b 47 48 0f 82 39 fe ff ff 48 8b cf
0x00007ff9cd156380:   e8 cb cb 21 00 e9 2c fe ff ff 41 c7 42 0c 03 14
0x00007ff9cd156390:   00 00 41 8b 2b 48 8b 47 40 83 c5 03 8d 6c 75 00
0x00007ff9cd1563a0:   83 e5 fc 83 c5 18 8b cd c1 e1 0b 83 c9 06 89 08 


Stack slot to memory mapping:
stack at sp + 0 slots: 0x00000047843ff318 is pointing into the stack for thread: 0x000001f9649c0600
stack at sp + 1 slots: 0x00007ff9aa9d0122 jvm.dll
stack at sp + 2 slots: 0x000001f9737775c2 is at code_begin+4418 in 
[CodeBlob (0x000001f973776410)]
Framesize: 0
BufferBlob (0x000001f973776410) used for native signature handlers
stack at sp + 3 slots: 0x000000000017555d is an unknown value
stack at sp + 4 slots: 0x000001f9649c0600 is a thread
stack at sp + 5 slots: 0x000001f9649c0600 is a thread
stack at sp + 6 slots: {method} {0x000001f9127f7548} 'nglDrawElements' '(IIIJ)V' in 'org/lwjgl/opengl/GL11C'
stack at sp + 7 slots: 0x000001f9649c0600 is a thread


---------------  P R O C E S S  ---------------

Threads class SMR info:
_java_thread_list=0x000001f9196900c0, length=12, elements={
0x000001f9649c0600, 0x000001f97e900760, 0x000001f97e902380, 0x000001f97e9165b0,
0x000001f97e917070, 0x000001f97e91a950, 0x000001f97e91b210, 0x000001f97e921e20,
0x000001f97e92dce0, 0x000001f97e92fe10, 0x000001f97f581790, 0x000001f97f588270
}

Java Threads: ( => current thread )
=>0x000001f9649c0600 JavaThread "main" [_thread_in_native, id=8556, stack(0x0000004784300000,0x0000004784400000)]
  0x000001f97e900760 JavaThread "Reference Handler" daemon [_thread_blocked, id=22128, stack(0x0000004784a00000,0x0000004784b00000)]
  0x000001f97e902380 JavaThread "Finalizer" daemon [_thread_blocked, id=15020, stack(0x0000004784b00000,0x0000004784c00000)]
  0x000001f97e9165b0 JavaThread "Signal Dispatcher" daemon [_thread_blocked, id=33588, stack(0x0000004784c00000,0x0000004784d00000)]
  0x000001f97e917070 JavaThread "Attach Listener" daemon [_thread_blocked, id=5964, stack(0x0000004784d00000,0x0000004784e00000)]
  0x000001f97e91a950 JavaThread "Service Thread" daemon [_thread_blocked, id=1304, stack(0x0000004784e00000,0x0000004784f00000)]
  0x000001f97e91b210 JavaThread "Monitor Deflation Thread" daemon [_thread_blocked, id=29496, stack(0x0000004784f00000,0x0000004785000000)]
  0x000001f97e921e20 JavaThread "C2 CompilerThread0" daemon [_thread_blocked, id=3440, stack(0x0000004785000000,0x0000004785100000)]
  0x000001f97e92dce0 JavaThread "C1 CompilerThread0" daemon [_thread_blocked, id=27764, stack(0x0000004785100000,0x0000004785200000)]
  0x000001f97e92fe10 JavaThread "Sweeper thread" daemon [_thread_blocked, id=32360, stack(0x0000004785200000,0x0000004785300000)]
  0x000001f97f581790 JavaThread "Notification Thread" daemon [_thread_blocked, id=4828, stack(0x0000004785300000,0x0000004785400000)]
  0x000001f97f588270 JavaThread "Common-Cleaner" daemon [_thread_blocked, id=20680, stack(0x0000004785500000,0x0000004785600000)]

Other Threads:
  0x000001f97e8fb6c0 VMThread "VM Thread" [stack: 0x0000004784900000,0x0000004784a00000] [id=24384]
  0x000001f97e7727e0 WatcherThread [stack: 0x0000004785400000,0x0000004785500000] [id=15928]
  0x000001f964a6b9c0 GCTaskThread "GC Thread#0" [stack: 0x0000004784400000,0x0000004784500000] [id=4128]
  0x000001f964a6d7f0 ConcurrentGCThread "G1 Main Marker" [stack: 0x0000004784500000,0x0000004784600000] [id=4208]
  0x000001f964a6ec80 ConcurrentGCThread "G1 Conc#0" [stack: 0x0000004784600000,0x0000004784700000] [id=26072]
  0x000001f97e834fc0 ConcurrentGCThread "G1 Refine#0" [stack: 0x0000004784700000,0x0000004784800000] [id=29960]
  0x000001f97e8358f0 ConcurrentGCThread "G1 Service" [stack: 0x0000004784800000,0x0000004784900000] [id=33360]

Threads with active compile tasks:

VM state: not at safepoint (normal execution)

VM Mutex/Monitor currently owned by a thread: None

Heap address: 0x0000000602c00000, size: 8148 MB, Compressed Oops mode: Zero based, Oop shift amount: 3

CDS archive(s) mapped at: [0x0000000800000000-0x0000000800bd0000-0x0000000800bd0000), size 12386304, SharedBaseAddress: 0x0000000800000000, ArchiveRelocationMode: 0.
Compressed class space mapped at: 0x0000000800c00000-0x0000000840c00000, reserved size: 1073741824
Narrow klass base: 0x0000000800000000, Narrow klass shift: 0, Narrow klass range: 0x100000000

GC Precious Log:
 CPUs: 12 total, 12 available
 Memory: 32585M
 Large Page Support: Disabled
 NUMA Support: Disabled
 Compressed Oops: Enabled (Zero based)
 Heap Region Size: 4M
 Heap Min Capacity: 8M
 Heap Initial Capacity: 512M
 Heap Max Capacity: 8148M
 Pre-touch: Disabled
 Parallel Workers: 10
 Concurrent Workers: 3
 Concurrent Refinement Workers: 10
 Periodic GC: Disabled

Heap:
 garbage-first heap   total 524288K, used 12288K [0x0000000602c00000, 0x0000000800000000)
  region size 4096K, 4 young (16384K), 0 survivors (0K)
 Metaspace       used 6560K, committed 6784K, reserved 1064960K
  class space    used 367K, committed 448K, reserved 1048576K

Heap Regions: E=young(eden), S=young(survivor), O=old, HS=humongous(starts), HC=humongous(continues), CS=collection set, F=free, OA=open archive, CA=closed archive, TAMS=top-at-mark-start (previous, next)
|   0|0x0000000602c00000, 0x0000000602c00000, 0x0000000603000000|  0%| F|  |TAMS 0x0000000602c00000, 0x0000000602c00000| Untracked 
|   1|0x0000000603000000, 0x0000000603000000, 0x0000000603400000|  0%| F|  |TAMS 0x0000000603000000, 0x0000000603000000| Untracked 
|   2|0x0000000603400000, 0x0000000603400000, 0x0000000603800000|  0%| F|  |TAMS 0x0000000603400000, 0x0000000603400000| Untracked 
|   3|0x0000000603800000, 0x0000000603800000, 0x0000000603c00000|  0%| F|  |TAMS 0x0000000603800000, 0x0000000603800000| Untracked 
|   4|0x0000000603c00000, 0x0000000603c00000, 0x0000000604000000|  0%| F|  |TAMS 0x0000000603c00000, 0x0000000603c00000| Untracked 
|   5|0x0000000604000000, 0x0000000604000000, 0x0000000604400000|  0%| F|  |TAMS 0x0000000604000000, 0x0000000604000000| Untracked 
|   6|0x0000000604400000, 0x0000000604400000, 0x0000000604800000|  0%| F|  |TAMS 0x0000000604400000, 0x0000000604400000| Untracked 
|   7|0x0000000604800000, 0x0000000604800000, 0x0000000604c00000|  0%| F|  |TAMS 0x0000000604800000, 0x0000000604800000| Untracked 
|   8|0x0000000604c00000, 0x0000000604c00000, 0x0000000605000000|  0%| F|  |TAMS 0x0000000604c00000, 0x0000000604c00000| Untracked 
|   9|0x0000000605000000, 0x0000000605000000, 0x0000000605400000|  0%| F|  |TAMS 0x0000000605000000, 0x0000000605000000| Untracked 
|  10|0x0000000605400000, 0x0000000605400000, 0x0000000605800000|  0%| F|  |TAMS 0x0000000605400000, 0x0000000605400000| Untracked 
|  11|0x0000000605800000, 0x0000000605800000, 0x0000000605c00000|  0%| F|  |TAMS 0x0000000605800000, 0x0000000605800000| Untracked 
|  12|0x0000000605c00000, 0x0000000605c00000, 0x0000000606000000|  0%| F|  |TAMS 0x0000000605c00000, 0x0000000605c00000| Untracked 
|  13|0x0000000606000000, 0x0000000606000000, 0x0000000606400000|  0%| F|  |TAMS 0x0000000606000000, 0x0000000606000000| Untracked 
|  14|0x0000000606400000, 0x0000000606400000, 0x0000000606800000|  0%| F|  |TAMS 0x0000000606400000, 0x0000000606400000| Untracked 
|  15|0x0000000606800000, 0x0000000606800000, 0x0000000606c00000|  0%| F|  |TAMS 0x0000000606800000, 0x0000000606800000| Untracked 
|  16|0x0000000606c00000, 0x0000000606c00000, 0x0000000607000000|  0%| F|  |TAMS 0x0000000606c00000, 0x0000000606c00000| Untracked 
|  17|0x0000000607000000, 0x0000000607000000, 0x0000000607400000|  0%| F|  |TAMS 0x0000000607000000, 0x0000000607000000| Untracked 
|  18|0x0000000607400000, 0x0000000607400000, 0x0000000607800000|  0%| F|  |TAMS 0x0000000607400000, 0x0000000607400000| Untracked 
|  19|0x0000000607800000, 0x0000000607800000, 0x0000000607c00000|  0%| F|  |TAMS 0x0000000607800000, 0x0000000607800000| Untracked 
|  20|0x0000000607c00000, 0x0000000607c00000, 0x0000000608000000|  0%| F|  |TAMS 0x0000000607c00000, 0x0000000607c00000| Untracked 
|  21|0x0000000608000000, 0x0000000608000000, 0x0000000608400000|  0%| F|  |TAMS 0x0000000608000000, 0x0000000608000000| Untracked 
|  22|0x0000000608400000, 0x0000000608400000, 0x0000000608800000|  0%| F|  |TAMS 0x0000000608400000, 0x0000000608400000| Untracked 
|  23|0x0000000608800000, 0x0000000608800000, 0x0000000608c00000|  0%| F|  |TAMS 0x0000000608800000, 0x0000000608800000| Untracked 
|  24|0x0000000608c00000, 0x0000000608c00000, 0x0000000609000000|  0%| F|  |TAMS 0x0000000608c00000, 0x0000000608c00000| Untracked 
|  25|0x0000000609000000, 0x0000000609000000, 0x0000000609400000|  0%| F|  |TAMS 0x0000000609000000, 0x0000000609000000| Untracked 
|  26|0x0000000609400000, 0x0000000609400000, 0x0000000609800000|  0%| F|  |TAMS 0x0000000609400000, 0x0000000609400000| Untracked 
|  27|0x0000000609800000, 0x0000000609800000, 0x0000000609c00000|  0%| F|  |TAMS 0x0000000609800000, 0x0000000609800000| Untracked 
|  28|0x0000000609c00000, 0x0000000609c00000, 0x000000060a000000|  0%| F|  |TAMS 0x0000000609c00000, 0x0000000609c00000| Untracked 
|  29|0x000000060a000000, 0x000000060a000000, 0x000000060a400000|  0%| F|  |TAMS 0x000000060a000000, 0x000000060a000000| Untracked 
|  30|0x000000060a400000, 0x000000060a400000, 0x000000060a800000|  0%| F|  |TAMS 0x000000060a400000, 0x000000060a400000| Untracked 
|  31|0x000000060a800000, 0x000000060a800000, 0x000000060ac00000|  0%| F|  |TAMS 0x000000060a800000, 0x000000060a800000| Untracked 
|  32|0x000000060ac00000, 0x000000060ac00000, 0x000000060b000000|  0%| F|  |TAMS 0x000000060ac00000, 0x000000060ac00000| Untracked 
|  33|0x000000060b000000, 0x000000060b000000, 0x000000060b400000|  0%| F|  |TAMS 0x000000060b000000, 0x000000060b000000| Untracked 
|  34|0x000000060b400000, 0x000000060b400000, 0x000000060b800000|  0%| F|  |TAMS 0x000000060b400000, 0x000000060b400000| Untracked 
|  35|0x000000060b800000, 0x000000060b800000, 0x000000060bc00000|  0%| F|  |TAMS 0x000000060b800000, 0x000000060b800000| Untracked 
|  36|0x000000060bc00000, 0x000000060bc00000, 0x000000060c000000|  0%| F|  |TAMS 0x000000060bc00000, 0x000000060bc00000| Untracked 
|  37|0x000000060c000000, 0x000000060c000000, 0x000000060c400000|  0%| F|  |TAMS 0x000000060c000000, 0x000000060c000000| Untracked 
|  38|0x000000060c400000, 0x000000060c400000, 0x000000060c800000|  0%| F|  |TAMS 0x000000060c400000, 0x000000060c400000| Untracked 
|  39|0x000000060c800000, 0x000000060c800000, 0x000000060cc00000|  0%| F|  |TAMS 0x000000060c800000, 0x000000060c800000| Untracked 
|  40|0x000000060cc00000, 0x000000060cc00000, 0x000000060d000000|  0%| F|  |TAMS 0x000000060cc00000, 0x000000060cc00000| Untracked 
|  41|0x000000060d000000, 0x000000060d000000, 0x000000060d400000|  0%| F|  |TAMS 0x000000060d000000, 0x000000060d000000| Untracked 
|  42|0x000000060d400000, 0x000000060d400000, 0x000000060d800000|  0%| F|  |TAMS 0x000000060d400000, 0x000000060d400000| Untracked 
|  43|0x000000060d800000, 0x000000060d800000, 0x000000060dc00000|  0%| F|  |TAMS 0x000000060d800000, 0x000000060d800000| Untracked 
|  44|0x000000060dc00000, 0x000000060dc00000, 0x000000060e000000|  0%| F|  |TAMS 0x000000060dc00000, 0x000000060dc00000| Untracked 
|  45|0x000000060e000000, 0x000000060e000000, 0x000000060e400000|  0%| F|  |TAMS 0x000000060e000000, 0x000000060e000000| Untracked 
|  46|0x000000060e400000, 0x000000060e400000, 0x000000060e800000|  0%| F|  |TAMS 0x000000060e400000, 0x000000060e400000| Untracked 
|  47|0x000000060e800000, 0x000000060e800000, 0x000000060ec00000|  0%| F|  |TAMS 0x000000060e800000, 0x000000060e800000| Untracked 
|  48|0x000000060ec00000, 0x000000060ec00000, 0x000000060f000000|  0%| F|  |TAMS 0x000000060ec00000, 0x000000060ec00000| Untracked 
|  49|0x000000060f000000, 0x000000060f000000, 0x000000060f400000|  0%| F|  |TAMS 0x000000060f000000, 0x000000060f000000| Untracked 
|  50|0x000000060f400000, 0x000000060f400000, 0x000000060f800000|  0%| F|  |TAMS 0x000000060f400000, 0x000000060f400000| Untracked 
|  51|0x000000060f800000, 0x000000060f800000, 0x000000060fc00000|  0%| F|  |TAMS 0x000000060f800000, 0x000000060f800000| Untracked 
|  52|0x000000060fc00000, 0x000000060fc00000, 0x0000000610000000|  0%| F|  |TAMS 0x000000060fc00000, 0x000000060fc00000| Untracked 
|  53|0x0000000610000000, 0x0000000610000000, 0x0000000610400000|  0%| F|  |TAMS 0x0000000610000000, 0x0000000610000000| Untracked 
|  54|0x0000000610400000, 0x0000000610400000, 0x0000000610800000|  0%| F|  |TAMS 0x0000000610400000, 0x0000000610400000| Untracked 
|  55|0x0000000610800000, 0x0000000610800000, 0x0000000610c00000|  0%| F|  |TAMS 0x0000000610800000, 0x0000000610800000| Untracked 
|  56|0x0000000610c00000, 0x0000000610c00000, 0x0000000611000000|  0%| F|  |TAMS 0x0000000610c00000, 0x0000000610c00000| Untracked 
|  57|0x0000000611000000, 0x0000000611000000, 0x0000000611400000|  0%| F|  |TAMS 0x0000000611000000, 0x0000000611000000| Untracked 
|  58|0x0000000611400000, 0x0000000611400000, 0x0000000611800000|  0%| F|  |TAMS 0x0000000611400000, 0x0000000611400000| Untracked 
|  59|0x0000000611800000, 0x0000000611800000, 0x0000000611c00000|  0%| F|  |TAMS 0x0000000611800000, 0x0000000611800000| Untracked 
|  60|0x0000000611c00000, 0x0000000611c00000, 0x0000000612000000|  0%| F|  |TAMS 0x0000000611c00000, 0x0000000611c00000| Untracked 
|  61|0x0000000612000000, 0x0000000612000000, 0x0000000612400000|  0%| F|  |TAMS 0x0000000612000000, 0x0000000612000000| Untracked 
|  62|0x0000000612400000, 0x0000000612400000, 0x0000000612800000|  0%| F|  |TAMS 0x0000000612400000, 0x0000000612400000| Untracked 
|  63|0x0000000612800000, 0x0000000612800000, 0x0000000612c00000|  0%| F|  |TAMS 0x0000000612800000, 0x0000000612800000| Untracked 
|  64|0x0000000612c00000, 0x0000000612c00000, 0x0000000613000000|  0%| F|  |TAMS 0x0000000612c00000, 0x0000000612c00000| Untracked 
|  65|0x0000000613000000, 0x0000000613000000, 0x0000000613400000|  0%| F|  |TAMS 0x0000000613000000, 0x0000000613000000| Untracked 
|  66|0x0000000613400000, 0x0000000613400000, 0x0000000613800000|  0%| F|  |TAMS 0x0000000613400000, 0x0000000613400000| Untracked 
|  67|0x0000000613800000, 0x0000000613800000, 0x0000000613c00000|  0%| F|  |TAMS 0x0000000613800000, 0x0000000613800000| Untracked 
|  68|0x0000000613c00000, 0x0000000613c00000, 0x0000000614000000|  0%| F|  |TAMS 0x0000000613c00000, 0x0000000613c00000| Untracked 
|  69|0x0000000614000000, 0x0000000614000000, 0x0000000614400000|  0%| F|  |TAMS 0x0000000614000000, 0x0000000614000000| Untracked 
|  70|0x0000000614400000, 0x0000000614400000, 0x0000000614800000|  0%| F|  |TAMS 0x0000000614400000, 0x0000000614400000| Untracked 
|  71|0x0000000614800000, 0x0000000614800000, 0x0000000614c00000|  0%| F|  |TAMS 0x0000000614800000, 0x0000000614800000| Untracked 
|  72|0x0000000614c00000, 0x0000000614c00000, 0x0000000615000000|  0%| F|  |TAMS 0x0000000614c00000, 0x0000000614c00000| Untracked 
|  73|0x0000000615000000, 0x0000000615000000, 0x0000000615400000|  0%| F|  |TAMS 0x0000000615000000, 0x0000000615000000| Untracked 
|  74|0x0000000615400000, 0x0000000615400000, 0x0000000615800000|  0%| F|  |TAMS 0x0000000615400000, 0x0000000615400000| Untracked 
|  75|0x0000000615800000, 0x0000000615800000, 0x0000000615c00000|  0%| F|  |TAMS 0x0000000615800000, 0x0000000615800000| Untracked 
|  76|0x0000000615c00000, 0x0000000615c00000, 0x0000000616000000|  0%| F|  |TAMS 0x0000000615c00000, 0x0000000615c00000| Untracked 
|  77|0x0000000616000000, 0x0000000616000000, 0x0000000616400000|  0%| F|  |TAMS 0x0000000616000000, 0x0000000616000000| Untracked 
|  78|0x0000000616400000, 0x0000000616400000, 0x0000000616800000|  0%| F|  |TAMS 0x0000000616400000, 0x0000000616400000| Untracked 
|  79|0x0000000616800000, 0x0000000616800000, 0x0000000616c00000|  0%| F|  |TAMS 0x0000000616800000, 0x0000000616800000| Untracked 
|  80|0x0000000616c00000, 0x0000000616c00000, 0x0000000617000000|  0%| F|  |TAMS 0x0000000616c00000, 0x0000000616c00000| Untracked 
|  81|0x0000000617000000, 0x0000000617000000, 0x0000000617400000|  0%| F|  |TAMS 0x0000000617000000, 0x0000000617000000| Untracked 
|  82|0x0000000617400000, 0x0000000617400000, 0x0000000617800000|  0%| F|  |TAMS 0x0000000617400000, 0x0000000617400000| Untracked 
|  83|0x0000000617800000, 0x0000000617800000, 0x0000000617c00000|  0%| F|  |TAMS 0x0000000617800000, 0x0000000617800000| Untracked 
|  84|0x0000000617c00000, 0x0000000617c00000, 0x0000000618000000|  0%| F|  |TAMS 0x0000000617c00000, 0x0000000617c00000| Untracked 
|  85|0x0000000618000000, 0x0000000618000000, 0x0000000618400000|  0%| F|  |TAMS 0x0000000618000000, 0x0000000618000000| Untracked 
|  86|0x0000000618400000, 0x0000000618400000, 0x0000000618800000|  0%| F|  |TAMS 0x0000000618400000, 0x0000000618400000| Untracked 
|  87|0x0000000618800000, 0x0000000618800000, 0x0000000618c00000|  0%| F|  |TAMS 0x0000000618800000, 0x0000000618800000| Untracked 
|  88|0x0000000618c00000, 0x0000000618c00000, 0x0000000619000000|  0%| F|  |TAMS 0x0000000618c00000, 0x0000000618c00000| Untracked 
|  89|0x0000000619000000, 0x0000000619000000, 0x0000000619400000|  0%| F|  |TAMS 0x0000000619000000, 0x0000000619000000| Untracked 
|  90|0x0000000619400000, 0x0000000619400000, 0x0000000619800000|  0%| F|  |TAMS 0x0000000619400000, 0x0000000619400000| Untracked 
|  91|0x0000000619800000, 0x0000000619800000, 0x0000000619c00000|  0%| F|  |TAMS 0x0000000619800000, 0x0000000619800000| Untracked 
|  92|0x0000000619c00000, 0x0000000619c00000, 0x000000061a000000|  0%| F|  |TAMS 0x0000000619c00000, 0x0000000619c00000| Untracked 
|  93|0x000000061a000000, 0x000000061a000000, 0x000000061a400000|  0%| F|  |TAMS 0x000000061a000000, 0x000000061a000000| Untracked 
|  94|0x000000061a400000, 0x000000061a400000, 0x000000061a800000|  0%| F|  |TAMS 0x000000061a400000, 0x000000061a400000| Untracked 
|  95|0x000000061a800000, 0x000000061a800000, 0x000000061ac00000|  0%| F|  |TAMS 0x000000061a800000, 0x000000061a800000| Untracked 
|  96|0x000000061ac00000, 0x000000061ac00000, 0x000000061b000000|  0%| F|  |TAMS 0x000000061ac00000, 0x000000061ac00000| Untracked 
|  97|0x000000061b000000, 0x000000061b000000, 0x000000061b400000|  0%| F|  |TAMS 0x000000061b000000, 0x000000061b000000| Untracked 
|  98|0x000000061b400000, 0x000000061b400000, 0x000000061b800000|  0%| F|  |TAMS 0x000000061b400000, 0x000000061b400000| Untracked 
|  99|0x000000061b800000, 0x000000061b800000, 0x000000061bc00000|  0%| F|  |TAMS 0x000000061b800000, 0x000000061b800000| Untracked 
| 100|0x000000061bc00000, 0x000000061bc00000, 0x000000061c000000|  0%| F|  |TAMS 0x000000061bc00000, 0x000000061bc00000| Untracked 
| 101|0x000000061c000000, 0x000000061c000000, 0x000000061c400000|  0%| F|  |TAMS 0x000000061c000000, 0x000000061c000000| Untracked 
| 102|0x000000061c400000, 0x000000061c400000, 0x000000061c800000|  0%| F|  |TAMS 0x000000061c400000, 0x000000061c400000| Untracked 
| 103|0x000000061c800000, 0x000000061c800000, 0x000000061cc00000|  0%| F|  |TAMS 0x000000061c800000, 0x000000061c800000| Untracked 
| 104|0x000000061cc00000, 0x000000061cc00000, 0x000000061d000000|  0%| F|  |TAMS 0x000000061cc00000, 0x000000061cc00000| Untracked 
| 105|0x000000061d000000, 0x000000061d000000, 0x000000061d400000|  0%| F|  |TAMS 0x000000061d000000, 0x000000061d000000| Untracked 
| 106|0x000000061d400000, 0x000000061d400000, 0x000000061d800000|  0%| F|  |TAMS 0x000000061d400000, 0x000000061d400000| Untracked 
| 107|0x000000061d800000, 0x000000061d800000, 0x000000061dc00000|  0%| F|  |TAMS 0x000000061d800000, 0x000000061d800000| Untracked 
| 108|0x000000061dc00000, 0x000000061dc00000, 0x000000061e000000|  0%| F|  |TAMS 0x000000061dc00000, 0x000000061dc00000| Untracked 
| 109|0x000000061e000000, 0x000000061e000000, 0x000000061e400000|  0%| F|  |TAMS 0x000000061e000000, 0x000000061e000000| Untracked 
| 110|0x000000061e400000, 0x000000061e400000, 0x000000061e800000|  0%| F|  |TAMS 0x000000061e400000, 0x000000061e400000| Untracked 
| 111|0x000000061e800000, 0x000000061e800000, 0x000000061ec00000|  0%| F|  |TAMS 0x000000061e800000, 0x000000061e800000| Untracked 
| 112|0x000000061ec00000, 0x000000061ec00000, 0x000000061f000000|  0%| F|  |TAMS 0x000000061ec00000, 0x000000061ec00000| Untracked 
| 113|0x000000061f000000, 0x000000061f000000, 0x000000061f400000|  0%| F|  |TAMS 0x000000061f000000, 0x000000061f000000| Untracked 
| 114|0x000000061f400000, 0x000000061f400000, 0x000000061f800000|  0%| F|  |TAMS 0x000000061f400000, 0x000000061f400000| Untracked 
| 115|0x000000061f800000, 0x000000061f800000, 0x000000061fc00000|  0%| F|  |TAMS 0x000000061f800000, 0x000000061f800000| Untracked 
| 116|0x000000061fc00000, 0x000000061fc00000, 0x0000000620000000|  0%| F|  |TAMS 0x000000061fc00000, 0x000000061fc00000| Untracked 
| 117|0x0000000620000000, 0x0000000620000000, 0x0000000620400000|  0%| F|  |TAMS 0x0000000620000000, 0x0000000620000000| Untracked 
| 118|0x0000000620400000, 0x0000000620400000, 0x0000000620800000|  0%| F|  |TAMS 0x0000000620400000, 0x0000000620400000| Untracked 
| 119|0x0000000620800000, 0x0000000620800000, 0x0000000620c00000|  0%| F|  |TAMS 0x0000000620800000, 0x0000000620800000| Untracked 
| 120|0x0000000620c00000, 0x0000000620c00000, 0x0000000621000000|  0%| F|  |TAMS 0x0000000620c00000, 0x0000000620c00000| Untracked 
| 121|0x0000000621000000, 0x0000000621000000, 0x0000000621400000|  0%| F|  |TAMS 0x0000000621000000, 0x0000000621000000| Untracked 
| 122|0x0000000621400000, 0x0000000621400000, 0x0000000621800000|  0%| F|  |TAMS 0x0000000621400000, 0x0000000621400000| Untracked 
| 123|0x0000000621800000, 0x0000000621800000, 0x0000000621c00000|  0%| F|  |TAMS 0x0000000621800000, 0x0000000621800000| Untracked 
| 124|0x0000000621c00000, 0x0000000621e07a78, 0x0000000622000000| 50%| E|  |TAMS 0x0000000621c00000, 0x0000000621c00000| Complete 
| 125|0x0000000622000000, 0x0000000622400000, 0x0000000622400000|100%| E|CS|TAMS 0x0000000622000000, 0x0000000622000000| Complete 
| 126|0x0000000622400000, 0x0000000622800000, 0x0000000622800000|100%| E|CS|TAMS 0x0000000622400000, 0x0000000622400000| Complete 
| 127|0x0000000622800000, 0x0000000622c00000, 0x0000000622c00000|100%| E|CS|TAMS 0x0000000622800000, 0x0000000622800000| Complete 

Card table byte_map: [0x000001f97c760000,0x000001f97d750000] _byte_map_base: 0x000001f97974a000

Marking Bits (Prev, Next): (CMBitMap*) 0x000001f964a6cef0, (CMBitMap*) 0x000001f964a6cf30
 Prev Bits: [0x000001f900000000, 0x000001f907f50000)
 Next Bits: [0x000001f907f50000, 0x000001f90fea0000)

Polling page: 0x000001f9628d0000

Metaspace:

Usage:
  Non-class:      6.05 MB used.
      Class:    367.62 KB used.
       Both:      6.41 MB used.

Virtual space:
  Non-class space:       16.00 MB reserved,       6.19 MB ( 39%) committed,  2 nodes.
      Class space:        1.00 GB reserved,     448.00 KB ( <1%) committed,  1 nodes.
             Both:        1.02 GB reserved,       6.62 MB ( <1%) committed. 

Chunk freelists:
   Non-Class:  3.71 MB
       Class:  3.51 MB
        Both:  7.22 MB

MaxMetaspaceSize: unlimited
CompressedClassSpaceSize: 1.00 GB
Initial GC threshold: 21.00 MB
Current GC threshold: 21.00 MB
CDS: on
MetaspaceReclaimPolicy: balanced
 - commit_granule_bytes: 65536.
 - commit_granule_words: 8192.
 - virtual_space_node_default_size: 1048576.
 - enlarge_chunks_in_place: 1.
 - new_chunks_are_fully_committed: 0.
 - uncommit_free_chunks: 1.
 - use_allocation_guard: 0.
 - handle_deallocations: 1.


Internal statistics:

num_allocs_failed_limit: 0.
num_arena_births: 156.
num_arena_deaths: 0.
num_vsnodes_births: 3.
num_vsnodes_deaths: 0.
num_space_committed: 104.
num_space_uncommitted: 0.
num_chunks_returned_to_freelist: 0.
num_chunks_taken_from_freelist: 338.
num_chunk_merges: 0.
num_chunk_splits: 244.
num_chunks_enlarged: 178.
num_purges: 0.
num_inconsistent_stats: 0.

CodeHeap 'non-profiled nmethods': size=120000Kb used=274Kb max_used=274Kb free=119725Kb
 bounds [0x000001f973cf0000, 0x000001f973f60000, 0x000001f97b220000]
CodeHeap 'profiled nmethods': size=120000Kb used=1439Kb max_used=1439Kb free=118561Kb
 bounds [0x000001f96c220000, 0x000001f96c490000, 0x000001f973750000]
CodeHeap 'non-nmethods': size=5760Kb used=1685Kb max_used=1701Kb free=4074Kb
 bounds [0x000001f973750000, 0x000001f9739c0000, 0x000001f973cf0000]
 total_blobs=2034 nmethods=891 adapters=1056
 compilation: enabled
              stopped_count=0, restarted_count=0
 full_count=0

Compilation events (20 events):
Event: 0.748 Thread 0x000001f97e92dce0 nmethod 876 0x000001f96c384110 code [0x000001f96c3842c0, 0x000001f96c3844d8]
Event: 0.749 Thread 0x000001f97e92dce0  879       3       jdk.internal.org.objectweb.asm.ByteVector::putByteArray (49 bytes)
Event: 0.749 Thread 0x000001f97e92dce0 nmethod 879 0x000001f96c384610 code [0x000001f96c3847c0, 0x000001f96c384a98]
Event: 0.749 Thread 0x000001f97e92dce0  882       3       jdk.internal.org.objectweb.asm.SymbolTable::addTypeInternal (85 bytes)
Event: 0.749 Thread 0x000001f97e92dce0 nmethod 882 0x000001f96c384b90 code [0x000001f96c384d60, 0x000001f96c3853d8]
Event: 0.749 Thread 0x000001f97e92dce0  883       3       java.util.ArrayList::iterator (9 bytes)
Event: 0.749 Thread 0x000001f97e92dce0 nmethod 883 0x000001f96c385590 code [0x000001f96c385740, 0x000001f96c3859d8]
Event: 0.749 Thread 0x000001f97e92dce0  884       3       java.util.ArrayList$Itr::<init> (26 bytes)
Event: 0.749 Thread 0x000001f97e92dce0 nmethod 884 0x000001f96c385b10 code [0x000001f96c385ca0, 0x000001f96c385e78]
Event: 0.750 Thread 0x000001f97e92dce0  887       3       java.util.ArrayList$Itr::next (66 bytes)
Event: 0.750 Thread 0x000001f97e92dce0 nmethod 887 0x000001f96c385f90 code [0x000001f96c386180, 0x000001f96c386548]
Event: 0.750 Thread 0x000001f97e92dce0  888       3       java.util.ArrayList$Itr::checkForComodification (23 bytes)
Event: 0.750 Thread 0x000001f97e92dce0 nmethod 888 0x000001f96c386710 code [0x000001f96c3868c0, 0x000001f96c386a88]
Event: 0.750 Thread 0x000001f97e92dce0  889       3       jdk.internal.math.FDBigInteger::mult (64 bytes)
Event: 0.750 Thread 0x000001f97e92dce0 nmethod 889 0x000001f96c386b90 code [0x000001f96c386d40, 0x000001f96c386fb8]
Event: 0.750 Thread 0x000001f97e92dce0  890       3       jdk.internal.math.FDBigInteger::<init> (30 bytes)
Event: 0.751 Thread 0x000001f97e92dce0 nmethod 890 0x000001f96c387190 code [0x000001f96c387340, 0x000001f96c387548]
Event: 0.751 Thread 0x000001f97e92dce0  891       3       jdk.internal.math.FDBigInteger::trimLeadingZeros (57 bytes)
Event: 0.751 Thread 0x000001f97e92dce0 nmethod 891 0x000001f96c387690 code [0x000001f96c387840, 0x000001f96c387b18]
Event: 0.752 Thread 0x000001f97e921e20 nmethod 873 0x000001f973d34210 code [0x000001f973d343a0, 0x000001f973d34918]

GC Heap History (0 events):
No events

Deoptimization events (20 events):
Event: 0.225 Thread 0x000001f9649c0600 DEOPT PACKING pc=0x000001f96c2b9d72 sp=0x00000047843fe3b0
Event: 0.225 Thread 0x000001f9649c0600 DEOPT UNPACKING pc=0x000001f9737a2b43 sp=0x00000047843fd828 mode 0
Event: 0.225 Thread 0x000001f9649c0600 DEOPT PACKING pc=0x000001f96c2b9d72 sp=0x00000047843fe3b0
Event: 0.225 Thread 0x000001f9649c0600 DEOPT UNPACKING pc=0x000001f9737a2b43 sp=0x00000047843fd828 mode 0
Event: 0.225 Thread 0x000001f9649c0600 DEOPT PACKING pc=0x000001f96c2b9d72 sp=0x00000047843fe3b0
Event: 0.225 Thread 0x000001f9649c0600 DEOPT UNPACKING pc=0x000001f9737a2b43 sp=0x00000047843fd828 mode 0
Event: 0.509 Thread 0x000001f9649c0600 Uncommon trap: trap_request=0xffffff54 fr.pc=0x000001f973d20760 relative=0x0000000000000060
Event: 0.509 Thread 0x000001f9649c0600 Uncommon trap: reason=speculate_null_assert action=make_not_entrant pc=0x000001f973d20760 method=sun.misc.Unsafe.putLong(Ljava/lang/Object;JJ)V @ 7 c2
Event: 0.509 Thread 0x000001f9649c0600 DEOPT PACKING pc=0x000001f973d20760 sp=0x00000047843ff220
Event: 0.509 Thread 0x000001f9649c0600 DEOPT UNPACKING pc=0x000001f9737a23a3 sp=0x00000047843ff198 mode 2
Event: 0.515 Thread 0x000001f9649c0600 Uncommon trap: trap_request=0xffffff54 fr.pc=0x000001f973d2205c relative=0x000000000000005c
Event: 0.515 Thread 0x000001f9649c0600 Uncommon trap: reason=speculate_null_assert action=make_not_entrant pc=0x000001f973d2205c method=sun.misc.Unsafe.getLong(Ljava/lang/Object;J)J @ 5 c2
Event: 0.515 Thread 0x000001f9649c0600 DEOPT PACKING pc=0x000001f973d2205c sp=0x00000047843ff380
Event: 0.515 Thread 0x000001f9649c0600 DEOPT UNPACKING pc=0x000001f9737a23a3 sp=0x00000047843ff308 mode 2
Event: 0.561 Thread 0x000001f9649c0600 DEOPT PACKING pc=0x000001f96c262a65 sp=0x00000047843fb240
Event: 0.561 Thread 0x000001f9649c0600 DEOPT UNPACKING pc=0x000001f9737a2b43 sp=0x00000047843fa690 mode 0
Event: 0.605 Thread 0x000001f9649c0600 Uncommon trap: trap_request=0xffffff45 fr.pc=0x000001f973d1f2b4 relative=0x0000000000000414
Event: 0.605 Thread 0x000001f9649c0600 Uncommon trap: reason=unstable_if action=reinterpret pc=0x000001f973d1f2b4 method=java.lang.StringLatin1.newString([BII)Ljava/lang/String; @ 1 c2
Event: 0.605 Thread 0x000001f9649c0600 DEOPT PACKING pc=0x000001f973d1f2b4 sp=0x00000047843fd6d0
Event: 0.605 Thread 0x000001f9649c0600 DEOPT UNPACKING pc=0x000001f9737a23a3 sp=0x00000047843fd6b0 mode 2

Classes unloaded (0 events):
No events

Classes redefined (0 events):
No events

Internal exceptions (20 events):
Event: 0.145 Thread 0x000001f9649c0600 Exception <a 'sun/nio/fs/WindowsException'{0x0000000622445548}> (0x0000000622445548) 
thrown [s\open\src\hotspot\share\prims\jni.cpp, line 516]
Event: 0.145 Thread 0x000001f9649c0600 Exception <a 'sun/nio/fs/WindowsException'{0x0000000622445a98}> (0x0000000622445a98) 
thrown [s\open\src\hotspot\share\prims\jni.cpp, line 516]
Event: 0.189 Thread 0x000001f9649c0600 Exception <a 'java/lang/NoSuchMethodError'{0x000000062252a8b0}: 'int java.lang.invoke.DirectMethodHandle$Holder.invokeStaticInit(java.lang.Object, java.lang.Object, int, long)'> (0x000000062252a8b0) 
thrown [s\open\src\hotspot\share\interpreter\linkResolver.cpp, line 759]
Event: 0.190 Thread 0x000001f9649c0600 Exception <a 'java/lang/NoSuchMethodError'{0x0000000622530178}: 'java.lang.Object java.lang.invoke.DirectMethodHandle$Holder.newInvokeSpecial(java.lang.Object, java.lang.Object, int)'> (0x0000000622530178) 
thrown [s\open\src\hotspot\share\interpreter\linkResolver.cpp, line 759]
Event: 0.192 Thread 0x000001f9649c0600 Exception <a 'java/lang/NoSuchMethodError'{0x000000062253ff08}: 'int java.lang.invoke.DirectMethodHandle$Holder.invokeStaticInit(java.lang.Object, java.lang.Object, long, long)'> (0x000000062253ff08) 
thrown [s\open\src\hotspot\share\interpreter\linkResolver.cpp, line 759]
Event: 0.193 Thread 0x000001f9649c0600 Exception <a 'java/lang/NoSuchMethodError'{0x0000000622546018}: 'java.lang.Object java.lang.invoke.DirectMethodHandle$Holder.newInvokeSpecial(java.lang.Object, java.lang.Object, long)'> (0x0000000622546018) 
thrown [s\open\src\hotspot\share\interpreter\linkResolver.cpp, line 759]
Event: 0.193 Thread 0x000001f9649c0600 Exception <a 'java/lang/NoSuchMethodError'{0x000000062254a060}: 'java.lang.Object java.lang.invoke.Invokers$Holder.linkToTargetMethod(java.lang.Object, long, java.lang.Object)'> (0x000000062254a060) 
thrown [s\open\src\hotspot\share\interpreter\linkResolver.cpp, line 759]
Event: 0.194 Thread 0x000001f9649c0600 Exception <a 'java/lang/NoSuchMethodError'{0x00000006225517e0}: 'int java.lang.invoke.DirectMethodHandle$Holder.invokeStaticInit(java.lang.Object, java.lang.Object, java.lang.Object, long)'> (0x00000006225517e0) 
thrown [s\open\src\hotspot\share\interpreter\linkResolver.cpp, line 759]
Event: 0.212 Thread 0x000001f9649c0600 Exception <a 'sun/nio/fs/WindowsException'{0x0000000622609180}> (0x0000000622609180) 
thrown [s\open\src\hotspot\share\prims\jni.cpp, line 516]
Event: 0.212 Thread 0x000001f9649c0600 Exception <a 'sun/nio/fs/WindowsException'{0x00000006226094e0}> (0x00000006226094e0) 
thrown [s\open\src\hotspot\share\prims\jni.cpp, line 516]
Event: 0.459 Thread 0x000001f9649c0600 Exception <a 'java/lang/NoSuchMethodError'{0x00000006226827e0}: 'void java.lang.invoke.DirectMethodHandle$Holder.invokeStaticInit(java.lang.Object, long, double, double)'> (0x00000006226827e0) 
thrown [s\open\src\hotspot\share\interpreter\linkResolver.cpp, line 759]
Event: 0.461 Thread 0x000001f9649c0600 Exception <a 'java/lang/NoSuchMethodError'{0x0000000622692510}: 'void java.lang.invoke.DirectMethodHandle$Holder.invokeStaticInit(java.lang.Object, long, int, int, int)'> (0x0000000622692510) 
thrown [s\open\src\hotspot\share\interpreter\linkResolver.cpp, line 759]
Event: 0.464 Thread 0x000001f9649c0600 Exception <a 'java/lang/NoSuchMethodError'{0x00000006226ac330}: 'void java.lang.invoke.DirectMethodHandle$Holder.invokeStaticInit(java.lang.Object, long, int, int, int, int)'> (0x00000006226ac330) 
thrown [s\open\src\hotspot\share\interpreter\linkResolver.cpp, line 759]
Event: 0.497 Thread 0x000001f9649c0600 Exception <a 'sun/nio/fs/WindowsException'{0x00000006226e2138}> (0x00000006226e2138) 
thrown [s\open\src\hotspot\share\prims\jni.cpp, line 516]
Event: 0.497 Thread 0x000001f9649c0600 Exception <a 'sun/nio/fs/WindowsException'{0x00000006226e24d8}> (0x00000006226e24d8) 
thrown [s\open\src\hotspot\share\prims\jni.cpp, line 516]
Event: 0.506 Thread 0x000001f9649c0600 Exception <a 'sun/nio/fs/WindowsException'{0x00000006226ecdd8}> (0x00000006226ecdd8) 
thrown [s\open\src\hotspot\share\prims\jni.cpp, line 516]
Event: 0.506 Thread 0x000001f9649c0600 Exception <a 'sun/nio/fs/WindowsException'{0x00000006226ed0a8}> (0x00000006226ed0a8) 
thrown [s\open\src\hotspot\share\prims\jni.cpp, line 516]
Event: 0.740 Thread 0x000001f9649c0600 Exception <a 'java/lang/NoSuchMethodError'{0x0000000621d3b4e8}: 'java.lang.Object java.lang.invoke.DelegatingMethodHandle$Holder.reinvoke_L(java.lang.Object, java.lang.Object, long, int, int, int, int, int, int, java.lang.Object, int, int, java.lang.Object, java.lang.Object, java.lang.Object)'> (0x0000000621d3b4e8) 
thrown [s\open\src\hotspot\share\interpreter\linkResolver.cpp, line 759]
Event: 0.748 Thread 0x000001f9649c0600 Exception <a 'java/lang/NoSuchMethodError'{0x0000000621d87c90}: 'java.lang.Object java.lang.invoke.DirectMethodHandle$Holder.invokeSpecial(java.lang.Object, java.lang.Object, long, int, int, int, int, int, int, java.lang.Object, int, int, java.lang.Object, java.lang.Object, java.lang.Object)'> (0x0000000621d87c90) 
thrown [s\open\src\hotspot\share\interpreter\linkResolver.cpp, line 759]
Event: 0.748 Thread 0x000001f9649c0600 Exception <a 'java/lang/NoSuchMethodError'{0x0000000621d8bdf0}: 'java.lang.Object java.lang.invoke.DelegatingMethodHandle$Holder.reinvoke_L(java.lang.Object, long, int, int, int, int, int, int, java.lang.Object, int, int, java.lang.Object, java.lang.Object, java.lang.Object)'> (0x0000000621d8bdf0) 
thrown [s\open\src\hotspot\share\interpreter\linkResolver.cpp, line 759]

VM Operations (6 events):
Event: 0.086 Executing VM operation: HandshakeAllThreads
Event: 0.086 Executing VM operation: HandshakeAllThreads done
Event: 0.136 Executing VM operation: HandshakeAllThreads
Event: 0.136 Executing VM operation: HandshakeAllThreads done
Event: 0.158 Executing VM operation: HandshakeAllThreads
Event: 0.158 Executing VM operation: HandshakeAllThreads done

Events (20 events):
Event: 0.714 loading class java/util/stream/Node$OfLong done
Event: 0.714 loading class java/util/stream/Nodes$EmptyNode$OfLong done
Event: 0.714 loading class java/util/stream/Nodes$EmptyNode$OfDouble
Event: 0.714 loading class java/util/stream/Node$OfDouble
Event: 0.714 loading class java/util/stream/Node$OfDouble done
Event: 0.714 loading class java/util/stream/Nodes$EmptyNode$OfDouble done
Event: 0.714 loading class java/util/stream/Nodes$IntFixedNodeBuilder
Event: 0.714 loading class java/util/stream/Node$Builder$OfInt
Event: 0.714 loading class java/util/stream/Node$Builder
Event: 0.714 loading class java/util/stream/Node$Builder done
Event: 0.714 loading class java/util/stream/Node$Builder$OfInt done
Event: 0.714 loading class java/util/stream/Nodes$IntArrayNode
Event: 0.714 loading class java/util/stream/Nodes$IntArrayNode done
Event: 0.714 loading class java/util/stream/Nodes$IntFixedNodeBuilder done
Event: 0.715 loading class java/util/stream/ReferencePipeline$4$1
Event: 0.715 loading class java/util/stream/ReferencePipeline$4$1 done
Event: 0.717 loading class java/lang/NumberFormatException
Event: 0.717 loading class java/lang/NumberFormatException done
Event: 0.750 loading class jdk/internal/math/FDBigInteger
Event: 0.750 loading class jdk/internal/math/FDBigInteger done


Dynamic libraries:
0x00007ff759ee0000 - 0x00007ff759ef0000 	C:\Program Files\Java\jdk-17\bin\java.exe
0x00007ffa3f550000 - 0x00007ffa3f748000 	C:\WINDOWS\SYSTEM32\ntdll.dll
0x00007ffa3f450000 - 0x00007ffa3f50d000 	C:\WINDOWS\System32\KERNEL32.DLL
0x00007ffa3d260000 - 0x00007ffa3d556000 	C:\WINDOWS\System32\KERNELBASE.dll
0x00000000627d0000 - 0x0000000062b02000 	C:\Program Files\Norton Security\NortonData\22.20.4.57\Definitions\IPSDefs\20240821.064\IPSEng64.dll
0x00007ffa3d8f0000 - 0x00007ffa3d9a0000 	C:\WINDOWS\System32\ADVAPI32.dll
0x00007ffa3f3b0000 - 0x00007ffa3f44e000 	C:\WINDOWS\System32\msvcrt.dll
0x00007ffa3d830000 - 0x00007ffa3d8d0000 	C:\WINDOWS\System32\sechost.dll
0x00007ffa3e440000 - 0x00007ffa3e563000 	C:\WINDOWS\System32\RPCRT4.dll
0x00007ffa3cf40000 - 0x00007ffa3cf67000 	C:\WINDOWS\System32\bcrypt.dll
0x00007ffa3d9a0000 - 0x00007ffa3d9a8000 	C:\WINDOWS\System32\PSAPI.DLL
0x00007ffa3cf70000 - 0x00007ffa3d070000 	C:\WINDOWS\System32\ucrtbase.dll
0x00007ffa309c0000 - 0x00007ffa309db000 	C:\Program Files\Java\jdk-17\bin\VCRUNTIME140.dll
0x00007ffa24b30000 - 0x00007ffa24b49000 	C:\Program Files\Java\jdk-17\bin\jli.dll
0x00007ffa3e570000 - 0x00007ffa3e70f000 	C:\WINDOWS\System32\USER32.dll
0x00007ffa3d560000 - 0x00007ffa3d582000 	C:\WINDOWS\System32\win32u.dll
0x00007ffa24220000 - 0x00007ffa244ba000 	C:\WINDOWS\WinSxS\amd64_microsoft.windows.common-controls_6595b64144ccf1df_6.0.19041.4355_none_60b8b9eb71f62e16\COMCTL32.dll
0x00007ffa3d7a0000 - 0x00007ffa3d7cb000 	C:\WINDOWS\System32\GDI32.dll
0x00007ffa3ce20000 - 0x00007ffa3cf37000 	C:\WINDOWS\System32\gdi32full.dll
0x00007ffa3ccc0000 - 0x00007ffa3cd5d000 	C:\WINDOWS\System32\msvcp_win.dll
0x00007ffa33d70000 - 0x00007ffa33d7a000 	C:\WINDOWS\SYSTEM32\VERSION.dll
0x00007ffa3de20000 - 0x00007ffa3de4f000 	C:\WINDOWS\System32\IMM32.DLL
0x00007ffa2c510000 - 0x00007ffa2c51c000 	C:\Program Files\Java\jdk-17\bin\vcruntime140_1.dll
0x00007ff9c3110000 - 0x00007ff9c319e000 	C:\Program Files\Java\jdk-17\bin\msvcp140.dll
0x00007ff9aa650000 - 0x00007ff9ab22d000 	C:\Program Files\Java\jdk-17\bin\server\jvm.dll
0x00007ffa2f840000 - 0x00007ffa2f867000 	C:\WINDOWS\SYSTEM32\WINMM.dll
0x00007ffa31a20000 - 0x00007ffa31a29000 	C:\WINDOWS\SYSTEM32\WSOCK32.dll
0x00007ffa3d590000 - 0x00007ffa3d5fb000 	C:\WINDOWS\System32\WS2_32.dll
0x00007ffa3aa50000 - 0x00007ffa3aa62000 	C:\WINDOWS\SYSTEM32\kernel.appcore.dll
0x00007ffa31530000 - 0x00007ffa3153a000 	C:\Program Files\Java\jdk-17\bin\jimage.dll
0x00007ffa39d00000 - 0x00007ffa39ee4000 	C:\WINDOWS\SYSTEM32\DBGHELP.DLL
0x00007ffa39cc0000 - 0x00007ffa39cf4000 	C:\WINDOWS\SYSTEM32\dbgcore.DLL
0x00007ffa3d1d0000 - 0x00007ffa3d252000 	C:\WINDOWS\System32\bcryptPrimitives.dll
0x00007ffa22e20000 - 0x00007ffa22e45000 	C:\Program Files\Java\jdk-17\bin\java.dll
0x00007ff9c1880000 - 0x00007ff9c1957000 	C:\Program Files\Java\jdk-17\bin\jsvml.dll
0x00007ffa3ea90000 - 0x00007ffa3f1fc000 	C:\WINDOWS\System32\SHELL32.dll
0x00007ffa3ac50000 - 0x00007ffa3b3ed000 	C:\WINDOWS\SYSTEM32\windows.storage.dll
0x00007ffa3e710000 - 0x00007ffa3ea63000 	C:\WINDOWS\System32\combase.dll
0x00007ffa3c630000 - 0x00007ffa3c65e000 	C:\WINDOWS\SYSTEM32\Wldp.dll
0x00007ffa3df80000 - 0x00007ffa3e04d000 	C:\WINDOWS\System32\OLEAUT32.dll
0x00007ffa3e2e0000 - 0x00007ffa3e38d000 	C:\WINDOWS\System32\SHCORE.dll
0x00007ffa3e200000 - 0x00007ffa3e255000 	C:\WINDOWS\System32\shlwapi.dll
0x00007ffa3cb40000 - 0x00007ffa3cb64000 	C:\WINDOWS\SYSTEM32\profapi.dll
0x00007ffa24af0000 - 0x00007ffa24b09000 	C:\Program Files\Java\jdk-17\bin\net.dll
0x00007ffa332f0000 - 0x00007ffa333fa000 	C:\WINDOWS\SYSTEM32\WINHTTP.dll
0x00007ffa3c350000 - 0x00007ffa3c3ba000 	C:\WINDOWS\system32\mswsock.dll
0x00007ffa246f0000 - 0x00007ffa24706000 	C:\Program Files\Java\jdk-17\bin\nio.dll
0x00007ffa1fda0000 - 0x00007ffa1fdb8000 	C:\Program Files\Java\jdk-17\bin\zip.dll
0x00007ffa31f70000 - 0x00007ffa31feb000 	C:\Users\marco\AppData\Local\Temp\lwjgl_marco\3.3.4+7\x64\lwjgl.dll
0x00007ffa2c950000 - 0x00007ffa2c9d5000 	C:\Users\marco\AppData\Local\Temp\lwjgl_marco\3.3.4+7\x64\glfw.dll
0x00007ffa0f420000 - 0x00007ffa0f465000 	C:\WINDOWS\SYSTEM32\dinput8.dll
0x00007ffa34050000 - 0x00007ffa34061000 	C:\WINDOWS\SYSTEM32\xinput1_4.dll
0x00007ffa3cdd0000 - 0x00007ffa3ce1e000 	C:\WINDOWS\System32\cfgmgr32.dll
0x00007ffa3c990000 - 0x00007ffa3c9c3000 	C:\WINDOWS\SYSTEM32\DEVOBJ.dll
0x00007ffa3a760000 - 0x00007ffa3a78f000 	C:\WINDOWS\SYSTEM32\dwmapi.dll
0x00007ffa0f2b0000 - 0x00007ffa0f402000 	C:\WINDOWS\SYSTEM32\inputhost.dll
0x00007ffa39f40000 - 0x00007ffa3a032000 	C:\WINDOWS\SYSTEM32\CoreMessaging.dll
0x00007ffa37c00000 - 0x00007ffa37d57000 	C:\WINDOWS\SYSTEM32\wintypes.dll
0x00007ffa37690000 - 0x00007ffa37786000 	C:\WINDOWS\SYSTEM32\PROPSYS.dll
0x00007ffa38be0000 - 0x00007ffa38f3b000 	C:\WINDOWS\SYSTEM32\CoreUIComponents.dll
0x00007ffa3bd20000 - 0x00007ffa3bd53000 	C:\WINDOWS\SYSTEM32\ntmarta.dll
0x00007ffa3a4d0000 - 0x00007ffa3a56e000 	C:\WINDOWS\system32\uxtheme.dll
0x00007ffa3e050000 - 0x00007ffa3e164000 	C:\WINDOWS\System32\MSCTF.dll
0x00007ffa10b50000 - 0x00007ffa10c75000 	C:\WINDOWS\SYSTEM32\opengl32.dll
0x00007ffa2fdd0000 - 0x00007ffa2fdfc000 	C:\WINDOWS\SYSTEM32\GLU32.dll
0x00007ffa3e390000 - 0x00007ffa3e439000 	C:\WINDOWS\System32\clbcatq.dll
0x00007ff9ccc30000 - 0x00007ff9cf215000 	C:\WINDOWS\System32\DriverStore\FileRepository\nvmii.inf_amd64_0c3adcaa6f19c4b3\nvoglv64.dll
0x00007ffa3d9b0000 - 0x00007ffa3de1e000 	C:\WINDOWS\System32\SETUPAPI.dll
0x00007ffa3de50000 - 0x00007ffa3df7b000 	C:\WINDOWS\System32\ole32.dll
0x00007ffa37810000 - 0x00007ffa37824000 	C:\WINDOWS\SYSTEM32\WTSAPI32.dll
0x00007ffa3c7c0000 - 0x00007ffa3c7d2000 	C:\WINDOWS\SYSTEM32\msasn1.dll
0x00007ffa33ae0000 - 0x00007ffa33b11000 	C:\WINDOWS\SYSTEM32\cryptnet.dll
0x00007ffa3d070000 - 0x00007ffa3d1ce000 	C:\WINDOWS\System32\CRYPT32.dll
0x00007ffa3c580000 - 0x00007ffa3c58c000 	C:\WINDOWS\SYSTEM32\cryptbase.dll
0x00007ffa33600000 - 0x00007ffa33747000 	C:\WINDOWS\SYSTEM32\drvstore.dll
0x00007ffa3cd60000 - 0x00007ffa3cdc9000 	C:\WINDOWS\System32\WINTRUST.dll
0x00007ffa3ea70000 - 0x00007ffa3ea8d000 	C:\WINDOWS\System32\imagehlp.dll
0x00007ffa3c560000 - 0x00007ffa3c578000 	C:\WINDOWS\SYSTEM32\CRYPTSP.dll
0x00007ffa3bc00000 - 0x00007ffa3bc34000 	C:\WINDOWS\system32\rsaenh.dll
0x00007ffa27c40000 - 0x00007ffa29a6f000 	C:\WINDOWS\System32\DriverStore\FileRepository\nvmii.inf_amd64_0c3adcaa6f19c4b3\nvgpucomp64.dll
0x00007ffa35290000 - 0x00007ffa352cb000 	C:\WINDOWS\SYSTEM32\dxcore.dll
0x00007ff9f77b0000 - 0x00007ff9f7a80000 	C:\WINDOWS\system32\nvspcap64.dll
0x00007ffa3c160000 - 0x00007ffa3c1ab000 	C:\WINDOWS\SYSTEM32\powrprof.dll
0x00007ffa3bfd0000 - 0x00007ffa3bfe2000 	C:\WINDOWS\SYSTEM32\UMPDC.dll
0x00007ffa3b880000 - 0x00007ffa3b8db000 	C:\WINDOWS\SYSTEM32\WINSTA.dll
0x00007ffa09580000 - 0x00007ffa09679000 	C:\WINDOWS\SYSTEM32\textinputframework.dll
0x00007ffa2cbe0000 - 0x00007ffa2cc41000 	C:\Users\marco\AppData\Local\Temp\lwjgl_marco\3.3.4+7\x64\lwjgl_opengl.dll
0x00007ffa22680000 - 0x00007ffa22690000 	C:\Program Files\Java\jdk-17\bin\verify.dll

dbghelp: loaded successfully - version: 4.0.5 - missing functions: none
symbol engine: initialized successfully - sym options: 0x614 - pdb path: .;C:\Program Files\Java\jdk-17\bin;C:\WINDOWS\SYSTEM32;C:\Program Files\Norton Security\NortonData\22.20.4.57\Definitions\IPSDefs\20240821.064;C:\WINDOWS\WinSxS\amd64_microsoft.windows.common-controls_6595b64144ccf1df_6.0.19041.4355_none_60b8b9eb71f62e16;C:\Program Files\Java\jdk-17\bin\server;C:\Users\marco\AppData\Local\Temp\lwjgl_marco\3.3.4+7\x64;C:\WINDOWS\System32\DriverStore\FileRepository\nvmii.inf_amd64_0c3adcaa6f19c4b3

VM Arguments:
jvm_args: -Dfile.encoding=windows-1252 -Duser.country=ES -Duser.language=es -Duser.variant 
java_command: me.restonic4.engine.Main
java_class_path (initial): C:\Users\marco\IdeaProjects\EpicAmazingCoolGameTestIGues\build\classes\java\main;C:\Users\marco\IdeaProjects\EpicAmazingCoolGameTestIGues\build\resources\main;C:\Users\marco\.gradle\caches\modules-2\files-2.1\org.joml\joml\1.10.8\fc0a71dad90a2cf41d82a76156a0e700af8e4f8d\joml-1.10.8.jar;C:\Users\marco\.gradle\caches\modules-2\files-2.1\org.lwjgl\lwjgl-glfw\3.3.4\7e46ecdec85db8738053cfde1414352cd62dab74\lwjgl-glfw-3.3.4.jar;C:\Users\marco\.gradle\caches\modules-2\files-2.1\org.lwjgl\lwjgl-glfw\3.3.4\370ef92d15819a123c643dd2b0fc3a2d40bb263c\lwjgl-glfw-3.3.4-natives-windows.jar;C:\Users\marco\.gradle\caches\modules-2\files-2.1\org.lwjgl\lwjgl-openal\3.3.4\9b74d3ea380c83353d42af43ad9659e04dabe84a\lwjgl-openal-3.3.4.jar;C:\Users\marco\.gradle\caches\modules-2\files-2.1\org.lwjgl\lwjgl-openal\3.3.4\c4de8af803aacda71044418095a71cd63b569a15\lwjgl-openal-3.3.4-natives-windows.jar;C:\Users\marco\.gradle\caches\modules-2\files-2.1\org.lwjgl\lwjgl-opengl\3.3.4\2852ac7d9f6fc71349f1ce28e2708ff1977f18af\lwjgl-opengl-3.3.4.jar;C:\Users\marco\.gradle\caches\modules-2\files-2.1\org.lwjgl\lwjgl-opengl\3.3.4\f7ca4e75573a9ce83075bd86bc8a3e49ff106696\lwjgl-opengl-3.3.4-natives-windows.jar;C:\Users\marco\.gradle\caches\modules-2\files-2.1\org.lwjgl\lwjgl-stb\3.3.4\5821735d5ef23f6da8542887344e57eb181b7cac\lwjgl-stb-3.3.4.jar;C:\Users\marco\.gradle\caches\modules-2\files-2.1\org.lwjgl\lwjgl-stb\3.3.4\8310e565463ec8d369528e8b26a9b1518d079a01\lwjgl-stb-3.3.4-natives-windows.jar;C:\Users\marco\.gradle\caches\modules-2\files-2.1\org.lwjgl\lwjgl\3.3.4\b86c3e4832426e8a6b466013b7cb34b40e9ce956\lwjgl-3.3.4.jar;C:\Users\marco\.gradle\caches\modules-2\files-2.1\org.lwjgl\lwjgl\3.3.4\dd0927c1348cdcd9573fa24b7278ec1ac2bb0a76\lwjgl-3.3.4-natives-windows.jar;C:\Users\marco\.gradle\caches\modules-2\files-2.1\org.jetbrains.kotlin\kotlin-stdlib-jdk8\1.8.20\73576ddf378c5b4f1f6b449fe6b119b8183fc078\kotlin-stdlib-jdk8-1.8.20.jar;C:\Users\marco\.gradle\caches\modules-2\files-2.1\org.
Launcher Type: SUN_STANDARD

[Global flags]
     intx CICompilerCount                          = 4                                         {product} {ergonomic}
     uint ConcGCThreads                            = 3                                         {product} {ergonomic}
     uint G1ConcRefinementThreads                  = 10                                        {product} {ergonomic}
   size_t G1HeapRegionSize                         = 4194304                                   {product} {ergonomic}
    uintx GCDrainStackTargetSize                   = 64                                        {product} {ergonomic}
   size_t InitialHeapSize                          = 536870912                                 {product} {ergonomic}
   size_t MarkStackSize                            = 4194304                                   {product} {ergonomic}
   size_t MaxHeapSize                              = 8543797248                                {product} {ergonomic}
   size_t MaxNewSize                               = 5125439488                                {product} {ergonomic}
   size_t MinHeapDeltaBytes                        = 4194304                                   {product} {ergonomic}
   size_t MinHeapSize                              = 8388608                                   {product} {ergonomic}
    uintx NonNMethodCodeHeapSize                   = 5839372                                {pd product} {ergonomic}
    uintx NonProfiledCodeHeapSize                  = 122909434                              {pd product} {ergonomic}
    uintx ProfiledCodeHeapSize                     = 122909434                              {pd product} {ergonomic}
    uintx ReservedCodeCacheSize                    = 251658240                              {pd product} {ergonomic}
     bool SegmentedCodeCache                       = true                                      {product} {ergonomic}
   size_t SoftMaxHeapSize                          = 8543797248                             {manageable} {ergonomic}
     bool UseCompressedClassPointers               = true                           {product lp64_product} {ergonomic}
     bool UseCompressedOops                        = true                           {product lp64_product} {ergonomic}
     bool UseG1GC                                  = true                                      {product} {ergonomic}
     bool UseLargePagesIndividualAllocation        = false                                  {pd product} {ergonomic}

Logging:
Log output configuration:
 #0: stdout all=warning uptime,level,tags
 #1: stderr all=off uptime,level,tags

Environment Variables:
PATH=C:\Python311\Scripts\;C:\Python311\;C:\Program Files\Common Files\Oracle\Java\javapath;C:\Program Files\Oculus\Support\oculus-runtime;C:\Python39\Scripts\;C:\Python39\;C:\Program Files (x86)\Common Files\Oracle\Java\javapath;C:\Windows\system32;C:\Windows;C:\Windows\System32\Wbem;C:\Windows\System32\WindowsPowerShell\v1.0\;C:\Windows\System32\OpenSSH\;C:\Program Files\NVIDIA Corporation\NVIDIA NvDLISR;C:\ProgramData\chocolatey\bin;C:\WINDOWS\system32;C:\WINDOWS;C:\WINDOWS\System32\Wbem;C:\WINDOWS\System32\WindowsPowerShell\v1.0\;C:\WINDOWS\System32\OpenSSH\;C:\Program Files\dotnet\;C:\Program Files\Git\cmd;C:\Program Files (x86)\NVIDIA Corporation\PhysX\Common;C:\Program Files\nodejs\;C:\Users\marco\Documents\Nueva carpeta\OBSCommand;C:\Users\marco\Documents\OBS COMMANDS\OBSCommand;C:\Program Files (x86)\Windows Kits\10\Windows Performance Toolkit\;C:\Program Files\Java\jdk-17\bin;C:\Program Files (x86)\WiX Toolset v3.14\bin;C:\Users\marco\.cargo\bin;C:\Users\marco\AppData\Local\Programs\Python\Python310\Scripts\;C:\Users\marco\AppData\Local\Programs\Python\Python310\;C:\Users\marco\AppData\Local\Microsoft\WindowsApps;C:\Users\marco\AppData\Local\Programs\Microsoft VS Code\bin;C:\Users\marco\.dotnet\tools;C:\xampp\php;C:\Program Files\heroku\bin;C:\Users\marco\AppData\Roaming\npm;C:\FFMPEG\files;C:\Program Files\JetBrains\WebStorm 2023.3.3\bin;;C:\yt-dlp;
USERNAME=marco
OS=Windows_NT
PROCESSOR_IDENTIFIER=Intel64 Family 6 Model 165 Stepping 2, GenuineIntel



---------------  S Y S T E M  ---------------

OS:
 Windows 10 , 64 bit Build 19041 (10.0.19041.3636)
OS uptime: 37 days 7:53 hours
Hyper-V role detected

CPU: total 12 (initial active 12) (6 cores per cpu, 2 threads per core) family 6 model 165 stepping 2 microcode 0xc8, cx8, cmov, fxsr, ht, mmx, 3dnowpref, sse, sse2, sse3, ssse3, sse4.1, sse4.2, popcnt, lzcnt, tsc, tscinvbit, avx, avx2, aes, erms, clmul, bmi1, bmi2, adx, fma, vzeroupper, clflush, clflushopt, hv

Memory: 4k page, system-wide physical 32585M (16460M free)
TotalPageFile size 55113M (AvailPageFile size 32720M)
current process WorkingSet (physical memory assigned to process): 108M, peak: 109M
current process commit charge ("private bytes"): 728M, peak: 728M

vm_info: Java HotSpot(TM) 64-Bit Server VM (17.0.7+8-LTS-224) for windows-amd64 JRE (17.0.7+8-LTS-224), built on Feb 28 2023 23:03:02 by "mach5one" with MS VC++ 17.1 (VS2022)

END.
