#
# A fatal error has been detected by the Java Runtime Environment:
#
#  EXCEPTION_ACCESS_VIOLATION (0xc0000005) at pc=0x00007ffa0ac1d357, pid=10720, tid=5048
#
# JRE version: Java(TM) SE Runtime Environment (17.0.7+8) (build 17.0.7+8-LTS-224)
# Java VM: Java HotSpot(TM) 64-Bit Server VM (17.0.7+8-LTS-224, mixed mode, sharing, tiered, compressed oops, compressed class ptrs, g1 gc, windows-amd64)
# Problematic frame:
# C  [lwjgl_opengl.dll+0xd357]
#
# No core dump will be written. Minidumps are not enabled by default on client versions of Windows
#
# If you would like to submit a bug report, please visit:
#   https://bugreport.java.com/bugreport/crash.jsp
# The crash happened outside the Java Virtual Machine in native code.
# See problematic frame for where to report the bug.
#

---------------  S U M M A R Y ------------

Command Line: -Dfile.encoding=windows-1252 -Duser.country=ES -Duser.language=es -Duser.variant com.restonic4.game.Main

Host: Intel(R) Core(TM) i7-10750H CPU @ 2.60GHz, 12 cores, 31G,  Windows 10 , 64 bit Build 19041 (10.0.19041.4717)
Time: Thu Sep 19 18:04:02 2024 Hora de verano romance elapsed time: 1.270093 seconds (0d 0h 0m 1s)

---------------  T H R E A D  ---------------

Current thread (0x000002939c563430):  JavaThread "main" [_thread_in_native, id=5048, stack(0x000000a674600000,0x000000a674700000)]

Stack: [0x000000a674600000,0x000000a674700000],  sp=0x000000a6746ff308,  free space=1020k
Native frames: (J=compiled Java code, j=interpreted, Vv=VM code, C=native code)
C  [lwjgl_opengl.dll+0xd357]

Java frames: (J=compiled Java code, j=interpreted, Vv=VM code)
j  org.lwjgl.opengl.GL11C.glFinish()V+0
j  org.lwjgl.opengl.GL11.glFinish()V+0
j  com.restonic4.citadel.world.SceneManager.loadScene(Lcom/restonic4/citadel/world/Scene;)V+21
j  com.restonic4.game.ClientGameLogic.start()V+20
j  com.restonic4.citadel.core.CitadelLauncher.startClient()V+18
j  com.restonic4.citadel.core.CitadelLauncher.startDesiredEnvironment()V+28
j  com.restonic4.citadel.core.CitadelLauncher.launch()V+28
j  com.restonic4.game.Main.main([Ljava/lang/String;)V+72
v  ~StubRoutines::call_stub

siginfo: EXCEPTION_ACCESS_VIOLATION (0xc0000005), reading address 0x0000000000000298


Register to memory mapping:

RIP=0x00007ffa0ac1d357 lwjgl_opengl.dll
RAX=0x0 is NULL
RBX={method} {0x00000293c9b9a028} 'glFinish' '()V' in 'org/lwjgl/opengl/GL11C'
RCX=0x000002939c5636d8 points into unknown readable memory: 0x00000293c9f11cd0 | d0 1c f1 c9 93 02 00 00
RDX=0x000000a6746ff390 is pointing into the stack for thread: 0x000002939c563430
RSP=0x000000a6746ff308 is pointing into the stack for thread: 0x000002939c563430
RBP=0x000000a6746ff380 is pointing into the stack for thread: 0x000002939c563430
RSI=0x0 is NULL
RDI=0x0000000000000021 is an unknown value
R8 =0x0000000000000002 is an unknown value
R9 =0x0000000000000002 is an unknown value
R10=0x00000293ab2ed5f2 is at code_begin+946 in an Interpreter codelet
method entry point (kind = native)  [0x00000293ab2ed240, 0x00000293ab2edbc0]  2432 bytes
R11=0x0000000621fb8048 is an oop: java.lang.Class 
{0x0000000621fb8048} - klass: 'java/lang/Class'
 - ---- fields (total size 116 words):
 - private volatile transient 'classRedefinedCount' 'I' @12  0
 - private volatile transient 'cachedConstructor' 'Ljava/lang/reflect/Constructor;' @40  NULL (0)
 - private transient 'name' 'Ljava/lang/String;' @44  "org.lwjgl.opengl.GL11C"{0x0000000621fb83f8} (c43f707f)
 - private transient 'module' 'Ljava/lang/Module;' @48  a 'java/lang/Module'{0x00000006228fcd60} (c451f9ac)
 - private final 'classLoader' 'Ljava/lang/ClassLoader;' @52  a 'jdk/internal/loader/ClassLoaders$AppClassLoader'{0x00000006228fcba0} (c451f974)
 - private transient 'classData' 'Ljava/lang/Object;' @56  NULL (0)
 - private transient 'packageName' 'Ljava/lang/String;' @60  "org.lwjgl.opengl"{0x0000000622b17058} (c4562e0b)
 - private final 'componentType' 'Ljava/lang/Class;' @64  NULL (0)
 - private volatile transient 'reflectionData' 'Ljava/lang/ref/SoftReference;' @68  NULL (0)
 - private volatile transient 'genericInfo' 'Lsun/reflect/generics/repository/ClassRepository;' @72  NULL (0)
 - private volatile transient 'enumConstants' '[Ljava/lang/Object;' @76  NULL (0)
 - private volatile transient 'enumConstantDirectory' 'Ljava/util/Map;' @80  NULL (0)
 - private volatile transient 'annotationData' 'Ljava/lang/Class$AnnotationData;' @84  NULL (0)
 - private volatile transient 'annotationType' 'Lsun/reflect/annotation/AnnotationType;' @88  NULL (0)
 - transient 'classValueMap' 'Ljava/lang/ClassValue$ClassValueMap;' @92  NULL (0)
 - signature: Lorg/lwjgl/opengl/GL11C;
 - fake entry for mirror: 'org/lwjgl/opengl/GL11C'
 - fake entry for array: NULL
 - fake entry for oop_size: 116
 - fake entry for static_oop_field_count: 0
 - public static final 'GL_NEVER' 'I' @112  512 (200)
 - public static final 'GL_LESS' 'I' @116  513 (201)
 - public static final 'GL_EQUAL' 'I' @120  514 (202)
 - public static final 'GL_LEQUAL' 'I' @124  515 (203)
 - public static final 'GL_GREATER' 'I' @128  516 (204)
 - public static final 'GL_NOTEQUAL' 'I' @132  517 (205)
 - public static final 'GL_GEQUAL' 'I' @136  518 (206)
 - public static final 'GL_ALWAYS' 'I' @140  519 (207)
 - public static final 'GL_DEPTH_BUFFER_BIT' 'I' @144  256 (100)
 - public static final 'GL_STENCIL_BUFFER_BIT' 'I' @148  1024 (400)
 - public static final 'GL_COLOR_BUFFER_BIT' 'I' @152  16384 (4000)
 - public static final 'GL_POINTS' 'I' @156  0
 - public static final 'GL_LINES' 'I' @160  1
 - public static final 'GL_LINE_LOOP' 'I' @164  2
 - public static final 'GL_LINE_STRIP' 'I' @168  3
 - public static final 'GL_TRIANGLES' 'I' @172  4
 - public static final 'GL_TRIANGLE_STRIP' 'I' @176  5
 - public static final 'GL_TRIANGLE_FAN' 'I' @180  6
 - public static final 'GL_QUADS' 'I' @184  7
 - public static final 'GL_ZERO' 'I' @188  0
 - public static final 'GL_ONE' 'I' @192  1
 - public static final 'GL_SRC_COLOR' 'I' @196  768 (300)
 - public static final 'GL_ONE_MINUS_SRC_COLOR' 'I' @200  769 (301)
 - public static final 'GL_SRC_ALPHA' 'I' @204  770 (302)
 - public static final 'GL_ONE_MINUS_SRC_ALPHA' 'I' @208  771 (303)
 - public static final 'GL_DST_ALPHA' 'I' @212  772 (304)
 - public static final 'GL_ONE_MINUS_DST_ALPHA' 'I' @216  773 (305)
 - public static final 'GL_DST_COLOR' 'I' @220  774 (306)
 - public static final 'GL_ONE_MINUS_DST_COLOR' 'I' @224  775 (307)
 - public static final 'GL_SRC_ALPHA_SATURATE' 'I' @228  776 (308)
 - public static final 'GL_TRUE' 'I' @232  1
 - public static final 'GL_FALSE' 'I' @236  0
 - public static final 'GL_BYTE' 'I' @240  5120 (1400)
 - public static final 'GL_UNSIGNED_BYTE' 'I' @244  5121 (1401)
 - public static final 'GL_SHORT' 'I' @248  5122 (1402)
 - public static final 'GL_UNSIGNED_SHORT' 'I' @252  5123 (1403)
 - public static final 'GL_INT' 'I' @256  5124 (1404)
 - public static final 'GL_UNSIGNED_INT' 'I' @260  5125 (1405)
 - public static final 'GL_FLOAT' 'I' @264  5126 (1406)
 - public static final 'GL_DOUBLE' 'I' @268  5130 (140a)
 - public static final 'GL_NONE' 'I' @272  0
 - public static final 'GL_FRONT_LEFT' 'I' @276  1024 (400)
 - public static final 'GL_FRONT_RIGHT' 'I' @280  1025 (401)
 - public static final 'GL_BACK_LEFT' 'I' @284  1026 (402)
 - public static final 'GL_BACK_RIGHT' 'I' @288  1027 (403)
 - public static final 'GL_FRONT' 'I' @292  1028 (404)
 - public static final 'GL_BACK' 'I' @296  1029 (405)
 - public static final 'GL_LEFT' 'I' @300  1030 (406)
 - public static final 'GL_RIGHT' 'I' @304  1031 (407)
 - public static final 'GL_FRONT_AND_BACK' 'I' @308  1032 (408)
 - public static final 'GL_NO_ERROR' 'I' @312  0
 - public static final 'GL_INVALID_ENUM' 'I' @316  1280 (500)
 - public static final 'GL_INVALID_VALUE' 'I' @320  1281 (501)
 - public static final 'GL_INVALID_OPERATION' 'I' @324  1282 (502)
 - public static final 'GL_STACK_OVERFLOW' 'I' @328  1283 (503)
 - public static final 'GL_STACK_UNDERFLOW' 'I' @332  1284 (504)
 - public static final 'GL_OUT_OF_MEMORY' 'I' @336  1285 (505)
 - public static final 'GL_CW' 'I' @340  2304 (900)
 - public static final 'GL_CCW' 'I' @344  2305 (901)
 - public static final 'GL_POINT_SIZE' 'I' @348  2833 (b11)
 - public static final 'GL_POINT_SIZE_RANGE' 'I' @352  2834 (b12)
 - public static final 'GL_POINT_SIZE_GRANULARITY' 'I' @356  2835 (b13)
 - public static final 'GL_LINE_SMOOTH' 'I' @360  2848 (b20)
 - public static final 'GL_LINE_WIDTH' 'I' @364  2849 (b21)
 - public static final 'GL_LINE_WIDTH_RANGE' 'I' @368  2850 (b22)
 - public static final 'GL_LINE_WIDTH_GRANULARITY' 'I' @372  2851 (b23)
 - public static final 'GL_POLYGON_MODE' 'I' @376  2880 (b40)
 - public static final 'GL_POLYGON_SMOOTH' 'I' @380  2881 (b41)
 - public static final 'GL_CULL_FACE' 'I' @384  2884 (b44)
 - public static final 'GL_CULL_FACE_MODE' 'I' @388  2885 (b45)
 - public static final 'GL_FRONT_FACE' 'I' @392  2886 (b46)
 - public static final 'GL_DEPTH_RANGE' 'I' @396  2928 (b70)
 - public static final 'GL_DEPTH_TEST' 'I' @400  2929 (b71)
 - public static final 'GL_DEPTH_WRITEMASK' 'I' @404  2930 (b72)
 - public static final 'GL_DEPTH_CLEAR_VALUE' 'I' @408  2931 (b73)
 - public static final 'GL_DEPTH_FUNC' 'I' @412  2932 (b74)
 - public static final 'GL_STENCIL_TEST' 'I' @416  2960 (b90)
 - public static final 'GL_STENCIL_CLEAR_VALUE' 'I' @420  2961 (b91)
 - public static final 'GL_STENCIL_FUNC' 'I' @424  2962 (b92)
 - public static final 'GL_STENCIL_VALUE_MASK' 'I' @428  2963 (b93)
 - public static final 'GL_STENCIL_FAIL' 'I' @432  2964 (b94)
 - public static final 'GL_STENCIL_PASS_DEPTH_FAIL' 'I' @436  2965 (b95)
 - public static final 'GL_STENCIL_PASS_DEPTH_PASS' 'I' @440  2966 (b96)
 - public static final 'GL_STENCIL_REF' 'I' @444  2967 (b97)
 - public static final 'GL_STENCIL_WRITEMASK' 'I' @448  2968 (b98)
 - public static final 'GL_VIEWPORT' 'I' @452  2978 (ba2)
 - public static final 'GL_DITHER' 'I' @456  3024 (bd0)
 - public static final 'GL_BLEND_DST' 'I' @460  3040 (be0)
 - public static final 'GL_BLEND_SRC' 'I' @464  3041 (be1)
 - public static final 'GL_BLEND' 'I' @468  3042 (be2)
 - public static final 'GL_LOGIC_OP_MODE' 'I' @472  3056 (bf0)
 - public static final 'GL_COLOR_LOGIC_OP' 'I' @476  3058 (bf2)
 - public static final 'GL_DRAW_BUFFER' 'I' @480  3073 (c01)
 - public static final 'GL_READ_BUFFER' 'I' @484  3074 (c02)
 - public static final 'GL_SCISSOR_BOX' 'I' @488  3088 (c10)
 - public static final 'GL_SCISSOR_TEST' 'I' @492  3089 (c11)
 - public static final 'GL_COLOR_CLEAR_VALUE' 'I' @496  3106 (c22)
 - public static final 'GL_COLOR_WRITEMASK' 'I' @500  3107 (c23)
 - public static final 'GL_DOUBLEBUFFER' 'I' @504  3122 (c32)
 - public static final 'GL_STEREO' 'I' @508  3123 (c33)
 - public static final 'GL_LINE_SMOOTH_HINT' 'I' @512  3154 (c52)
 - public static final 'GL_POLYGON_SMOOTH_HINT' 'I' @516  3155 (c53)
 - public static final 'GL_UNPACK_SWAP_BYTES' 'I' @520  3312 (cf0)
 - public static final 'GL_UNPACK_LSB_FIRST' 'I' @524  3313 (cf1)
 - public static final 'GL_UNPACK_ROW_LENGTH' 'I' @528  3314 (cf2)
 - public static final 'GL_UNPACK_SKIP_ROWS' 'I' @532  3315 (cf3)
 - public static final 'GL_UNPACK_SKIP_PIXELS' 'I' @536  3316 (cf4)
 - public static final 'GL_UNPACK_ALIGNMENT' 'I' @540  3317 (cf5)
 - public static final 'GL_PACK_SWAP_BYTES' 'I' @544  3328 (d00)
 - public static final 'GL_PACK_LSB_FIRST' 'I' @548  3329 (d01)
 - public static final 'GL_PACK_ROW_LENGTH' 'I' @552  3330 (d02)
 - public static final 'GL_PACK_SKIP_ROWS' 'I' @556  3331 (d03)
 - public static final 'GL_PACK_SKIP_PIXELS' 'I' @560  3332 (d04)
 - public static final 'GL_PACK_ALIGNMENT' 'I' @564  3333 (d05)
 - public static final 'GL_MAX_TEXTURE_SIZE' 'I' @568  3379 (d33)
 - public static final 'GL_MAX_VIEWPORT_DIMS' 'I' @572  3386 (d3a)
 - public static final 'GL_SUBPIXEL_BITS' 'I' @576  3408 (d50)
 - public static final 'GL_TEXTURE_1D' 'I' @580  3552 (de0)
 - public static final 'GL_TEXTURE_2D' 'I' @584  3553 (de1)
 - public static final 'GL_TEXTURE_WIDTH' 'I' @588  4096 (1000)
 - public static final 'GL_TEXTURE_HEIGHT' 'I' @592  4097 (1001)
 - public static final 'GL_TEXTURE_INTERNAL_FORMAT' 'I' @596  4099 (1003)
 - public static final 'GL_TEXTURE_BORDER_COLOR' 'I' @600  4100 (1004)
 - public static final 'GL_DONT_CARE' 'I' @604  4352 (1100)
 - public static final 'GL_FASTEST' 'I' @608  4353 (1101)
 - public static final 'GL_NICEST' 'I' @612  4354 (1102)
 - public static final 'GL_CLEAR' 'I' @616  5376 (1500)
 - public static final 'GL_AND' 'I' @620  5377 (1501)
 - public static final 'GL_AND_REVERSE' 'I' @624  5378 (1502)
 - public static final 'GL_COPY' 'I' @628  5379 (1503)
 - public static final 'GL_AND_INVERTED' 'I' @632  5380 (1504)
 - public static final 'GL_NOOP' 'I' @636  5381 (1505)
 - public static final 'GL_XOR' 'I' @640  5382 (1506)
 - public static final 'GL_OR' 'I' @644  5383 (1507)
 - public static final 'GL_NOR' 'I' @648  5384 (1508)
 - public static final 'GL_EQUIV' 'I' @652  5385 (1509)
 - public static final 'GL_INVERT' 'I' @656  5386 (150a)
 - public static final 'GL_OR_REVERSE' 'I' @660  5387 (150b)
 - public static final 'GL_COPY_INVERTED' 'I' @664  5388 (150c)
 - public static final 'GL_OR_INVERTED' 'I' @668  5389 (150d)
 - public static final 'GL_NAND' 'I' @672  5390 (150e)
 - public static final 'GL_SET' 'I' @676  5391 (150f)
 - public static final 'GL_TEXTURE' 'I' @680  5890 (1702)
 - public static final 'GL_COLOR' 'I' @684  6144 (1800)
 - public static final 'GL_DEPTH' 'I' @688  6145 (1801)
 - public static final 'GL_STENCIL' 'I' @692  6146 (1802)
 - public static final 'GL_STENCIL_INDEX' 'I' @696  6401 (1901)
 - public static final 'GL_DEPTH_COMPONENT' 'I' @700  6402 (1902)
 - public static final 'GL_RED' 'I' @704  6403 (1903)
 - public static final 'GL_GREEN' 'I' @708  6404 (1904)
 - public static final 'GL_BLUE' 'I' @712  6405 (1905)
 - public static final 'GL_ALPHA' 'I' @716  6406 (1906)
 - public static final 'GL_RGB' 'I' @720  6407 (1907)
 - public static final 'GL_RGBA' 'I' @724  6408 (1908)
 - public static final 'GL_POINT' 'I' @728  6912 (1b00)
 - public static final 'GL_LINE' 'I' @732  6913 (1b01)
 - public static final 'GL_FILL' 'I' @736  6914 (1b02)
 - public static final 'GL_KEEP' 'I' @740  7680 (1e00)
 - public static final 'GL_REPLACE' 'I' @744  7681 (1e01)
 - public static final 'GL_INCR' 'I' @748  7682 (1e02)
 - public static final 'GL_DECR' 'I' @752  7683 (1e03)
 - public static final 'GL_VENDOR' 'I' @756  7936 (1f00)
 - public static final 'GL_RENDERER' 'I' @760  7937 (1f01)
 - public static final 'GL_VERSION' 'I' @764  7938 (1f02)
 - public static final 'GL_EXTENSIONS' 'I' @768  7939 (1f03)
 - public static final 'GL_NEAREST' 'I' @772  9728 (2600)
 - public static final 'GL_LINEAR' 'I' @776  9729 (2601)
 - public static final 'GL_NEAREST_MIPMAP_NEAREST' 'I' @780  9984 (2700)
 - public static final 'GL_LINEAR_MIPMAP_NEAREST' 'I' @784  9985 (2701)
 - public static final 'GL_NEAREST_MIPMAP_LINEAR' 'I' @788  9986 (2702)
 - public static final 'GL_LINEAR_MIPMAP_LINEAR' 'I' @792  9987 (2703)
 - public static final 'GL_TEXTURE_MAG_FILTER' 'I' @796  10240 (2800)
 - public static final 'GL_TEXTURE_MIN_FILTER' 'I' @800  10241 (2801)
 - public static final 'GL_TEXTURE_WRAP_S' 'I' @804  10242 (2802)
 - public static final 'GL_TEXTURE_WRAP_T' 'I' @808  10243 (2803)
 - public static final 'GL_REPEAT' 'I' @812  10497 (2901)
 - public static final 'GL_POLYGON_OFFSET_FACTOR' 'I' @816  32824 (8038)
 - public static final 'GL_POLYGON_OFFSET_UNITS' 'I' @820  10752 (2a00)
 - public static final 'GL_POLYGON_OFFSET_POINT' 'I' @824  10753 (2a01)
 - public static final 'GL_POLYGON_OFFSET_LINE' 'I' @828  10754 (2a02)
 - public static final 'GL_POLYGON_OFFSET_FILL' 'I' @832  32823 (8037)
 - public static final 'GL_R3_G3_B2' 'I' @836  10768 (2a10)
 - public static final 'GL_RGB4' 'I' @840  32847 (804f)
 - public static final 'GL_RGB5' 'I' @844  32848 (8050)
 - public static final 'GL_RGB8' 'I' @848  32849 (8051)
 - public static final 'GL_RGB10' 'I' @852  32850 (8052)
 - public static final 'GL_RGB12' 'I' @856  32851 (8053)
 - public static final 'GL_RGB16' 'I' @860  32852 (8054)
 - public static final 'GL_RGBA2' 'I' @864  32853 (8055)
 - public static final 'GL_RGBA4' 'I' @868  32854 (8056)
 - public static final 'GL_RGB5_A1' 'I' @872  32855 (8057)
 - public static final 'GL_RGBA8' 'I' @876  32856 (8058)
 - public static final 'GL_RGB10_A2' 'I' @880  32857 (8059)
 - public static final 'GL_RGBA12' 'I' @884  32858 (805a)
 - public static final 'GL_RGBA16' 'I' @888  32859 (805b)
 - public static final 'GL_TEXTURE_RED_SIZE' 'I' @892  32860 (805c)
 - public static final 'GL_TEXTURE_GREEN_SIZE' 'I' @896  32861 (805d)
 - public static final 'GL_TEXTURE_BLUE_SIZE' 'I' @900  32862 (805e)
 - public static final 'GL_TEXTURE_ALPHA_SIZE' 'I' @904  32863 (805f)
 - public static final 'GL_PROXY_TEXTURE_1D' 'I' @908  32867 (8063)
 - public static final 'GL_PROXY_TEXTURE_2D' 'I' @912  32868 (8064)
 - public static final 'GL_TEXTURE_BINDING_1D' 'I' @916  32872 (8068)
 - public static final 'GL_TEXTURE_BINDING_2D' 'I' @920  32873 (8069)
 - public static final 'GL_VERTEX_ARRAY' 'I' @924  32884 (8074)
R12=0x0 is NULL
R13={method} {0x00000293c9b9a028} 'glFinish' '()V' in 'org/lwjgl/opengl/GL11C'
R14=0x000000a6746ff398 is pointing into the stack for thread: 0x000002939c563430
R15=0x000002939c563430 is a thread


Registers:
RAX=0x0000000000000000, RBX=0x00000293c9b9a020, RCX=0x000002939c5636d8, RDX=0x000000a6746ff390
RSP=0x000000a6746ff308, RBP=0x000000a6746ff380, RSI=0x0000000000000000, RDI=0x0000000000000021
R8 =0x0000000000000002, R9 =0x0000000000000002, R10=0x00000293ab2ed5f2, R11=0x0000000621fb8048
R12=0x0000000000000000, R13=0x00000293c9b9a020, R14=0x000000a6746ff398, R15=0x000002939c563430
RIP=0x00007ffa0ac1d357, EFLAGS=0x0000000000010202

Top of Stack: (sp=0x000000a6746ff308)
0x000000a6746ff308:   00000293ab2ed621 00000293c9b9a020
0x000000a6746ff318:   0000000000000000 000002939c563430
0x000000a6746ff328:   0000000000000000 00000293ab2ed2f6
0x000000a6746ff338:   000000a6746ff338 00000293c9b9a020
0x000000a6746ff348:   000000a6746ff398 00000293c9ba5668
0x000000a6746ff358:   0000000000000000 0000000621fb8048
0x000000a6746ff368:   00000293c9b9a020 0000000000000000
0x000000a6746ff378:   000000a6746ff3a0 000000a6746ff3e8
0x000000a6746ff388:   00000293ab2e94fe 0000000621fb8048
0x000000a6746ff398:   00000293ab2eaf78 000000a6746ff3a0
0x000000a6746ff3a8:   00000293c9b48f18 000000a6746ff3f0
0x000000a6746ff3b8:   00000293c9b70000 0000000000000000
0x000000a6746ff3c8:   0000000621eda640 00000293c9b48f28
0x000000a6746ff3d8:   000000a6746ff3a0 000000a6746ff3f8
0x000000a6746ff3e8:   000000a6746ff440 00000293ab2e94fe
0x000000a6746ff3f8:   000000a6746ff3f8 00000293c9b378ad 

Instructions: (pc=0x00007ffa0ac1d357)
0x00007ffa0ac1d257:   cc cc cc cc cc cc cc cc cc 48 8b 01 48 8b 40 18
0x00007ffa0ac1d267:   44 89 c1 48 ff a0 b8 01 00 00 cc cc cc cc cc cc
0x00007ffa0ac1d277:   cc cc cc cc cc cc cc cc cc 48 8b 01 48 8b 40 18
0x00007ffa0ac1d287:   44 89 c1 48 ff a0 c8 01 00 00 cc cc cc cc cc cc
0x00007ffa0ac1d297:   cc cc cc cc cc cc cc cc cc 48 8b 01 48 8b 40 18
0x00007ffa0ac1d2a7:   44 89 c1 48 ff a0 d0 01 00 00 cc cc cc cc cc cc
0x00007ffa0ac1d2b7:   cc cc cc cc cc cc cc cc cc 0f 28 cb 0f 28 c2 48
0x00007ffa0ac1d2c7:   8b 01 48 8b 40 18 48 8b 80 d8 01 00 00 48 ff e0
0x00007ffa0ac1d2d7:   cc cc cc cc cc cc cc cc cc 44 89 ca 44 89 c0 44
0x00007ffa0ac1d2e7:   8b 44 24 28 48 8b 09 48 8b 49 18 4c 8b 89 e8 01
0x00007ffa0ac1d2f7:   00 00 89 c1 49 ff e1 cc cc 48 8b 01 48 8b 40 18
0x00007ffa0ac1d307:   44 89 c1 48 ff a0 f0 01 00 00 cc cc cc cc cc cc
0x00007ffa0ac1d317:   cc cc cc cc cc cc cc cc cc 44 89 ca 44 89 c0 44
0x00007ffa0ac1d327:   8b 44 24 28 4c 8b 4c 24 30 48 8b 09 48 8b 49 18
0x00007ffa0ac1d337:   4c 8b 91 f8 01 00 00 89 c1 49 ff e2 cc cc cc cc
0x00007ffa0ac1d347:   cc cc cc cc cc cc cc cc cc 48 8b 01 48 8b 40 18
0x00007ffa0ac1d357:   48 ff a0 98 02 00 00 cc cc 48 8b 01 48 8b 40 18
0x00007ffa0ac1d367:   48 ff a0 a0 02 00 00 cc cc 48 8b 01 48 8b 40 18
0x00007ffa0ac1d377:   44 89 c1 48 ff a0 c8 02 00 00 cc cc cc cc cc cc
0x00007ffa0ac1d387:   cc cc cc cc cc cc cc cc cc 4c 89 ca 48 8b 01 48
0x00007ffa0ac1d397:   8b 40 18 48 8b 80 d8 02 00 00 44 89 c1 48 ff e0
0x00007ffa0ac1d3a7:   cc cc cc cc cc cc cc cc cc 4c 89 ca 48 8b 01 48
0x00007ffa0ac1d3b7:   8b 40 18 48 8b 80 e0 02 00 00 44 89 c1 48 ff e0
0x00007ffa0ac1d3c7:   cc cc cc cc cc cc cc cc cc 4c 89 ca 48 8b 01 48
0x00007ffa0ac1d3d7:   8b 40 18 48 8b 80 f0 02 00 00 44 89 c1 48 ff e0
0x00007ffa0ac1d3e7:   cc cc cc cc cc cc cc cc cc 4c 89 ca 48 8b 01 48
0x00007ffa0ac1d3f7:   8b 40 18 48 8b 80 f8 02 00 00 44 89 c1 48 ff e0
0x00007ffa0ac1d407:   cc cc cc cc cc cc cc cc cc 4c 89 ca 48 8b 01 48
0x00007ffa0ac1d417:   8b 40 18 48 8b 80 00 03 00 00 44 89 c1 48 ff e0
0x00007ffa0ac1d427:   cc cc cc cc cc cc cc cc cc 4c 89 ca 48 8b 01 48
0x00007ffa0ac1d437:   8b 40 18 48 8b 80 08 03 00 00 44 89 c1 48 ff e0
0x00007ffa0ac1d447:   cc cc cc cc cc cc cc cc cc 48 8b 01 48 8b 40 18 


Stack slot to memory mapping:
stack at sp + 0 slots: 0x00000293ab2ed621 is at code_begin+993 in an Interpreter codelet
method entry point (kind = native)  [0x00000293ab2ed240, 0x00000293ab2edbc0]  2432 bytes
stack at sp + 1 slots: {method} {0x00000293c9b9a028} 'glFinish' '()V' in 'org/lwjgl/opengl/GL11C'
stack at sp + 2 slots: 0x0 is NULL
stack at sp + 3 slots: 0x000002939c563430 is a thread
stack at sp + 4 slots: 0x0 is NULL
stack at sp + 5 slots: 0x00000293ab2ed2f6 is at code_begin+182 in an Interpreter codelet
method entry point (kind = native)  [0x00000293ab2ed240, 0x00000293ab2edbc0]  2432 bytes
stack at sp + 6 slots: 0x000000a6746ff338 is pointing into the stack for thread: 0x000002939c563430
stack at sp + 7 slots: {method} {0x00000293c9b9a028} 'glFinish' '()V' in 'org/lwjgl/opengl/GL11C'


---------------  P R O C E S S  ---------------

Threads class SMR info:
_java_thread_list=0x00000293cab437c0, length=14, elements={
0x000002939c563430, 0x00000293c6341a50, 0x00000293c6342720, 0x00000293c63567f0,
0x00000293c6358210, 0x00000293c6358ad0, 0x00000293c635e500, 0x00000293c635f0f0,
0x00000293c6367ab0, 0x00000293c636df90, 0x00000293c8ff43d0, 0x00000293c8ffc630,
0x00000293ca9119c0, 0x00000293cab259b0
}

Java Threads: ( => current thread )
=>0x000002939c563430 JavaThread "main" [_thread_in_native, id=5048, stack(0x000000a674600000,0x000000a674700000)]
  0x00000293c6341a50 JavaThread "Reference Handler" daemon [_thread_blocked, id=18864, stack(0x000000a674d00000,0x000000a674e00000)]
  0x00000293c6342720 JavaThread "Finalizer" daemon [_thread_blocked, id=23144, stack(0x000000a674e00000,0x000000a674f00000)]
  0x00000293c63567f0 JavaThread "Signal Dispatcher" daemon [_thread_blocked, id=26384, stack(0x000000a674f00000,0x000000a675000000)]
  0x00000293c6358210 JavaThread "Attach Listener" daemon [_thread_blocked, id=13760, stack(0x000000a675000000,0x000000a675100000)]
  0x00000293c6358ad0 JavaThread "Service Thread" daemon [_thread_blocked, id=16944, stack(0x000000a675100000,0x000000a675200000)]
  0x00000293c635e500 JavaThread "Monitor Deflation Thread" daemon [_thread_blocked, id=19180, stack(0x000000a675200000,0x000000a675300000)]
  0x00000293c635f0f0 JavaThread "C2 CompilerThread0" daemon [_thread_in_native, id=2720, stack(0x000000a675300000,0x000000a675400000)]
  0x00000293c6367ab0 JavaThread "C1 CompilerThread0" daemon [_thread_in_vm, id=22956, stack(0x000000a675400000,0x000000a675500000)]
  0x00000293c636df90 JavaThread "Sweeper thread" daemon [_thread_blocked, id=11536, stack(0x000000a675500000,0x000000a675600000)]
  0x00000293c8ff43d0 JavaThread "Notification Thread" daemon [_thread_blocked, id=25228, stack(0x000000a675600000,0x000000a675700000)]
  0x00000293c8ffc630 JavaThread "Common-Cleaner" daemon [_thread_blocked, id=9464, stack(0x000000a675800000,0x000000a675900000)]
  0x00000293ca9119c0 JavaThread "Networking client side" [_thread_in_vm, id=6500, stack(0x000000a675900000,0x000000a675a00000)]
  0x00000293cab259b0 JavaThread "C2 CompilerThread1" daemon [_thread_in_native, id=2576, stack(0x000000a675a00000,0x000000a675b00000)]

Other Threads:
  0x00000293c633cae0 VMThread "VM Thread" [stack: 0x000000a674c00000,0x000000a674d00000] [id=23696]
  0x000002939c5ea2a0 WatcherThread [stack: 0x000000a675700000,0x000000a675800000] [id=26856]
  0x00000293c61b0b90 GCTaskThread "GC Thread#0" [stack: 0x000000a674700000,0x000000a674800000] [id=11060]
  0x000002939c5e1510 ConcurrentGCThread "G1 Main Marker" [stack: 0x000000a674800000,0x000000a674900000] [id=28180]
  0x000002939c5e2d40 ConcurrentGCThread "G1 Conc#0" [stack: 0x000000a674900000,0x000000a674a00000] [id=20504]
  0x00000293c62775c0 ConcurrentGCThread "G1 Refine#0" [stack: 0x000000a674a00000,0x000000a674b00000] [id=13420]
  0x00000293c6277c90 ConcurrentGCThread "G1 Service" [stack: 0x000000a674b00000,0x000000a674c00000] [id=23160]

Threads with active compile tasks:
C2 CompilerThread0     1327 1051   !   4       jdk.internal.loader.URLClassPath$JarLoader::getResource (354 bytes)
C1 CompilerThread0     1327 1095       1       java.security.Provider$Service::getType (5 bytes)
C2 CompilerThread1     1327 1038   !   4       jdk.internal.loader.URLClassPath$JarLoader::getResource (65 bytes)

VM state: not at safepoint (normal execution)

VM Mutex/Monitor currently owned by a thread: None

Heap address: 0x0000000602c00000, size: 8148 MB, Compressed Oops mode: Zero based, Oop shift amount: 3

CDS archive(s) mapped at: [0x0000000800000000-0x0000000800bd0000-0x0000000800bd0000), size 12386304, SharedBaseAddress: 0x0000000800000000, ArchiveRelocationMode: 0.
Compressed class space mapped at: 0x0000000800c00000-0x0000000840c00000, reserved size: 1073741824
Narrow klass base: 0x0000000800000000, Narrow klass shift: 0, Narrow klass range: 0x100000000

GC Precious Log:
 CPUs: 12 total, 12 available
 Memory: 32585M
 Large Page Support: Disabled
 NUMA Support: Disabled
 Compressed Oops: Enabled (Zero based)
 Heap Region Size: 4M
 Heap Min Capacity: 8M
 Heap Initial Capacity: 512M
 Heap Max Capacity: 8148M
 Pre-touch: Disabled
 Parallel Workers: 10
 Concurrent Workers: 3
 Concurrent Refinement Workers: 10
 Periodic GC: Disabled

Heap:
 garbage-first heap   total 524288K, used 16384K [0x0000000602c00000, 0x0000000800000000)
  region size 4096K, 5 young (20480K), 0 survivors (0K)
 Metaspace       used 7496K, committed 7744K, reserved 1064960K
  class space    used 619K, committed 704K, reserved 1048576K

Heap Regions: E=young(eden), S=young(survivor), O=old, HS=humongous(starts), HC=humongous(continues), CS=collection set, F=free, OA=open archive, CA=closed archive, TAMS=top-at-mark-start (previous, next)
|   0|0x0000000602c00000, 0x0000000602c00000, 0x0000000603000000|  0%| F|  |TAMS 0x0000000602c00000, 0x0000000602c00000| Untracked 
|   1|0x0000000603000000, 0x0000000603000000, 0x0000000603400000|  0%| F|  |TAMS 0x0000000603000000, 0x0000000603000000| Untracked 
|   2|0x0000000603400000, 0x0000000603400000, 0x0000000603800000|  0%| F|  |TAMS 0x0000000603400000, 0x0000000603400000| Untracked 
|   3|0x0000000603800000, 0x0000000603800000, 0x0000000603c00000|  0%| F|  |TAMS 0x0000000603800000, 0x0000000603800000| Untracked 
|   4|0x0000000603c00000, 0x0000000603c00000, 0x0000000604000000|  0%| F|  |TAMS 0x0000000603c00000, 0x0000000603c00000| Untracked 
|   5|0x0000000604000000, 0x0000000604000000, 0x0000000604400000|  0%| F|  |TAMS 0x0000000604000000, 0x0000000604000000| Untracked 
|   6|0x0000000604400000, 0x0000000604400000, 0x0000000604800000|  0%| F|  |TAMS 0x0000000604400000, 0x0000000604400000| Untracked 
|   7|0x0000000604800000, 0x0000000604800000, 0x0000000604c00000|  0%| F|  |TAMS 0x0000000604800000, 0x0000000604800000| Untracked 
|   8|0x0000000604c00000, 0x0000000604c00000, 0x0000000605000000|  0%| F|  |TAMS 0x0000000604c00000, 0x0000000604c00000| Untracked 
|   9|0x0000000605000000, 0x0000000605000000, 0x0000000605400000|  0%| F|  |TAMS 0x0000000605000000, 0x0000000605000000| Untracked 
|  10|0x0000000605400000, 0x0000000605400000, 0x0000000605800000|  0%| F|  |TAMS 0x0000000605400000, 0x0000000605400000| Untracked 
|  11|0x0000000605800000, 0x0000000605800000, 0x0000000605c00000|  0%| F|  |TAMS 0x0000000605800000, 0x0000000605800000| Untracked 
|  12|0x0000000605c00000, 0x0000000605c00000, 0x0000000606000000|  0%| F|  |TAMS 0x0000000605c00000, 0x0000000605c00000| Untracked 
|  13|0x0000000606000000, 0x0000000606000000, 0x0000000606400000|  0%| F|  |TAMS 0x0000000606000000, 0x0000000606000000| Untracked 
|  14|0x0000000606400000, 0x0000000606400000, 0x0000000606800000|  0%| F|  |TAMS 0x0000000606400000, 0x0000000606400000| Untracked 
|  15|0x0000000606800000, 0x0000000606800000, 0x0000000606c00000|  0%| F|  |TAMS 0x0000000606800000, 0x0000000606800000| Untracked 
|  16|0x0000000606c00000, 0x0000000606c00000, 0x0000000607000000|  0%| F|  |TAMS 0x0000000606c00000, 0x0000000606c00000| Untracked 
|  17|0x0000000607000000, 0x0000000607000000, 0x0000000607400000|  0%| F|  |TAMS 0x0000000607000000, 0x0000000607000000| Untracked 
|  18|0x0000000607400000, 0x0000000607400000, 0x0000000607800000|  0%| F|  |TAMS 0x0000000607400000, 0x0000000607400000| Untracked 
|  19|0x0000000607800000, 0x0000000607800000, 0x0000000607c00000|  0%| F|  |TAMS 0x0000000607800000, 0x0000000607800000| Untracked 
|  20|0x0000000607c00000, 0x0000000607c00000, 0x0000000608000000|  0%| F|  |TAMS 0x0000000607c00000, 0x0000000607c00000| Untracked 
|  21|0x0000000608000000, 0x0000000608000000, 0x0000000608400000|  0%| F|  |TAMS 0x0000000608000000, 0x0000000608000000| Untracked 
|  22|0x0000000608400000, 0x0000000608400000, 0x0000000608800000|  0%| F|  |TAMS 0x0000000608400000, 0x0000000608400000| Untracked 
|  23|0x0000000608800000, 0x0000000608800000, 0x0000000608c00000|  0%| F|  |TAMS 0x0000000608800000, 0x0000000608800000| Untracked 
|  24|0x0000000608c00000, 0x0000000608c00000, 0x0000000609000000|  0%| F|  |TAMS 0x0000000608c00000, 0x0000000608c00000| Untracked 
|  25|0x0000000609000000, 0x0000000609000000, 0x0000000609400000|  0%| F|  |TAMS 0x0000000609000000, 0x0000000609000000| Untracked 
|  26|0x0000000609400000, 0x0000000609400000, 0x0000000609800000|  0%| F|  |TAMS 0x0000000609400000, 0x0000000609400000| Untracked 
|  27|0x0000000609800000, 0x0000000609800000, 0x0000000609c00000|  0%| F|  |TAMS 0x0000000609800000, 0x0000000609800000| Untracked 
|  28|0x0000000609c00000, 0x0000000609c00000, 0x000000060a000000|  0%| F|  |TAMS 0x0000000609c00000, 0x0000000609c00000| Untracked 
|  29|0x000000060a000000, 0x000000060a000000, 0x000000060a400000|  0%| F|  |TAMS 0x000000060a000000, 0x000000060a000000| Untracked 
|  30|0x000000060a400000, 0x000000060a400000, 0x000000060a800000|  0%| F|  |TAMS 0x000000060a400000, 0x000000060a400000| Untracked 
|  31|0x000000060a800000, 0x000000060a800000, 0x000000060ac00000|  0%| F|  |TAMS 0x000000060a800000, 0x000000060a800000| Untracked 
|  32|0x000000060ac00000, 0x000000060ac00000, 0x000000060b000000|  0%| F|  |TAMS 0x000000060ac00000, 0x000000060ac00000| Untracked 
|  33|0x000000060b000000, 0x000000060b000000, 0x000000060b400000|  0%| F|  |TAMS 0x000000060b000000, 0x000000060b000000| Untracked 
|  34|0x000000060b400000, 0x000000060b400000, 0x000000060b800000|  0%| F|  |TAMS 0x000000060b400000, 0x000000060b400000| Untracked 
|  35|0x000000060b800000, 0x000000060b800000, 0x000000060bc00000|  0%| F|  |TAMS 0x000000060b800000, 0x000000060b800000| Untracked 
|  36|0x000000060bc00000, 0x000000060bc00000, 0x000000060c000000|  0%| F|  |TAMS 0x000000060bc00000, 0x000000060bc00000| Untracked 
|  37|0x000000060c000000, 0x000000060c000000, 0x000000060c400000|  0%| F|  |TAMS 0x000000060c000000, 0x000000060c000000| Untracked 
|  38|0x000000060c400000, 0x000000060c400000, 0x000000060c800000|  0%| F|  |TAMS 0x000000060c400000, 0x000000060c400000| Untracked 
|  39|0x000000060c800000, 0x000000060c800000, 0x000000060cc00000|  0%| F|  |TAMS 0x000000060c800000, 0x000000060c800000| Untracked 
|  40|0x000000060cc00000, 0x000000060cc00000, 0x000000060d000000|  0%| F|  |TAMS 0x000000060cc00000, 0x000000060cc00000| Untracked 
|  41|0x000000060d000000, 0x000000060d000000, 0x000000060d400000|  0%| F|  |TAMS 0x000000060d000000, 0x000000060d000000| Untracked 
|  42|0x000000060d400000, 0x000000060d400000, 0x000000060d800000|  0%| F|  |TAMS 0x000000060d400000, 0x000000060d400000| Untracked 
|  43|0x000000060d800000, 0x000000060d800000, 0x000000060dc00000|  0%| F|  |TAMS 0x000000060d800000, 0x000000060d800000| Untracked 
|  44|0x000000060dc00000, 0x000000060dc00000, 0x000000060e000000|  0%| F|  |TAMS 0x000000060dc00000, 0x000000060dc00000| Untracked 
|  45|0x000000060e000000, 0x000000060e000000, 0x000000060e400000|  0%| F|  |TAMS 0x000000060e000000, 0x000000060e000000| Untracked 
|  46|0x000000060e400000, 0x000000060e400000, 0x000000060e800000|  0%| F|  |TAMS 0x000000060e400000, 0x000000060e400000| Untracked 
|  47|0x000000060e800000, 0x000000060e800000, 0x000000060ec00000|  0%| F|  |TAMS 0x000000060e800000, 0x000000060e800000| Untracked 
|  48|0x000000060ec00000, 0x000000060ec00000, 0x000000060f000000|  0%| F|  |TAMS 0x000000060ec00000, 0x000000060ec00000| Untracked 
|  49|0x000000060f000000, 0x000000060f000000, 0x000000060f400000|  0%| F|  |TAMS 0x000000060f000000, 0x000000060f000000| Untracked 
|  50|0x000000060f400000, 0x000000060f400000, 0x000000060f800000|  0%| F|  |TAMS 0x000000060f400000, 0x000000060f400000| Untracked 
|  51|0x000000060f800000, 0x000000060f800000, 0x000000060fc00000|  0%| F|  |TAMS 0x000000060f800000, 0x000000060f800000| Untracked 
|  52|0x000000060fc00000, 0x000000060fc00000, 0x0000000610000000|  0%| F|  |TAMS 0x000000060fc00000, 0x000000060fc00000| Untracked 
|  53|0x0000000610000000, 0x0000000610000000, 0x0000000610400000|  0%| F|  |TAMS 0x0000000610000000, 0x0000000610000000| Untracked 
|  54|0x0000000610400000, 0x0000000610400000, 0x0000000610800000|  0%| F|  |TAMS 0x0000000610400000, 0x0000000610400000| Untracked 
|  55|0x0000000610800000, 0x0000000610800000, 0x0000000610c00000|  0%| F|  |TAMS 0x0000000610800000, 0x0000000610800000| Untracked 
|  56|0x0000000610c00000, 0x0000000610c00000, 0x0000000611000000|  0%| F|  |TAMS 0x0000000610c00000, 0x0000000610c00000| Untracked 
|  57|0x0000000611000000, 0x0000000611000000, 0x0000000611400000|  0%| F|  |TAMS 0x0000000611000000, 0x0000000611000000| Untracked 
|  58|0x0000000611400000, 0x0000000611400000, 0x0000000611800000|  0%| F|  |TAMS 0x0000000611400000, 0x0000000611400000| Untracked 
|  59|0x0000000611800000, 0x0000000611800000, 0x0000000611c00000|  0%| F|  |TAMS 0x0000000611800000, 0x0000000611800000| Untracked 
|  60|0x0000000611c00000, 0x0000000611c00000, 0x0000000612000000|  0%| F|  |TAMS 0x0000000611c00000, 0x0000000611c00000| Untracked 
|  61|0x0000000612000000, 0x0000000612000000, 0x0000000612400000|  0%| F|  |TAMS 0x0000000612000000, 0x0000000612000000| Untracked 
|  62|0x0000000612400000, 0x0000000612400000, 0x0000000612800000|  0%| F|  |TAMS 0x0000000612400000, 0x0000000612400000| Untracked 
|  63|0x0000000612800000, 0x0000000612800000, 0x0000000612c00000|  0%| F|  |TAMS 0x0000000612800000, 0x0000000612800000| Untracked 
|  64|0x0000000612c00000, 0x0000000612c00000, 0x0000000613000000|  0%| F|  |TAMS 0x0000000612c00000, 0x0000000612c00000| Untracked 
|  65|0x0000000613000000, 0x0000000613000000, 0x0000000613400000|  0%| F|  |TAMS 0x0000000613000000, 0x0000000613000000| Untracked 
|  66|0x0000000613400000, 0x0000000613400000, 0x0000000613800000|  0%| F|  |TAMS 0x0000000613400000, 0x0000000613400000| Untracked 
|  67|0x0000000613800000, 0x0000000613800000, 0x0000000613c00000|  0%| F|  |TAMS 0x0000000613800000, 0x0000000613800000| Untracked 
|  68|0x0000000613c00000, 0x0000000613c00000, 0x0000000614000000|  0%| F|  |TAMS 0x0000000613c00000, 0x0000000613c00000| Untracked 
|  69|0x0000000614000000, 0x0000000614000000, 0x0000000614400000|  0%| F|  |TAMS 0x0000000614000000, 0x0000000614000000| Untracked 
|  70|0x0000000614400000, 0x0000000614400000, 0x0000000614800000|  0%| F|  |TAMS 0x0000000614400000, 0x0000000614400000| Untracked 
|  71|0x0000000614800000, 0x0000000614800000, 0x0000000614c00000|  0%| F|  |TAMS 0x0000000614800000, 0x0000000614800000| Untracked 
|  72|0x0000000614c00000, 0x0000000614c00000, 0x0000000615000000|  0%| F|  |TAMS 0x0000000614c00000, 0x0000000614c00000| Untracked 
|  73|0x0000000615000000, 0x0000000615000000, 0x0000000615400000|  0%| F|  |TAMS 0x0000000615000000, 0x0000000615000000| Untracked 
|  74|0x0000000615400000, 0x0000000615400000, 0x0000000615800000|  0%| F|  |TAMS 0x0000000615400000, 0x0000000615400000| Untracked 
|  75|0x0000000615800000, 0x0000000615800000, 0x0000000615c00000|  0%| F|  |TAMS 0x0000000615800000, 0x0000000615800000| Untracked 
|  76|0x0000000615c00000, 0x0000000615c00000, 0x0000000616000000|  0%| F|  |TAMS 0x0000000615c00000, 0x0000000615c00000| Untracked 
|  77|0x0000000616000000, 0x0000000616000000, 0x0000000616400000|  0%| F|  |TAMS 0x0000000616000000, 0x0000000616000000| Untracked 
|  78|0x0000000616400000, 0x0000000616400000, 0x0000000616800000|  0%| F|  |TAMS 0x0000000616400000, 0x0000000616400000| Untracked 
|  79|0x0000000616800000, 0x0000000616800000, 0x0000000616c00000|  0%| F|  |TAMS 0x0000000616800000, 0x0000000616800000| Untracked 
|  80|0x0000000616c00000, 0x0000000616c00000, 0x0000000617000000|  0%| F|  |TAMS 0x0000000616c00000, 0x0000000616c00000| Untracked 
|  81|0x0000000617000000, 0x0000000617000000, 0x0000000617400000|  0%| F|  |TAMS 0x0000000617000000, 0x0000000617000000| Untracked 
|  82|0x0000000617400000, 0x0000000617400000, 0x0000000617800000|  0%| F|  |TAMS 0x0000000617400000, 0x0000000617400000| Untracked 
|  83|0x0000000617800000, 0x0000000617800000, 0x0000000617c00000|  0%| F|  |TAMS 0x0000000617800000, 0x0000000617800000| Untracked 
|  84|0x0000000617c00000, 0x0000000617c00000, 0x0000000618000000|  0%| F|  |TAMS 0x0000000617c00000, 0x0000000617c00000| Untracked 
|  85|0x0000000618000000, 0x0000000618000000, 0x0000000618400000|  0%| F|  |TAMS 0x0000000618000000, 0x0000000618000000| Untracked 
|  86|0x0000000618400000, 0x0000000618400000, 0x0000000618800000|  0%| F|  |TAMS 0x0000000618400000, 0x0000000618400000| Untracked 
|  87|0x0000000618800000, 0x0000000618800000, 0x0000000618c00000|  0%| F|  |TAMS 0x0000000618800000, 0x0000000618800000| Untracked 
|  88|0x0000000618c00000, 0x0000000618c00000, 0x0000000619000000|  0%| F|  |TAMS 0x0000000618c00000, 0x0000000618c00000| Untracked 
|  89|0x0000000619000000, 0x0000000619000000, 0x0000000619400000|  0%| F|  |TAMS 0x0000000619000000, 0x0000000619000000| Untracked 
|  90|0x0000000619400000, 0x0000000619400000, 0x0000000619800000|  0%| F|  |TAMS 0x0000000619400000, 0x0000000619400000| Untracked 
|  91|0x0000000619800000, 0x0000000619800000, 0x0000000619c00000|  0%| F|  |TAMS 0x0000000619800000, 0x0000000619800000| Untracked 
|  92|0x0000000619c00000, 0x0000000619c00000, 0x000000061a000000|  0%| F|  |TAMS 0x0000000619c00000, 0x0000000619c00000| Untracked 
|  93|0x000000061a000000, 0x000000061a000000, 0x000000061a400000|  0%| F|  |TAMS 0x000000061a000000, 0x000000061a000000| Untracked 
|  94|0x000000061a400000, 0x000000061a400000, 0x000000061a800000|  0%| F|  |TAMS 0x000000061a400000, 0x000000061a400000| Untracked 
|  95|0x000000061a800000, 0x000000061a800000, 0x000000061ac00000|  0%| F|  |TAMS 0x000000061a800000, 0x000000061a800000| Untracked 
|  96|0x000000061ac00000, 0x000000061ac00000, 0x000000061b000000|  0%| F|  |TAMS 0x000000061ac00000, 0x000000061ac00000| Untracked 
|  97|0x000000061b000000, 0x000000061b000000, 0x000000061b400000|  0%| F|  |TAMS 0x000000061b000000, 0x000000061b000000| Untracked 
|  98|0x000000061b400000, 0x000000061b400000, 0x000000061b800000|  0%| F|  |TAMS 0x000000061b400000, 0x000000061b400000| Untracked 
|  99|0x000000061b800000, 0x000000061b800000, 0x000000061bc00000|  0%| F|  |TAMS 0x000000061b800000, 0x000000061b800000| Untracked 
| 100|0x000000061bc00000, 0x000000061bc00000, 0x000000061c000000|  0%| F|  |TAMS 0x000000061bc00000, 0x000000061bc00000| Untracked 
| 101|0x000000061c000000, 0x000000061c000000, 0x000000061c400000|  0%| F|  |TAMS 0x000000061c000000, 0x000000061c000000| Untracked 
| 102|0x000000061c400000, 0x000000061c400000, 0x000000061c800000|  0%| F|  |TAMS 0x000000061c400000, 0x000000061c400000| Untracked 
| 103|0x000000061c800000, 0x000000061c800000, 0x000000061cc00000|  0%| F|  |TAMS 0x000000061c800000, 0x000000061c800000| Untracked 
| 104|0x000000061cc00000, 0x000000061cc00000, 0x000000061d000000|  0%| F|  |TAMS 0x000000061cc00000, 0x000000061cc00000| Untracked 
| 105|0x000000061d000000, 0x000000061d000000, 0x000000061d400000|  0%| F|  |TAMS 0x000000061d000000, 0x000000061d000000| Untracked 
| 106|0x000000061d400000, 0x000000061d400000, 0x000000061d800000|  0%| F|  |TAMS 0x000000061d400000, 0x000000061d400000| Untracked 
| 107|0x000000061d800000, 0x000000061d800000, 0x000000061dc00000|  0%| F|  |TAMS 0x000000061d800000, 0x000000061d800000| Untracked 
| 108|0x000000061dc00000, 0x000000061dc00000, 0x000000061e000000|  0%| F|  |TAMS 0x000000061dc00000, 0x000000061dc00000| Untracked 
| 109|0x000000061e000000, 0x000000061e000000, 0x000000061e400000|  0%| F|  |TAMS 0x000000061e000000, 0x000000061e000000| Untracked 
| 110|0x000000061e400000, 0x000000061e400000, 0x000000061e800000|  0%| F|  |TAMS 0x000000061e400000, 0x000000061e400000| Untracked 
| 111|0x000000061e800000, 0x000000061e800000, 0x000000061ec00000|  0%| F|  |TAMS 0x000000061e800000, 0x000000061e800000| Untracked 
| 112|0x000000061ec00000, 0x000000061ec00000, 0x000000061f000000|  0%| F|  |TAMS 0x000000061ec00000, 0x000000061ec00000| Untracked 
| 113|0x000000061f000000, 0x000000061f000000, 0x000000061f400000|  0%| F|  |TAMS 0x000000061f000000, 0x000000061f000000| Untracked 
| 114|0x000000061f400000, 0x000000061f400000, 0x000000061f800000|  0%| F|  |TAMS 0x000000061f400000, 0x000000061f400000| Untracked 
| 115|0x000000061f800000, 0x000000061f800000, 0x000000061fc00000|  0%| F|  |TAMS 0x000000061f800000, 0x000000061f800000| Untracked 
| 116|0x000000061fc00000, 0x000000061fc00000, 0x0000000620000000|  0%| F|  |TAMS 0x000000061fc00000, 0x000000061fc00000| Untracked 
| 117|0x0000000620000000, 0x0000000620000000, 0x0000000620400000|  0%| F|  |TAMS 0x0000000620000000, 0x0000000620000000| Untracked 
| 118|0x0000000620400000, 0x0000000620400000, 0x0000000620800000|  0%| F|  |TAMS 0x0000000620400000, 0x0000000620400000| Untracked 
| 119|0x0000000620800000, 0x0000000620800000, 0x0000000620c00000|  0%| F|  |TAMS 0x0000000620800000, 0x0000000620800000| Untracked 
| 120|0x0000000620c00000, 0x0000000620c00000, 0x0000000621000000|  0%| F|  |TAMS 0x0000000620c00000, 0x0000000620c00000| Untracked 
| 121|0x0000000621000000, 0x0000000621000000, 0x0000000621400000|  0%| F|  |TAMS 0x0000000621000000, 0x0000000621000000| Untracked 
| 122|0x0000000621400000, 0x0000000621400000, 0x0000000621800000|  0%| F|  |TAMS 0x0000000621400000, 0x0000000621400000| Untracked 
| 123|0x0000000621800000, 0x0000000621c00000, 0x0000000621c00000|100%| E|  |TAMS 0x0000000621800000, 0x0000000621800000| Complete 
| 124|0x0000000621c00000, 0x0000000622000000, 0x0000000622000000|100%| E|CS|TAMS 0x0000000621c00000, 0x0000000621c00000| Complete 
| 125|0x0000000622000000, 0x0000000622400000, 0x0000000622400000|100%| E|CS|TAMS 0x0000000622000000, 0x0000000622000000| Complete 
| 126|0x0000000622400000, 0x0000000622800000, 0x0000000622800000|100%| E|CS|TAMS 0x0000000622400000, 0x0000000622400000| Complete 
| 127|0x0000000622800000, 0x0000000622c00000, 0x0000000622c00000|100%| E|CS|TAMS 0x0000000622800000, 0x0000000622800000| Complete 

Card table byte_map: [0x00000293b42f0000,0x00000293b52e0000] _byte_map_base: 0x00000293b12da000

Marking Bits (Prev, Next): (CMBitMap*) 0x000002939c5d0c00, (CMBitMap*) 0x000002939c5d0c40
 Prev Bits: [0x00000293b62d0000, 0x00000293be220000)
 Next Bits: [0x00000293be220000, 0x00000293c6170000)

Polling page: 0x000002939a480000

Metaspace:

Usage:
  Non-class:      6.83 MB used.
      Class:    640.14 KB used.
       Both:      7.46 MB used.

Virtual space:
  Non-class space:       16.00 MB reserved,       6.94 MB ( 43%) committed,  2 nodes.
      Class space:        1.00 GB reserved,     704.00 KB ( <1%) committed,  1 nodes.
             Both:        1.02 GB reserved,       7.62 MB ( <1%) committed. 

Chunk freelists:
   Non-Class:  3.57 MB
       Class:  3.31 MB
        Both:  6.88 MB

MaxMetaspaceSize: unlimited
CompressedClassSpaceSize: 1.00 GB
Initial GC threshold: 21.00 MB
Current GC threshold: 21.00 MB
CDS: on
MetaspaceReclaimPolicy: balanced
 - commit_granule_bytes: 65536.
 - commit_granule_words: 8192.
 - virtual_space_node_default_size: 1048576.
 - enlarge_chunks_in_place: 1.
 - new_chunks_are_fully_committed: 0.
 - uncommit_free_chunks: 1.
 - use_allocation_guard: 0.
 - handle_deallocations: 1.


Internal statistics:

num_allocs_failed_limit: 0.
num_arena_births: 146.
num_arena_deaths: 0.
num_vsnodes_births: 3.
num_vsnodes_deaths: 0.
num_space_committed: 122.
num_space_uncommitted: 0.
num_chunks_returned_to_freelist: 0.
num_chunks_taken_from_freelist: 366.
num_chunk_merges: 0.
num_chunk_splits: 250.
num_chunks_enlarged: 183.
num_purges: 0.
num_inconsistent_stats: 0.

CodeHeap 'non-profiled nmethods': size=120000Kb used=371Kb max_used=371Kb free=119628Kb
 bounds [0x00000293ab880000, 0x00000293abaf0000, 0x00000293b2db0000]
CodeHeap 'profiled nmethods': size=120000Kb used=1981Kb max_used=1981Kb free=118018Kb
 bounds [0x00000293a3db0000, 0x00000293a4020000, 0x00000293ab2e0000]
CodeHeap 'non-nmethods': size=5760Kb used=1834Kb max_used=1860Kb free=3925Kb
 bounds [0x00000293ab2e0000, 0x00000293ab550000, 0x00000293ab880000]
 total_blobs=2440 nmethods=1101 adapters=1252
 compilation: enabled
              stopped_count=0, restarted_count=0
 full_count=0

Compilation events (20 events):
Event: 1.258 Thread 0x00000293c6367ab0 1007       3       java.util.ArrayList::iterator (9 bytes)
Event: 1.258 Thread 0x00000293c6367ab0 nmethod 1007 0x00000293a3f6be10 code [0x00000293a3f6bfc0, 0x00000293a3f6c258]
Event: 1.258 Thread 0x00000293c6367ab0 1008       3       java.util.ArrayList$Itr::<init> (26 bytes)
Event: 1.258 Thread 0x00000293c6367ab0 nmethod 1008 0x00000293a3f6c390 code [0x00000293a3f6c520, 0x00000293a3f6c6f8]
Event: 1.259 Thread 0x00000293c6367ab0 1009   !   3       java.util.concurrent.ConcurrentHashMap::computeIfAbsent (576 bytes)
Event: 1.262 Thread 0x00000293c6367ab0 nmethod 1009 0x00000293a3f6c810 code [0x00000293a3f6cc20, 0x00000293a3f6f038]
Event: 1.262 Thread 0x00000293c6367ab0 1011   !   3       java.util.zip.ZipFile$ZipFileInflaterInputStream::close (67 bytes)
Event: 1.262 Thread 0x00000293c6367ab0 nmethod 1011 0x00000293a3f70090 code [0x00000293a3f702c0, 0x00000293a3f70b38]
Event: 1.262 Thread 0x00000293c6367ab0 1012       3       java.util.zip.InflaterInputStream::close (34 bytes)
Event: 1.262 Thread 0x00000293c635f0f0 nmethod 995 0x00000293ab8ccf10 code [0x00000293ab8cd0e0, 0x00000293ab8cdb98]
Event: 1.262 Thread 0x00000293c6367ab0 nmethod 1012 0x00000293a3f70f10 code [0x00000293a3f710c0, 0x00000293a3f71378]
Event: 1.262 Thread 0x00000293c635f0f0 1010       4       java.util.zip.ZipUtils::LG (22 bytes)
Event: 1.262 Thread 0x00000293c6367ab0 1013       1       sun.nio.fs.WindowsFileSystem::provider (5 bytes)
Event: 1.263 Thread 0x00000293c6367ab0 nmethod 1013 0x00000293ab8ce410 code [0x00000293ab8ce5a0, 0x00000293ab8ce678]
Event: 1.263 Thread 0x00000293c635f0f0 nmethod 1010 0x00000293ab8ce710 code [0x00000293ab8ce880, 0x00000293ab8ce978]
Event: 1.263 Thread 0x00000293c635f0f0  996   !   4       java.util.zip.ZipFile::getEntry (59 bytes)
Event: 1.264 Thread 0x00000293c6367ab0 1015       3       java.util.zip.ZipEntry::<init> (84 bytes)
Event: 1.264 Thread 0x00000293c6367ab0 nmethod 1015 0x00000293a3f71490 code [0x00000293a3f71680, 0x00000293a3f71c18]
Event: 1.264 Thread 0x00000293c6367ab0 1016       3       org.lwjgl.system.MemoryUtil::memPutAddress (29 bytes)
Event: 1.264 Thread 0x00000293c6367ab0 nmethod 1016 0x00000293a3f71e10 code [0x00000293a3f71fc0, 0x00000293a3f721b8]

GC Heap History (0 events):
No events

Deoptimization events (20 events):
Event: 0.405 Thread 0x000002939c563430 DEOPT PACKING pc=0x00000293a3e64072 sp=0x000000a6746fd5f0
Event: 0.405 Thread 0x000002939c563430 DEOPT UNPACKING pc=0x00000293ab332b43 sp=0x000000a6746fca68 mode 0
Event: 0.405 Thread 0x000002939c563430 DEOPT PACKING pc=0x00000293a3e64072 sp=0x000000a6746fd5f0
Event: 0.405 Thread 0x000002939c563430 DEOPT UNPACKING pc=0x00000293ab332b43 sp=0x000000a6746fca68 mode 0
Event: 0.405 Thread 0x000002939c563430 DEOPT PACKING pc=0x00000293a3e64072 sp=0x000000a6746fd5f0
Event: 0.405 Thread 0x000002939c563430 DEOPT UNPACKING pc=0x00000293ab332b43 sp=0x000000a6746fca68 mode 0
Event: 0.405 Thread 0x000002939c563430 DEOPT PACKING pc=0x00000293a3e64072 sp=0x000000a6746fd5f0
Event: 0.405 Thread 0x000002939c563430 DEOPT UNPACKING pc=0x00000293ab332b43 sp=0x000000a6746fca68 mode 0
Event: 0.405 Thread 0x000002939c563430 DEOPT PACKING pc=0x00000293a3e641ba sp=0x000000a6746fd5f0
Event: 0.405 Thread 0x000002939c563430 DEOPT UNPACKING pc=0x00000293ab332b43 sp=0x000000a6746fca68 mode 0
Event: 0.405 Thread 0x000002939c563430 DEOPT PACKING pc=0x00000293a3e64181 sp=0x000000a6746fd5f0
Event: 0.405 Thread 0x000002939c563430 DEOPT UNPACKING pc=0x00000293ab332b43 sp=0x000000a6746fca68 mode 0
Event: 0.744 Thread 0x000002939c563430 Uncommon trap: trap_request=0xffffff45 fr.pc=0x00000293ab8bd55c relative=0x000000000000015c
Event: 0.744 Thread 0x000002939c563430 Uncommon trap: reason=unstable_if action=reinterpret pc=0x00000293ab8bd55c method=java.lang.StringCoding.hasNegatives([BII)Z @ 12 c2
Event: 0.744 Thread 0x000002939c563430 DEOPT PACKING pc=0x00000293ab8bd55c sp=0x000000a6746fee30
Event: 0.744 Thread 0x000002939c563430 DEOPT UNPACKING pc=0x00000293ab3323a3 sp=0x000000a6746fedd8 mode 2
Event: 0.745 Thread 0x000002939c563430 Uncommon trap: trap_request=0xffffff45 fr.pc=0x00000293ab8a3914 relative=0x0000000000001014
Event: 0.745 Thread 0x000002939c563430 Uncommon trap: reason=unstable_if action=reinterpret pc=0x00000293ab8a3914 method=java.io.BufferedReader.readLine(Z[Z)Ljava/lang/String; @ 209 c2
Event: 0.745 Thread 0x000002939c563430 DEOPT PACKING pc=0x00000293ab8a3914 sp=0x000000a6746ff3a0
Event: 0.745 Thread 0x000002939c563430 DEOPT UNPACKING pc=0x00000293ab3323a3 sp=0x000000a6746ff340 mode 2

Classes unloaded (0 events):
No events

Classes redefined (0 events):
No events

Internal exceptions (20 events):
Event: 0.264 Thread 0x000002939c563430 Exception <a 'sun/nio/fs/WindowsException'{0x00000006227c10b8}> (0x00000006227c10b8) 
thrown [s\open\src\hotspot\share\prims\jni.cpp, line 516]
Event: 0.335 Thread 0x000002939c563430 Exception <a 'java/lang/NoSuchMethodError'{0x0000000622065b40}: 'java.lang.Object java.lang.invoke.DirectMethodHandle$Holder.newInvokeSpecial(java.lang.Object, long)'> (0x0000000622065b40) 
thrown [s\open\src\hotspot\share\interpreter\linkResolver.cpp, line 759]
Event: 0.343 Thread 0x000002939c563430 Exception <a 'java/lang/NoSuchMethodError'{0x00000006220b5e88}: 'java.lang.Object java.lang.invoke.DirectMethodHandle$Holder.invokeStaticInit(java.lang.Object, java.lang.Object, java.lang.Object, int)'> (0x00000006220b5e88) 
thrown [s\open\src\hotspot\share\interpreter\linkResolver.cpp, line 759]
Event: 0.345 Thread 0x000002939c563430 Exception <a 'java/lang/NoSuchMethodError'{0x00000006220c5458}: 'void java.lang.invoke.DirectMethodHandle$Holder.invokeStaticInit(java.lang.Object, java.lang.Object, java.lang.Object, int)'> (0x00000006220c5458) 
thrown [s\open\src\hotspot\share\interpreter\linkResolver.cpp, line 759]
Event: 0.392 Thread 0x000002939c563430 Exception <a 'sun/nio/fs/WindowsException'{0x00000006221fbae0}> (0x00000006221fbae0) 
thrown [s\open\src\hotspot\share\prims\jni.cpp, line 516]
Event: 0.392 Thread 0x000002939c563430 Exception <a 'sun/nio/fs/WindowsException'{0x00000006221fbe60}> (0x00000006221fbe60) 
thrown [s\open\src\hotspot\share\prims\jni.cpp, line 516]
Event: 0.438 Thread 0x000002939c563430 Exception <a 'sun/nio/fs/WindowsException'{0x000000062236c7d8}> (0x000000062236c7d8) 
thrown [s\open\src\hotspot\share\prims\jni.cpp, line 516]
Event: 0.673 Thread 0x000002939c563430 Exception <a 'java/lang/NoSuchMethodError'{0x0000000621cc5268}: 'void java.lang.invoke.DirectMethodHandle$Holder.invokeStatic(java.lang.Object, long)'> (0x0000000621cc5268) 
thrown [s\open\src\hotspot\share\interpreter\linkResolver.cpp, line 759]
Event: 0.675 Thread 0x000002939c563430 Exception <a 'java/lang/NoSuchMethodError'{0x0000000621cce480}: 'java.lang.Object java.lang.invoke.DirectMethodHandle$Holder.invokeStatic(java.lang.Object, java.lang.Object, long, java.lang.Object)'> (0x0000000621cce480) 
thrown [s\open\src\hotspot\share\interpreter\linkResolver.cpp, line 759]
Event: 0.675 Thread 0x000002939c563430 Exception <a 'java/lang/NoSuchMethodError'{0x0000000621cd1c70}: 'java.lang.Object java.lang.invoke.DirectMethodHandle$Holder.invokeStaticInit(java.lang.Object, java.lang.Object, long, java.lang.Object)'> (0x0000000621cd1c70) 
thrown [s\open\src\hotspot\share\interpreter\linkResolver.cpp, line 759]
Event: 1.234 Thread 0x000002939c563430 Exception <a 'java/lang/NoSuchMethodError'{0x0000000621d31d00}: 'java.lang.Object java.lang.invoke.DirectMethodHandle$Holder.invokeStatic(java.lang.Object, java.lang.Object, int, int)'> (0x0000000621d31d00) 
thrown [s\open\src\hotspot\share\interpreter\linkResolver.cpp, line 759]
Event: 1.235 Thread 0x000002939c563430 Exception <a 'java/lang/NoSuchMethodError'{0x0000000621d354d0}: 'java.lang.Object java.lang.invoke.DirectMethodHandle$Holder.invokeStaticInit(java.lang.Object, java.lang.Object, int, int)'> (0x0000000621d354d0) 
thrown [s\open\src\hotspot\share\interpreter\linkResolver.cpp, line 759]
Event: 1.245 Thread 0x00000293ca9119c0 Exception <a 'java/lang/NoClassDefFoundError'{0x0000000621e17898}: org/slf4j/LoggerFactory> (0x0000000621e17898) 
thrown [s\open\src\hotspot\share\classfile\systemDictionary.cpp, line 245]
Event: 1.245 Thread 0x00000293ca9119c0 Exception <a 'java/lang/NoClassDefFoundError'{0x0000000621e17898}> (0x0000000621e17898) 
thrown [s\open\src\hotspot\share\oops\instanceKlass.cpp, line 1216]
Event: 1.246 Thread 0x00000293ca9119c0 Exception <a 'java/lang/NoClassDefFoundError'{0x0000000621e27918}: org/apache/logging/log4j/spi/ExtendedLoggerWrapper> (0x0000000621e27918) 
thrown [s\open\src\hotspot\share\classfile\systemDictionary.cpp, line 245]
Event: 1.247 Thread 0x00000293ca9119c0 Exception <a 'java/lang/NoClassDefFoundError'{0x0000000621e37440}: org/apache/log4j/Priority> (0x0000000621e37440) 
thrown [s\open\src\hotspot\share\classfile\systemDictionary.cpp, line 245]
Event: 1.257 Thread 0x000002939c563430 Exception <a 'sun/nio/fs/WindowsException'{0x0000000621f80568}> (0x0000000621f80568) 
thrown [s\open\src\hotspot\share\prims\jni.cpp, line 516]
Event: 1.257 Thread 0x000002939c563430 Exception <a 'sun/nio/fs/WindowsException'{0x0000000621f80908}> (0x0000000621f80908) 
thrown [s\open\src\hotspot\share\prims\jni.cpp, line 516]
Event: 1.262 Thread 0x000002939c563430 Exception <a 'sun/nio/fs/WindowsException'{0x0000000621f8cd30}> (0x0000000621f8cd30) 
thrown [s\open\src\hotspot\share\prims\jni.cpp, line 516]
Event: 1.262 Thread 0x000002939c563430 Exception <a 'sun/nio/fs/WindowsException'{0x0000000621f8d000}> (0x0000000621f8d000) 
thrown [s\open\src\hotspot\share\prims\jni.cpp, line 516]

VM Operations (6 events):
Event: 0.121 Executing VM operation: HandshakeAllThreads
Event: 0.121 Executing VM operation: HandshakeAllThreads done
Event: 0.217 Executing VM operation: HandshakeAllThreads
Event: 0.217 Executing VM operation: HandshakeAllThreads done
Event: 0.666 Executing VM operation: HandshakeAllThreads
Event: 0.666 Executing VM operation: HandshakeAllThreads done

Events (20 events):
Event: 1.257 loading class java/util/concurrent/CancellationException done
Event: 1.257 loading class java/util/concurrent/ExecutionException
Event: 1.257 loading class java/util/concurrent/ExecutionException done
Event: 1.257 loading class java/util/concurrent/TimeoutException
Event: 1.257 loading class java/util/concurrent/TimeoutException done
Event: 1.258 loading class java/util/concurrent/atomic/AtomicReferenceFieldUpdater
Event: 1.258 loading class java/util/concurrent/atomic/AtomicReferenceFieldUpdater done
Event: 1.258 loading class java/util/concurrent/atomic/AtomicReferenceFieldUpdater$AtomicReferenceFieldUpdaterImpl
Event: 1.258 loading class java/util/concurrent/atomic/AtomicReferenceFieldUpdater$AtomicReferenceFieldUpdaterImpl done
Event: 1.258 loading class java/util/concurrent/atomic/AtomicReferenceFieldUpdater$AtomicReferenceFieldUpdaterImpl$1
Event: 1.258 loading class java/util/concurrent/atomic/AtomicReferenceFieldUpdater$AtomicReferenceFieldUpdaterImpl$1 done
Event: 1.258 Loaded shared library C:\Users\marco\AppData\Local\Temp\lwjgl_marco\3.3.4+7\x64\lwjgl_opengl.dll
Event: 1.259 loading class sun/reflect/misc/ReflectUtil
Event: 1.259 loading class sun/reflect/misc/ReflectUtil done
Event: 1.262 loading class java/util/concurrent/RunnableFuture
Event: 1.262 loading class java/util/concurrent/RunnableFuture done
Event: 1.264 loading class java/util/concurrent/LinkedBlockingQueue
Event: 1.264 loading class java/util/concurrent/LinkedBlockingQueue done
Event: 1.264 loading class java/util/concurrent/LinkedBlockingQueue$Node
Event: 1.264 loading class java/util/concurrent/LinkedBlockingQueue$Node done


Dynamic libraries:
0x00007ff602230000 - 0x00007ff602240000 	C:\Program Files\Java\jdk-17\bin\java.exe
0x00007ffa4b970000 - 0x00007ffa4bb68000 	C:\WINDOWS\SYSTEM32\ntdll.dll
0x00007ffa4a400000 - 0x00007ffa4a4c1000 	C:\WINDOWS\System32\KERNEL32.DLL
0x00007ffa49610000 - 0x00007ffa4990d000 	C:\WINDOWS\System32\KERNELBASE.dll
0x0000000070770000 - 0x0000000070aa2000 	C:\Program Files\Norton Security\NortonData\22.20.4.57\Definitions\IPSDefs\20240918.064\IPSEng64.dll
0x00007ffa4b060000 - 0x00007ffa4b110000 	C:\WINDOWS\System32\ADVAPI32.dll
0x00007ffa4a360000 - 0x00007ffa4a3fe000 	C:\WINDOWS\System32\msvcrt.dll
0x00007ffa4a6d0000 - 0x00007ffa4a770000 	C:\WINDOWS\System32\sechost.dll
0x00007ffa49a10000 - 0x00007ffa49b33000 	C:\WINDOWS\System32\RPCRT4.dll
0x00007ffa49360000 - 0x00007ffa49387000 	C:\WINDOWS\System32\bcrypt.dll
0x00007ffa4b7b0000 - 0x00007ffa4b7b8000 	C:\WINDOWS\System32\PSAPI.DLL
0x00007ffa49100000 - 0x00007ffa49200000 	C:\WINDOWS\System32\ucrtbase.dll
0x00007ffa3c2b0000 - 0x00007ffa3c2c9000 	C:\Program Files\Java\jdk-17\bin\jli.dll
0x00007ffa3bca0000 - 0x00007ffa3bcbb000 	C:\Program Files\Java\jdk-17\bin\VCRUNTIME140.dll
0x00007ffa4aec0000 - 0x00007ffa4b05d000 	C:\WINDOWS\System32\USER32.dll
0x00007ffa490d0000 - 0x00007ffa490f2000 	C:\WINDOWS\System32\win32u.dll
0x00007ffa4ab30000 - 0x00007ffa4ab5b000 	C:\WINDOWS\System32\GDI32.dll
0x00007ffa314a0000 - 0x00007ffa3173a000 	C:\WINDOWS\WinSxS\amd64_microsoft.windows.common-controls_6595b64144ccf1df_6.0.19041.4355_none_60b8b9eb71f62e16\COMCTL32.dll
0x00007ffa494f0000 - 0x00007ffa49607000 	C:\WINDOWS\System32\gdi32full.dll
0x00007ffa49250000 - 0x00007ffa492ed000 	C:\WINDOWS\System32\msvcp_win.dll
0x00007ffa42ac0000 - 0x00007ffa42aca000 	C:\WINDOWS\SYSTEM32\VERSION.dll
0x00007ffa4a830000 - 0x00007ffa4a85f000 	C:\WINDOWS\System32\IMM32.DLL
0x00007ffa32900000 - 0x00007ffa3290c000 	C:\Program Files\Java\jdk-17\bin\vcruntime140_1.dll
0x00007ffa086c0000 - 0x00007ffa0874e000 	C:\Program Files\Java\jdk-17\bin\msvcp140.dll
0x00007ff9b6760000 - 0x00007ff9b733d000 	C:\Program Files\Java\jdk-17\bin\server\jvm.dll
0x00007ffa452f0000 - 0x00007ffa452f9000 	C:\WINDOWS\SYSTEM32\WSOCK32.dll
0x00007ffa34f40000 - 0x00007ffa34f67000 	C:\WINDOWS\SYSTEM32\WINMM.dll
0x00007ffa499a0000 - 0x00007ffa49a0b000 	C:\WINDOWS\System32\WS2_32.dll
0x00007ffa46e60000 - 0x00007ffa46e72000 	C:\WINDOWS\SYSTEM32\kernel.appcore.dll
0x00007ffa321a0000 - 0x00007ffa321aa000 	C:\Program Files\Java\jdk-17\bin\jimage.dll
0x00007ffa33a50000 - 0x00007ffa33c34000 	C:\WINDOWS\SYSTEM32\DBGHELP.DLL
0x00007ffa2fc20000 - 0x00007ffa2fc54000 	C:\WINDOWS\SYSTEM32\dbgcore.DLL
0x00007ffa49910000 - 0x00007ffa49992000 	C:\WINDOWS\System32\bcryptPrimitives.dll
0x00007ffa17a90000 - 0x00007ffa17ab5000 	C:\Program Files\Java\jdk-17\bin\java.dll
0x00007ff9c2cc0000 - 0x00007ff9c2d97000 	C:\Program Files\Java\jdk-17\bin\jsvml.dll
0x00007ffa49bf0000 - 0x00007ffa4a35f000 	C:\WINDOWS\System32\SHELL32.dll
0x00007ffa47060000 - 0x00007ffa477ff000 	C:\WINDOWS\SYSTEM32\windows.storage.dll
0x00007ffa4ab60000 - 0x00007ffa4aeb3000 	C:\WINDOWS\System32\combase.dll
0x00007ffa48a40000 - 0x00007ffa48a6e000 	C:\WINDOWS\SYSTEM32\Wldp.dll
0x00007ffa4a600000 - 0x00007ffa4a6cd000 	C:\WINDOWS\System32\OLEAUT32.dll
0x00007ffa4b5e0000 - 0x00007ffa4b68d000 	C:\WINDOWS\System32\SHCORE.dll
0x00007ffa4a7d0000 - 0x00007ffa4a825000 	C:\WINDOWS\System32\shlwapi.dll
0x00007ffa48f50000 - 0x00007ffa48f74000 	C:\WINDOWS\SYSTEM32\profapi.dll
0x00007ffa1da10000 - 0x00007ffa1da29000 	C:\Program Files\Java\jdk-17\bin\net.dll
0x00007ffa41130000 - 0x00007ffa4123d000 	C:\WINDOWS\SYSTEM32\WINHTTP.dll
0x00007ffa48780000 - 0x00007ffa487ea000 	C:\WINDOWS\system32\mswsock.dll
0x00007ffa1d9f0000 - 0x00007ffa1da06000 	C:\Program Files\Java\jdk-17\bin\nio.dll
0x00007ffa1cb30000 - 0x00007ffa1cb48000 	C:\Program Files\Java\jdk-17\bin\zip.dll
0x00007ffa30da0000 - 0x00007ffa30db0000 	C:\Program Files\Java\jdk-17\bin\verify.dll
0x00007ffa0cce0000 - 0x00007ffa0cd5b000 	C:\Users\marco\AppData\Local\Temp\lwjgl_marco\3.3.4+7\x64\lwjgl.dll
0x00007ff9b5e40000 - 0x00007ff9b601d000 	C:\Users\marco\AppData\Local\Temp\lwjgl_marco\3.3.4+7\x64\OpenAL.dll
0x00007ffa4a4d0000 - 0x00007ffa4a5fb000 	C:\WINDOWS\System32\ole32.dll
0x00007ffa49b40000 - 0x00007ffa49be9000 	C:\WINDOWS\System32\clbcatq.dll
0x00007ffa44450000 - 0x00007ffa444d5000 	C:\WINDOWS\System32\MMDevApi.dll
0x00007ffa48da0000 - 0x00007ffa48dd3000 	C:\WINDOWS\System32\DEVOBJ.dll
0x00007ffa49200000 - 0x00007ffa4924e000 	C:\WINDOWS\System32\cfgmgr32.dll
0x00007ffa446e0000 - 0x00007ffa44861000 	C:\WINDOWS\SYSTEM32\AUDIOSES.DLL
0x00007ffa48570000 - 0x00007ffa485bb000 	C:\WINDOWS\SYSTEM32\powrprof.dll
0x00007ffa483e0000 - 0x00007ffa483f2000 	C:\WINDOWS\SYSTEM32\UMPDC.dll
0x00007ffa46a60000 - 0x00007ffa46a74000 	C:\WINDOWS\SYSTEM32\resourcepolicyclient.dll
0x00007ffa0ac80000 - 0x00007ffa0ad20000 	C:\Users\marco\AppData\Local\Temp\lwjgl_marco\3.3.4+7\x64\lwjgl_stb.dll
0x00007ff9b4f30000 - 0x00007ff9b5e3a000 	C:\Users\marco\AppData\Local\Temp\imgui-java-natives\1.87.3\imgui-java64.dll
0x00007ffa0ac10000 - 0x00007ffa0ac71000 	C:\Users\marco\AppData\Local\Temp\lwjgl_marco\3.3.4+7\x64\lwjgl_opengl.dll
0x00007ffa27270000 - 0x00007ffa27398000 	C:\WINDOWS\SYSTEM32\opengl32.dll
0x00007ffa32cf0000 - 0x00007ffa32d1c000 	C:\WINDOWS\SYSTEM32\GLU32.dll

dbghelp: loaded successfully - version: 4.0.5 - missing functions: none
symbol engine: initialized successfully - sym options: 0x614 - pdb path: .;C:\Program Files\Java\jdk-17\bin;C:\WINDOWS\SYSTEM32;C:\Program Files\Norton Security\NortonData\22.20.4.57\Definitions\IPSDefs\20240918.064;C:\WINDOWS\WinSxS\amd64_microsoft.windows.common-controls_6595b64144ccf1df_6.0.19041.4355_none_60b8b9eb71f62e16;C:\Program Files\Java\jdk-17\bin\server;C:\Users\marco\AppData\Local\Temp\lwjgl_marco\3.3.4+7\x64;C:\Users\marco\AppData\Local\Temp\imgui-java-natives\1.87.3

VM Arguments:
jvm_args: -Dfile.encoding=windows-1252 -Duser.country=ES -Duser.language=es -Duser.variant 
java_command: com.restonic4.game.Main
java_class_path (initial): C:\Users\marco\IdeaProjects\EpicAmazingCoolGameTestIGues\build\classes\java\main;C:\Users\marco\IdeaProjects\EpicAmazingCoolGameTestIGues\build\resources\main;C:\Users\marco\.gradle\caches\modules-2\files-2.1\io.github.spair\imgui-java-lwjgl3\1.87.3\7017436c9fd2b0da5a6365deece8c6fb11847c75\imgui-java-lwjgl3-1.87.3.jar;C:\Users\marco\.gradle\caches\modules-2\files-2.1\org.joml\joml\1.10.8\fc0a71dad90a2cf41d82a76156a0e700af8e4f8d\joml-1.10.8.jar;C:\Users\marco\.gradle\caches\modules-2\files-2.1\org.json\json\20240303\ebb88e8fb5122b7506d5cf1d69f1ccdb790d22a\json-20240303.jar;C:\Users\marco\.gradle\caches\modules-2\files-2.1\org.lwjgl\lwjgl-glfw\3.3.4\7e46ecdec85db8738053cfde1414352cd62dab74\lwjgl-glfw-3.3.4.jar;C:\Users\marco\.gradle\caches\modules-2\files-2.1\org.lwjgl\lwjgl-glfw\3.3.4\370ef92d15819a123c643dd2b0fc3a2d40bb263c\lwjgl-glfw-3.3.4-natives-windows.jar;C:\Users\marco\.gradle\caches\modules-2\files-2.1\org.lwjgl\lwjgl-openal\3.3.4\9b74d3ea380c83353d42af43ad9659e04dabe84a\lwjgl-openal-3.3.4.jar;C:\Users\marco\.gradle\caches\modules-2\files-2.1\org.lwjgl\lwjgl-openal\3.3.4\c4de8af803aacda71044418095a71cd63b569a15\lwjgl-openal-3.3.4-natives-windows.jar;C:\Users\marco\.gradle\caches\modules-2\files-2.1\org.lwjgl\lwjgl-opengl\3.3.4\2852ac7d9f6fc71349f1ce28e2708ff1977f18af\lwjgl-opengl-3.3.4.jar;C:\Users\marco\.gradle\caches\modules-2\files-2.1\org.lwjgl\lwjgl-opengl\3.3.4\f7ca4e75573a9ce83075bd86bc8a3e49ff106696\lwjgl-opengl-3.3.4-natives-windows.jar;C:\Users\marco\.gradle\caches\modules-2\files-2.1\org.lwjgl\lwjgl-stb\3.3.4\5821735d5ef23f6da8542887344e57eb181b7cac\lwjgl-stb-3.3.4.jar;C:\Users\marco\.gradle\caches\modules-2\files-2.1\org.lwjgl\lwjgl-stb\3.3.4\8310e565463ec8d369528e8b26a9b1518d079a01\lwjgl-stb-3.3.4-natives-windows.jar;C:\Users\marco\.gradle\caches\modules-2\files-2.1\org.lwjgl\lwjgl\3.3.4\b86c3e4832426e8a6b466013b7cb34b40e9ce956\lwjgl-3.3.4.jar;C:\Users\marco\.gradle\caches\modules-2\files-2.1\org.lwjgl\lwjgl\3.3.4\dd0
Launcher Type: SUN_STANDARD

[Global flags]
     intx CICompilerCount                          = 4                                         {product} {ergonomic}
     uint ConcGCThreads                            = 3                                         {product} {ergonomic}
     uint G1ConcRefinementThreads                  = 10                                        {product} {ergonomic}
   size_t G1HeapRegionSize                         = 4194304                                   {product} {ergonomic}
    uintx GCDrainStackTargetSize                   = 64                                        {product} {ergonomic}
   size_t InitialHeapSize                          = 536870912                                 {product} {ergonomic}
   size_t MarkStackSize                            = 4194304                                   {product} {ergonomic}
   size_t MaxHeapSize                              = 8543797248                                {product} {ergonomic}
   size_t MaxNewSize                               = 5125439488                                {product} {ergonomic}
   size_t MinHeapDeltaBytes                        = 4194304                                   {product} {ergonomic}
   size_t MinHeapSize                              = 8388608                                   {product} {ergonomic}
    uintx NonNMethodCodeHeapSize                   = 5839372                                {pd product} {ergonomic}
    uintx NonProfiledCodeHeapSize                  = 122909434                              {pd product} {ergonomic}
    uintx ProfiledCodeHeapSize                     = 122909434                              {pd product} {ergonomic}
    uintx ReservedCodeCacheSize                    = 251658240                              {pd product} {ergonomic}
     bool SegmentedCodeCache                       = true                                      {product} {ergonomic}
   size_t SoftMaxHeapSize                          = 8543797248                             {manageable} {ergonomic}
     bool UseCompressedClassPointers               = true                           {product lp64_product} {ergonomic}
     bool UseCompressedOops                        = true                           {product lp64_product} {ergonomic}
     bool UseG1GC                                  = true                                      {product} {ergonomic}
     bool UseLargePagesIndividualAllocation        = false                                  {pd product} {ergonomic}

Logging:
Log output configuration:
 #0: stdout all=warning uptime,level,tags
 #1: stderr all=off uptime,level,tags

Environment Variables:
PATH=C:\Python311\Scripts\;C:\Python311\;C:\Program Files\Common Files\Oracle\Java\javapath;C:\Program Files\Oculus\Support\oculus-runtime;C:\Python39\Scripts\;C:\Python39\;C:\Program Files (x86)\Common Files\Oracle\Java\javapath;C:\Windows\system32;C:\Windows;C:\Windows\System32\Wbem;C:\Windows\System32\WindowsPowerShell\v1.0\;C:\Windows\System32\OpenSSH\;C:\Program Files\NVIDIA Corporation\NVIDIA NvDLISR;C:\ProgramData\chocolatey\bin;C:\WINDOWS\system32;C:\WINDOWS;C:\WINDOWS\System32\Wbem;C:\WINDOWS\System32\WindowsPowerShell\v1.0\;C:\WINDOWS\System32\OpenSSH\;C:\Program Files\dotnet\;C:\Program Files\Git\cmd;C:\Program Files (x86)\NVIDIA Corporation\PhysX\Common;C:\Program Files\nodejs\;C:\Users\marco\Documents\Nueva carpeta\OBSCommand;C:\Users\marco\Documents\OBS COMMANDS\OBSCommand;C:\Program Files (x86)\Windows Kits\10\Windows Performance Toolkit\;C:\Program Files\Java\jdk-17\bin;C:\Program Files (x86)\WiX Toolset v3.14\bin;C:\Program Files\Gource\cmd;C:\Users\marco\.cargo\bin;C:\Users\marco\AppData\Local\Programs\Python\Python310\Scripts\;C:\Users\marco\AppData\Local\Programs\Python\Python310\;C:\Users\marco\AppData\Local\Microsoft\WindowsApps;C:\Users\marco\AppData\Local\Programs\Microsoft VS Code\bin;C:\Users\marco\.dotnet\tools;C:\xampp\php;C:\Program Files\heroku\bin;C:\Users\marco\AppData\Roaming\npm;C:\FFMPEG\files;C:\Program Files\JetBrains\WebStorm 2023.3.3\bin;;C:\yt-dlp;
USERNAME=marco
OS=Windows_NT
PROCESSOR_IDENTIFIER=Intel64 Family 6 Model 165 Stepping 2, GenuineIntel



---------------  S Y S T E M  ---------------

OS:
 Windows 10 , 64 bit Build 19041 (10.0.19041.4717)
OS uptime: 10 days 21:45 hours
Hyper-V role detected

CPU: total 12 (initial active 12) (6 cores per cpu, 2 threads per core) family 6 model 165 stepping 2 microcode 0xc8, cx8, cmov, fxsr, ht, mmx, 3dnowpref, sse, sse2, sse3, ssse3, sse4.1, sse4.2, popcnt, lzcnt, tsc, tscinvbit, avx, avx2, aes, erms, clmul, bmi1, bmi2, adx, fma, vzeroupper, clflush, clflushopt, hv

Memory: 4k page, system-wide physical 32585M (18158M free)
TotalPageFile size 37449M (AvailPageFile size 18264M)
current process WorkingSet (physical memory assigned to process): 144M, peak: 145M
current process commit charge ("private bytes"): 706M, peak: 707M

vm_info: Java HotSpot(TM) 64-Bit Server VM (17.0.7+8-LTS-224) for windows-amd64 JRE (17.0.7+8-LTS-224), built on Feb 28 2023 23:03:02 by "mach5one" with MS VC++ 17.1 (VS2022)

END.
