#
# A fatal error has been detected by the Java Runtime Environment:
#
#  EXCEPTION_ACCESS_VIOLATION (0xc0000005) at pc=0x00007ffa1cfcf48a, pid=4036, tid=25576
#
# JRE version: Java(TM) SE Runtime Environment (17.0.7+8) (build 17.0.7+8-LTS-224)
# Java VM: Java HotSpot(TM) 64-Bit Server VM (17.0.7+8-LTS-224, mixed mode, sharing, tiered, compressed oops, compressed class ptrs, g1 gc, windows-amd64)
# Problematic frame:
# C  [lwjgl_opengl.dll+0xf48a]
#
# No core dump will be written. Minidumps are not enabled by default on client versions of Windows
#
# If you would like to submit a bug report, please visit:
#   https://bugreport.java.com/bugreport/crash.jsp
# The crash happened outside the Java Virtual Machine in native code.
# See problematic frame for where to report the bug.
#

---------------  S U M M A R Y ------------

Command Line: -agentlib:jdwp=transport=dt_socket,server=n,suspend=y,address=127.0.0.1:59221 -Dfile.encoding=windows-1252 -Duser.country=ES -Duser.language=es -Duser.variant me.restonic4.game.Main

Host: Intel(R) Core(TM) i7-10750H CPU @ 2.60GHz, 12 cores, 31G,  Windows 10 , 64 bit Build 19041 (10.0.19041.4717)
Time: Mon Sep 16 19:25:12 2024 Hora de verano romance elapsed time: 0.615270 seconds (0d 0h 0m 0s)

---------------  T H R E A D  ---------------

Current thread (0x000001e806449af0):  JavaThread "main" [_thread_in_native, id=25576, stack(0x00000098be900000,0x00000098bea00000)]

Stack: [0x00000098be900000,0x00000098bea00000],  sp=0x00000098be9ff238,  free space=1020k
Native frames: (J=compiled Java code, j=interpreted, Vv=VM code, C=native code)
C  [lwjgl_opengl.dll+0xf48a]

Java frames: (J=compiled Java code, j=interpreted, Vv=VM code)
j  org.lwjgl.opengl.GL20C.nglGetUniformLocation(IJ)I+0
j  org.lwjgl.opengl.GL20C.glGetUniformLocation(ILjava/lang/CharSequence;)I+25
j  org.lwjgl.opengl.GL20.glGetUniformLocation(ILjava/lang/CharSequence;)I+2
j  me.restonic4.citadel.render.UniformsMap.createUniform(Ljava/lang/String;)V+5
j  me.restonic4.citadel.render.Shader.generateUniforms()V+21
j  me.restonic4.citadel.registries.built_in.managers.Shaders$1.generateUniforms()V+1
j  me.restonic4.citadel.render.Shader.create()V+126
j  me.restonic4.citadel.render.Shader.onPopulate()V+5
j  me.restonic4.citadel.registries.Registry.register(Lme/restonic4/citadel/registries/RegistryKey;Lme/restonic4/citadel/registries/AssetLocation;Lme/restonic4/citadel/registries/RegistryObject;)Lme/restonic4/citadel/registries/RegistryObject;+181
j  me.restonic4.citadel.registries.built_in.managers.Shaders.register()V+57
j  me.restonic4.citadel.registries.RegistryManager.registerBuiltIn()V+34
j  me.restonic4.citadel.core.CitadelLauncher.launch()V+147
j  me.restonic4.game.Main.main([Ljava/lang/String;)V+72
v  ~StubRoutines::call_stub

siginfo: EXCEPTION_ACCESS_VIOLATION (0xc0000005), reading address 0x0000000000000f48


Register to memory mapping:

RIP=0x00007ffa1cfcf48a lwjgl_opengl.dll
RAX=0x0 is NULL
RBX={method} {0x000001e8339b83d8} 'nglGetUniformLocation' '(IJ)I' in 'org/lwjgl/opengl/GL20C'
RCX=0x000001e806449d98 points into unknown readable memory: 0x000001e8340b8120 | 20 81 0b 34 e8 01 00 00
RDX=0x000001e8340de810 points into unknown readable memory: 0x7463656a6f725075 | 75 50 72 6f 6a 65 63 74
RSP=0x00000098be9ff238 is pointing into the stack for thread: 0x000001e806449af0
RBP=0x00000098be9ff2c0 is pointing into the stack for thread: 0x000001e806449af0
RSI=0x000000000000000c is an unknown value
RDI=0x0 is NULL
R8 =0x0 is NULL
R9 =0x000001e8340de810 points into unknown readable memory: 0x7463656a6f725075 | 75 50 72 6f 6a 65 63 74
R10=0x000001e815201337 is at code_begin+1911 in an Interpreter codelet
method entry point (kind = native)  [0x000001e815200bc0, 0x000001e815201ce0]  4384 bytes
R11=0x000000062232d280 is an oop: java.lang.Class 
{0x000000062232d280} - klass: 'java/lang/Class'
 - ---- fields (total size 54 words):
 - private volatile transient 'classRedefinedCount' 'I' @12  0
 - private volatile transient 'cachedConstructor' 'Ljava/lang/reflect/Constructor;' @40  NULL (0)
 - private transient 'name' 'Ljava/lang/String;' @44  "org.lwjgl.opengl.GL20C"{0x000000062232d440} (c4465a88)
 - private transient 'module' 'Ljava/lang/Module;' @48  a 'java/lang/Module'{0x00000006228fcd60} (c451f9ac)
 - private final 'classLoader' 'Ljava/lang/ClassLoader;' @52  a 'jdk/internal/loader/ClassLoaders$AppClassLoader'{0x00000006228fcba0} (c451f974)
 - private transient 'classData' 'Ljava/lang/Object;' @56  NULL (0)
 - private transient 'packageName' 'Ljava/lang/String;' @60  "org.lwjgl.opengl"{0x0000000622b53ef8} (c456a7df)
 - private final 'componentType' 'Ljava/lang/Class;' @64  NULL (0)
 - private volatile transient 'reflectionData' 'Ljava/lang/ref/SoftReference;' @68  NULL (0)
 - private volatile transient 'genericInfo' 'Lsun/reflect/generics/repository/ClassRepository;' @72  NULL (0)
 - private volatile transient 'enumConstants' '[Ljava/lang/Object;' @76  NULL (0)
 - private volatile transient 'enumConstantDirectory' 'Ljava/util/Map;' @80  NULL (0)
 - private volatile transient 'annotationData' 'Ljava/lang/Class$AnnotationData;' @84  NULL (0)
 - private volatile transient 'annotationType' 'Lsun/reflect/annotation/AnnotationType;' @88  NULL (0)
 - transient 'classValueMap' 'Ljava/lang/ClassValue$ClassValueMap;' @92  NULL (0)
 - signature: Lorg/lwjgl/opengl/GL20C;
 - fake entry for mirror: 'org/lwjgl/opengl/GL20C'
 - fake entry for array: NULL
 - fake entry for oop_size: 54
 - fake entry for static_oop_field_count: 0
 - public static final 'GL_SHADING_LANGUAGE_VERSION' 'I' @112  35724 (8b8c)
 - public static final 'GL_CURRENT_PROGRAM' 'I' @116  35725 (8b8d)
 - public static final 'GL_SHADER_TYPE' 'I' @120  35663 (8b4f)
 - public static final 'GL_DELETE_STATUS' 'I' @124  35712 (8b80)
 - public static final 'GL_COMPILE_STATUS' 'I' @128  35713 (8b81)
 - public static final 'GL_LINK_STATUS' 'I' @132  35714 (8b82)
 - public static final 'GL_VALIDATE_STATUS' 'I' @136  35715 (8b83)
 - public static final 'GL_INFO_LOG_LENGTH' 'I' @140  35716 (8b84)
 - public static final 'GL_ATTACHED_SHADERS' 'I' @144  35717 (8b85)
 - public static final 'GL_ACTIVE_UNIFORMS' 'I' @148  35718 (8b86)
 - public static final 'GL_ACTIVE_UNIFORM_MAX_LENGTH' 'I' @152  35719 (8b87)
 - public static final 'GL_ACTIVE_ATTRIBUTES' 'I' @156  35721 (8b89)
 - public static final 'GL_ACTIVE_ATTRIBUTE_MAX_LENGTH' 'I' @160  35722 (8b8a)
 - public static final 'GL_SHADER_SOURCE_LENGTH' 'I' @164  35720 (8b88)
 - public static final 'GL_FLOAT_VEC2' 'I' @168  35664 (8b50)
 - public static final 'GL_FLOAT_VEC3' 'I' @172  35665 (8b51)
 - public static final 'GL_FLOAT_VEC4' 'I' @176  35666 (8b52)
 - public static final 'GL_INT_VEC2' 'I' @180  35667 (8b53)
 - public static final 'GL_INT_VEC3' 'I' @184  35668 (8b54)
 - public static final 'GL_INT_VEC4' 'I' @188  35669 (8b55)
 - public static final 'GL_BOOL' 'I' @192  35670 (8b56)
 - public static final 'GL_BOOL_VEC2' 'I' @196  35671 (8b57)
 - public static final 'GL_BOOL_VEC3' 'I' @200  35672 (8b58)
 - public static final 'GL_BOOL_VEC4' 'I' @204  35673 (8b59)
 - public static final 'GL_FLOAT_MAT2' 'I' @208  35674 (8b5a)
 - public static final 'GL_FLOAT_MAT3' 'I' @212  35675 (8b5b)
 - public static final 'GL_FLOAT_MAT4' 'I' @216  35676 (8b5c)
 - public static final 'GL_SAMPLER_1D' 'I' @220  35677 (8b5d)
 - public static final 'GL_SAMPLER_2D' 'I' @224  35678 (8b5e)
 - public static final 'GL_SAMPLER_3D' 'I' @228  35679 (8b5f)
 - public static final 'GL_SAMPLER_CUBE' 'I' @232  35680 (8b60)
 - public static final 'GL_SAMPLER_1D_SHADOW' 'I' @236  35681 (8b61)
 - public static final 'GL_SAMPLER_2D_SHADOW' 'I' @240  35682 (8b62)
 - public static final 'GL_VERTEX_SHADER' 'I' @244  35633 (8b31)
 - public static final 'GL_MAX_VERTEX_UNIFORM_COMPONENTS' 'I' @248  35658 (8b4a)
 - public static final 'GL_MAX_VARYING_FLOATS' 'I' @252  35659 (8b4b)
 - public static final 'GL_MAX_VERTEX_ATTRIBS' 'I' @256  34921 (8869)
 - public static final 'GL_MAX_TEXTURE_IMAGE_UNITS' 'I' @260  34930 (8872)
 - public static final 'GL_MAX_VERTEX_TEXTURE_IMAGE_UNITS' 'I' @264  35660 (8b4c)
 - public static final 'GL_MAX_COMBINED_TEXTURE_IMAGE_UNITS' 'I' @268  35661 (8b4d)
 - public static final 'GL_VERTEX_PROGRAM_POINT_SIZE' 'I' @272  34370 (8642)
 - public static final 'GL_VERTEX_ATTRIB_ARRAY_ENABLED' 'I' @276  34338 (8622)
 - public static final 'GL_VERTEX_ATTRIB_ARRAY_SIZE' 'I' @280  34339 (8623)
 - public static final 'GL_VERTEX_ATTRIB_ARRAY_STRIDE' 'I' @284  34340 (8624)
 - public static final 'GL_VERTEX_ATTRIB_ARRAY_TYPE' 'I' @288  34341 (8625)
 - public static final 'GL_VERTEX_ATTRIB_ARRAY_NORMALIZED' 'I' @292  34922 (886a)
 - public static final 'GL_CURRENT_VERTEX_ATTRIB' 'I' @296  34342 (8626)
 - public static final 'GL_VERTEX_ATTRIB_ARRAY_POINTER' 'I' @300  34373 (8645)
 - public static final 'GL_FRAGMENT_SHADER' 'I' @304  35632 (8b30)
 - public static final 'GL_MAX_FRAGMENT_UNIFORM_COMPONENTS' 'I' @308  35657 (8b49)
 - public static final 'GL_FRAGMENT_SHADER_DERIVATIVE_HINT' 'I' @312  35723 (8b8b)
 - public static final 'GL_MAX_DRAW_BUFFERS' 'I' @316  34852 (8824)
 - public static final 'GL_DRAW_BUFFER0' 'I' @320  34853 (8825)
 - public static final 'GL_DRAW_BUFFER1' 'I' @324  34854 (8826)
 - public static final 'GL_DRAW_BUFFER2' 'I' @328  34855 (8827)
 - public static final 'GL_DRAW_BUFFER3' 'I' @332  34856 (8828)
 - public static final 'GL_DRAW_BUFFER4' 'I' @336  34857 (8829)
 - public static final 'GL_DRAW_BUFFER5' 'I' @340  34858 (882a)
 - public static final 'GL_DRAW_BUFFER6' 'I' @344  34859 (882b)
 - public static final 'GL_DRAW_BUFFER7' 'I' @348  34860 (882c)
 - public static final 'GL_DRAW_BUFFER8' 'I' @352  34861 (882d)
 - public static final 'GL_DRAW_BUFFER9' 'I' @356  34862 (882e)
 - public static final 'GL_DRAW_BUFFER10' 'I' @360  34863 (882f)
 - public static final 'GL_DRAW_BUFFER11' 'I' @364  34864 (8830)
 - public static final 'GL_DRAW_BUFFER12' 'I' @368  34865 (8831)
 - public static final 'GL_DRAW_BUFFER13' 'I' @372  34866 (8832)
 - public static final 'GL_DRAW_BUFFER14' 'I' @376  34867 (8833)
 - public static final 'GL_DRAW_BUFFER15' 'I' @380  34868 (8834)
 - public static final 'GL_POINT_SPRITE_COORD_ORIGIN' 'I' @384  36000 (8ca0)
 - public static final 'GL_LOWER_LEFT' 'I' @388  36001 (8ca1)
 - public static final 'GL_UPPER_LEFT' 'I' @392  36002 (8ca2)
 - public static final 'GL_BLEND_EQUATION_RGB' 'I' @396  32777 (8009)
 - public static final 'GL_BLEND_EQUATION_ALPHA' 'I' @400  34877 (883d)
 - public static final 'GL_STENCIL_BACK_FUNC' 'I' @404  34816 (8800)
 - public static final 'GL_STENCIL_BACK_FAIL' 'I' @408  34817 (8801)
 - public static final 'GL_STENCIL_BACK_PASS_DEPTH_FAIL' 'I' @412  34818 (8802)
 - public static final 'GL_STENCIL_BACK_PASS_DEPTH_PASS' 'I' @416  34819 (8803)
 - public static final 'GL_STENCIL_BACK_REF' 'I' @420  36003 (8ca3)
 - public static final 'GL_STENCIL_BACK_VALUE_MASK' 'I' @424  36004 (8ca4)
 - public static final 'GL_STENCIL_BACK_WRITEMASK' 'I' @428  36005 (8ca5)
R12=0x0 is NULL
R13={method} {0x000001e8339b83d8} 'nglGetUniformLocation' '(IJ)I' in 'org/lwjgl/opengl/GL20C'
R14=0x00000098be9ff2f0 is pointing into the stack for thread: 0x000001e806449af0
R15=0x000001e806449af0 is a thread


Registers:
RAX=0x0000000000000000, RBX=0x000001e8339b83d0, RCX=0x000001e806449d98, RDX=0x000001e8340de810
RSP=0x00000098be9ff238, RBP=0x00000098be9ff2c0, RSI=0x000000000000000c, RDI=0x0000000000000000
R8 =0x0000000000000000, R9 =0x000001e8340de810, R10=0x000001e815201337, R11=0x000000062232d280
R12=0x0000000000000000, R13=0x000001e8339b83d0, R14=0x00000098be9ff2f0, R15=0x000001e806449af0
RIP=0x00007ffa1cfcf48a, EFLAGS=0x0000000000010206

Top of Stack: (sp=0x00000098be9ff238)
0x00000098be9ff238:   000001e815201366 0000000000000000
0x00000098be9ff248:   000001e815200cd2 000001e8339b83d0
0x00000098be9ff258:   000000000000000c 0000000000000000
0x00000098be9ff268:   00000000ffffffff 000001e815200c76
0x00000098be9ff278:   00000098be9ff278 000001e8339b83d0
0x00000098be9ff288:   00000098be9ff2f0 000001e8339e1080
0x00000098be9ff298:   0000000000000000 000000062232d280
0x00000098be9ff2a8:   000001e8339b83d0 0000000000000000
0x00000098be9ff2b8:   00000098be9ff2e0 00000098be9ff340
0x00000098be9ff2c8:   000001e8151fa322 000000062232d280
0x00000098be9ff2d8:   000001e8151fd4f6 000001e8340de810
0x00000098be9ff2e8:   0000000000000000 0000000000000000
0x00000098be9ff2f8:   00000098be9ff2f8 000001e8339b8599
0x00000098be9ff308:   00000098be9ff388 000001e8339e1080
0x00000098be9ff318:   0000000000000000 000000062232d280
0x00000098be9ff328:   000001e8339b8620 00000098be9ff2e0 

Instructions: (pc=0x00007ffa1cfcf48a)
0x00007ffa1cfcf38a:   24 28 4c 8b 4c 24 30 48 8b 09 48 8b 49 18 4c 8b
0x00007ffa1cfcf39a:   91 18 0f 00 00 89 c1 49 ff e2 cc cc cc cc cc cc
0x00007ffa1cfcf3aa:   cc cc cc cc cc cc 44 89 ca 44 89 c0 4c 8b 44 24
0x00007ffa1cfcf3ba:   28 48 8b 09 48 8b 49 18 4c 8b 89 20 0f 00 00 89
0x00007ffa1cfcf3ca:   c1 49 ff e1 cc cc 44 89 ca 44 89 c0 4c 8b 44 24
0x00007ffa1cfcf3da:   28 48 8b 09 48 8b 49 18 4c 8b 89 28 0f 00 00 89
0x00007ffa1cfcf3ea:   c1 49 ff e1 cc cc 44 89 ca 44 89 c0 4c 8b 44 24
0x00007ffa1cfcf3fa:   28 4c 8b 4c 24 30 48 8b 09 48 8b 49 18 4c 8b 91
0x00007ffa1cfcf40a:   30 0f 00 00 89 c1 49 ff e2 cc cc cc cc cc cc cc
0x00007ffa1cfcf41a:   cc cc cc cc cc cc 44 89 ca 44 89 c0 4c 8b 44 24
0x00007ffa1cfcf42a:   28 4c 8b 4c 24 30 48 8b 09 48 8b 49 18 4c 8b 91
0x00007ffa1cfcf43a:   38 0f 00 00 89 c1 49 ff e2 cc cc cc cc cc cc cc
0x00007ffa1cfcf44a:   cc cc cc cc cc cc 44 89 ca 44 89 c0 4c 8b 44 24
0x00007ffa1cfcf45a:   28 4c 8b 4c 24 30 48 8b 09 48 8b 49 18 4c 8b 91
0x00007ffa1cfcf46a:   40 0f 00 00 89 c1 49 ff e2 cc cc cc cc cc cc cc
0x00007ffa1cfcf47a:   cc cc cc cc cc cc 4c 89 ca 48 8b 01 48 8b 40 18
0x00007ffa1cfcf48a:   48 8b 80 48 0f 00 00 44 89 c1 48 ff e0 cc cc cc
0x00007ffa1cfcf49a:   cc cc cc cc cc cc 48 83 ec 38 44 89 ca 44 89 c0
0x00007ffa1cfcf4aa:   44 8b 44 24 60 4c 8b 4c 24 68 0f 28 44 24 70 4c
0x00007ffa1cfcf4ba:   8b 94 24 80 00 00 00 48 8b 09 4c 8b 59 18 4c 89
0x00007ffa1cfcf4ca:   54 24 30 0f 11 44 24 20 89 c1 41 ff 93 50 0f 00
0x00007ffa1cfcf4da:   00 90 48 83 c4 38 c3 cc cc cc cc cc cc cc cc cc
0x00007ffa1cfcf4ea:   cc cc cc cc cc cc 44 89 ca 44 89 c0 4c 8b 44 24
0x00007ffa1cfcf4fa:   28 48 8b 09 48 8b 49 18 4c 8b 89 58 0f 00 00 89
0x00007ffa1cfcf50a:   c1 49 ff e1 cc cc 44 89 ca 44 89 c0 4c 8b 44 24
0x00007ffa1cfcf51a:   28 48 8b 09 48 8b 49 18 4c 8b 89 60 0f 00 00 89
0x00007ffa1cfcf52a:   c1 49 ff e1 cc cc 44 89 ca 44 89 c0 4c 8b 44 24
0x00007ffa1cfcf53a:   28 4c 8b 4c 24 30 48 8b 09 48 8b 49 18 4c 8b 91
0x00007ffa1cfcf54a:   68 0f 00 00 89 c1 49 ff e2 cc cc cc cc cc cc cc
0x00007ffa1cfcf55a:   cc cc cc cc cc cc 0f 28 cb 48 8b 01 48 8b 40 18
0x00007ffa1cfcf56a:   48 8b 80 70 0f 00 00 44 89 c1 48 ff e0 cc cc cc
0x00007ffa1cfcf57a:   cc cc cc cc cc cc 44 89 ca 48 8b 01 48 8b 40 18 


Stack slot to memory mapping:
stack at sp + 0 slots: 0x000001e815201366 is at code_begin+1958 in an Interpreter codelet
method entry point (kind = native)  [0x000001e815200bc0, 0x000001e815201ce0]  4384 bytes
stack at sp + 1 slots: 0x0 is NULL
stack at sp + 2 slots: 0x000001e815200cd2 is at code_begin+274 in an Interpreter codelet
method entry point (kind = native)  [0x000001e815200bc0, 0x000001e815201ce0]  4384 bytes
stack at sp + 3 slots: {method} {0x000001e8339b83d8} 'nglGetUniformLocation' '(IJ)I' in 'org/lwjgl/opengl/GL20C'
stack at sp + 4 slots: 0x000000000000000c is an unknown value
stack at sp + 5 slots: 0x0 is NULL
stack at sp + 6 slots: 0x00000000ffffffff is an unknown value
stack at sp + 7 slots: 0x000001e815200c76 is at code_begin+182 in an Interpreter codelet
method entry point (kind = native)  [0x000001e815200bc0, 0x000001e815201ce0]  4384 bytes


---------------  P R O C E S S  ---------------

Threads class SMR info:
_java_thread_list=0x000001e832f1ede0, length=16, elements={
0x000001e806449af0, 0x000001e832458370, 0x000001e832458ef0, 0x000001e83246e0b0,
0x000001e832470990, 0x000001e832471250, 0x000001e832471f20, 0x000001e832472b10,
0x000001e8324769c0, 0x000001e8324812e0, 0x000001e832ede460, 0x000001e832ef6950,
0x000001e832ef8e50, 0x000001e832f143d0, 0x000001e832f19490, 0x000001e833e0aeb0
}

Java Threads: ( => current thread )
=>0x000001e806449af0 JavaThread "main" [_thread_in_native, id=25576, stack(0x00000098be900000,0x00000098bea00000)]
  0x000001e832458370 JavaThread "Reference Handler" daemon [_thread_blocked, id=21732, stack(0x00000098bf000000,0x00000098bf100000)]
  0x000001e832458ef0 JavaThread "Finalizer" daemon [_thread_blocked, id=13148, stack(0x00000098bf100000,0x00000098bf200000)]
  0x000001e83246e0b0 JavaThread "Signal Dispatcher" daemon [_thread_blocked, id=27676, stack(0x00000098bf200000,0x00000098bf300000)]
  0x000001e832470990 JavaThread "Attach Listener" daemon [_thread_blocked, id=24736, stack(0x00000098bf300000,0x00000098bf400000)]
  0x000001e832471250 JavaThread "Service Thread" daemon [_thread_blocked, id=25068, stack(0x00000098bf400000,0x00000098bf500000)]
  0x000001e832471f20 JavaThread "Monitor Deflation Thread" daemon [_thread_blocked, id=12768, stack(0x00000098bf500000,0x00000098bf600000)]
  0x000001e832472b10 JavaThread "C2 CompilerThread0" daemon [_thread_blocked, id=28352, stack(0x00000098bf600000,0x00000098bf700000)]
  0x000001e8324769c0 JavaThread "C1 CompilerThread0" daemon [_thread_blocked, id=28228, stack(0x00000098bf700000,0x00000098bf800000)]
  0x000001e8324812e0 JavaThread "Sweeper thread" daemon [_thread_blocked, id=12412, stack(0x00000098bf800000,0x00000098bf900000)]
  0x000001e832ede460 JavaThread "JDWP Transport Listener: dt_socket" daemon [_thread_blocked, id=26760, stack(0x00000098bf900000,0x00000098bfa00000)]
  0x000001e832ef6950 JavaThread "JDWP Event Helper Thread" daemon [_thread_blocked, id=6128, stack(0x00000098bfa00000,0x00000098bfb00000)]
  0x000001e832ef8e50 JavaThread "JDWP Command Reader" daemon [_thread_in_native, id=2172, stack(0x00000098bfb00000,0x00000098bfc00000)]
  0x000001e832f143d0 JavaThread "Notification Thread" daemon [_thread_blocked, id=5164, stack(0x00000098bfc00000,0x00000098bfd00000)]
  0x000001e832f19490 JavaThread "Common-Cleaner" daemon [_thread_blocked, id=24168, stack(0x00000098bfe00000,0x00000098bff00000)]
  0x000001e833e0aeb0 JavaThread "C2 CompilerThread1" daemon [_thread_blocked, id=5728, stack(0x00000098bff00000,0x00000098c0000000)]

Other Threads:
  0x000001e832452f30 VMThread "VM Thread" [stack: 0x00000098bef00000,0x00000098bf000000] [id=15128]
  0x000001e8322bff80 WatcherThread [stack: 0x00000098bfd00000,0x00000098bfe00000] [id=28856]
  0x000001e8064f64b0 GCTaskThread "GC Thread#0" [stack: 0x00000098bea00000,0x00000098beb00000] [id=29080]
  0x000001e8065080a0 ConcurrentGCThread "G1 Main Marker" [stack: 0x00000098beb00000,0x00000098bec00000] [id=28004]
  0x000001e806509060 ConcurrentGCThread "G1 Conc#0" [stack: 0x00000098bec00000,0x00000098bed00000] [id=1712]
  0x000001e83238a050 ConcurrentGCThread "G1 Refine#0" [stack: 0x00000098bed00000,0x00000098bee00000] [id=26256]
  0x000001e83238a880 ConcurrentGCThread "G1 Service" [stack: 0x00000098bee00000,0x00000098bef00000] [id=22540]

Threads with active compile tasks:

VM state: not at safepoint (normal execution)

VM Mutex/Monitor currently owned by a thread: None

Heap address: 0x0000000602c00000, size: 8148 MB, Compressed Oops mode: Zero based, Oop shift amount: 3

CDS archive(s) mapped at: [0x0000000800000000-0x0000000800bd0000-0x0000000800bd0000), size 12386304, SharedBaseAddress: 0x0000000800000000, ArchiveRelocationMode: 0.
Compressed class space mapped at: 0x0000000800c00000-0x0000000840c00000, reserved size: 1073741824
Narrow klass base: 0x0000000800000000, Narrow klass shift: 0, Narrow klass range: 0x100000000

GC Precious Log:
 CPUs: 12 total, 12 available
 Memory: 32585M
 Large Page Support: Disabled
 NUMA Support: Disabled
 Compressed Oops: Enabled (Zero based)
 Heap Region Size: 4M
 Heap Min Capacity: 8M
 Heap Initial Capacity: 512M
 Heap Max Capacity: 8148M
 Pre-touch: Disabled
 Parallel Workers: 10
 Concurrent Workers: 3
 Concurrent Refinement Workers: 10
 Periodic GC: Disabled

Heap:
 garbage-first heap   total 524288K, used 8192K [0x0000000602c00000, 0x0000000800000000)
  region size 4096K, 3 young (12288K), 0 survivors (0K)
 Metaspace       used 3857K, committed 4096K, reserved 1056768K
  class space    used 286K, committed 384K, reserved 1048576K

Heap Regions: E=young(eden), S=young(survivor), O=old, HS=humongous(starts), HC=humongous(continues), CS=collection set, F=free, OA=open archive, CA=closed archive, TAMS=top-at-mark-start (previous, next)
|   0|0x0000000602c00000, 0x0000000602c00000, 0x0000000603000000|  0%| F|  |TAMS 0x0000000602c00000, 0x0000000602c00000| Untracked 
|   1|0x0000000603000000, 0x0000000603000000, 0x0000000603400000|  0%| F|  |TAMS 0x0000000603000000, 0x0000000603000000| Untracked 
|   2|0x0000000603400000, 0x0000000603400000, 0x0000000603800000|  0%| F|  |TAMS 0x0000000603400000, 0x0000000603400000| Untracked 
|   3|0x0000000603800000, 0x0000000603800000, 0x0000000603c00000|  0%| F|  |TAMS 0x0000000603800000, 0x0000000603800000| Untracked 
|   4|0x0000000603c00000, 0x0000000603c00000, 0x0000000604000000|  0%| F|  |TAMS 0x0000000603c00000, 0x0000000603c00000| Untracked 
|   5|0x0000000604000000, 0x0000000604000000, 0x0000000604400000|  0%| F|  |TAMS 0x0000000604000000, 0x0000000604000000| Untracked 
|   6|0x0000000604400000, 0x0000000604400000, 0x0000000604800000|  0%| F|  |TAMS 0x0000000604400000, 0x0000000604400000| Untracked 
|   7|0x0000000604800000, 0x0000000604800000, 0x0000000604c00000|  0%| F|  |TAMS 0x0000000604800000, 0x0000000604800000| Untracked 
|   8|0x0000000604c00000, 0x0000000604c00000, 0x0000000605000000|  0%| F|  |TAMS 0x0000000604c00000, 0x0000000604c00000| Untracked 
|   9|0x0000000605000000, 0x0000000605000000, 0x0000000605400000|  0%| F|  |TAMS 0x0000000605000000, 0x0000000605000000| Untracked 
|  10|0x0000000605400000, 0x0000000605400000, 0x0000000605800000|  0%| F|  |TAMS 0x0000000605400000, 0x0000000605400000| Untracked 
|  11|0x0000000605800000, 0x0000000605800000, 0x0000000605c00000|  0%| F|  |TAMS 0x0000000605800000, 0x0000000605800000| Untracked 
|  12|0x0000000605c00000, 0x0000000605c00000, 0x0000000606000000|  0%| F|  |TAMS 0x0000000605c00000, 0x0000000605c00000| Untracked 
|  13|0x0000000606000000, 0x0000000606000000, 0x0000000606400000|  0%| F|  |TAMS 0x0000000606000000, 0x0000000606000000| Untracked 
|  14|0x0000000606400000, 0x0000000606400000, 0x0000000606800000|  0%| F|  |TAMS 0x0000000606400000, 0x0000000606400000| Untracked 
|  15|0x0000000606800000, 0x0000000606800000, 0x0000000606c00000|  0%| F|  |TAMS 0x0000000606800000, 0x0000000606800000| Untracked 
|  16|0x0000000606c00000, 0x0000000606c00000, 0x0000000607000000|  0%| F|  |TAMS 0x0000000606c00000, 0x0000000606c00000| Untracked 
|  17|0x0000000607000000, 0x0000000607000000, 0x0000000607400000|  0%| F|  |TAMS 0x0000000607000000, 0x0000000607000000| Untracked 
|  18|0x0000000607400000, 0x0000000607400000, 0x0000000607800000|  0%| F|  |TAMS 0x0000000607400000, 0x0000000607400000| Untracked 
|  19|0x0000000607800000, 0x0000000607800000, 0x0000000607c00000|  0%| F|  |TAMS 0x0000000607800000, 0x0000000607800000| Untracked 
|  20|0x0000000607c00000, 0x0000000607c00000, 0x0000000608000000|  0%| F|  |TAMS 0x0000000607c00000, 0x0000000607c00000| Untracked 
|  21|0x0000000608000000, 0x0000000608000000, 0x0000000608400000|  0%| F|  |TAMS 0x0000000608000000, 0x0000000608000000| Untracked 
|  22|0x0000000608400000, 0x0000000608400000, 0x0000000608800000|  0%| F|  |TAMS 0x0000000608400000, 0x0000000608400000| Untracked 
|  23|0x0000000608800000, 0x0000000608800000, 0x0000000608c00000|  0%| F|  |TAMS 0x0000000608800000, 0x0000000608800000| Untracked 
|  24|0x0000000608c00000, 0x0000000608c00000, 0x0000000609000000|  0%| F|  |TAMS 0x0000000608c00000, 0x0000000608c00000| Untracked 
|  25|0x0000000609000000, 0x0000000609000000, 0x0000000609400000|  0%| F|  |TAMS 0x0000000609000000, 0x0000000609000000| Untracked 
|  26|0x0000000609400000, 0x0000000609400000, 0x0000000609800000|  0%| F|  |TAMS 0x0000000609400000, 0x0000000609400000| Untracked 
|  27|0x0000000609800000, 0x0000000609800000, 0x0000000609c00000|  0%| F|  |TAMS 0x0000000609800000, 0x0000000609800000| Untracked 
|  28|0x0000000609c00000, 0x0000000609c00000, 0x000000060a000000|  0%| F|  |TAMS 0x0000000609c00000, 0x0000000609c00000| Untracked 
|  29|0x000000060a000000, 0x000000060a000000, 0x000000060a400000|  0%| F|  |TAMS 0x000000060a000000, 0x000000060a000000| Untracked 
|  30|0x000000060a400000, 0x000000060a400000, 0x000000060a800000|  0%| F|  |TAMS 0x000000060a400000, 0x000000060a400000| Untracked 
|  31|0x000000060a800000, 0x000000060a800000, 0x000000060ac00000|  0%| F|  |TAMS 0x000000060a800000, 0x000000060a800000| Untracked 
|  32|0x000000060ac00000, 0x000000060ac00000, 0x000000060b000000|  0%| F|  |TAMS 0x000000060ac00000, 0x000000060ac00000| Untracked 
|  33|0x000000060b000000, 0x000000060b000000, 0x000000060b400000|  0%| F|  |TAMS 0x000000060b000000, 0x000000060b000000| Untracked 
|  34|0x000000060b400000, 0x000000060b400000, 0x000000060b800000|  0%| F|  |TAMS 0x000000060b400000, 0x000000060b400000| Untracked 
|  35|0x000000060b800000, 0x000000060b800000, 0x000000060bc00000|  0%| F|  |TAMS 0x000000060b800000, 0x000000060b800000| Untracked 
|  36|0x000000060bc00000, 0x000000060bc00000, 0x000000060c000000|  0%| F|  |TAMS 0x000000060bc00000, 0x000000060bc00000| Untracked 
|  37|0x000000060c000000, 0x000000060c000000, 0x000000060c400000|  0%| F|  |TAMS 0x000000060c000000, 0x000000060c000000| Untracked 
|  38|0x000000060c400000, 0x000000060c400000, 0x000000060c800000|  0%| F|  |TAMS 0x000000060c400000, 0x000000060c400000| Untracked 
|  39|0x000000060c800000, 0x000000060c800000, 0x000000060cc00000|  0%| F|  |TAMS 0x000000060c800000, 0x000000060c800000| Untracked 
|  40|0x000000060cc00000, 0x000000060cc00000, 0x000000060d000000|  0%| F|  |TAMS 0x000000060cc00000, 0x000000060cc00000| Untracked 
|  41|0x000000060d000000, 0x000000060d000000, 0x000000060d400000|  0%| F|  |TAMS 0x000000060d000000, 0x000000060d000000| Untracked 
|  42|0x000000060d400000, 0x000000060d400000, 0x000000060d800000|  0%| F|  |TAMS 0x000000060d400000, 0x000000060d400000| Untracked 
|  43|0x000000060d800000, 0x000000060d800000, 0x000000060dc00000|  0%| F|  |TAMS 0x000000060d800000, 0x000000060d800000| Untracked 
|  44|0x000000060dc00000, 0x000000060dc00000, 0x000000060e000000|  0%| F|  |TAMS 0x000000060dc00000, 0x000000060dc00000| Untracked 
|  45|0x000000060e000000, 0x000000060e000000, 0x000000060e400000|  0%| F|  |TAMS 0x000000060e000000, 0x000000060e000000| Untracked 
|  46|0x000000060e400000, 0x000000060e400000, 0x000000060e800000|  0%| F|  |TAMS 0x000000060e400000, 0x000000060e400000| Untracked 
|  47|0x000000060e800000, 0x000000060e800000, 0x000000060ec00000|  0%| F|  |TAMS 0x000000060e800000, 0x000000060e800000| Untracked 
|  48|0x000000060ec00000, 0x000000060ec00000, 0x000000060f000000|  0%| F|  |TAMS 0x000000060ec00000, 0x000000060ec00000| Untracked 
|  49|0x000000060f000000, 0x000000060f000000, 0x000000060f400000|  0%| F|  |TAMS 0x000000060f000000, 0x000000060f000000| Untracked 
|  50|0x000000060f400000, 0x000000060f400000, 0x000000060f800000|  0%| F|  |TAMS 0x000000060f400000, 0x000000060f400000| Untracked 
|  51|0x000000060f800000, 0x000000060f800000, 0x000000060fc00000|  0%| F|  |TAMS 0x000000060f800000, 0x000000060f800000| Untracked 
|  52|0x000000060fc00000, 0x000000060fc00000, 0x0000000610000000|  0%| F|  |TAMS 0x000000060fc00000, 0x000000060fc00000| Untracked 
|  53|0x0000000610000000, 0x0000000610000000, 0x0000000610400000|  0%| F|  |TAMS 0x0000000610000000, 0x0000000610000000| Untracked 
|  54|0x0000000610400000, 0x0000000610400000, 0x0000000610800000|  0%| F|  |TAMS 0x0000000610400000, 0x0000000610400000| Untracked 
|  55|0x0000000610800000, 0x0000000610800000, 0x0000000610c00000|  0%| F|  |TAMS 0x0000000610800000, 0x0000000610800000| Untracked 
|  56|0x0000000610c00000, 0x0000000610c00000, 0x0000000611000000|  0%| F|  |TAMS 0x0000000610c00000, 0x0000000610c00000| Untracked 
|  57|0x0000000611000000, 0x0000000611000000, 0x0000000611400000|  0%| F|  |TAMS 0x0000000611000000, 0x0000000611000000| Untracked 
|  58|0x0000000611400000, 0x0000000611400000, 0x0000000611800000|  0%| F|  |TAMS 0x0000000611400000, 0x0000000611400000| Untracked 
|  59|0x0000000611800000, 0x0000000611800000, 0x0000000611c00000|  0%| F|  |TAMS 0x0000000611800000, 0x0000000611800000| Untracked 
|  60|0x0000000611c00000, 0x0000000611c00000, 0x0000000612000000|  0%| F|  |TAMS 0x0000000611c00000, 0x0000000611c00000| Untracked 
|  61|0x0000000612000000, 0x0000000612000000, 0x0000000612400000|  0%| F|  |TAMS 0x0000000612000000, 0x0000000612000000| Untracked 
|  62|0x0000000612400000, 0x0000000612400000, 0x0000000612800000|  0%| F|  |TAMS 0x0000000612400000, 0x0000000612400000| Untracked 
|  63|0x0000000612800000, 0x0000000612800000, 0x0000000612c00000|  0%| F|  |TAMS 0x0000000612800000, 0x0000000612800000| Untracked 
|  64|0x0000000612c00000, 0x0000000612c00000, 0x0000000613000000|  0%| F|  |TAMS 0x0000000612c00000, 0x0000000612c00000| Untracked 
|  65|0x0000000613000000, 0x0000000613000000, 0x0000000613400000|  0%| F|  |TAMS 0x0000000613000000, 0x0000000613000000| Untracked 
|  66|0x0000000613400000, 0x0000000613400000, 0x0000000613800000|  0%| F|  |TAMS 0x0000000613400000, 0x0000000613400000| Untracked 
|  67|0x0000000613800000, 0x0000000613800000, 0x0000000613c00000|  0%| F|  |TAMS 0x0000000613800000, 0x0000000613800000| Untracked 
|  68|0x0000000613c00000, 0x0000000613c00000, 0x0000000614000000|  0%| F|  |TAMS 0x0000000613c00000, 0x0000000613c00000| Untracked 
|  69|0x0000000614000000, 0x0000000614000000, 0x0000000614400000|  0%| F|  |TAMS 0x0000000614000000, 0x0000000614000000| Untracked 
|  70|0x0000000614400000, 0x0000000614400000, 0x0000000614800000|  0%| F|  |TAMS 0x0000000614400000, 0x0000000614400000| Untracked 
|  71|0x0000000614800000, 0x0000000614800000, 0x0000000614c00000|  0%| F|  |TAMS 0x0000000614800000, 0x0000000614800000| Untracked 
|  72|0x0000000614c00000, 0x0000000614c00000, 0x0000000615000000|  0%| F|  |TAMS 0x0000000614c00000, 0x0000000614c00000| Untracked 
|  73|0x0000000615000000, 0x0000000615000000, 0x0000000615400000|  0%| F|  |TAMS 0x0000000615000000, 0x0000000615000000| Untracked 
|  74|0x0000000615400000, 0x0000000615400000, 0x0000000615800000|  0%| F|  |TAMS 0x0000000615400000, 0x0000000615400000| Untracked 
|  75|0x0000000615800000, 0x0000000615800000, 0x0000000615c00000|  0%| F|  |TAMS 0x0000000615800000, 0x0000000615800000| Untracked 
|  76|0x0000000615c00000, 0x0000000615c00000, 0x0000000616000000|  0%| F|  |TAMS 0x0000000615c00000, 0x0000000615c00000| Untracked 
|  77|0x0000000616000000, 0x0000000616000000, 0x0000000616400000|  0%| F|  |TAMS 0x0000000616000000, 0x0000000616000000| Untracked 
|  78|0x0000000616400000, 0x0000000616400000, 0x0000000616800000|  0%| F|  |TAMS 0x0000000616400000, 0x0000000616400000| Untracked 
|  79|0x0000000616800000, 0x0000000616800000, 0x0000000616c00000|  0%| F|  |TAMS 0x0000000616800000, 0x0000000616800000| Untracked 
|  80|0x0000000616c00000, 0x0000000616c00000, 0x0000000617000000|  0%| F|  |TAMS 0x0000000616c00000, 0x0000000616c00000| Untracked 
|  81|0x0000000617000000, 0x0000000617000000, 0x0000000617400000|  0%| F|  |TAMS 0x0000000617000000, 0x0000000617000000| Untracked 
|  82|0x0000000617400000, 0x0000000617400000, 0x0000000617800000|  0%| F|  |TAMS 0x0000000617400000, 0x0000000617400000| Untracked 
|  83|0x0000000617800000, 0x0000000617800000, 0x0000000617c00000|  0%| F|  |TAMS 0x0000000617800000, 0x0000000617800000| Untracked 
|  84|0x0000000617c00000, 0x0000000617c00000, 0x0000000618000000|  0%| F|  |TAMS 0x0000000617c00000, 0x0000000617c00000| Untracked 
|  85|0x0000000618000000, 0x0000000618000000, 0x0000000618400000|  0%| F|  |TAMS 0x0000000618000000, 0x0000000618000000| Untracked 
|  86|0x0000000618400000, 0x0000000618400000, 0x0000000618800000|  0%| F|  |TAMS 0x0000000618400000, 0x0000000618400000| Untracked 
|  87|0x0000000618800000, 0x0000000618800000, 0x0000000618c00000|  0%| F|  |TAMS 0x0000000618800000, 0x0000000618800000| Untracked 
|  88|0x0000000618c00000, 0x0000000618c00000, 0x0000000619000000|  0%| F|  |TAMS 0x0000000618c00000, 0x0000000618c00000| Untracked 
|  89|0x0000000619000000, 0x0000000619000000, 0x0000000619400000|  0%| F|  |TAMS 0x0000000619000000, 0x0000000619000000| Untracked 
|  90|0x0000000619400000, 0x0000000619400000, 0x0000000619800000|  0%| F|  |TAMS 0x0000000619400000, 0x0000000619400000| Untracked 
|  91|0x0000000619800000, 0x0000000619800000, 0x0000000619c00000|  0%| F|  |TAMS 0x0000000619800000, 0x0000000619800000| Untracked 
|  92|0x0000000619c00000, 0x0000000619c00000, 0x000000061a000000|  0%| F|  |TAMS 0x0000000619c00000, 0x0000000619c00000| Untracked 
|  93|0x000000061a000000, 0x000000061a000000, 0x000000061a400000|  0%| F|  |TAMS 0x000000061a000000, 0x000000061a000000| Untracked 
|  94|0x000000061a400000, 0x000000061a400000, 0x000000061a800000|  0%| F|  |TAMS 0x000000061a400000, 0x000000061a400000| Untracked 
|  95|0x000000061a800000, 0x000000061a800000, 0x000000061ac00000|  0%| F|  |TAMS 0x000000061a800000, 0x000000061a800000| Untracked 
|  96|0x000000061ac00000, 0x000000061ac00000, 0x000000061b000000|  0%| F|  |TAMS 0x000000061ac00000, 0x000000061ac00000| Untracked 
|  97|0x000000061b000000, 0x000000061b000000, 0x000000061b400000|  0%| F|  |TAMS 0x000000061b000000, 0x000000061b000000| Untracked 
|  98|0x000000061b400000, 0x000000061b400000, 0x000000061b800000|  0%| F|  |TAMS 0x000000061b400000, 0x000000061b400000| Untracked 
|  99|0x000000061b800000, 0x000000061b800000, 0x000000061bc00000|  0%| F|  |TAMS 0x000000061b800000, 0x000000061b800000| Untracked 
| 100|0x000000061bc00000, 0x000000061bc00000, 0x000000061c000000|  0%| F|  |TAMS 0x000000061bc00000, 0x000000061bc00000| Untracked 
| 101|0x000000061c000000, 0x000000061c000000, 0x000000061c400000|  0%| F|  |TAMS 0x000000061c000000, 0x000000061c000000| Untracked 
| 102|0x000000061c400000, 0x000000061c400000, 0x000000061c800000|  0%| F|  |TAMS 0x000000061c400000, 0x000000061c400000| Untracked 
| 103|0x000000061c800000, 0x000000061c800000, 0x000000061cc00000|  0%| F|  |TAMS 0x000000061c800000, 0x000000061c800000| Untracked 
| 104|0x000000061cc00000, 0x000000061cc00000, 0x000000061d000000|  0%| F|  |TAMS 0x000000061cc00000, 0x000000061cc00000| Untracked 
| 105|0x000000061d000000, 0x000000061d000000, 0x000000061d400000|  0%| F|  |TAMS 0x000000061d000000, 0x000000061d000000| Untracked 
| 106|0x000000061d400000, 0x000000061d400000, 0x000000061d800000|  0%| F|  |TAMS 0x000000061d400000, 0x000000061d400000| Untracked 
| 107|0x000000061d800000, 0x000000061d800000, 0x000000061dc00000|  0%| F|  |TAMS 0x000000061d800000, 0x000000061d800000| Untracked 
| 108|0x000000061dc00000, 0x000000061dc00000, 0x000000061e000000|  0%| F|  |TAMS 0x000000061dc00000, 0x000000061dc00000| Untracked 
| 109|0x000000061e000000, 0x000000061e000000, 0x000000061e400000|  0%| F|  |TAMS 0x000000061e000000, 0x000000061e000000| Untracked 
| 110|0x000000061e400000, 0x000000061e400000, 0x000000061e800000|  0%| F|  |TAMS 0x000000061e400000, 0x000000061e400000| Untracked 
| 111|0x000000061e800000, 0x000000061e800000, 0x000000061ec00000|  0%| F|  |TAMS 0x000000061e800000, 0x000000061e800000| Untracked 
| 112|0x000000061ec00000, 0x000000061ec00000, 0x000000061f000000|  0%| F|  |TAMS 0x000000061ec00000, 0x000000061ec00000| Untracked 
| 113|0x000000061f000000, 0x000000061f000000, 0x000000061f400000|  0%| F|  |TAMS 0x000000061f000000, 0x000000061f000000| Untracked 
| 114|0x000000061f400000, 0x000000061f400000, 0x000000061f800000|  0%| F|  |TAMS 0x000000061f400000, 0x000000061f400000| Untracked 
| 115|0x000000061f800000, 0x000000061f800000, 0x000000061fc00000|  0%| F|  |TAMS 0x000000061f800000, 0x000000061f800000| Untracked 
| 116|0x000000061fc00000, 0x000000061fc00000, 0x0000000620000000|  0%| F|  |TAMS 0x000000061fc00000, 0x000000061fc00000| Untracked 
| 117|0x0000000620000000, 0x0000000620000000, 0x0000000620400000|  0%| F|  |TAMS 0x0000000620000000, 0x0000000620000000| Untracked 
| 118|0x0000000620400000, 0x0000000620400000, 0x0000000620800000|  0%| F|  |TAMS 0x0000000620400000, 0x0000000620400000| Untracked 
| 119|0x0000000620800000, 0x0000000620800000, 0x0000000620c00000|  0%| F|  |TAMS 0x0000000620800000, 0x0000000620800000| Untracked 
| 120|0x0000000620c00000, 0x0000000620c00000, 0x0000000621000000|  0%| F|  |TAMS 0x0000000620c00000, 0x0000000620c00000| Untracked 
| 121|0x0000000621000000, 0x0000000621000000, 0x0000000621400000|  0%| F|  |TAMS 0x0000000621000000, 0x0000000621000000| Untracked 
| 122|0x0000000621400000, 0x0000000621400000, 0x0000000621800000|  0%| F|  |TAMS 0x0000000621400000, 0x0000000621400000| Untracked 
| 123|0x0000000621800000, 0x0000000621800000, 0x0000000621c00000|  0%| F|  |TAMS 0x0000000621800000, 0x0000000621800000| Untracked 
| 124|0x0000000621c00000, 0x0000000621c00000, 0x0000000622000000|  0%| F|  |TAMS 0x0000000621c00000, 0x0000000621c00000| Untracked 
| 125|0x0000000622000000, 0x0000000622371790, 0x0000000622400000| 86%| E|  |TAMS 0x0000000622000000, 0x0000000622000000| Complete 
| 126|0x0000000622400000, 0x0000000622800000, 0x0000000622800000|100%| E|CS|TAMS 0x0000000622400000, 0x0000000622400000| Complete 
| 127|0x0000000622800000, 0x0000000622c00000, 0x0000000622c00000|100%| E|CS|TAMS 0x0000000622800000, 0x0000000622800000| Complete 

Card table byte_map: [0x000001e81e210000,0x000001e81f200000] _byte_map_base: 0x000001e81b1fa000

Marking Bits (Prev, Next): (CMBitMap*) 0x000001e8064f78e0, (CMBitMap*) 0x000001e8064f7920
 Prev Bits: [0x000001e8201f0000, 0x000001e828140000)
 Next Bits: [0x000001e828140000, 0x000001e830090000)

Polling page: 0x000001e8043d0000

Metaspace:

Usage:
  Non-class:      3.49 MB used.
      Class:    286.64 KB used.
       Both:      3.77 MB used.

Virtual space:
  Non-class space:        8.00 MB reserved,       3.62 MB ( 45%) committed,  1 nodes.
      Class space:        1.00 GB reserved,     384.00 KB ( <1%) committed,  1 nodes.
             Both:        1.01 GB reserved,       4.00 MB ( <1%) committed. 

Chunk freelists:
   Non-Class:  2.11 MB
       Class:  3.57 MB
        Both:  5.68 MB

MaxMetaspaceSize: unlimited
CompressedClassSpaceSize: 1.00 GB
Initial GC threshold: 21.00 MB
Current GC threshold: 21.00 MB
CDS: on
MetaspaceReclaimPolicy: balanced
 - commit_granule_bytes: 65536.
 - commit_granule_words: 8192.
 - virtual_space_node_default_size: 1048576.
 - enlarge_chunks_in_place: 1.
 - new_chunks_are_fully_committed: 0.
 - uncommit_free_chunks: 1.
 - use_allocation_guard: 0.
 - handle_deallocations: 1.


Internal statistics:

num_allocs_failed_limit: 0.
num_arena_births: 100.
num_arena_deaths: 0.
num_vsnodes_births: 2.
num_vsnodes_deaths: 0.
num_space_committed: 64.
num_space_uncommitted: 0.
num_chunks_returned_to_freelist: 0.
num_chunks_taken_from_freelist: 206.
num_chunk_merges: 0.
num_chunk_splits: 133.
num_chunks_enlarged: 93.
num_purges: 0.
num_inconsistent_stats: 0.

CodeHeap 'non-profiled nmethods': size=120000Kb used=256Kb max_used=256Kb free=119744Kb
 bounds [0x000001e815790000, 0x000001e815a00000, 0x000001e81ccc0000]
CodeHeap 'profiled nmethods': size=120000Kb used=1310Kb max_used=1310Kb free=118689Kb
 bounds [0x000001e80dcc0000, 0x000001e80df30000, 0x000001e8151f0000]
CodeHeap 'non-nmethods': size=5760Kb used=1673Kb max_used=1687Kb free=4086Kb
 bounds [0x000001e8151f0000, 0x000001e815460000, 0x000001e815790000]
 total_blobs=1801 nmethods=764 adapters=950
 compilation: enabled
              stopped_count=0, restarted_count=0
 full_count=0

Compilation events (20 events):
Event: 0.605 Thread 0x000001e8324769c0  755       1       sun.util.locale.BaseLocale::getLanguage (5 bytes)
Event: 0.605 Thread 0x000001e8324769c0 nmethod 755 0x000001e8157cfa10 code [0x000001e8157cfba0, 0x000001e8157cfc78]
Event: 0.605 Thread 0x000001e8324769c0  756       3       java.util.zip.ZipCoder$UTF8ZipCoder::toString (12 bytes)
Event: 0.605 Thread 0x000001e8324769c0 nmethod 756 0x000001e80ddfff90 code [0x000001e80de00140, 0x000001e80de00308]
Event: 0.605 Thread 0x000001e8324769c0  757       3       java.net.URL::toString (5 bytes)
Event: 0.605 Thread 0x000001e8324769c0 nmethod 757 0x000001e80de00410 code [0x000001e80de005c0, 0x000001e80de00808]
Event: 0.605 Thread 0x000001e8324769c0  758       3       java.lang.String::newStringUTF8NoRepl (276 bytes)
Event: 0.606 Thread 0x000001e8324769c0 nmethod 758 0x000001e80de00910 code [0x000001e80de00bc0, 0x000001e80de01d18]
Event: 0.606 Thread 0x000001e8324769c0  759       3       org.lwjgl.system.MemoryUtil::memPutAddress (29 bytes)
Event: 0.606 Thread 0x000001e833e0aeb0  760       4       sun.misc.Unsafe::putLong (11 bytes)
Event: 0.606 Thread 0x000001e8324769c0 nmethod 759 0x000001e80de02310 code [0x000001e80de024c0, 0x000001e80de026b8]
Event: 0.607 Thread 0x000001e833e0aeb0 nmethod 760 0x000001e8157cfd10 code [0x000001e8157cfe80, 0x000001e8157cfef8]
Event: 0.607 Thread 0x000001e8324769c0  761       3       java.util.zip.ZipUtils::CENSIZ (9 bytes)
Event: 0.607 Thread 0x000001e8324769c0 nmethod 761 0x000001e80de02790 code [0x000001e80de02940, 0x000001e80de02c18]
Event: 0.608 Thread 0x000001e8324769c0  762       3       java.lang.String::equalsIgnoreCase (45 bytes)
Event: 0.608 Thread 0x000001e8324769c0 nmethod 762 0x000001e80de02d90 code [0x000001e80de02f80, 0x000001e80de034e8]
Event: 0.608 Thread 0x000001e8324769c0  763       3       java.util.WeakHashMap::indexFor (6 bytes)
Event: 0.608 Thread 0x000001e8324769c0 nmethod 763 0x000001e80de03710 code [0x000001e80de038a0, 0x000001e80de03998]
Event: 0.609 Thread 0x000001e8324769c0  764   !   3       java.util.concurrent.ConcurrentHashMap::computeIfAbsent (576 bytes)
Event: 0.610 Thread 0x000001e8324769c0 nmethod 764 0x000001e80de03a10 code [0x000001e80de03e40, 0x000001e80de06618]

GC Heap History (0 events):
No events

Deoptimization events (20 events):
Event: 0.490 Thread 0x000001e806449af0 DEOPT PACKING pc=0x000001e80dd7ee5a sp=0x00000098be9fe360
Event: 0.490 Thread 0x000001e806449af0 DEOPT UNPACKING pc=0x000001e815242b43 sp=0x00000098be9fd7e8 mode 0
Event: 0.490 Thread 0x000001e806449af0 DEOPT PACKING pc=0x000001e80dd7ed12 sp=0x00000098be9fe360
Event: 0.490 Thread 0x000001e806449af0 DEOPT UNPACKING pc=0x000001e815242b43 sp=0x00000098be9fd7e8 mode 0
Event: 0.490 Thread 0x000001e806449af0 DEOPT PACKING pc=0x000001e80dd7ed12 sp=0x00000098be9fe360
Event: 0.490 Thread 0x000001e806449af0 DEOPT UNPACKING pc=0x000001e815242b43 sp=0x00000098be9fd7e8 mode 0
Event: 0.490 Thread 0x000001e806449af0 DEOPT PACKING pc=0x000001e80dd7ed12 sp=0x00000098be9fe360
Event: 0.490 Thread 0x000001e806449af0 DEOPT UNPACKING pc=0x000001e815242b43 sp=0x00000098be9fd7e8 mode 0
Event: 0.490 Thread 0x000001e806449af0 DEOPT PACKING pc=0x000001e80dd7ed12 sp=0x00000098be9fe360
Event: 0.490 Thread 0x000001e806449af0 DEOPT UNPACKING pc=0x000001e815242b43 sp=0x00000098be9fd7e8 mode 0
Event: 0.561 Thread 0x000001e806449af0 DEOPT PACKING pc=0x000001e80dcdf4be sp=0x00000098be9fb1c0
Event: 0.561 Thread 0x000001e806449af0 DEOPT UNPACKING pc=0x000001e815242b43 sp=0x00000098be9fa660 mode 0
Event: 0.579 Thread 0x000001e806449af0 Uncommon trap: trap_request=0xffffff45 fr.pc=0x000001e8157c6538 relative=0x0000000000000398
Event: 0.579 Thread 0x000001e806449af0 Uncommon trap: reason=unstable_if action=reinterpret pc=0x000001e8157c6538 method=java.lang.StringLatin1.newString([BII)Ljava/lang/String; @ 1 c2
Event: 0.579 Thread 0x000001e806449af0 DEOPT PACKING pc=0x000001e8157c6538 sp=0x00000098be9ff1f0
Event: 0.579 Thread 0x000001e806449af0 DEOPT UNPACKING pc=0x000001e8152423a3 sp=0x00000098be9ff1d8 mode 2
Event: 0.604 Thread 0x000001e806449af0 DEOPT PACKING pc=0x000001e80ddf2b04 sp=0x00000098be9fb8f0
Event: 0.604 Thread 0x000001e806449af0 DEOPT UNPACKING pc=0x000001e815242b43 sp=0x00000098be9fad88 mode 1
Event: 0.604 Thread 0x000001e806449af0 DEOPT PACKING pc=0x000001e80ddf1fdc sp=0x00000098be9fb9c0
Event: 0.604 Thread 0x000001e806449af0 DEOPT UNPACKING pc=0x000001e815242b43 sp=0x00000098be9fae78 mode 1

Classes unloaded (0 events):
No events

Classes redefined (0 events):
No events

Internal exceptions (20 events):
Event: 0.321 Thread 0x000001e806449af0 Exception <a 'java/lang/NoSuchMethodError'{0x0000000622497a18}: 'java.lang.Object java.lang.invoke.DirectMethodHandle$Holder.invokeStatic(java.lang.Object, java.lang.Object, int)'> (0x0000000622497a18) 
thrown [s\open\src\hotspot\share\interpreter\linkResolver.cpp, line 759]
Event: 0.322 Thread 0x000001e806449af0 Exception <a 'java/lang/NoSuchMethodError'{0x00000006224a3708}: 'void java.lang.invoke.DelegatingMethodHandle$Holder.delegate(java.lang.Object, java.lang.Object, int, java.lang.Object)'> (0x00000006224a3708) 
thrown [s\open\src\hotspot\share\interpreter\linkResolver.cpp, line 759]
Event: 0.323 Thread 0x000001e806449af0 Exception <a 'java/lang/NoSuchMethodError'{0x00000006224a7948}: 'int java.lang.invoke.DirectMethodHandle$Holder.invokeSpecial(java.lang.Object, java.lang.Object, java.lang.Object)'> (0x00000006224a7948) 
thrown [s\open\src\hotspot\share\interpreter\linkResolver.cpp, line 759]
Event: 0.359 Thread 0x000001e806449af0 Exception <a 'sun/nio/fs/WindowsException'{0x0000000622521360}> (0x0000000622521360) 
thrown [s\open\src\hotspot\share\prims\jni.cpp, line 516]
Event: 0.359 Thread 0x000001e806449af0 Exception <a 'sun/nio/fs/WindowsException'{0x00000006225218b0}> (0x00000006225218b0) 
thrown [s\open\src\hotspot\share\prims\jni.cpp, line 516]
Event: 0.438 Thread 0x000001e806449af0 Exception <a 'java/lang/NoSuchMethodError'{0x00000006227e19c0}: 'int java.lang.invoke.DirectMethodHandle$Holder.invokeStaticInit(java.lang.Object, java.lang.Object, int, long)'> (0x00000006227e19c0) 
thrown [s\open\src\hotspot\share\interpreter\linkResolver.cpp, line 759]
Event: 0.438 Thread 0x000001e806449af0 Exception <a 'java/lang/NoSuchMethodError'{0x00000006227e7288}: 'java.lang.Object java.lang.invoke.DirectMethodHandle$Holder.newInvokeSpecial(java.lang.Object, java.lang.Object, int)'> (0x00000006227e7288) 
thrown [s\open\src\hotspot\share\interpreter\linkResolver.cpp, line 759]
Event: 0.440 Thread 0x000001e806449af0 Exception <a 'java/lang/NoSuchMethodError'{0x00000006227f7388}: 'int java.lang.invoke.DirectMethodHandle$Holder.invokeStaticInit(java.lang.Object, java.lang.Object, long, long)'> (0x00000006227f7388) 
thrown [s\open\src\hotspot\share\interpreter\linkResolver.cpp, line 759]
Event: 0.441 Thread 0x000001e806449af0 Exception <a 'java/lang/NoSuchMethodError'{0x00000006227fd498}: 'java.lang.Object java.lang.invoke.DirectMethodHandle$Holder.newInvokeSpecial(java.lang.Object, java.lang.Object, long)'> (0x00000006227fd498) 
thrown [s\open\src\hotspot\share\interpreter\linkResolver.cpp, line 759]
Event: 0.441 Thread 0x000001e806449af0 Exception <a 'java/lang/NoSuchMethodError'{0x0000000622001990}: 'java.lang.Object java.lang.invoke.Invokers$Holder.linkToTargetMethod(java.lang.Object, long, java.lang.Object)'> (0x0000000622001990) 
thrown [s\open\src\hotspot\share\interpreter\linkResolver.cpp, line 759]
Event: 0.442 Thread 0x000001e806449af0 Exception <a 'java/lang/NoSuchMethodError'{0x00000006220090a8}: 'int java.lang.invoke.DirectMethodHandle$Holder.invokeStaticInit(java.lang.Object, java.lang.Object, java.lang.Object, long)'> (0x00000006220090a8) 
thrown [s\open\src\hotspot\share\interpreter\linkResolver.cpp, line 759]
Event: 0.458 Thread 0x000001e806449af0 Exception <a 'sun/nio/fs/WindowsException'{0x000000062202d738}> (0x000000062202d738) 
thrown [s\open\src\hotspot\share\prims\jni.cpp, line 516]
Event: 0.458 Thread 0x000001e806449af0 Exception <a 'sun/nio/fs/WindowsException'{0x000000062202dab8}> (0x000000062202dab8) 
thrown [s\open\src\hotspot\share\prims\jni.cpp, line 516]
Event: 0.534 Thread 0x000001e806449af0 Exception <a 'java/lang/NoSuchMethodError'{0x00000006220d1658}: 'java.lang.Object java.lang.invoke.DirectMethodHandle$Holder.newInvokeSpecial(java.lang.Object, long)'> (0x00000006220d1658) 
thrown [s\open\src\hotspot\share\interpreter\linkResolver.cpp, line 759]
Event: 0.551 Thread 0x000001e806449af0 Exception <a 'java/lang/NoSuchMethodError'{0x0000000622120080}: 'java.lang.Object java.lang.invoke.DirectMethodHandle$Holder.invokeStaticInit(java.lang.Object, java.lang.Object, java.lang.Object, int)'> (0x0000000622120080) 
thrown [s\open\src\hotspot\share\interpreter\linkResolver.cpp, line 759]
Event: 0.553 Thread 0x000001e806449af0 Exception <a 'java/lang/NoSuchMethodError'{0x000000062212f5a8}: 'void java.lang.invoke.DirectMethodHandle$Holder.invokeStaticInit(java.lang.Object, java.lang.Object, java.lang.Object, int)'> (0x000000062212f5a8) 
thrown [s\open\src\hotspot\share\interpreter\linkResolver.cpp, line 759]
Event: 0.596 Thread 0x000001e806449af0 Exception <a 'sun/nio/fs/WindowsException'{0x0000000622290c20}> (0x0000000622290c20) 
thrown [s\open\src\hotspot\share\prims\jni.cpp, line 516]
Event: 0.596 Thread 0x000001e806449af0 Exception <a 'sun/nio/fs/WindowsException'{0x0000000622290fc0}> (0x0000000622290fc0) 
thrown [s\open\src\hotspot\share\prims\jni.cpp, line 516]
Event: 0.601 Thread 0x000001e806449af0 Exception <a 'sun/nio/fs/WindowsException'{0x000000062229d638}> (0x000000062229d638) 
thrown [s\open\src\hotspot\share\prims\jni.cpp, line 516]
Event: 0.601 Thread 0x000001e806449af0 Exception <a 'sun/nio/fs/WindowsException'{0x000000062229d908}> (0x000000062229d908) 
thrown [s\open\src\hotspot\share\prims\jni.cpp, line 516]

VM Operations (8 events):
Event: 0.089 Executing VM operation: ChangeBreakpoints
Event: 0.090 Executing VM operation: ChangeBreakpoints done
Event: 0.277 Executing VM operation: HandshakeAllThreads
Event: 0.277 Executing VM operation: HandshakeAllThreads done
Event: 0.346 Executing VM operation: HandshakeAllThreads
Event: 0.346 Executing VM operation: HandshakeAllThreads done
Event: 0.402 Executing VM operation: HandshakeAllThreads
Event: 0.402 Executing VM operation: HandshakeAllThreads done

Events (20 events):
Event: 0.433 loading class jdk/internal/reflect/UnsafeFieldAccessorFactory done
Event: 0.433 loading class jdk/internal/reflect/UnsafeQualifiedStaticObjectFieldAccessorImpl
Event: 0.433 loading class jdk/internal/reflect/UnsafeQualifiedStaticFieldAccessorImpl
Event: 0.433 loading class jdk/internal/reflect/UnsafeQualifiedStaticFieldAccessorImpl done
Event: 0.433 loading class jdk/internal/reflect/UnsafeQualifiedStaticObjectFieldAccessorImpl done
Event: 0.437 loading class java/util/function/LongPredicate
Event: 0.437 loading class java/util/function/LongPredicate done
Event: 0.439 loading class jdk/internal/access/foreign/MemorySegmentProxy
Event: 0.439 loading class jdk/internal/access/foreign/MemorySegmentProxy done
Event: 0.445 loading class java/lang/NoSuchFieldError
Event: 0.445 loading class java/lang/NoSuchFieldError done
Event: 0.459 loading class java/nio/InvalidMarkException
Event: 0.459 loading class java/nio/InvalidMarkException done
Event: 0.459 loading class java/nio/BufferUnderflowException
Event: 0.459 loading class java/nio/BufferUnderflowException done
Event: 0.482 loading class jdk/internal/misc/ScopedMemoryAccess$Scope
Event: 0.482 loading class jdk/internal/misc/ScopedMemoryAccess$Scope done
Event: 0.597 Loaded shared library C:\Users\marco\AppData\Local\Temp\lwjgl_marco\3.3.4+7\x64\lwjgl_opengl.dll
Event: 0.604 loading class java/util/Formatter$FixedString
Event: 0.604 loading class java/util/Formatter$FixedString done


Dynamic libraries:
0x00007ff701ca0000 - 0x00007ff701cb0000 	C:\Program Files\Java\jdk-17\bin\java.exe
0x00007ffa4b970000 - 0x00007ffa4bb68000 	C:\WINDOWS\SYSTEM32\ntdll.dll
0x00007ffa4a400000 - 0x00007ffa4a4c1000 	C:\WINDOWS\System32\KERNEL32.DLL
0x00007ffa49610000 - 0x00007ffa4990d000 	C:\WINDOWS\System32\KERNELBASE.dll
0x00007ffa49100000 - 0x00007ffa49200000 	C:\WINDOWS\System32\ucrtbase.dll
0x00007ffa45310000 - 0x00007ffa45329000 	C:\Program Files\Java\jdk-17\bin\jli.dll
0x00007ffa45410000 - 0x00007ffa4542b000 	C:\Program Files\Java\jdk-17\bin\VCRUNTIME140.dll
0x00007ffa4b060000 - 0x00007ffa4b110000 	C:\WINDOWS\System32\ADVAPI32.dll
0x00007ffa4a360000 - 0x00007ffa4a3fe000 	C:\WINDOWS\System32\msvcrt.dll
0x00007ffa4a6d0000 - 0x00007ffa4a770000 	C:\WINDOWS\System32\sechost.dll
0x00007ffa49a10000 - 0x00007ffa49b33000 	C:\WINDOWS\System32\RPCRT4.dll
0x00007ffa49360000 - 0x00007ffa49387000 	C:\WINDOWS\System32\bcrypt.dll
0x00007ffa4aec0000 - 0x00007ffa4b05d000 	C:\WINDOWS\System32\USER32.dll
0x00007ffa490d0000 - 0x00007ffa490f2000 	C:\WINDOWS\System32\win32u.dll
0x00007ffa4ab30000 - 0x00007ffa4ab5b000 	C:\WINDOWS\System32\GDI32.dll
0x00007ffa314a0000 - 0x00007ffa3173a000 	C:\WINDOWS\WinSxS\amd64_microsoft.windows.common-controls_6595b64144ccf1df_6.0.19041.4355_none_60b8b9eb71f62e16\COMCTL32.dll
0x00007ffa494f0000 - 0x00007ffa49607000 	C:\WINDOWS\System32\gdi32full.dll
0x00007ffa49250000 - 0x00007ffa492ed000 	C:\WINDOWS\System32\msvcp_win.dll
0x00007ffa42ac0000 - 0x00007ffa42aca000 	C:\WINDOWS\SYSTEM32\VERSION.dll
0x00007ffa4a830000 - 0x00007ffa4a85f000 	C:\WINDOWS\System32\IMM32.DLL
0x00007ffa45300000 - 0x00007ffa4530c000 	C:\Program Files\Java\jdk-17\bin\vcruntime140_1.dll
0x00007ffa11da0000 - 0x00007ffa11e2e000 	C:\Program Files\Java\jdk-17\bin\msvcp140.dll
0x00007ff9c2430000 - 0x00007ff9c300d000 	C:\Program Files\Java\jdk-17\bin\server\jvm.dll
0x00007ffa4b7b0000 - 0x00007ffa4b7b8000 	C:\WINDOWS\System32\PSAPI.DLL
0x00007ffa2a4f0000 - 0x00007ffa2a4f9000 	C:\WINDOWS\SYSTEM32\WSOCK32.dll
0x00007ffa34f40000 - 0x00007ffa34f67000 	C:\WINDOWS\SYSTEM32\WINMM.dll
0x00007ffa499a0000 - 0x00007ffa49a0b000 	C:\WINDOWS\System32\WS2_32.dll
0x00007ffa46e60000 - 0x00007ffa46e72000 	C:\WINDOWS\SYSTEM32\kernel.appcore.dll
0x00007ffa42d20000 - 0x00007ffa42d2a000 	C:\Program Files\Java\jdk-17\bin\jimage.dll
0x00007ffa33a50000 - 0x00007ffa33c34000 	C:\WINDOWS\SYSTEM32\DBGHELP.DLL
0x00007ffa2fc20000 - 0x00007ffa2fc54000 	C:\WINDOWS\SYSTEM32\dbgcore.DLL
0x00007ffa49910000 - 0x00007ffa49992000 	C:\WINDOWS\System32\bcryptPrimitives.dll
0x00007ffa3bd80000 - 0x00007ffa3bdbb000 	C:\Program Files\Java\jdk-17\bin\jdwp.dll
0x00007ffa417d0000 - 0x00007ffa417f5000 	C:\Program Files\Java\jdk-17\bin\java.dll
0x00007ff9c7bb0000 - 0x00007ff9c7c87000 	C:\Program Files\Java\jdk-17\bin\jsvml.dll
0x00007ffa49bf0000 - 0x00007ffa4a35f000 	C:\WINDOWS\System32\SHELL32.dll
0x00007ffa47060000 - 0x00007ffa477ff000 	C:\WINDOWS\SYSTEM32\windows.storage.dll
0x00007ffa4ab60000 - 0x00007ffa4aeb3000 	C:\WINDOWS\System32\combase.dll
0x00007ffa48a40000 - 0x00007ffa48a6e000 	C:\WINDOWS\SYSTEM32\Wldp.dll
0x00007ffa4a600000 - 0x00007ffa4a6cd000 	C:\WINDOWS\System32\OLEAUT32.dll
0x00007ffa4b5e0000 - 0x00007ffa4b68d000 	C:\WINDOWS\System32\SHCORE.dll
0x00007ffa4a7d0000 - 0x00007ffa4a825000 	C:\WINDOWS\System32\shlwapi.dll
0x00007ffa48f50000 - 0x00007ffa48f74000 	C:\WINDOWS\SYSTEM32\profapi.dll
0x00007ffa41580000 - 0x00007ffa4158c000 	C:\Program Files\Java\jdk-17\bin\dt_socket.dll
0x00007ffa48400000 - 0x00007ffa4843b000 	C:\WINDOWS\SYSTEM32\IPHLPAPI.DLL
0x00007ffa48780000 - 0x00007ffa487ea000 	C:\WINDOWS\system32\mswsock.dll
0x00007ffa42d00000 - 0x00007ffa42d19000 	C:\Program Files\Java\jdk-17\bin\net.dll
0x00007ffa41130000 - 0x00007ffa4123d000 	C:\WINDOWS\SYSTEM32\WINHTTP.dll
0x00007ffa416f0000 - 0x00007ffa41706000 	C:\Program Files\Java\jdk-17\bin\nio.dll
0x00007ffa416d0000 - 0x00007ffa416e8000 	C:\Program Files\Java\jdk-17\bin\zip.dll
0x00007ffa41480000 - 0x00007ffa41490000 	C:\Program Files\Java\jdk-17\bin\verify.dll
0x00007ffa3bd00000 - 0x00007ffa3bd7b000 	C:\Users\marco\AppData\Local\Temp\lwjgl_marco\3.3.4+7\x64\lwjgl.dll
0x00007ff9b79c0000 - 0x00007ff9b7b9d000 	C:\Users\marco\AppData\Local\Temp\lwjgl_marco\3.3.4+7\x64\OpenAL.dll
0x00007ffa4a4d0000 - 0x00007ffa4a5fb000 	C:\WINDOWS\System32\ole32.dll
0x00007ffa49b40000 - 0x00007ffa49be9000 	C:\WINDOWS\System32\clbcatq.dll
0x00007ffa44450000 - 0x00007ffa444d5000 	C:\WINDOWS\System32\MMDevApi.dll
0x00007ffa48da0000 - 0x00007ffa48dd3000 	C:\WINDOWS\System32\DEVOBJ.dll
0x00007ffa49200000 - 0x00007ffa4924e000 	C:\WINDOWS\System32\cfgmgr32.dll
0x00007ffa446e0000 - 0x00007ffa44861000 	C:\WINDOWS\SYSTEM32\AUDIOSES.DLL
0x00007ffa48570000 - 0x00007ffa485bb000 	C:\WINDOWS\SYSTEM32\powrprof.dll
0x00007ffa483e0000 - 0x00007ffa483f2000 	C:\WINDOWS\SYSTEM32\UMPDC.dll
0x00007ffa46a60000 - 0x00007ffa46a74000 	C:\WINDOWS\SYSTEM32\resourcepolicyclient.dll
0x00007ffa1cfc0000 - 0x00007ffa1d021000 	C:\Users\marco\AppData\Local\Temp\lwjgl_marco\3.3.4+7\x64\lwjgl_opengl.dll
0x00007ffa29b20000 - 0x00007ffa29c48000 	C:\WINDOWS\SYSTEM32\opengl32.dll
0x00007ffa32140000 - 0x00007ffa3216c000 	C:\WINDOWS\SYSTEM32\GLU32.dll

dbghelp: loaded successfully - version: 4.0.5 - missing functions: none
symbol engine: initialized successfully - sym options: 0x614 - pdb path: .;C:\Program Files\Java\jdk-17\bin;C:\WINDOWS\SYSTEM32;C:\WINDOWS\WinSxS\amd64_microsoft.windows.common-controls_6595b64144ccf1df_6.0.19041.4355_none_60b8b9eb71f62e16;C:\Program Files\Java\jdk-17\bin\server;C:\Users\marco\AppData\Local\Temp\lwjgl_marco\3.3.4+7\x64

VM Arguments:
jvm_args: -agentlib:jdwp=transport=dt_socket,server=n,suspend=y,address=127.0.0.1:59221 -Dfile.encoding=windows-1252 -Duser.country=ES -Duser.language=es -Duser.variant 
java_command: me.restonic4.game.Main
java_class_path (initial): C:\Users\marco\IdeaProjects\EpicAmazingCoolGameTestIGues\build\classes\java\main;C:\Users\marco\IdeaProjects\EpicAmazingCoolGameTestIGues\build\resources\main;C:\Users\marco\.gradle\caches\modules-2\files-2.1\io.github.spair\imgui-java-lwjgl3\1.87.3\7017436c9fd2b0da5a6365deece8c6fb11847c75\imgui-java-lwjgl3-1.87.3.jar;C:\Users\marco\.gradle\caches\modules-2\files-2.1\org.joml\joml\1.10.8\fc0a71dad90a2cf41d82a76156a0e700af8e4f8d\joml-1.10.8.jar;C:\Users\marco\.gradle\caches\modules-2\files-2.1\org.json\json\20240303\ebb88e8fb5122b7506d5cf1d69f1ccdb790d22a\json-20240303.jar;C:\Users\marco\.gradle\caches\modules-2\files-2.1\org.lwjgl\lwjgl-glfw\3.3.4\7e46ecdec85db8738053cfde1414352cd62dab74\lwjgl-glfw-3.3.4.jar;C:\Users\marco\.gradle\caches\modules-2\files-2.1\org.lwjgl\lwjgl-glfw\3.3.4\370ef92d15819a123c643dd2b0fc3a2d40bb263c\lwjgl-glfw-3.3.4-natives-windows.jar;C:\Users\marco\.gradle\caches\modules-2\files-2.1\org.lwjgl\lwjgl-openal\3.3.4\9b74d3ea380c83353d42af43ad9659e04dabe84a\lwjgl-openal-3.3.4.jar;C:\Users\marco\.gradle\caches\modules-2\files-2.1\org.lwjgl\lwjgl-openal\3.3.4\c4de8af803aacda71044418095a71cd63b569a15\lwjgl-openal-3.3.4-natives-windows.jar;C:\Users\marco\.gradle\caches\modules-2\files-2.1\org.lwjgl\lwjgl-opengl\3.3.4\2852ac7d9f6fc71349f1ce28e2708ff1977f18af\lwjgl-opengl-3.3.4.jar;C:\Users\marco\.gradle\caches\modules-2\files-2.1\org.lwjgl\lwjgl-opengl\3.3.4\f7ca4e75573a9ce83075bd86bc8a3e49ff106696\lwjgl-opengl-3.3.4-natives-windows.jar;C:\Users\marco\.gradle\caches\modules-2\files-2.1\org.lwjgl\lwjgl-stb\3.3.4\5821735d5ef23f6da8542887344e57eb181b7cac\lwjgl-stb-3.3.4.jar;C:\Users\marco\.gradle\caches\modules-2\files-2.1\org.lwjgl\lwjgl-stb\3.3.4\8310e565463ec8d369528e8b26a9b1518d079a01\lwjgl-stb-3.3.4-natives-windows.jar;C:\Users\marco\.gradle\caches\modules-2\files-2.1\org.lwjgl\lwjgl\3.3.4\b86c3e4832426e8a6b466013b7cb34b40e9ce956\lwjgl-3.3.4.jar;C:\Users\marco\.gradle\caches\modules-2\files-2.1\org.lwjgl\lwjgl\3.3.4\dd0
Launcher Type: SUN_STANDARD

[Global flags]
     intx CICompilerCount                          = 4                                         {product} {ergonomic}
     uint ConcGCThreads                            = 3                                         {product} {ergonomic}
     uint G1ConcRefinementThreads                  = 10                                        {product} {ergonomic}
   size_t G1HeapRegionSize                         = 4194304                                   {product} {ergonomic}
    uintx GCDrainStackTargetSize                   = 64                                        {product} {ergonomic}
   size_t InitialHeapSize                          = 536870912                                 {product} {ergonomic}
   size_t MarkStackSize                            = 4194304                                   {product} {ergonomic}
   size_t MaxHeapSize                              = 8543797248                                {product} {ergonomic}
   size_t MaxNewSize                               = 5125439488                                {product} {ergonomic}
   size_t MinHeapDeltaBytes                        = 4194304                                   {product} {ergonomic}
   size_t MinHeapSize                              = 8388608                                   {product} {ergonomic}
    uintx NonNMethodCodeHeapSize                   = 5839372                                {pd product} {ergonomic}
    uintx NonProfiledCodeHeapSize                  = 122909434                              {pd product} {ergonomic}
    uintx ProfiledCodeHeapSize                     = 122909434                              {pd product} {ergonomic}
    uintx ReservedCodeCacheSize                    = 251658240                              {pd product} {ergonomic}
     bool SegmentedCodeCache                       = true                                      {product} {ergonomic}
   size_t SoftMaxHeapSize                          = 8543797248                             {manageable} {ergonomic}
     bool UseCompressedClassPointers               = true                           {product lp64_product} {ergonomic}
     bool UseCompressedOops                        = true                           {product lp64_product} {ergonomic}
     bool UseG1GC                                  = true                                      {product} {ergonomic}
     bool UseLargePagesIndividualAllocation        = false                                  {pd product} {ergonomic}

Logging:
Log output configuration:
 #0: stdout all=warning uptime,level,tags
 #1: stderr all=off uptime,level,tags

Environment Variables:
PATH=C:\Python311\Scripts\;C:\Python311\;C:\Program Files\Common Files\Oracle\Java\javapath;C:\Program Files\Oculus\Support\oculus-runtime;C:\Python39\Scripts\;C:\Python39\;C:\Program Files (x86)\Common Files\Oracle\Java\javapath;C:\Windows\system32;C:\Windows;C:\Windows\System32\Wbem;C:\Windows\System32\WindowsPowerShell\v1.0\;C:\Windows\System32\OpenSSH\;C:\Program Files\NVIDIA Corporation\NVIDIA NvDLISR;C:\ProgramData\chocolatey\bin;C:\WINDOWS\system32;C:\WINDOWS;C:\WINDOWS\System32\Wbem;C:\WINDOWS\System32\WindowsPowerShell\v1.0\;C:\WINDOWS\System32\OpenSSH\;C:\Program Files\dotnet\;C:\Program Files\Git\cmd;C:\Program Files (x86)\NVIDIA Corporation\PhysX\Common;C:\Program Files\nodejs\;C:\Users\marco\Documents\Nueva carpeta\OBSCommand;C:\Users\marco\Documents\OBS COMMANDS\OBSCommand;C:\Program Files (x86)\Windows Kits\10\Windows Performance Toolkit\;C:\Program Files\Java\jdk-17\bin;C:\Program Files (x86)\WiX Toolset v3.14\bin;C:\Program Files\Gource\cmd;C:\Users\marco\.cargo\bin;C:\Users\marco\AppData\Local\Programs\Python\Python310\Scripts\;C:\Users\marco\AppData\Local\Programs\Python\Python310\;C:\Users\marco\AppData\Local\Microsoft\WindowsApps;C:\Users\marco\AppData\Local\Programs\Microsoft VS Code\bin;C:\Users\marco\.dotnet\tools;C:\xampp\php;C:\Program Files\heroku\bin;C:\Users\marco\AppData\Roaming\npm;C:\FFMPEG\files;C:\Program Files\JetBrains\WebStorm 2023.3.3\bin;;C:\yt-dlp;
USERNAME=marco
OS=Windows_NT
PROCESSOR_IDENTIFIER=Intel64 Family 6 Model 165 Stepping 2, GenuineIntel



---------------  S Y S T E M  ---------------

OS:
 Windows 10 , 64 bit Build 19041 (10.0.19041.4717)
OS uptime: 7 days 23:07 hours
Hyper-V role detected

CPU: total 12 (initial active 12) (6 cores per cpu, 2 threads per core) family 6 model 165 stepping 2 microcode 0xc8, cx8, cmov, fxsr, ht, mmx, 3dnowpref, sse, sse2, sse3, ssse3, sse4.1, sse4.2, popcnt, lzcnt, tsc, tscinvbit, avx, avx2, aes, erms, clmul, bmi1, bmi2, adx, fma, vzeroupper, clflush, clflushopt, hv

Memory: 4k page, system-wide physical 32585M (16279M free)
TotalPageFile size 37449M (AvailPageFile size 14783M)
current process WorkingSet (physical memory assigned to process): 64M, peak: 64M
current process commit charge ("private bytes"): 630M, peak: 630M

vm_info: Java HotSpot(TM) 64-Bit Server VM (17.0.7+8-LTS-224) for windows-amd64 JRE (17.0.7+8-LTS-224), built on Feb 28 2023 23:03:02 by "mach5one" with MS VC++ 17.1 (VS2022)

END.
