#
# A fatal error has been detected by the Java Runtime Environment:
#
#  EXCEPTION_ACCESS_VIOLATION (0xc0000005) at pc=0x00007ff9b4fb9850, pid=32408, tid=23848
#
# JRE version: Java(TM) SE Runtime Environment (17.0.7+8) (build 17.0.7+8-LTS-224)
# Java VM: Java HotSpot(TM) 64-Bit Server VM (17.0.7+8-LTS-224, mixed mode, sharing, tiered, compressed oops, compressed class ptrs, g1 gc, windows-amd64)
# Problematic frame:
# C  [ig9icd64.dll+0x149850]
#
# No core dump will be written. Minidumps are not enabled by default on client versions of Windows
#
# If you would like to submit a bug report, please visit:
#   https://bugreport.java.com/bugreport/crash.jsp
# The crash happened outside the Java Virtual Machine in native code.
# See problematic frame for where to report the bug.
#

---------------  S U M M A R Y ------------

Command Line: -Dfile.encoding=windows-1252 -Duser.country=ES -Duser.language=es -Duser.variant me.restonic4.engine.Main

Host: Intel(R) Core(TM) i7-10750H CPU @ 2.60GHz, 12 cores, 31G,  Windows 10 , 64 bit Build 19041 (10.0.19041.3636)
Time: Mon Aug 19 21:01:50 2024 Hora de verano romance elapsed time: 0.629114 seconds (0d 0h 0m 0s)

---------------  T H R E A D  ---------------

Current thread (0x000002b490a128c0):  JavaThread "main" [_thread_in_native, id=23848, stack(0x000000f751800000,0x000000f751900000)]

Stack: [0x000000f751800000,0x000000f751900000],  sp=0x000000f7518fef40,  free space=1019k
Native frames: (J=compiled Java code, j=interpreted, Vv=VM code, C=native code)
C  [ig9icd64.dll+0x149850]

Java frames: (J=compiled Java code, j=interpreted, Vv=VM code)
j  org.lwjgl.opengl.GL15C.nglBufferSubData(IJJJ)V+0
j  org.lwjgl.opengl.GL15C.glBufferSubData(IJLjava/nio/FloatBuffer;)V+15
j  org.lwjgl.opengl.GL15.glBufferSubData(IJLjava/nio/FloatBuffer;)V+3
j  me.restonic4.engine.render.RenderBatch.updateDirtyModels()V+60
j  me.restonic4.engine.render.RenderBatch.render()V+1
j  me.restonic4.engine.render.Renderer.render()V+35
j  me.restonic4.game.core.scenes.WorldScene.update()V+434
j  me.restonic4.engine.Window.loop()V+34
j  me.restonic4.engine.Window.run()V+5
j  me.restonic4.game.Game.<init>()V+9
j  me.restonic4.game.Game.getInstance()Lme/restonic4/game/Game;+10
j  me.restonic4.engine.Main.main([Ljava/lang/String;)V+9
v  ~StubRoutines::call_stub

siginfo: EXCEPTION_ACCESS_VIOLATION (0xc0000005), reading address 0x0000000000000010


Register to memory mapping:

RIP=0x00007ff9b4fb9850 ig9icd64.dll
RAX=0x0 is NULL
RBX=0x0 is NULL
RCX=0x0 is NULL
RDX=0x0000000000000010 is an unknown value
RSP=0x000000f7518fef40 is pointing into the stack for thread: 0x000002b490a128c0
RBP=0x000002b4be4c8580 points into unknown readable memory: 0x000002b4be492140 | 40 21 49 be b4 02 00 00
RSI=0x000002b4be5dbff0 points into unknown readable memory: 0x0000000000000000 | 00 00 00 00 00 00 00 00
RDI=0x000002b4c013a000 points into unknown readable memory: 0x0000000000000000 | 00 00 00 00 00 00 00 00
R8 =0x0000000000000060 is an unknown value
R9 =0x0 is NULL
R10=0x0000000000000006 is an unknown value
R11=0x0000000000000246 is an unknown value
R12=0x0000000000000010 is an unknown value
R13=0x000002b4c6dcc5b0 points into unknown readable memory: 0x000002b4c013a000 | 00 a0 13 c0 b4 02 00 00
R14=0x0000000000000060 is an unknown value
R15=0x000002b4be800040 points into unknown readable memory: 0x000002b4be446010 | 10 60 44 be b4 02 00 00


Registers:
RAX=0x0000000000000000, RBX=0x0000000000000000, RCX=0x0000000000000000, RDX=0x0000000000000010
RSP=0x000000f7518fef40, RBP=0x000002b4be4c8580, RSI=0x000002b4be5dbff0, RDI=0x000002b4c013a000
R8 =0x0000000000000060, R9 =0x0000000000000000, R10=0x0000000000000006, R11=0x0000000000000246
R12=0x0000000000000010, R13=0x000002b4c6dcc5b0, R14=0x0000000000000060, R15=0x000002b4be800040
RIP=0x00007ff9b4fb9850, EFLAGS=0x0000000000010206

Top of Stack: (sp=0x000000f7518fef40)
0x000000f7518fef40:   0000000041200000 0000000000000000
0x000000f7518fef50:   000000003f800000 0000000000000000
0x000000f7518fef60:   000002b4be5dbf40 00007ff9b4f677c9
0x000000f7518fef70:   0000000000000000 000002b4be5dbff0
0x000000f7518fef80:   0000000000000000 0000000000000000
0x000000f7518fef90:   0000000000000000 0000000000000000
0x000000f7518fefa0:   000002b4be4fcc70 0000000000000000
0x000000f7518fefb0:   0000000000000000 000002b4be4c8580
0x000000f7518fefc0:   0000000000000060 00007ff9b5028d57
0x000000f7518fefd0:   000002b4be5dbf40 000002b400000002
0x000000f7518fefe0:   0000000000000000 000002b4be3e2c50
0x000000f7518feff0:   0000000000000010 000000f7518ff020
0x000000f7518ff000:   000002b4bde77900 000002b490a12801
0x000000f7518ff010:   000000f7518ff080 00007ff900000004
0x000000f7518ff020:   000002b4be800040 000002b4be3e2c50
0x000000f7518ff030:   000002b490a128c0 0000000000000000 

Instructions: (pc=0x00007ff9b4fb9850)
0x00007ff9b4fb9750:   07 66 0f e7 4f 10 66 0f e7 57 20 66 0f e7 5f 30
0x00007ff9b4fb9760:   66 0f e7 67 40 66 0f e7 6f 50 66 0f e7 77 60 66
0x00007ff9b4fb9770:   0f e7 7f 70 48 83 ef 80 48 83 ea 80 49 3b c1 72
0x00007ff9b4fb9780:   9f 41 83 e0 7f 0f 84 e0 00 00 00 45 8b d0 44 8b
0x00007ff9b4fb9790:   c9 49 c1 ea 04 4d 85 d2 0f 84 cd 00 00 00 66 90
0x00007ff9b4fb97a0:   f3 0f 6f 02 41 ff c1 48 83 c2 10 41 8b c1 66 0f
0x00007ff9b4fb97b0:   e7 07 48 83 c7 10 49 3b c2 72 e5 e9 ab 00 00 00
0x00007ff9b4fb97c0:   4d 85 c9 74 6c 66 66 66 0f 1f 84 00 00 00 00 00
0x00007ff9b4fb97d0:   f3 0f 6f 02 41 ff c2 f3 0f 6f 4a 10 f3 0f 6f 52
0x00007ff9b4fb97e0:   20 f3 0f 6f 5a 30 f3 0f 6f 62 40 f3 0f 6f 6a 50
0x00007ff9b4fb97f0:   f3 0f 6f 72 60 f3 0f 6f 7a 70 48 83 ea 80 66 0f
0x00007ff9b4fb9800:   e7 07 66 0f e7 4f 10 66 0f e7 57 20 66 0f e7 5f
0x00007ff9b4fb9810:   30 66 0f e7 67 40 66 0f e7 6f 50 66 0f e7 77 60
0x00007ff9b4fb9820:   66 0f e7 7f 70 48 83 ef 80 41 8b c2 49 3b c1 72
0x00007ff9b4fb9830:   9f 41 83 e0 7f 74 34 45 8b d0 44 8b c9 49 c1 ea
0x00007ff9b4fb9840:   04 4d 85 d2 74 25 66 66 0f 1f 84 00 00 00 00 00
0x00007ff9b4fb9850:   f3 0f 6f 02 41 ff c1 66 0f e7 07 48 83 c7 10 41
0x00007ff9b4fb9860:   8b c1 48 83 c2 10 49 3b c2 72 e5 0f 28 74 24 10
0x00007ff9b4fb9870:   0f 28 3c 24 41 83 e0 0f 74 49 45 8b d0 44 8b c9
0x00007ff9b4fb9880:   49 c1 ea 02 4d 85 d2 74 1e 0f 1f 80 00 00 00 00
0x00007ff9b4fb9890:   8b 02 41 ff c1 89 07 48 83 c2 04 48 83 c7 04 41
0x00007ff9b4fb98a0:   8b c1 49 3b c2 72 e9 41 83 e0 03 76 16 48 2b d7
0x00007ff9b4fb98b0:   0f b6 04 3a ff c1 88 07 48 8d 7f 01 8b c1 49 3b
0x00007ff9b4fb98c0:   c0 72 ed 48 83 c4 20 5f c3 cc cc cc cc cc cc cc
0x00007ff9b4fb98d0:   8b 01 83 c0 f2 83 f8 1a 77 7f 4c 8d 05 1f 67 eb
0x00007ff9b4fb98e0:   ff 48 98 41 0f b6 84 00 80 99 14 00 41 8b 94 80
0x00007ff9b4fb98f0:   5c 99 14 00 49 03 d0 ff e2 c7 01 23 00 00 00 b8
0x00007ff9b4fb9900:   01 00 00 00 c3 c7 01 24 00 00 00 b8 02 00 00 00
0x00007ff9b4fb9910:   c3 c7 01 1b 00 00 00 b8 01 00 00 00 c3 c7 01 1c
0x00007ff9b4fb9920:   00 00 00 b8 02 00 00 00 c3 c7 01 13 00 00 00 b8
0x00007ff9b4fb9930:   01 00 00 00 c3 c7 01 14 00 00 00 b8 02 00 00 00
0x00007ff9b4fb9940:   c3 c7 01 0a 00 00 00 b8 01 00 00 00 c3 c7 01 0b 


Stack slot to memory mapping:
stack at sp + 0 slots: 0x0000000041200000 is an unknown value
stack at sp + 1 slots: 0x0 is NULL
stack at sp + 2 slots: 0x000000003f800000 is an unknown value
stack at sp + 3 slots: 0x0 is NULL
stack at sp + 4 slots: 0x000002b4be5dbf40 points into unknown readable memory: 0x0000000000000000 | 00 00 00 00 00 00 00 00
stack at sp + 5 slots: 0x00007ff9b4f677c9 ig9icd64.dll
stack at sp + 6 slots: 0x0 is NULL
stack at sp + 7 slots: 0x000002b4be5dbff0 points into unknown readable memory: 0x0000000000000000 | 00 00 00 00 00 00 00 00


---------------  P R O C E S S  ---------------

Threads class SMR info:
_java_thread_list=0x000002b4be8c73e0, length=14, elements={
0x000002b490a128c0, 0x000002b4ba81ae40, 0x000002b4ba81bcb0, 0x000002b4ba831c90,
0x000002b4ba833850, 0x000002b4ba836310, 0x000002b4ba836cc0, 0x000002b4ba83c150,
0x000002b4ba83d390, 0x000002b4bd376d30, 0x000002b4bd4be920, 0x000002b4bd4c40b0,
0x000002b4be3cf840, 0x000002b4be883b50
}

Java Threads: ( => current thread )
=>0x000002b490a128c0 JavaThread "main" [_thread_in_native, id=23848, stack(0x000000f751800000,0x000000f751900000)]
  0x000002b4ba81ae40 JavaThread "Reference Handler" daemon [_thread_blocked, id=7592, stack(0x000000f751f00000,0x000000f752000000)]
  0x000002b4ba81bcb0 JavaThread "Finalizer" daemon [_thread_blocked, id=13876, stack(0x000000f752000000,0x000000f752100000)]
  0x000002b4ba831c90 JavaThread "Signal Dispatcher" daemon [_thread_blocked, id=32388, stack(0x000000f752100000,0x000000f752200000)]
  0x000002b4ba833850 JavaThread "Attach Listener" daemon [_thread_blocked, id=26340, stack(0x000000f752200000,0x000000f752300000)]
  0x000002b4ba836310 JavaThread "Service Thread" daemon [_thread_blocked, id=30320, stack(0x000000f752300000,0x000000f752400000)]
  0x000002b4ba836cc0 JavaThread "Monitor Deflation Thread" daemon [_thread_blocked, id=29828, stack(0x000000f752400000,0x000000f752500000)]
  0x000002b4ba83c150 JavaThread "C2 CompilerThread0" daemon [_thread_blocked, id=22108, stack(0x000000f752500000,0x000000f752600000)]
  0x000002b4ba83d390 JavaThread "C1 CompilerThread0" daemon [_thread_blocked, id=9280, stack(0x000000f752600000,0x000000f752700000)]
  0x000002b4bd376d30 JavaThread "Sweeper thread" daemon [_thread_blocked, id=15908, stack(0x000000f752700000,0x000000f752800000)]
  0x000002b4bd4be920 JavaThread "Notification Thread" daemon [_thread_blocked, id=24076, stack(0x000000f752800000,0x000000f752900000)]
  0x000002b4bd4c40b0 JavaThread "Common-Cleaner" daemon [_thread_blocked, id=10916, stack(0x000000f752a00000,0x000000f752b00000)]
  0x000002b4be3cf840 JavaThread "C2 CompilerThread1" daemon [_thread_blocked, id=32844, stack(0x000000f752b00000,0x000000f752c00000)]
  0x000002b4be883b50 JavaThread "C2 CompilerThread2" daemon [_thread_blocked, id=16908, stack(0x000000f753200000,0x000000f753300000)]

Other Threads:
  0x000002b4ba815aa0 VMThread "VM Thread" [stack: 0x000000f751e00000,0x000000f751f00000] [id=20232]
  0x000002b4bd4c2e10 WatcherThread [stack: 0x000000f752900000,0x000000f752a00000] [id=26448]
  0x000002b490abdd70 GCTaskThread "GC Thread#0" [stack: 0x000000f751900000,0x000000f751a00000] [id=18144]
  0x000002b4ba64ff40 ConcurrentGCThread "G1 Main Marker" [stack: 0x000000f751a00000,0x000000f751b00000] [id=9104]
  0x000002b4ba651770 ConcurrentGCThread "G1 Conc#0" [stack: 0x000000f751b00000,0x000000f751c00000] [id=22044]
  0x000002b4ba74d0e0 ConcurrentGCThread "G1 Refine#0" [stack: 0x000000f751c00000,0x000000f751d00000] [id=26536]
  0x000002b4ba74db00 ConcurrentGCThread "G1 Service" [stack: 0x000000f751d00000,0x000000f751e00000] [id=2040]

Threads with active compile tasks:

VM state: not at safepoint (normal execution)

VM Mutex/Monitor currently owned by a thread: None

Heap address: 0x0000000602c00000, size: 8148 MB, Compressed Oops mode: Zero based, Oop shift amount: 3

CDS archive(s) mapped at: [0x0000000800000000-0x0000000800bd0000-0x0000000800bd0000), size 12386304, SharedBaseAddress: 0x0000000800000000, ArchiveRelocationMode: 0.
Compressed class space mapped at: 0x0000000800c00000-0x0000000840c00000, reserved size: 1073741824
Narrow klass base: 0x0000000800000000, Narrow klass shift: 0, Narrow klass range: 0x100000000

GC Precious Log:
 CPUs: 12 total, 12 available
 Memory: 32585M
 Large Page Support: Disabled
 NUMA Support: Disabled
 Compressed Oops: Enabled (Zero based)
 Heap Region Size: 4M
 Heap Min Capacity: 8M
 Heap Initial Capacity: 512M
 Heap Max Capacity: 8148M
 Pre-touch: Disabled
 Parallel Workers: 10
 Concurrent Workers: 3
 Concurrent Refinement Workers: 10
 Periodic GC: Disabled

Heap:
 garbage-first heap   total 524288K, used 16384K [0x0000000602c00000, 0x0000000800000000)
  region size 4096K, 5 young (20480K), 0 survivors (0K)
 Metaspace       used 4874K, committed 5120K, reserved 1056768K
  class space    used 293K, committed 384K, reserved 1048576K

Heap Regions: E=young(eden), S=young(survivor), O=old, HS=humongous(starts), HC=humongous(continues), CS=collection set, F=free, OA=open archive, CA=closed archive, TAMS=top-at-mark-start (previous, next)
|   0|0x0000000602c00000, 0x0000000602c00000, 0x0000000603000000|  0%| F|  |TAMS 0x0000000602c00000, 0x0000000602c00000| Untracked 
|   1|0x0000000603000000, 0x0000000603000000, 0x0000000603400000|  0%| F|  |TAMS 0x0000000603000000, 0x0000000603000000| Untracked 
|   2|0x0000000603400000, 0x0000000603400000, 0x0000000603800000|  0%| F|  |TAMS 0x0000000603400000, 0x0000000603400000| Untracked 
|   3|0x0000000603800000, 0x0000000603800000, 0x0000000603c00000|  0%| F|  |TAMS 0x0000000603800000, 0x0000000603800000| Untracked 
|   4|0x0000000603c00000, 0x0000000603c00000, 0x0000000604000000|  0%| F|  |TAMS 0x0000000603c00000, 0x0000000603c00000| Untracked 
|   5|0x0000000604000000, 0x0000000604000000, 0x0000000604400000|  0%| F|  |TAMS 0x0000000604000000, 0x0000000604000000| Untracked 
|   6|0x0000000604400000, 0x0000000604400000, 0x0000000604800000|  0%| F|  |TAMS 0x0000000604400000, 0x0000000604400000| Untracked 
|   7|0x0000000604800000, 0x0000000604800000, 0x0000000604c00000|  0%| F|  |TAMS 0x0000000604800000, 0x0000000604800000| Untracked 
|   8|0x0000000604c00000, 0x0000000604c00000, 0x0000000605000000|  0%| F|  |TAMS 0x0000000604c00000, 0x0000000604c00000| Untracked 
|   9|0x0000000605000000, 0x0000000605000000, 0x0000000605400000|  0%| F|  |TAMS 0x0000000605000000, 0x0000000605000000| Untracked 
|  10|0x0000000605400000, 0x0000000605400000, 0x0000000605800000|  0%| F|  |TAMS 0x0000000605400000, 0x0000000605400000| Untracked 
|  11|0x0000000605800000, 0x0000000605800000, 0x0000000605c00000|  0%| F|  |TAMS 0x0000000605800000, 0x0000000605800000| Untracked 
|  12|0x0000000605c00000, 0x0000000605c00000, 0x0000000606000000|  0%| F|  |TAMS 0x0000000605c00000, 0x0000000605c00000| Untracked 
|  13|0x0000000606000000, 0x0000000606000000, 0x0000000606400000|  0%| F|  |TAMS 0x0000000606000000, 0x0000000606000000| Untracked 
|  14|0x0000000606400000, 0x0000000606400000, 0x0000000606800000|  0%| F|  |TAMS 0x0000000606400000, 0x0000000606400000| Untracked 
|  15|0x0000000606800000, 0x0000000606800000, 0x0000000606c00000|  0%| F|  |TAMS 0x0000000606800000, 0x0000000606800000| Untracked 
|  16|0x0000000606c00000, 0x0000000606c00000, 0x0000000607000000|  0%| F|  |TAMS 0x0000000606c00000, 0x0000000606c00000| Untracked 
|  17|0x0000000607000000, 0x0000000607000000, 0x0000000607400000|  0%| F|  |TAMS 0x0000000607000000, 0x0000000607000000| Untracked 
|  18|0x0000000607400000, 0x0000000607400000, 0x0000000607800000|  0%| F|  |TAMS 0x0000000607400000, 0x0000000607400000| Untracked 
|  19|0x0000000607800000, 0x0000000607800000, 0x0000000607c00000|  0%| F|  |TAMS 0x0000000607800000, 0x0000000607800000| Untracked 
|  20|0x0000000607c00000, 0x0000000607c00000, 0x0000000608000000|  0%| F|  |TAMS 0x0000000607c00000, 0x0000000607c00000| Untracked 
|  21|0x0000000608000000, 0x0000000608000000, 0x0000000608400000|  0%| F|  |TAMS 0x0000000608000000, 0x0000000608000000| Untracked 
|  22|0x0000000608400000, 0x0000000608400000, 0x0000000608800000|  0%| F|  |TAMS 0x0000000608400000, 0x0000000608400000| Untracked 
|  23|0x0000000608800000, 0x0000000608800000, 0x0000000608c00000|  0%| F|  |TAMS 0x0000000608800000, 0x0000000608800000| Untracked 
|  24|0x0000000608c00000, 0x0000000608c00000, 0x0000000609000000|  0%| F|  |TAMS 0x0000000608c00000, 0x0000000608c00000| Untracked 
|  25|0x0000000609000000, 0x0000000609000000, 0x0000000609400000|  0%| F|  |TAMS 0x0000000609000000, 0x0000000609000000| Untracked 
|  26|0x0000000609400000, 0x0000000609400000, 0x0000000609800000|  0%| F|  |TAMS 0x0000000609400000, 0x0000000609400000| Untracked 
|  27|0x0000000609800000, 0x0000000609800000, 0x0000000609c00000|  0%| F|  |TAMS 0x0000000609800000, 0x0000000609800000| Untracked 
|  28|0x0000000609c00000, 0x0000000609c00000, 0x000000060a000000|  0%| F|  |TAMS 0x0000000609c00000, 0x0000000609c00000| Untracked 
|  29|0x000000060a000000, 0x000000060a000000, 0x000000060a400000|  0%| F|  |TAMS 0x000000060a000000, 0x000000060a000000| Untracked 
|  30|0x000000060a400000, 0x000000060a400000, 0x000000060a800000|  0%| F|  |TAMS 0x000000060a400000, 0x000000060a400000| Untracked 
|  31|0x000000060a800000, 0x000000060a800000, 0x000000060ac00000|  0%| F|  |TAMS 0x000000060a800000, 0x000000060a800000| Untracked 
|  32|0x000000060ac00000, 0x000000060ac00000, 0x000000060b000000|  0%| F|  |TAMS 0x000000060ac00000, 0x000000060ac00000| Untracked 
|  33|0x000000060b000000, 0x000000060b000000, 0x000000060b400000|  0%| F|  |TAMS 0x000000060b000000, 0x000000060b000000| Untracked 
|  34|0x000000060b400000, 0x000000060b400000, 0x000000060b800000|  0%| F|  |TAMS 0x000000060b400000, 0x000000060b400000| Untracked 
|  35|0x000000060b800000, 0x000000060b800000, 0x000000060bc00000|  0%| F|  |TAMS 0x000000060b800000, 0x000000060b800000| Untracked 
|  36|0x000000060bc00000, 0x000000060bc00000, 0x000000060c000000|  0%| F|  |TAMS 0x000000060bc00000, 0x000000060bc00000| Untracked 
|  37|0x000000060c000000, 0x000000060c000000, 0x000000060c400000|  0%| F|  |TAMS 0x000000060c000000, 0x000000060c000000| Untracked 
|  38|0x000000060c400000, 0x000000060c400000, 0x000000060c800000|  0%| F|  |TAMS 0x000000060c400000, 0x000000060c400000| Untracked 
|  39|0x000000060c800000, 0x000000060c800000, 0x000000060cc00000|  0%| F|  |TAMS 0x000000060c800000, 0x000000060c800000| Untracked 
|  40|0x000000060cc00000, 0x000000060cc00000, 0x000000060d000000|  0%| F|  |TAMS 0x000000060cc00000, 0x000000060cc00000| Untracked 
|  41|0x000000060d000000, 0x000000060d000000, 0x000000060d400000|  0%| F|  |TAMS 0x000000060d000000, 0x000000060d000000| Untracked 
|  42|0x000000060d400000, 0x000000060d400000, 0x000000060d800000|  0%| F|  |TAMS 0x000000060d400000, 0x000000060d400000| Untracked 
|  43|0x000000060d800000, 0x000000060d800000, 0x000000060dc00000|  0%| F|  |TAMS 0x000000060d800000, 0x000000060d800000| Untracked 
|  44|0x000000060dc00000, 0x000000060dc00000, 0x000000060e000000|  0%| F|  |TAMS 0x000000060dc00000, 0x000000060dc00000| Untracked 
|  45|0x000000060e000000, 0x000000060e000000, 0x000000060e400000|  0%| F|  |TAMS 0x000000060e000000, 0x000000060e000000| Untracked 
|  46|0x000000060e400000, 0x000000060e400000, 0x000000060e800000|  0%| F|  |TAMS 0x000000060e400000, 0x000000060e400000| Untracked 
|  47|0x000000060e800000, 0x000000060e800000, 0x000000060ec00000|  0%| F|  |TAMS 0x000000060e800000, 0x000000060e800000| Untracked 
|  48|0x000000060ec00000, 0x000000060ec00000, 0x000000060f000000|  0%| F|  |TAMS 0x000000060ec00000, 0x000000060ec00000| Untracked 
|  49|0x000000060f000000, 0x000000060f000000, 0x000000060f400000|  0%| F|  |TAMS 0x000000060f000000, 0x000000060f000000| Untracked 
|  50|0x000000060f400000, 0x000000060f400000, 0x000000060f800000|  0%| F|  |TAMS 0x000000060f400000, 0x000000060f400000| Untracked 
|  51|0x000000060f800000, 0x000000060f800000, 0x000000060fc00000|  0%| F|  |TAMS 0x000000060f800000, 0x000000060f800000| Untracked 
|  52|0x000000060fc00000, 0x000000060fc00000, 0x0000000610000000|  0%| F|  |TAMS 0x000000060fc00000, 0x000000060fc00000| Untracked 
|  53|0x0000000610000000, 0x0000000610000000, 0x0000000610400000|  0%| F|  |TAMS 0x0000000610000000, 0x0000000610000000| Untracked 
|  54|0x0000000610400000, 0x0000000610400000, 0x0000000610800000|  0%| F|  |TAMS 0x0000000610400000, 0x0000000610400000| Untracked 
|  55|0x0000000610800000, 0x0000000610800000, 0x0000000610c00000|  0%| F|  |TAMS 0x0000000610800000, 0x0000000610800000| Untracked 
|  56|0x0000000610c00000, 0x0000000610c00000, 0x0000000611000000|  0%| F|  |TAMS 0x0000000610c00000, 0x0000000610c00000| Untracked 
|  57|0x0000000611000000, 0x0000000611000000, 0x0000000611400000|  0%| F|  |TAMS 0x0000000611000000, 0x0000000611000000| Untracked 
|  58|0x0000000611400000, 0x0000000611400000, 0x0000000611800000|  0%| F|  |TAMS 0x0000000611400000, 0x0000000611400000| Untracked 
|  59|0x0000000611800000, 0x0000000611800000, 0x0000000611c00000|  0%| F|  |TAMS 0x0000000611800000, 0x0000000611800000| Untracked 
|  60|0x0000000611c00000, 0x0000000611c00000, 0x0000000612000000|  0%| F|  |TAMS 0x0000000611c00000, 0x0000000611c00000| Untracked 
|  61|0x0000000612000000, 0x0000000612000000, 0x0000000612400000|  0%| F|  |TAMS 0x0000000612000000, 0x0000000612000000| Untracked 
|  62|0x0000000612400000, 0x0000000612400000, 0x0000000612800000|  0%| F|  |TAMS 0x0000000612400000, 0x0000000612400000| Untracked 
|  63|0x0000000612800000, 0x0000000612800000, 0x0000000612c00000|  0%| F|  |TAMS 0x0000000612800000, 0x0000000612800000| Untracked 
|  64|0x0000000612c00000, 0x0000000612c00000, 0x0000000613000000|  0%| F|  |TAMS 0x0000000612c00000, 0x0000000612c00000| Untracked 
|  65|0x0000000613000000, 0x0000000613000000, 0x0000000613400000|  0%| F|  |TAMS 0x0000000613000000, 0x0000000613000000| Untracked 
|  66|0x0000000613400000, 0x0000000613400000, 0x0000000613800000|  0%| F|  |TAMS 0x0000000613400000, 0x0000000613400000| Untracked 
|  67|0x0000000613800000, 0x0000000613800000, 0x0000000613c00000|  0%| F|  |TAMS 0x0000000613800000, 0x0000000613800000| Untracked 
|  68|0x0000000613c00000, 0x0000000613c00000, 0x0000000614000000|  0%| F|  |TAMS 0x0000000613c00000, 0x0000000613c00000| Untracked 
|  69|0x0000000614000000, 0x0000000614000000, 0x0000000614400000|  0%| F|  |TAMS 0x0000000614000000, 0x0000000614000000| Untracked 
|  70|0x0000000614400000, 0x0000000614400000, 0x0000000614800000|  0%| F|  |TAMS 0x0000000614400000, 0x0000000614400000| Untracked 
|  71|0x0000000614800000, 0x0000000614800000, 0x0000000614c00000|  0%| F|  |TAMS 0x0000000614800000, 0x0000000614800000| Untracked 
|  72|0x0000000614c00000, 0x0000000614c00000, 0x0000000615000000|  0%| F|  |TAMS 0x0000000614c00000, 0x0000000614c00000| Untracked 
|  73|0x0000000615000000, 0x0000000615000000, 0x0000000615400000|  0%| F|  |TAMS 0x0000000615000000, 0x0000000615000000| Untracked 
|  74|0x0000000615400000, 0x0000000615400000, 0x0000000615800000|  0%| F|  |TAMS 0x0000000615400000, 0x0000000615400000| Untracked 
|  75|0x0000000615800000, 0x0000000615800000, 0x0000000615c00000|  0%| F|  |TAMS 0x0000000615800000, 0x0000000615800000| Untracked 
|  76|0x0000000615c00000, 0x0000000615c00000, 0x0000000616000000|  0%| F|  |TAMS 0x0000000615c00000, 0x0000000615c00000| Untracked 
|  77|0x0000000616000000, 0x0000000616000000, 0x0000000616400000|  0%| F|  |TAMS 0x0000000616000000, 0x0000000616000000| Untracked 
|  78|0x0000000616400000, 0x0000000616400000, 0x0000000616800000|  0%| F|  |TAMS 0x0000000616400000, 0x0000000616400000| Untracked 
|  79|0x0000000616800000, 0x0000000616800000, 0x0000000616c00000|  0%| F|  |TAMS 0x0000000616800000, 0x0000000616800000| Untracked 
|  80|0x0000000616c00000, 0x0000000616c00000, 0x0000000617000000|  0%| F|  |TAMS 0x0000000616c00000, 0x0000000616c00000| Untracked 
|  81|0x0000000617000000, 0x0000000617000000, 0x0000000617400000|  0%| F|  |TAMS 0x0000000617000000, 0x0000000617000000| Untracked 
|  82|0x0000000617400000, 0x0000000617400000, 0x0000000617800000|  0%| F|  |TAMS 0x0000000617400000, 0x0000000617400000| Untracked 
|  83|0x0000000617800000, 0x0000000617800000, 0x0000000617c00000|  0%| F|  |TAMS 0x0000000617800000, 0x0000000617800000| Untracked 
|  84|0x0000000617c00000, 0x0000000617c00000, 0x0000000618000000|  0%| F|  |TAMS 0x0000000617c00000, 0x0000000617c00000| Untracked 
|  85|0x0000000618000000, 0x0000000618000000, 0x0000000618400000|  0%| F|  |TAMS 0x0000000618000000, 0x0000000618000000| Untracked 
|  86|0x0000000618400000, 0x0000000618400000, 0x0000000618800000|  0%| F|  |TAMS 0x0000000618400000, 0x0000000618400000| Untracked 
|  87|0x0000000618800000, 0x0000000618800000, 0x0000000618c00000|  0%| F|  |TAMS 0x0000000618800000, 0x0000000618800000| Untracked 
|  88|0x0000000618c00000, 0x0000000618c00000, 0x0000000619000000|  0%| F|  |TAMS 0x0000000618c00000, 0x0000000618c00000| Untracked 
|  89|0x0000000619000000, 0x0000000619000000, 0x0000000619400000|  0%| F|  |TAMS 0x0000000619000000, 0x0000000619000000| Untracked 
|  90|0x0000000619400000, 0x0000000619400000, 0x0000000619800000|  0%| F|  |TAMS 0x0000000619400000, 0x0000000619400000| Untracked 
|  91|0x0000000619800000, 0x0000000619800000, 0x0000000619c00000|  0%| F|  |TAMS 0x0000000619800000, 0x0000000619800000| Untracked 
|  92|0x0000000619c00000, 0x0000000619c00000, 0x000000061a000000|  0%| F|  |TAMS 0x0000000619c00000, 0x0000000619c00000| Untracked 
|  93|0x000000061a000000, 0x000000061a000000, 0x000000061a400000|  0%| F|  |TAMS 0x000000061a000000, 0x000000061a000000| Untracked 
|  94|0x000000061a400000, 0x000000061a400000, 0x000000061a800000|  0%| F|  |TAMS 0x000000061a400000, 0x000000061a400000| Untracked 
|  95|0x000000061a800000, 0x000000061a800000, 0x000000061ac00000|  0%| F|  |TAMS 0x000000061a800000, 0x000000061a800000| Untracked 
|  96|0x000000061ac00000, 0x000000061ac00000, 0x000000061b000000|  0%| F|  |TAMS 0x000000061ac00000, 0x000000061ac00000| Untracked 
|  97|0x000000061b000000, 0x000000061b000000, 0x000000061b400000|  0%| F|  |TAMS 0x000000061b000000, 0x000000061b000000| Untracked 
|  98|0x000000061b400000, 0x000000061b400000, 0x000000061b800000|  0%| F|  |TAMS 0x000000061b400000, 0x000000061b400000| Untracked 
|  99|0x000000061b800000, 0x000000061b800000, 0x000000061bc00000|  0%| F|  |TAMS 0x000000061b800000, 0x000000061b800000| Untracked 
| 100|0x000000061bc00000, 0x000000061bc00000, 0x000000061c000000|  0%| F|  |TAMS 0x000000061bc00000, 0x000000061bc00000| Untracked 
| 101|0x000000061c000000, 0x000000061c000000, 0x000000061c400000|  0%| F|  |TAMS 0x000000061c000000, 0x000000061c000000| Untracked 
| 102|0x000000061c400000, 0x000000061c400000, 0x000000061c800000|  0%| F|  |TAMS 0x000000061c400000, 0x000000061c400000| Untracked 
| 103|0x000000061c800000, 0x000000061c800000, 0x000000061cc00000|  0%| F|  |TAMS 0x000000061c800000, 0x000000061c800000| Untracked 
| 104|0x000000061cc00000, 0x000000061cc00000, 0x000000061d000000|  0%| F|  |TAMS 0x000000061cc00000, 0x000000061cc00000| Untracked 
| 105|0x000000061d000000, 0x000000061d000000, 0x000000061d400000|  0%| F|  |TAMS 0x000000061d000000, 0x000000061d000000| Untracked 
| 106|0x000000061d400000, 0x000000061d400000, 0x000000061d800000|  0%| F|  |TAMS 0x000000061d400000, 0x000000061d400000| Untracked 
| 107|0x000000061d800000, 0x000000061d800000, 0x000000061dc00000|  0%| F|  |TAMS 0x000000061d800000, 0x000000061d800000| Untracked 
| 108|0x000000061dc00000, 0x000000061dc00000, 0x000000061e000000|  0%| F|  |TAMS 0x000000061dc00000, 0x000000061dc00000| Untracked 
| 109|0x000000061e000000, 0x000000061e000000, 0x000000061e400000|  0%| F|  |TAMS 0x000000061e000000, 0x000000061e000000| Untracked 
| 110|0x000000061e400000, 0x000000061e400000, 0x000000061e800000|  0%| F|  |TAMS 0x000000061e400000, 0x000000061e400000| Untracked 
| 111|0x000000061e800000, 0x000000061e800000, 0x000000061ec00000|  0%| F|  |TAMS 0x000000061e800000, 0x000000061e800000| Untracked 
| 112|0x000000061ec00000, 0x000000061ec00000, 0x000000061f000000|  0%| F|  |TAMS 0x000000061ec00000, 0x000000061ec00000| Untracked 
| 113|0x000000061f000000, 0x000000061f000000, 0x000000061f400000|  0%| F|  |TAMS 0x000000061f000000, 0x000000061f000000| Untracked 
| 114|0x000000061f400000, 0x000000061f400000, 0x000000061f800000|  0%| F|  |TAMS 0x000000061f400000, 0x000000061f400000| Untracked 
| 115|0x000000061f800000, 0x000000061f800000, 0x000000061fc00000|  0%| F|  |TAMS 0x000000061f800000, 0x000000061f800000| Untracked 
| 116|0x000000061fc00000, 0x000000061fc00000, 0x0000000620000000|  0%| F|  |TAMS 0x000000061fc00000, 0x000000061fc00000| Untracked 
| 117|0x0000000620000000, 0x0000000620000000, 0x0000000620400000|  0%| F|  |TAMS 0x0000000620000000, 0x0000000620000000| Untracked 
| 118|0x0000000620400000, 0x0000000620400000, 0x0000000620800000|  0%| F|  |TAMS 0x0000000620400000, 0x0000000620400000| Untracked 
| 119|0x0000000620800000, 0x0000000620800000, 0x0000000620c00000|  0%| F|  |TAMS 0x0000000620800000, 0x0000000620800000| Untracked 
| 120|0x0000000620c00000, 0x0000000620c00000, 0x0000000621000000|  0%| F|  |TAMS 0x0000000620c00000, 0x0000000620c00000| Untracked 
| 121|0x0000000621000000, 0x0000000621000000, 0x0000000621400000|  0%| F|  |TAMS 0x0000000621000000, 0x0000000621000000| Untracked 
| 122|0x0000000621400000, 0x0000000621400000, 0x0000000621800000|  0%| F|  |TAMS 0x0000000621400000, 0x0000000621400000| Untracked 
| 123|0x0000000621800000, 0x000000062187b630, 0x0000000621c00000| 12%| E|  |TAMS 0x0000000621800000, 0x0000000621800000| Complete 
| 124|0x0000000621c00000, 0x0000000622000000, 0x0000000622000000|100%| E|CS|TAMS 0x0000000621c00000, 0x0000000621c00000| Complete 
| 125|0x0000000622000000, 0x0000000622400000, 0x0000000622400000|100%| E|CS|TAMS 0x0000000622000000, 0x0000000622000000| Complete 
| 126|0x0000000622400000, 0x0000000622800000, 0x0000000622800000|100%| E|CS|TAMS 0x0000000622400000, 0x0000000622400000| Complete 
| 127|0x0000000622800000, 0x0000000622c00000, 0x0000000622c00000|100%| E|CS|TAMS 0x0000000622800000, 0x0000000622800000| Complete 

Card table byte_map: [0x000002b4a87c0000,0x000002b4a97b0000] _byte_map_base: 0x000002b4a57aa000

Marking Bits (Prev, Next): (CMBitMap*) 0x000002b490abe380, (CMBitMap*) 0x000002b490abe3c0
 Prev Bits: [0x000002b4aa7a0000, 0x000002b4b26f0000)
 Next Bits: [0x000002b4b26f0000, 0x000002b4ba640000)

Polling page: 0x000002b48e990000

Metaspace:

Usage:
  Non-class:      4.47 MB used.
      Class:    293.02 KB used.
       Both:      4.76 MB used.

Virtual space:
  Non-class space:        8.00 MB reserved,       4.62 MB ( 58%) committed,  1 nodes.
      Class space:        1.00 GB reserved,     384.00 KB ( <1%) committed,  1 nodes.
             Both:        1.01 GB reserved,       5.00 MB ( <1%) committed. 

Chunk freelists:
   Non-Class:  1.18 MB
       Class:  3.57 MB
        Both:  4.74 MB

MaxMetaspaceSize: unlimited
CompressedClassSpaceSize: 1.00 GB
Initial GC threshold: 21.00 MB
Current GC threshold: 21.00 MB
CDS: on
MetaspaceReclaimPolicy: balanced
 - commit_granule_bytes: 65536.
 - commit_granule_words: 8192.
 - virtual_space_node_default_size: 1048576.
 - enlarge_chunks_in_place: 1.
 - new_chunks_are_fully_committed: 0.
 - uncommit_free_chunks: 1.
 - use_allocation_guard: 0.
 - handle_deallocations: 1.


Internal statistics:

num_allocs_failed_limit: 0.
num_arena_births: 150.
num_arena_deaths: 0.
num_vsnodes_births: 2.
num_vsnodes_deaths: 0.
num_space_committed: 78.
num_space_uncommitted: 0.
num_chunks_returned_to_freelist: 0.
num_chunks_taken_from_freelist: 279.
num_chunk_merges: 0.
num_chunk_splits: 189.
num_chunks_enlarged: 133.
num_purges: 0.
num_inconsistent_stats: 0.

CodeHeap 'non-profiled nmethods': size=120000Kb used=326Kb max_used=326Kb free=119674Kb
 bounds [0x000002b49fd40000, 0x000002b49ffb0000, 0x000002b4a7270000]
CodeHeap 'profiled nmethods': size=120000Kb used=1342Kb max_used=1342Kb free=118658Kb
 bounds [0x000002b498270000, 0x000002b4984e0000, 0x000002b49f7a0000]
CodeHeap 'non-nmethods': size=5760Kb used=1644Kb max_used=1664Kb free=4115Kb
 bounds [0x000002b49f7a0000, 0x000002b49fa10000, 0x000002b49fd40000]
 total_blobs=2003 nmethods=914 adapters=1002
 compilation: enabled
              stopped_count=0, restarted_count=0
 full_count=0

Compilation events (20 events):
Event: 0.618 Thread 0x000002b4ba83d390 nmethod 901 0x000002b4983b8490 code [0x000002b4983b8640, 0x000002b4983b8888]
Event: 0.618 Thread 0x000002b4ba83d390  908       3       jdk.internal.org.objectweb.asm.Type::getReturnTypeOffset (64 bytes)
Event: 0.619 Thread 0x000002b4ba83d390 nmethod 908 0x000002b4983b8990 code [0x000002b4983b8cc0, 0x000002b4983ba0b8]
Event: 0.619 Thread 0x000002b4ba83d390  903       3       java.lang.invoke.LambdaForm$NamedFunction::member (26 bytes)
Event: 0.619 Thread 0x000002b4ba83d390 nmethod 903 0x000002b4983ba810 code [0x000002b4983ba9a0, 0x000002b4983baab8]
Event: 0.619 Thread 0x000002b4ba83d390  911       3       jdk.internal.math.FDBigInteger::mult (64 bytes)
Event: 0.619 Thread 0x000002b4ba83d390 nmethod 911 0x000002b4983bab90 code [0x000002b4983bad40, 0x000002b4983baf98]
Event: 0.619 Thread 0x000002b4ba83d390  909       3       jdk.internal.org.objectweb.asm.MethodWriter::visitAbstractType (8 bytes)
Event: 0.619 Thread 0x000002b4ba83d390 nmethod 909 0x000002b4983bb190 code [0x000002b4983bb320, 0x000002b4983bb458]
Event: 0.619 Thread 0x000002b4ba83d390  904       3       java.lang.invoke.InvokerBytecodeGenerator::isStaticallyInvocable (165 bytes)
Event: 0.621 Thread 0x000002b4ba83d390 nmethod 904 0x000002b4983bb510 code [0x000002b4983bb940, 0x000002b4983bd628]
Event: 0.621 Thread 0x000002b4ba83d390  912       3       me.restonic4.engine.object.GameObject::update (37 bytes)
Event: 0.621 Thread 0x000002b4ba83d390 nmethod 912 0x000002b4983bdd90 code [0x000002b4983bdf80, 0x000002b4983be4e8]
Event: 0.621 Thread 0x000002b4ba83d390  913       3       me.restonic4.engine.object.components.ModelRendererComponent::update (1 bytes)
Event: 0.621 Thread 0x000002b4ba83d390 nmethod 913 0x000002b4983be690 code [0x000002b4983be820, 0x000002b4983be938]
Event: 0.621 Thread 0x000002b4ba83d390  905       3       java.lang.invoke.MemberName::isPrivate (8 bytes)
Event: 0.621 Thread 0x000002b4ba83d390 nmethod 905 0x000002b4983bea10 code [0x000002b4983beba0, 0x000002b4983bed78]
Event: 0.621 Thread 0x000002b4ba83c150  914       4       me.restonic4.engine.object.GameObject::update (37 bytes)
Event: 0.621 Thread 0x000002b4ba83d390  910       3       jdk.internal.org.objectweb.asm.SymbolTable::addTypeInternal (85 bytes)
Event: 0.621 Thread 0x000002b4ba83d390 nmethod 910 0x000002b4983bee10 code [0x000002b4983befe0, 0x000002b4983bf658]

GC Heap History (0 events):
No events

Deoptimization events (20 events):
Event: 0.493 Thread 0x000002b490a128c0 Uncommon trap: trap_request=0xffffff45 fr.pc=0x000002b49fd6f334 relative=0x0000000000000414
Event: 0.493 Thread 0x000002b490a128c0 Uncommon trap: reason=unstable_if action=reinterpret pc=0x000002b49fd6f334 method=java.lang.StringLatin1.newString([BII)Ljava/lang/String; @ 1 c2
Event: 0.493 Thread 0x000002b490a128c0 DEOPT PACKING pc=0x000002b49fd6f334 sp=0x000000f7518feee0
Event: 0.493 Thread 0x000002b490a128c0 DEOPT UNPACKING pc=0x000002b49f7f23a3 sp=0x000000f7518feea8 mode 2
Event: 0.522 Thread 0x000002b490a128c0 Uncommon trap: trap_request=0xffffff66 fr.pc=0x000002b49fd7de00 relative=0x0000000000000060
Event: 0.522 Thread 0x000002b490a128c0 Uncommon trap: reason=speculate_class_check action=maybe_recompile pc=0x000002b49fd7de00 method=java.lang.invoke.Invokers$Holder.linkToTargetMethod(IILjava/lang/Object;)Ljava/lang/Object; @ 1 c2
Event: 0.522 Thread 0x000002b490a128c0 DEOPT PACKING pc=0x000002b49fd7de00 sp=0x000000f7518fea80
Event: 0.522 Thread 0x000002b490a128c0 DEOPT UNPACKING pc=0x000002b49f7f23a3 sp=0x000000f7518fea08 mode 2
Event: 0.522 Thread 0x000002b490a128c0 Uncommon trap: trap_request=0xffffff66 fr.pc=0x000002b49fd7de00 relative=0x0000000000000060
Event: 0.522 Thread 0x000002b490a128c0 Uncommon trap: reason=speculate_class_check action=maybe_recompile pc=0x000002b49fd7de00 method=java.lang.invoke.Invokers$Holder.linkToTargetMethod(IILjava/lang/Object;)Ljava/lang/Object; @ 1 c2
Event: 0.522 Thread 0x000002b490a128c0 DEOPT PACKING pc=0x000002b49fd7de00 sp=0x000000f7518fea80
Event: 0.522 Thread 0x000002b490a128c0 DEOPT UNPACKING pc=0x000002b49f7f23a3 sp=0x000000f7518fea08 mode 2
Event: 0.619 Thread 0x000002b490a128c0 Uncommon trap: trap_request=0xffffff45 fr.pc=0x000002b49fd7ac00 relative=0x0000000000000100
Event: 0.619 Thread 0x000002b490a128c0 Uncommon trap: reason=unstable_if action=reinterpret pc=0x000002b49fd7ac00 method=java.lang.Integer.stringSize(I)I @ 3 c2
Event: 0.619 Thread 0x000002b490a128c0 DEOPT PACKING pc=0x000002b49fd7ac00 sp=0x000000f7518fef80
Event: 0.619 Thread 0x000002b490a128c0 DEOPT UNPACKING pc=0x000002b49f7f23a3 sp=0x000000f7518fee80 mode 2
Event: 0.619 Thread 0x000002b490a128c0 Uncommon trap: trap_request=0xffffff45 fr.pc=0x000002b49fd7c814 relative=0x00000000000001f4
Event: 0.619 Thread 0x000002b490a128c0 Uncommon trap: reason=unstable_if action=reinterpret pc=0x000002b49fd7c814 method=java.lang.Integer.getChars(II[B)I @ 4 c2
Event: 0.619 Thread 0x000002b490a128c0 DEOPT PACKING pc=0x000002b49fd7c814 sp=0x000000f7518fef20
Event: 0.619 Thread 0x000002b490a128c0 DEOPT UNPACKING pc=0x000002b49f7f23a3 sp=0x000000f7518fedd0 mode 2

Classes unloaded (0 events):
No events

Classes redefined (0 events):
No events

Internal exceptions (20 events):
Event: 0.123 Thread 0x000002b490a128c0 Exception <a 'java/lang/NoSuchMethodError'{0x0000000622bd8548}: 'int java.lang.invoke.DirectMethodHandle$Holder.invokeSpecial(java.lang.Object, java.lang.Object, java.lang.Object)'> (0x0000000622bd8548) 
thrown [s\open\src\hotspot\share\interpreter\linkResolver.cpp, line 759]
Event: 0.151 Thread 0x000002b490a128c0 Exception <a 'sun/nio/fs/WindowsException'{0x0000000622450b40}> (0x0000000622450b40) 
thrown [s\open\src\hotspot\share\prims\jni.cpp, line 516]
Event: 0.151 Thread 0x000002b490a128c0 Exception <a 'sun/nio/fs/WindowsException'{0x0000000622451090}> (0x0000000622451090) 
thrown [s\open\src\hotspot\share\prims\jni.cpp, line 516]
Event: 0.190 Thread 0x000002b490a128c0 Exception <a 'java/lang/NoSuchMethodError'{0x0000000622534098}: 'int java.lang.invoke.DirectMethodHandle$Holder.invokeStaticInit(java.lang.Object, java.lang.Object, int, long)'> (0x0000000622534098) 
thrown [s\open\src\hotspot\share\interpreter\linkResolver.cpp, line 759]
Event: 0.191 Thread 0x000002b490a128c0 Exception <a 'java/lang/NoSuchMethodError'{0x0000000622539960}: 'java.lang.Object java.lang.invoke.DirectMethodHandle$Holder.newInvokeSpecial(java.lang.Object, java.lang.Object, int)'> (0x0000000622539960) 
thrown [s\open\src\hotspot\share\interpreter\linkResolver.cpp, line 759]
Event: 0.192 Thread 0x000002b490a128c0 Exception <a 'java/lang/NoSuchMethodError'{0x00000006225496f0}: 'int java.lang.invoke.DirectMethodHandle$Holder.invokeStaticInit(java.lang.Object, java.lang.Object, long, long)'> (0x00000006225496f0) 
thrown [s\open\src\hotspot\share\interpreter\linkResolver.cpp, line 759]
Event: 0.193 Thread 0x000002b490a128c0 Exception <a 'java/lang/NoSuchMethodError'{0x000000062254f800}: 'java.lang.Object java.lang.invoke.DirectMethodHandle$Holder.newInvokeSpecial(java.lang.Object, java.lang.Object, long)'> (0x000000062254f800) 
thrown [s\open\src\hotspot\share\interpreter\linkResolver.cpp, line 759]
Event: 0.193 Thread 0x000002b490a128c0 Exception <a 'java/lang/NoSuchMethodError'{0x0000000622553848}: 'java.lang.Object java.lang.invoke.Invokers$Holder.linkToTargetMethod(java.lang.Object, long, java.lang.Object)'> (0x0000000622553848) 
thrown [s\open\src\hotspot\share\interpreter\linkResolver.cpp, line 759]
Event: 0.194 Thread 0x000002b490a128c0 Exception <a 'java/lang/NoSuchMethodError'{0x000000062255af60}: 'int java.lang.invoke.DirectMethodHandle$Holder.invokeStaticInit(java.lang.Object, java.lang.Object, java.lang.Object, long)'> (0x000000062255af60) 
thrown [s\open\src\hotspot\share\interpreter\linkResolver.cpp, line 759]
Event: 0.210 Thread 0x000002b490a128c0 Exception <a 'sun/nio/fs/WindowsException'{0x0000000622612dd0}> (0x0000000622612dd0) 
thrown [s\open\src\hotspot\share\prims\jni.cpp, line 516]
Event: 0.210 Thread 0x000002b490a128c0 Exception <a 'sun/nio/fs/WindowsException'{0x0000000622613130}> (0x0000000622613130) 
thrown [s\open\src\hotspot\share\prims\jni.cpp, line 516]
Event: 0.353 Thread 0x000002b490a128c0 Exception <a 'java/lang/NoSuchMethodError'{0x0000000622683320}: 'void java.lang.invoke.DirectMethodHandle$Holder.invokeStaticInit(java.lang.Object, long, double, double)'> (0x0000000622683320) 
thrown [s\open\src\hotspot\share\interpreter\linkResolver.cpp, line 759]
Event: 0.355 Thread 0x000002b490a128c0 Exception <a 'java/lang/NoSuchMethodError'{0x0000000622692cc0}: 'void java.lang.invoke.DirectMethodHandle$Holder.invokeStaticInit(java.lang.Object, long, int, int, int)'> (0x0000000622692cc0) 
thrown [s\open\src\hotspot\share\interpreter\linkResolver.cpp, line 759]
Event: 0.358 Thread 0x000002b490a128c0 Exception <a 'java/lang/NoSuchMethodError'{0x00000006226aca38}: 'void java.lang.invoke.DirectMethodHandle$Holder.invokeStaticInit(java.lang.Object, long, int, int, int, int)'> (0x00000006226aca38) 
thrown [s\open\src\hotspot\share\interpreter\linkResolver.cpp, line 759]
Event: 0.385 Thread 0x000002b490a128c0 Exception <a 'sun/nio/fs/WindowsException'{0x00000006226e25e0}> (0x00000006226e25e0) 
thrown [s\open\src\hotspot\share\prims\jni.cpp, line 516]
Event: 0.385 Thread 0x000002b490a128c0 Exception <a 'sun/nio/fs/WindowsException'{0x00000006226e2980}> (0x00000006226e2980) 
thrown [s\open\src\hotspot\share\prims\jni.cpp, line 516]
Event: 0.390 Thread 0x000002b490a128c0 Exception <a 'sun/nio/fs/WindowsException'{0x00000006226ed280}> (0x00000006226ed280) 
thrown [s\open\src\hotspot\share\prims\jni.cpp, line 516]
Event: 0.390 Thread 0x000002b490a128c0 Exception <a 'sun/nio/fs/WindowsException'{0x00000006226ed550}> (0x00000006226ed550) 
thrown [s\open\src\hotspot\share\prims\jni.cpp, line 516]
Event: 0.615 Thread 0x000002b490a128c0 Exception <a 'java/lang/NoSuchMethodError'{0x0000000621fb3b40}: 'java.lang.Object java.lang.invoke.DirectMethodHandle$Holder.invokeSpecial(java.lang.Object, java.lang.Object, long, int, int, java.lang.Object, java.lang.Object, java.lang.Object, java.lang.Object, java.lang.Object, java.lang.Object)'> (0x0000000621fb3b40) 
thrown [s\open\src\hotspot\share\interpreter\linkResolver.cpp, line 759]
Event: 0.616 Thread 0x000002b490a128c0 Exception <a 'java/lang/NoSuchMethodError'{0x0000000621fb8500}: 'java.lang.Object java.lang.invoke.DelegatingMethodHandle$Holder.reinvoke_L(java.lang.Object, long, int, int, java.lang.Object, java.lang.Object, java.lang.Object, java.lang.Object, java.lang.Object, java.lang.Object)'> (0x0000000621fb8500) 
thrown [s\open\src\hotspot\share\interpreter\linkResolver.cpp, line 759]

VM Operations (6 events):
Event: 0.091 Executing VM operation: HandshakeAllThreads
Event: 0.091 Executing VM operation: HandshakeAllThreads done
Event: 0.141 Executing VM operation: HandshakeAllThreads
Event: 0.141 Executing VM operation: HandshakeAllThreads done
Event: 0.163 Executing VM operation: HandshakeAllThreads
Event: 0.163 Executing VM operation: HandshakeAllThreads done

Events (20 events):
Event: 0.195 loading class java/nio/InvalidMarkException done
Event: 0.195 loading class java/nio/BufferUnderflowException
Event: 0.195 loading class java/nio/BufferUnderflowException done
Event: 0.211 loading class java/lang/NoSuchFieldError
Event: 0.211 loading class java/lang/NoSuchFieldError done
Event: 0.222 loading class jdk/internal/reflect/UnsafeQualifiedStaticIntegerFieldAccessorImpl
Event: 0.222 loading class jdk/internal/reflect/UnsafeQualifiedStaticIntegerFieldAccessorImpl done
Event: 0.350 Thread 0x000002b4be359880 Thread exited: 0x000002b4be359880
Event: 0.386 Loaded shared library C:\Users\marco\AppData\Local\Temp\lwjgl_marco\3.3.4+7\x64\lwjgl_opengl.dll
Event: 0.393 loading class jdk/internal/misc/ScopedMemoryAccess$Scope
Event: 0.393 loading class jdk/internal/misc/ScopedMemoryAccess$Scope done
Event: 0.394 Thread 0x000002b4be3cf840 Thread added: 0x000002b4be3cf840
Event: 0.436 loading class java/io/Externalizable
Event: 0.436 loading class java/io/Externalizable done
Event: 0.437 Loaded shared library C:\Program Files\Java\jdk-17\bin\verify.dll
Event: 0.483 Thread 0x000002b4be883b50 Thread added: 0x000002b4be883b50
Event: 0.619 loading class jdk/internal/math/FDBigInteger
Event: 0.619 loading class jdk/internal/math/FDBigInteger done
Event: 0.622 loading class java/nio/HeapFloatBuffer
Event: 0.622 loading class java/nio/HeapFloatBuffer done


Dynamic libraries:
0x00007ff6f2590000 - 0x00007ff6f25a0000 	C:\Program Files\Java\jdk-17\bin\java.exe
0x00007ffa3f550000 - 0x00007ffa3f748000 	C:\WINDOWS\SYSTEM32\ntdll.dll
0x00007ffa3f450000 - 0x00007ffa3f50d000 	C:\WINDOWS\System32\KERNEL32.DLL
0x00007ffa3d260000 - 0x00007ffa3d556000 	C:\WINDOWS\System32\KERNELBASE.dll
0x0000000060ee0000 - 0x0000000061212000 	C:\Program Files\Norton Security\NortonData\22.20.4.57\Definitions\IPSDefs\20240816.064\IPSEng64.dll
0x00007ffa3d8f0000 - 0x00007ffa3d9a0000 	C:\WINDOWS\System32\ADVAPI32.dll
0x00007ffa3f3b0000 - 0x00007ffa3f44e000 	C:\WINDOWS\System32\msvcrt.dll
0x00007ffa3d830000 - 0x00007ffa3d8d0000 	C:\WINDOWS\System32\sechost.dll
0x00007ffa3e440000 - 0x00007ffa3e563000 	C:\WINDOWS\System32\RPCRT4.dll
0x00007ffa3cf40000 - 0x00007ffa3cf67000 	C:\WINDOWS\System32\bcrypt.dll
0x00007ffa3d9a0000 - 0x00007ffa3d9a8000 	C:\WINDOWS\System32\PSAPI.DLL
0x00007ffa3cf70000 - 0x00007ffa3d070000 	C:\WINDOWS\System32\ucrtbase.dll
0x00007ffa064e0000 - 0x00007ffa064f9000 	C:\Program Files\Java\jdk-17\bin\jli.dll
0x00007ffa009d0000 - 0x00007ffa009eb000 	C:\Program Files\Java\jdk-17\bin\VCRUNTIME140.dll
0x00007ffa3e570000 - 0x00007ffa3e70f000 	C:\WINDOWS\System32\USER32.dll
0x00007ffa3d560000 - 0x00007ffa3d582000 	C:\WINDOWS\System32\win32u.dll
0x00007ffa24220000 - 0x00007ffa244ba000 	C:\WINDOWS\WinSxS\amd64_microsoft.windows.common-controls_6595b64144ccf1df_6.0.19041.4355_none_60b8b9eb71f62e16\COMCTL32.dll
0x00007ffa3d7a0000 - 0x00007ffa3d7cb000 	C:\WINDOWS\System32\GDI32.dll
0x00007ffa3ce20000 - 0x00007ffa3cf37000 	C:\WINDOWS\System32\gdi32full.dll
0x00007ffa3ccc0000 - 0x00007ffa3cd5d000 	C:\WINDOWS\System32\msvcp_win.dll
0x00007ffa33d70000 - 0x00007ffa33d7a000 	C:\WINDOWS\SYSTEM32\VERSION.dll
0x00007ffa3de20000 - 0x00007ffa3de4f000 	C:\WINDOWS\System32\IMM32.DLL
0x00007ffa223f0000 - 0x00007ffa223fc000 	C:\Program Files\Java\jdk-17\bin\vcruntime140_1.dll
0x00007ff9c6470000 - 0x00007ff9c64fe000 	C:\Program Files\Java\jdk-17\bin\msvcp140.dll
0x00007ff9c4940000 - 0x00007ff9c551d000 	C:\Program Files\Java\jdk-17\bin\server\jvm.dll
0x00007ffa323d0000 - 0x00007ffa323d9000 	C:\WINDOWS\SYSTEM32\WSOCK32.dll
0x00007ffa2f840000 - 0x00007ffa2f867000 	C:\WINDOWS\SYSTEM32\WINMM.dll
0x00007ffa3d590000 - 0x00007ffa3d5fb000 	C:\WINDOWS\System32\WS2_32.dll
0x00007ffa3aa50000 - 0x00007ffa3aa62000 	C:\WINDOWS\SYSTEM32\kernel.appcore.dll
0x00007ffa21900000 - 0x00007ffa2190a000 	C:\Program Files\Java\jdk-17\bin\jimage.dll
0x00007ffa39d00000 - 0x00007ffa39ee4000 	C:\WINDOWS\SYSTEM32\DBGHELP.DLL
0x00007ffa39cc0000 - 0x00007ffa39cf4000 	C:\WINDOWS\SYSTEM32\dbgcore.DLL
0x00007ffa3d1d0000 - 0x00007ffa3d252000 	C:\WINDOWS\System32\bcryptPrimitives.dll
0x00007ff9e4b70000 - 0x00007ff9e4b95000 	C:\Program Files\Java\jdk-17\bin\java.dll
0x00007ff9c6390000 - 0x00007ff9c6467000 	C:\Program Files\Java\jdk-17\bin\jsvml.dll
0x00007ffa3ea90000 - 0x00007ffa3f1fc000 	C:\WINDOWS\System32\SHELL32.dll
0x00007ffa3ac50000 - 0x00007ffa3b3ed000 	C:\WINDOWS\SYSTEM32\windows.storage.dll
0x00007ffa3e710000 - 0x00007ffa3ea63000 	C:\WINDOWS\System32\combase.dll
0x00007ffa3c630000 - 0x00007ffa3c65e000 	C:\WINDOWS\SYSTEM32\Wldp.dll
0x00007ffa3df80000 - 0x00007ffa3e04d000 	C:\WINDOWS\System32\OLEAUT32.dll
0x00007ffa3e2e0000 - 0x00007ffa3e38d000 	C:\WINDOWS\System32\SHCORE.dll
0x00007ffa3e200000 - 0x00007ffa3e255000 	C:\WINDOWS\System32\shlwapi.dll
0x00007ffa3cb40000 - 0x00007ffa3cb64000 	C:\WINDOWS\SYSTEM32\profapi.dll
0x00007ff9ff7a0000 - 0x00007ff9ff7b9000 	C:\Program Files\Java\jdk-17\bin\net.dll
0x00007ffa332f0000 - 0x00007ffa333fa000 	C:\WINDOWS\SYSTEM32\WINHTTP.dll
0x00007ffa3c350000 - 0x00007ffa3c3ba000 	C:\WINDOWS\system32\mswsock.dll
0x00007ff9fda70000 - 0x00007ff9fda86000 	C:\Program Files\Java\jdk-17\bin\nio.dll
0x00007ff9fd350000 - 0x00007ff9fd368000 	C:\Program Files\Java\jdk-17\bin\zip.dll
0x00007ffa32320000 - 0x00007ffa3239b000 	C:\Users\marco\AppData\Local\Temp\lwjgl_marco\3.3.4+7\x64\lwjgl.dll
0x00007ffa32290000 - 0x00007ffa32315000 	C:\Users\marco\AppData\Local\Temp\lwjgl_marco\3.3.4+7\x64\glfw.dll
0x00007ffa0f420000 - 0x00007ffa0f465000 	C:\WINDOWS\SYSTEM32\dinput8.dll
0x00007ffa12da0000 - 0x00007ffa12db1000 	C:\WINDOWS\SYSTEM32\xinput1_4.dll
0x00007ffa3cdd0000 - 0x00007ffa3ce1e000 	C:\WINDOWS\System32\cfgmgr32.dll
0x00007ffa3c990000 - 0x00007ffa3c9c3000 	C:\WINDOWS\SYSTEM32\DEVOBJ.dll
0x00007ffa3a760000 - 0x00007ffa3a78f000 	C:\WINDOWS\SYSTEM32\dwmapi.dll
0x00007ffa0f2b0000 - 0x00007ffa0f402000 	C:\WINDOWS\SYSTEM32\inputhost.dll
0x00007ffa39f40000 - 0x00007ffa3a032000 	C:\WINDOWS\SYSTEM32\CoreMessaging.dll
0x00007ffa37c00000 - 0x00007ffa37d57000 	C:\WINDOWS\SYSTEM32\wintypes.dll
0x00007ffa37690000 - 0x00007ffa37786000 	C:\WINDOWS\SYSTEM32\PROPSYS.dll
0x00007ffa38be0000 - 0x00007ffa38f3b000 	C:\WINDOWS\SYSTEM32\CoreUIComponents.dll
0x00007ffa3bd20000 - 0x00007ffa3bd53000 	C:\WINDOWS\SYSTEM32\ntmarta.dll
0x00007ffa3a4d0000 - 0x00007ffa3a56e000 	C:\WINDOWS\system32\uxtheme.dll
0x00007ffa3e050000 - 0x00007ffa3e164000 	C:\WINDOWS\System32\MSCTF.dll
0x00007ffa23560000 - 0x00007ffa23685000 	C:\WINDOWS\SYSTEM32\opengl32.dll
0x00007ffa32a70000 - 0x00007ffa32a9c000 	C:\WINDOWS\SYSTEM32\GLU32.dll
0x00007ffa3e390000 - 0x00007ffa3e439000 	C:\WINDOWS\System32\clbcatq.dll
0x00007ff9b4e70000 - 0x00007ff9b5d79000 	C:\WINDOWS\System32\DriverStore\FileRepository\iigd_dch.inf_amd64_3e62be9c39fb0007\ig9icd64.dll
0x00007ffa3de50000 - 0x00007ffa3df7b000 	C:\WINDOWS\System32\OLE32.DLL
0x00007ffa3b450000 - 0x00007ffa3b542000 	C:\WINDOWS\system32\dxgi.dll
0x00007ffa35290000 - 0x00007ffa352cb000 	C:\WINDOWS\SYSTEM32\dxcore.dll
0x00007ffa25160000 - 0x00007ffa2755c000 	C:\WINDOWS\System32\DriverStore\FileRepository\iigd_dch.inf_amd64_3e62be9c39fb0007\igc64.dll
0x00007ffa3c160000 - 0x00007ffa3c1ab000 	C:\WINDOWS\SYSTEM32\powrprof.dll
0x00007ffa3bfd0000 - 0x00007ffa3bfe2000 	C:\WINDOWS\SYSTEM32\UMPDC.dll
0x00007ffa2ce30000 - 0x00007ffa2cfd0000 	C:\WINDOWS\System32\DriverStore\FileRepository\iigd_dch.inf_amd64_3e62be9c39fb0007\igdgmm64.dll
0x00007ffa09580000 - 0x00007ffa09679000 	C:\WINDOWS\SYSTEM32\textinputframework.dll
0x00007ffa315a0000 - 0x00007ffa31601000 	C:\Users\marco\AppData\Local\Temp\lwjgl_marco\3.3.4+7\x64\lwjgl_opengl.dll
0x00007ffa1fcf0000 - 0x00007ffa1fd00000 	C:\Program Files\Java\jdk-17\bin\verify.dll

dbghelp: loaded successfully - version: 4.0.5 - missing functions: none
symbol engine: initialized successfully - sym options: 0x614 - pdb path: .;C:\Program Files\Java\jdk-17\bin;C:\WINDOWS\SYSTEM32;C:\Program Files\Norton Security\NortonData\22.20.4.57\Definitions\IPSDefs\20240816.064;C:\WINDOWS\WinSxS\amd64_microsoft.windows.common-controls_6595b64144ccf1df_6.0.19041.4355_none_60b8b9eb71f62e16;C:\Program Files\Java\jdk-17\bin\server;C:\Users\marco\AppData\Local\Temp\lwjgl_marco\3.3.4+7\x64;C:\WINDOWS\System32\DriverStore\FileRepository\iigd_dch.inf_amd64_3e62be9c39fb0007

VM Arguments:
jvm_args: -Dfile.encoding=windows-1252 -Duser.country=ES -Duser.language=es -Duser.variant 
java_command: me.restonic4.engine.Main
java_class_path (initial): C:\Users\marco\IdeaProjects\EpicAmazingCoolGameTestIGues\build\classes\java\main;C:\Users\marco\IdeaProjects\EpicAmazingCoolGameTestIGues\build\resources\main;C:\Users\marco\.gradle\caches\modules-2\files-2.1\org.joml\joml\1.10.8\fc0a71dad90a2cf41d82a76156a0e700af8e4f8d\joml-1.10.8.jar;C:\Users\marco\.gradle\caches\modules-2\files-2.1\org.lwjgl\lwjgl-glfw\3.3.4\7e46ecdec85db8738053cfde1414352cd62dab74\lwjgl-glfw-3.3.4.jar;C:\Users\marco\.gradle\caches\modules-2\files-2.1\org.lwjgl\lwjgl-glfw\3.3.4\370ef92d15819a123c643dd2b0fc3a2d40bb263c\lwjgl-glfw-3.3.4-natives-windows.jar;C:\Users\marco\.gradle\caches\modules-2\files-2.1\org.lwjgl\lwjgl-openal\3.3.4\9b74d3ea380c83353d42af43ad9659e04dabe84a\lwjgl-openal-3.3.4.jar;C:\Users\marco\.gradle\caches\modules-2\files-2.1\org.lwjgl\lwjgl-openal\3.3.4\c4de8af803aacda71044418095a71cd63b569a15\lwjgl-openal-3.3.4-natives-windows.jar;C:\Users\marco\.gradle\caches\modules-2\files-2.1\org.lwjgl\lwjgl-opengl\3.3.4\2852ac7d9f6fc71349f1ce28e2708ff1977f18af\lwjgl-opengl-3.3.4.jar;C:\Users\marco\.gradle\caches\modules-2\files-2.1\org.lwjgl\lwjgl-opengl\3.3.4\f7ca4e75573a9ce83075bd86bc8a3e49ff106696\lwjgl-opengl-3.3.4-natives-windows.jar;C:\Users\marco\.gradle\caches\modules-2\files-2.1\org.lwjgl\lwjgl-stb\3.3.4\5821735d5ef23f6da8542887344e57eb181b7cac\lwjgl-stb-3.3.4.jar;C:\Users\marco\.gradle\caches\modules-2\files-2.1\org.lwjgl\lwjgl-stb\3.3.4\8310e565463ec8d369528e8b26a9b1518d079a01\lwjgl-stb-3.3.4-natives-windows.jar;C:\Users\marco\.gradle\caches\modules-2\files-2.1\org.lwjgl\lwjgl\3.3.4\b86c3e4832426e8a6b466013b7cb34b40e9ce956\lwjgl-3.3.4.jar;C:\Users\marco\.gradle\caches\modules-2\files-2.1\org.lwjgl\lwjgl\3.3.4\dd0927c1348cdcd9573fa24b7278ec1ac2bb0a76\lwjgl-3.3.4-natives-windows.jar;C:\Users\marco\.gradle\caches\modules-2\files-2.1\org.jetbrains.kotlin\kotlin-stdlib-jdk8\1.8.20\73576ddf378c5b4f1f6b449fe6b119b8183fc078\kotlin-stdlib-jdk8-1.8.20.jar;C:\Users\marco\.gradle\caches\modules-2\files-2.1\org.
Launcher Type: SUN_STANDARD

[Global flags]
     intx CICompilerCount                          = 4                                         {product} {ergonomic}
     uint ConcGCThreads                            = 3                                         {product} {ergonomic}
     uint G1ConcRefinementThreads                  = 10                                        {product} {ergonomic}
   size_t G1HeapRegionSize                         = 4194304                                   {product} {ergonomic}
    uintx GCDrainStackTargetSize                   = 64                                        {product} {ergonomic}
   size_t InitialHeapSize                          = 536870912                                 {product} {ergonomic}
   size_t MarkStackSize                            = 4194304                                   {product} {ergonomic}
   size_t MaxHeapSize                              = 8543797248                                {product} {ergonomic}
   size_t MaxNewSize                               = 5125439488                                {product} {ergonomic}
   size_t MinHeapDeltaBytes                        = 4194304                                   {product} {ergonomic}
   size_t MinHeapSize                              = 8388608                                   {product} {ergonomic}
    uintx NonNMethodCodeHeapSize                   = 5839372                                {pd product} {ergonomic}
    uintx NonProfiledCodeHeapSize                  = 122909434                              {pd product} {ergonomic}
    uintx ProfiledCodeHeapSize                     = 122909434                              {pd product} {ergonomic}
    uintx ReservedCodeCacheSize                    = 251658240                              {pd product} {ergonomic}
     bool SegmentedCodeCache                       = true                                      {product} {ergonomic}
   size_t SoftMaxHeapSize                          = 8543797248                             {manageable} {ergonomic}
     bool UseCompressedClassPointers               = true                           {product lp64_product} {ergonomic}
     bool UseCompressedOops                        = true                           {product lp64_product} {ergonomic}
     bool UseG1GC                                  = true                                      {product} {ergonomic}
     bool UseLargePagesIndividualAllocation        = false                                  {pd product} {ergonomic}

Logging:
Log output configuration:
 #0: stdout all=warning uptime,level,tags
 #1: stderr all=off uptime,level,tags

Environment Variables:
PATH=C:\Python311\Scripts\;C:\Python311\;C:\Program Files\Common Files\Oracle\Java\javapath;C:\Program Files\Oculus\Support\oculus-runtime;C:\Python39\Scripts\;C:\Python39\;C:\Program Files (x86)\Common Files\Oracle\Java\javapath;C:\Windows\system32;C:\Windows;C:\Windows\System32\Wbem;C:\Windows\System32\WindowsPowerShell\v1.0\;C:\Windows\System32\OpenSSH\;C:\Program Files\NVIDIA Corporation\NVIDIA NvDLISR;C:\ProgramData\chocolatey\bin;C:\WINDOWS\system32;C:\WINDOWS;C:\WINDOWS\System32\Wbem;C:\WINDOWS\System32\WindowsPowerShell\v1.0\;C:\WINDOWS\System32\OpenSSH\;C:\Program Files\dotnet\;C:\Program Files\Git\cmd;C:\Program Files (x86)\NVIDIA Corporation\PhysX\Common;C:\Program Files\nodejs\;C:\Users\marco\Documents\Nueva carpeta\OBSCommand;C:\Users\marco\Documents\OBS COMMANDS\OBSCommand;C:\Program Files (x86)\Windows Kits\10\Windows Performance Toolkit\;C:\Program Files\Java\jdk-17\bin;C:\Program Files (x86)\WiX Toolset v3.14\bin;C:\Users\marco\.cargo\bin;C:\Users\marco\AppData\Local\Programs\Python\Python310\Scripts\;C:\Users\marco\AppData\Local\Programs\Python\Python310\;C:\Users\marco\AppData\Local\Microsoft\WindowsApps;C:\Users\marco\AppData\Local\Programs\Microsoft VS Code\bin;C:\Users\marco\.dotnet\tools;C:\xampp\php;C:\Program Files\heroku\bin;C:\Users\marco\AppData\Roaming\npm;C:\FFMPEG\files;C:\Program Files\JetBrains\WebStorm 2023.3.3\bin;;C:\yt-dlp;
USERNAME=marco
OS=Windows_NT
PROCESSOR_IDENTIFIER=Intel64 Family 6 Model 165 Stepping 2, GenuineIntel



---------------  S Y S T E M  ---------------

OS:
 Windows 10 , 64 bit Build 19041 (10.0.19041.3636)
OS uptime: 34 days 8:00 hours
Hyper-V role detected

CPU: total 12 (initial active 12) (6 cores per cpu, 2 threads per core) family 6 model 165 stepping 2 microcode 0xc8, cx8, cmov, fxsr, ht, mmx, 3dnowpref, sse, sse2, sse3, ssse3, sse4.1, sse4.2, popcnt, lzcnt, tsc, tscinvbit, avx, avx2, aes, erms, clmul, bmi1, bmi2, adx, fma, vzeroupper, clflush, clflushopt, hv

Memory: 4k page, system-wide physical 32585M (16912M free)
TotalPageFile size 55113M (AvailPageFile size 36517M)
current process WorkingSet (physical memory assigned to process): 132M, peak: 132M
current process commit charge ("private bytes"): 643M, peak: 643M

vm_info: Java HotSpot(TM) 64-Bit Server VM (17.0.7+8-LTS-224) for windows-amd64 JRE (17.0.7+8-LTS-224), built on Feb 28 2023 23:03:02 by "mach5one" with MS VC++ 17.1 (VS2022)

END.
